#
# There is insufficient memory for the Java Runtime Environment to continue.
# Native memory allocation (malloc) failed to allocate 624656 bytes. Error detail: Chunk::new
# Possible reasons:
#   The system is out of physical RAM or swap space
#   This process is running with CompressedOops enabled, and the Java Heap may be blocking the growth of the native heap
# Possible solutions:
#   Reduce memory load on the system
#   Increase physical memory or swap space
#   Check if swap backing store is full
#   Decrease Java heap size (-Xmx/-Xms)
#   Decrease number of Java threads
#   Decrease Java thread stack sizes (-Xss)
#   Set larger code cache with -XX:ReservedCodeCacheSize=
#   JVM is running with Unscaled Compressed Oops mode in which the Java heap is
#     placed in the first 4GB address space. The Java Heap base address is the
#     maximum limit for the native heap growth. Please use -XX:HeapBaseMinAddress
#     to set the Java Heap base and to place the Java Heap above 4GB virtual address.
# This output file may be truncated or incomplete.
#
#  Out of Memory Error (arena.cpp:168), pid=21836, tid=23312
#
# JRE version: OpenJDK Runtime Environment Temurin-21.0.8+9 (21.0.8+9) (build 21.0.8+9-LTS)
# Java VM: OpenJDK 64-Bit Server VM Temurin-21.0.8+9 (21.0.8+9-LTS, mixed mode, sharing, tiered, compressed oops, compressed class ptrs, parallel gc, windows-amd64)
# No core dump will be written. Minidumps are not enabled by default on client versions of Windows
#

---------------  S U M M A R Y ------------

Command Line: --add-modules=ALL-SYSTEM --add-opens=java.base/java.util=ALL-UNNAMED --add-opens=java.base/java.lang=ALL-UNNAMED --add-opens=java.base/sun.nio.fs=ALL-UNNAMED -Declipse.application=org.eclipse.jdt.ls.core.id1 -Dosgi.bundles.defaultStartLevel=4 -Declipse.product=org.eclipse.jdt.ls.core.product -Djava.import.generatesMetadataFilesAtProjectRoot=false -DDetectVMInstallationsJob.disabled=true -Dfile.encoding=utf8 -XX:+UseParallelGC -XX:GCTimeRatio=4 -XX:AdaptiveSizePolicyWeight=90 -Dsun.zip.disableMemoryMapping=true -Xmx2G -Xms100m -Xlog:disable -javaagent:c:\Users\TCHAMGOUE Yann\.vscode\extensions\redhat.java-1.44.0-win32-x64\lombok\lombok-1.18.39-4050.jar -XX:+HeapDumpOnOutOfMemoryError -XX:HeapDumpPath=c:\Users\TCHAMGOUE Yann\AppData\Roaming\Code\User\workspaceStorage\0ce6ff431c656783e2bd0f60588f111c\redhat.java -Daether.dependencyCollector.impl=bf c:\Users\TCHAMGOUE Yann\.vscode\extensions\redhat.java-1.44.0-win32-x64\server\plugins\org.eclipse.equinox.launcher_1.7.0.v20250519-0528.jar -configuration c:\Users\TCHAMGOUE Yann\AppData\Roaming\Code\User\globalStorage\redhat.java\1.44.0\config_win -data c:\Users\TCHAMGOUE Yann\AppData\Roaming\Code\User\workspaceStorage\0ce6ff431c656783e2bd0f60588f111c\redhat.java\jdt_ws --pipe=\\.\pipe\lsp-29c4f096821ea0f3e19fd116e5646ca4-sock

Host: Intel(R) Core(TM) i5-10210U CPU @ 1.60GHz, 8 cores, 7G,  Windows 11 , 64 bit Build 26100 (10.0.26100.3624)
Time: Mon Aug 18 08:50:10 2025 Afr. centrale Ouest elapsed time: 50.330305 seconds (0d 0h 0m 50s)

---------------  T H R E A D  ---------------

Current thread (0x000001e4e9b984a0):  JavaThread "C2 CompilerThread1" daemon [_thread_in_native, id=23312, stack(0x0000005539c00000,0x0000005539d00000) (1024K)]


Current CompileTask:
C2:50330 15586 %     4       org.eclipse.jdt.internal.core.search.indexing.BinaryIndexer::extractReferenceFromConstantPool @ 324 (358 bytes)

Stack: [0x0000005539c00000,0x0000005539d00000]
Native frames: (J=compiled Java code, j=interpreted, Vv=VM code, C=native code)
V  [jvm.dll+0x6d2449]
V  [jvm.dll+0x8ae341]
V  [jvm.dll+0x8b08be]
V  [jvm.dll+0x8b0fa3]
V  [jvm.dll+0x280c96]
V  [jvm.dll+0xc581d]
V  [jvm.dll+0xc5d53]
V  [jvm.dll+0x2f539d]
V  [jvm.dll+0x5fa00a]
V  [jvm.dll+0x252092]
V  [jvm.dll+0x24a85c]
V  [jvm.dll+0x2483a4]
V  [jvm.dll+0x1c89ee]
V  [jvm.dll+0x257d4d]
V  [jvm.dll+0x2562ea]
V  [jvm.dll+0x3f2d16]
V  [jvm.dll+0x857e6b]
V  [jvm.dll+0x6d0b0d]
C  [ucrtbase.dll+0x37b0]
C  [KERNEL32.DLL+0x2e8d7]
C  [ntdll.dll+0xb14fc]


---------------  P R O C E S S  ---------------

Threads class SMR info:
_java_thread_list=0x000001e4e71cb4a0, length=64, elements={
0x000001e4c6a7b370, 0x000001e4df5d8370, 0x000001e4df5dcc10, 0x000001e4df5df5a0,
0x000001e4df5dfff0, 0x000001e4df5e33c0, 0x000001e4df5e9b30, 0x000001e4df5efdc0,
0x000001e4df60ceb0, 0x000001e4e50b19b0, 0x000001e4e5312b40, 0x000001e4e59f2cf0,
0x000001e4e54ca630, 0x000001e4e58bd090, 0x000001e4e5a3cf30, 0x000001e4e6379980,
0x000001e4e64a9060, 0x000001e4e603ad90, 0x000001e4e6037fa0, 0x000001e4e603b420,
0x000001e4e6038630, 0x000001e4e6038cc0, 0x000001e4e60399e0, 0x000001e4e603a070,
0x000001e4e8a28100, 0x000001e4e8a26d50, 0x000001e4e8a273e0, 0x000001e4e8a26030,
0x000001e4e8a27a70, 0x000001e4e8a266c0, 0x000001e4e8a25310, 0x000001e4e8a28790,
0x000001e4e8a28e20, 0x000001e4e8a259a0, 0x000001e4e8a2c2a0, 0x000001e4e8a29b40,
0x000001e4e8a2b580, 0x000001e4e8a2aef0, 0x000001e4e8a2a860, 0x000001e4e8a2bc10,
0x000001e4e8a2c930, 0x000001e4e9f732f0, 0x000001e4e9f72c60, 0x000001e4e9f74d30,
0x000001e4e9f753c0, 0x000001e4e9f73980, 0x000001e4e9f75a50, 0x000001e4e9f746a0,
0x000001e4e9f725d0, 0x000001e4e9f74010, 0x000001e4e579f1b0, 0x000001e4e579d770,
0x000001e4e579de00, 0x000001e4e579bd30, 0x000001e4e579f840, 0x000001e4e579e490,
0x000001e4e579eb20, 0x000001e4e579c3c0, 0x000001e4e579d0e0, 0x000001e4e579fed0,
0x000001e4e579ca50, 0x000001e4e57a1fa0, 0x000001e4e9b984a0, 0x000001e4e9b97030
}

Java Threads: ( => current thread )
  0x000001e4c6a7b370 JavaThread "main"                              [_thread_blocked, id=21868, stack(0x0000005538f00000,0x0000005539000000) (1024K)]
  0x000001e4df5d8370 JavaThread "Reference Handler"          daemon [_thread_blocked, id=21928, stack(0x0000005539300000,0x0000005539400000) (1024K)]
  0x000001e4df5dcc10 JavaThread "Finalizer"                  daemon [_thread_blocked, id=21932, stack(0x0000005539400000,0x0000005539500000) (1024K)]
  0x000001e4df5df5a0 JavaThread "Signal Dispatcher"          daemon [_thread_blocked, id=21936, stack(0x0000005539500000,0x0000005539600000) (1024K)]
  0x000001e4df5dfff0 JavaThread "Attach Listener"            daemon [_thread_blocked, id=21940, stack(0x0000005539600000,0x0000005539700000) (1024K)]
  0x000001e4df5e33c0 JavaThread "Service Thread"             daemon [_thread_blocked, id=21944, stack(0x0000005539700000,0x0000005539800000) (1024K)]
  0x000001e4df5e9b30 JavaThread "Monitor Deflation Thread"   daemon [_thread_blocked, id=21948, stack(0x0000005539800000,0x0000005539900000) (1024K)]
  0x000001e4df5efdc0 JavaThread "C2 CompilerThread0"         daemon [_thread_in_native, id=21952, stack(0x0000005539900000,0x0000005539a00000) (1024K)]
  0x000001e4df60ceb0 JavaThread "C1 CompilerThread0"         daemon [_thread_blocked, id=21960, stack(0x0000005539a00000,0x0000005539b00000) (1024K)]
  0x000001e4e50b19b0 JavaThread "Common-Cleaner"             daemon [_thread_blocked, id=21964, stack(0x0000005539b00000,0x0000005539c00000) (1024K)]
  0x000001e4e5312b40 JavaThread "Notification Thread"        daemon [_thread_blocked, id=21992, stack(0x0000005539d00000,0x0000005539e00000) (1024K)]
  0x000001e4e59f2cf0 JavaThread "Active Thread: Equinox Container: 3a2e7779-7401-40a9-ba6d-ad820468071b"        [_thread_blocked, id=22168, stack(0x000000553a500000,0x000000553a600000) (1024K)]
  0x000001e4e54ca630 JavaThread "Refresh Thread: Equinox Container: 3a2e7779-7401-40a9-ba6d-ad820468071b" daemon [_thread_blocked, id=22220, stack(0x0000005539e00000,0x0000005539f00000) (1024K)]
  0x000001e4e58bd090 JavaThread "Framework Event Dispatcher: Equinox Container: 3a2e7779-7401-40a9-ba6d-ad820468071b" daemon [_thread_blocked, id=22272, stack(0x000000553a700000,0x000000553a800000) (1024K)]
  0x000001e4e5a3cf30 JavaThread "Start Level: Equinox Container: 3a2e7779-7401-40a9-ba6d-ad820468071b" daemon [_thread_blocked, id=22284, stack(0x000000553a800000,0x000000553a900000) (1024K)]
  0x000001e4e6379980 JavaThread "Bundle File Closer"         daemon [_thread_blocked, id=22520, stack(0x000000553aa00000,0x000000553ab00000) (1024K)]
  0x000001e4e64a9060 JavaThread "SCR Component Actor"        daemon [_thread_blocked, id=21536, stack(0x000000553a900000,0x000000553aa00000) (1024K)]
  0x000001e4e603ad90 JavaThread "Worker-JM"                         [_thread_blocked, id=21580, stack(0x000000553ac00000,0x000000553ad00000) (1024K)]
  0x000001e4e6037fa0 JavaThread "JNA Cleaner"                daemon [_thread_blocked, id=21604, stack(0x000000553ae00000,0x000000553af00000) (1024K)]
  0x000001e4e603b420 JavaThread "Worker-0"                          [_thread_blocked, id=21528, stack(0x000000553af00000,0x000000553b000000) (1024K)]
  0x000001e4e6038630 JavaThread "Worker-1"                          [_thread_blocked, id=2688, stack(0x000000553b000000,0x000000553b100000) (1024K)]
  0x000001e4e6038cc0 JavaThread "Worker-2"                          [_thread_blocked, id=7664, stack(0x000000553b100000,0x000000553b200000) (1024K)]
  0x000001e4e60399e0 JavaThread "Java indexing"              daemon [_thread_blocked, id=21744, stack(0x000000553b200000,0x000000553b300000) (1024K)]
  0x000001e4e603a070 JavaThread "Worker-3: Initialize Workspace"        [_thread_blocked, id=21728, stack(0x000000553b300000,0x000000553b400000) (1024K)]
  0x000001e4e8a28100 JavaThread "Worker-4"                          [_thread_blocked, id=21636, stack(0x000000553b400000,0x000000553b500000) (1024K)]
  0x000001e4e8a26d50 JavaThread "Worker-5: Java indexing... "        [_thread_blocked, id=8060, stack(0x000000553b700000,0x000000553b800000) (1024K)]
  0x000001e4e8a273e0 JavaThread "Worker-6"                          [_thread_blocked, id=5028, stack(0x000000553b800000,0x000000553b900000) (1024K)]
  0x000001e4e8a26030 JavaThread "Thread-2"                   daemon [_thread_in_native, id=5644, stack(0x000000553b900000,0x000000553ba00000) (1024K)]
  0x000001e4e8a27a70 JavaThread "Thread-3"                   daemon [_thread_in_native, id=12984, stack(0x000000553ba00000,0x000000553bb00000) (1024K)]
  0x000001e4e8a266c0 JavaThread "Thread-4"                   daemon [_thread_in_native, id=20848, stack(0x000000553bb00000,0x000000553bc00000) (1024K)]
  0x000001e4e8a25310 JavaThread "Thread-5"                   daemon [_thread_in_native, id=3932, stack(0x000000553bc00000,0x000000553bd00000) (1024K)]
  0x000001e4e8a28790 JavaThread "Thread-6"                   daemon [_thread_in_native, id=21236, stack(0x000000553bd00000,0x000000553be00000) (1024K)]
  0x000001e4e8a28e20 JavaThread "Thread-7"                   daemon [_thread_in_native, id=21352, stack(0x000000553be00000,0x000000553bf00000) (1024K)]
  0x000001e4e8a259a0 JavaThread "Thread-8"                   daemon [_thread_in_native, id=7836, stack(0x000000553bf00000,0x000000553c000000) (1024K)]
  0x000001e4e8a2c2a0 JavaThread "Thread-9"                   daemon [_thread_in_native, id=7260, stack(0x000000553c000000,0x000000553c100000) (1024K)]
  0x000001e4e8a29b40 JavaThread "Thread-10"                  daemon [_thread_in_native, id=14664, stack(0x000000553c100000,0x000000553c200000) (1024K)]
  0x000001e4e8a2b580 JavaThread "pool-2-thread-1"                   [_thread_blocked, id=20064, stack(0x000000553c200000,0x000000553c300000) (1024K)]
  0x000001e4e8a2aef0 JavaThread "WorkspaceEventsHandler"            [_thread_blocked, id=1300, stack(0x000000553ab00000,0x000000553ac00000) (1024K)]
  0x000001e4e8a2a860 JavaThread "pool-1-thread-1"                   [_thread_blocked, id=14264, stack(0x000000553c300000,0x000000553c400000) (1024K)]
  0x000001e4e8a2bc10 JavaThread "Worker-7"                          [_thread_blocked, id=20192, stack(0x000000553c400000,0x000000553c500000) (1024K)]
  0x000001e4e8a2c930 JavaThread "Worker-8"                          [_thread_blocked, id=9660, stack(0x000000553c500000,0x000000553c600000) (1024K)]
  0x000001e4e9f732f0 JavaThread "LocalFile Deleter"          daemon [_thread_blocked, id=21780, stack(0x000000553c600000,0x000000553c700000) (1024K)]
  0x000001e4e9f72c60 JavaThread "LocalFile Deleter"          daemon [_thread_blocked, id=21796, stack(0x000000553c700000,0x000000553c800000) (1024K)]
  0x000001e4e9f74d30 JavaThread "LocalFile Deleter"          daemon [_thread_blocked, id=21792, stack(0x000000553c800000,0x000000553c900000) (1024K)]
  0x000001e4e9f753c0 JavaThread "LocalFile Deleter"          daemon [_thread_blocked, id=21784, stack(0x000000553c900000,0x000000553ca00000) (1024K)]
  0x000001e4e9f73980 JavaThread "LocalFile Deleter"          daemon [_thread_blocked, id=21764, stack(0x000000553ca00000,0x000000553cb00000) (1024K)]
  0x000001e4e9f75a50 JavaThread "LocalFile Deleter"          daemon [_thread_blocked, id=21748, stack(0x000000553cb00000,0x000000553cc00000) (1024K)]
  0x000001e4e9f746a0 JavaThread "LocalFile Deleter"          daemon [_thread_blocked, id=21720, stack(0x000000553cc00000,0x000000553cd00000) (1024K)]
  0x000001e4e9f725d0 JavaThread "LocalFile Deleter"          daemon [_thread_blocked, id=21756, stack(0x000000553cd00000,0x000000553ce00000) (1024K)]
  0x000001e4e9f74010 JavaThread "Compiler Source File Reader" daemon [_thread_blocked, id=21752, stack(0x000000553ce00000,0x000000553cf00000) (1024K)]
  0x000001e4e579f1b0 JavaThread "Compiler Source File Reader" daemon [_thread_blocked, id=21684, stack(0x000000553cf00000,0x000000553d000000) (1024K)]
  0x000001e4e579d770 JavaThread "Compiler Source File Reader" daemon [_thread_blocked, id=21772, stack(0x000000553d000000,0x000000553d100000) (1024K)]
  0x000001e4e579de00 JavaThread "Compiler Source File Reader" daemon [_thread_blocked, id=21540, stack(0x000000553d100000,0x000000553d200000) (1024K)]
  0x000001e4e579bd30 JavaThread "Compiler Source File Reader" daemon [_thread_blocked, id=9876, stack(0x000000553d200000,0x000000553d300000) (1024K)]
  0x000001e4e579f840 JavaThread "Compiler Source File Reader" daemon [_thread_blocked, id=8028, stack(0x000000553d300000,0x000000553d400000) (1024K)]
  0x000001e4e579e490 JavaThread "Compiler Processing Task"   daemon [_thread_blocked, id=4660, stack(0x000000553ad00000,0x000000553ae00000) (1024K)]
  0x000001e4e579eb20 JavaThread "Compiler Class File Writer" daemon [_thread_blocked, id=22280, stack(0x000000553d400000,0x000000553d500000) (1024K)]
  0x000001e4e579c3c0 JavaThread "Compiler Class File Writer" daemon [_thread_blocked, id=20368, stack(0x000000553d500000,0x000000553d600000) (1024K)]
  0x000001e4e579d0e0 JavaThread "Compiler Class File Writer" daemon [_thread_blocked, id=13636, stack(0x000000553d700000,0x000000553d800000) (1024K)]
  0x000001e4e579fed0 JavaThread "Compiler Class File Writer" daemon [_thread_blocked, id=22492, stack(0x000000553d800000,0x000000553d900000) (1024K)]
  0x000001e4e579ca50 JavaThread "Compiler Class File Writer" daemon [_thread_blocked, id=22436, stack(0x000000553d900000,0x000000553da00000) (1024K)]
  0x000001e4e57a1fa0 JavaThread "Compiler Class File Writer" daemon [_thread_blocked, id=18148, stack(0x000000553da00000,0x000000553db00000) (1024K)]
=>0x000001e4e9b984a0 JavaThread "C2 CompilerThread1"         daemon [_thread_in_native, id=23312, stack(0x0000005539c00000,0x0000005539d00000) (1024K)]
  0x000001e4e9b97030 JavaThread "C2 CompilerThread2"         daemon [_thread_blocked, id=23324, stack(0x000000553d600000,0x000000553d700000) (1024K)]
Total: 64

Other Threads:
  0x000001e4df5d3630 VMThread "VM Thread"                           [id=21924, stack(0x0000005539200000,0x0000005539300000) (1024K)]
  0x000001e4df4eca00 WatcherThread "VM Periodic Task Thread"        [id=21920, stack(0x0000005539100000,0x0000005539200000) (1024K)]
  0x000001e4c83f7180 WorkerThread "GC Thread#0"                     [id=21884, stack(0x0000005539000000,0x0000005539100000) (1024K)]
  0x000001e4e5786ea0 WorkerThread "GC Thread#1"                     [id=22060, stack(0x0000005539f00000,0x000000553a000000) (1024K)]
  0x000001e4e5787240 WorkerThread "GC Thread#2"                     [id=22064, stack(0x000000553a000000,0x000000553a100000) (1024K)]
  0x000001e4e563c090 WorkerThread "GC Thread#3"                     [id=22068, stack(0x000000553a100000,0x000000553a200000) (1024K)]
  0x000001e4e563c430 WorkerThread "GC Thread#4"                     [id=22072, stack(0x000000553a200000,0x000000553a300000) (1024K)]
  0x000001e4e563c7d0 WorkerThread "GC Thread#5"                     [id=22076, stack(0x000000553a300000,0x000000553a400000) (1024K)]
  0x000001e4e563cb70 WorkerThread "GC Thread#6"                     [id=22080, stack(0x000000553a400000,0x000000553a500000) (1024K)]
  0x000001e4e5ba3ae0 WorkerThread "GC Thread#7"                     [id=22176, stack(0x000000553a600000,0x000000553a700000) (1024K)]
Total: 10

Threads with active compile tasks:
C2 CompilerThread0  50393 15584       4       org.eclipse.jdt.internal.core.search.indexing.AbstractIndexer::addMethodDeclaration (105 bytes)
C2 CompilerThread1  50393 15586 %     4       org.eclipse.jdt.internal.core.search.indexing.BinaryIndexer::extractReferenceFromConstantPool @ 324 (358 bytes)
C2 CompilerThread2  50393 15602       4       org.eclipse.jdt.internal.core.search.indexing.AbstractIndexer::addTypeReference (7 bytes)
Total: 3

VM state: at safepoint (normal execution)

VM Mutex/Monitor currently owned by a thread:  ([mutex/lock_event])
[0x00007ff8eb1f5458] Threads_lock - owner thread: 0x000001e4df5d3630
[0x00007ff8eb1f5558] Heap_lock - owner thread: 0x000001e4e603a070

Heap address: 0x0000000080000000, size: 2048 MB, Compressed Oops mode: 32-bit

CDS archive(s) mapped at: [0x000001e480000000-0x000001e480ba0000-0x000001e480ba0000), size 12189696, SharedBaseAddress: 0x000001e480000000, ArchiveRelocationMode: 1.
Compressed class space mapped at: 0x000001e481000000-0x000001e4c1000000, reserved size: 1073741824
Narrow klass base: 0x000001e480000000, Narrow klass shift: 0, Narrow klass range: 0x100000000

GC Precious Log:
 CardTable entry size: 512
 CPUs: 8 total, 8 available
 Memory: 8001M
 Large Page Support: Disabled
 NUMA Support: Disabled
 Compressed Oops: Enabled (32-bit)
 Alignments: Space 512K, Generation 512K, Heap 2M
 Heap Min Capacity: 100M
 Heap Initial Capacity: 100M
 Heap Max Capacity: 2G
 Pre-touch: Disabled
 Parallel Workers: 8

Heap:
 PSYoungGen      total 2048K, used 1824K [0x00000000d5580000, 0x00000000d5d00000, 0x0000000100000000)
  eden space 1536K, 100% used [0x00000000d5580000,0x00000000d5700000,0x00000000d5700000)
  from space 512K, 56% used [0x00000000d5c80000,0x00000000d5cc8000,0x00000000d5d00000)
  to   space 512K, 50% used [0x00000000d5c00000,0x00000000d5c40000,0x00000000d5c80000)
 ParOldGen       total 527360K, used 526895K [0x0000000080000000, 0x00000000a0300000, 0x00000000d5580000)
  object space 527360K, 99% used [0x0000000080000000,0x00000000a028bd40,0x00000000a0300000)
 Metaspace       used 67387K, committed 68928K, reserved 1114112K
  class space    used 6841K, committed 7552K, reserved 1048576K

Card table byte_map: [0x000001e4da920000,0x000001e4dad30000] _byte_map_base: 0x000001e4da520000

Marking Bits: (ParMarkBitMap*) 0x00007ff8eb1fa340
 Begin Bits: [0x000001e4dafe0000, 0x000001e4dcfe0000)
 End Bits:   [0x000001e4dcfe0000, 0x000001e4defe0000)

Polling page: 0x000001e4c8490000

Metaspace:

Usage:
  Non-class:     59.13 MB used.
      Class:      6.68 MB used.
       Both:     65.81 MB used.

Virtual space:
  Non-class space:       64.00 MB reserved,      59.94 MB ( 94%) committed,  1 nodes.
      Class space:        1.00 GB reserved,       7.38 MB ( <1%) committed,  1 nodes.
             Both:        1.06 GB reserved,      67.31 MB (  6%) committed. 

Chunk freelists:
   Non-Class:  3.31 MB
       Class:  8.48 MB
        Both:  11.79 MB

MaxMetaspaceSize: unlimited
CompressedClassSpaceSize: 1.00 GB
Initial GC threshold: 21.00 MB
Current GC threshold: 97.31 MB
CDS: on
 - commit_granule_bytes: 65536.
 - commit_granule_words: 8192.
 - virtual_space_node_default_size: 8388608.
 - enlarge_chunks_in_place: 1.
 - use_allocation_guard: 0.


Internal statistics:

num_allocs_failed_limit: 9.
num_arena_births: 1298.
num_arena_deaths: 14.
num_vsnodes_births: 2.
num_vsnodes_deaths: 0.
num_space_committed: 1077.
num_space_uncommitted: 0.
num_chunks_returned_to_freelist: 23.
num_chunks_taken_from_freelist: 4584.
num_chunk_merges: 10.
num_chunk_splits: 2769.
num_chunks_enlarged: 1554.
num_inconsistent_stats: 0.

CodeHeap 'non-profiled nmethods': size=120000Kb used=13534Kb max_used=13534Kb free=106465Kb
 bounds [0x000001e4d3200000, 0x000001e4d3f40000, 0x000001e4da730000]
CodeHeap 'profiled nmethods': size=120000Kb used=35421Kb max_used=35421Kb free=84578Kb
 bounds [0x000001e4cb730000, 0x000001e4cd9d0000, 0x000001e4d2c60000]
CodeHeap 'non-nmethods': size=5760Kb used=1428Kb max_used=1618Kb free=4331Kb
 bounds [0x000001e4d2c60000, 0x000001e4d2ed0000, 0x000001e4d3200000]
CodeCache: size=245760Kb, used=50383Kb, max_used=50573Kb, free=195374Kb
 total_blobs=15387, nmethods=14647, adapters=644, full_count=0
Compilation: enabled, stopped_count=0, restarted_count=0

Compilation events (20 events):
Event: 50.283 Thread 0x000001e4df60ceb0 nmethod 15604 0x000001e4cd9b6190 code [0x000001e4cd9b6340, 0x000001e4cd9b6700]
Event: 50.283 Thread 0x000001e4df60ceb0 15605       3       org.eclipse.jdt.internal.core.search.JavaSearchParticipant::indexDocument (89 bytes)
Event: 50.285 Thread 0x000001e4df60ceb0 nmethod 15605 0x000001e4cd9b6910 code [0x000001e4cd9b6c00, 0x000001e4cd9b7a78]
Event: 50.287 Thread 0x000001e4e9b97030 nmethod 15585 0x000001e4d3f32710 code [0x000001e4d3f32940, 0x000001e4d3f33530]
Event: 50.288 Thread 0x000001e4e9b97030 15595       4       org.eclipse.jdt.internal.core.search.indexing.AbstractIndexer::addFieldDeclaration (17 bytes)
Event: 50.290 Thread 0x000001e4e9b97030 nmethod 15595 0x000001e4d3f33c90 code [0x000001e4d3f33e60, 0x000001e4d3f34078]
Event: 50.290 Thread 0x000001e4e9b97030 15588       4       org.eclipse.jdt.internal.core.search.indexing.AbstractIndexer::addIndexMetaQualification (44 bytes)
Event: 50.296 Thread 0x000001e4e9b97030 nmethod 15588 0x000001e4d3f34310 code [0x000001e4d3f344c0, 0x000001e4d3f347b8]
Event: 50.296 Thread 0x000001e4e9b97030 15598   !   4       org.eclipse.jdt.internal.core.search.indexing.AbstractIndexer::addMethodDeclaration (42 bytes)
Event: 50.302 Thread 0x000001e4e9b97030 nmethod 15598 0x000001e4d3f34a10 code [0x000001e4d3f34be0, 0x000001e4d3f34ea0]
Event: 50.302 Thread 0x000001e4e9b97030 15594       4       org.eclipse.jdt.core.compiler.CharOperation::contains (24 bytes)
Event: 50.307 Thread 0x000001e4e9b97030 nmethod 15594 0x000001e4d3f35110 code [0x000001e4d3f352a0, 0x000001e4d3f353f8]
Event: 50.307 Thread 0x000001e4e9b97030 15596       4       org.eclipse.jdt.core.search.SearchDocument::addIndexEntry (21 bytes)
Event: 50.308 Thread 0x000001e4df60ceb0 15606       2       org.eclipse.jdt.internal.core.search.indexing.AbstractIndexer::addConstructorDeclaration (97 bytes)
Event: 50.309 Thread 0x000001e4df60ceb0 nmethod 15606 0x000001e4cd9b8090 code [0x000001e4cd9b82a0, 0x000001e4cd9b8718]
Event: 50.310 Thread 0x000001e4e9b97030 nmethod 15596 0x000001e4d3f35510 code [0x000001e4d3f356c0, 0x000001e4d3f35840]
Event: 50.310 Thread 0x000001e4e9b97030 15591       4       org.eclipse.jdt.internal.core.search.indexing.AbstractIndexer::addMethodReference (13 bytes)
Event: 50.310 Thread 0x000001e4df60ceb0 15607       2       org.eclipse.jdt.internal.core.search.indexing.AbstractIndexer::addTypeDeclaration (109 bytes)
Event: 50.311 Thread 0x000001e4df60ceb0 nmethod 15607 0x000001e4cd9b8b10 code [0x000001e4cd9b8d40, 0x000001e4cd9b9178]
Event: 50.316 Thread 0x000001e4df60ceb0 15608       3       org.eclipse.jdt.internal.compiler.parser.Scanner::internalScanIdentifierOrKeyword (5041 bytes)

GC Heap History (20 events):
Event: 50.214 GC heap before
{Heap before GC invocations=884 (full 3):
 PSYoungGen      total 1536K, used 1216K [0x00000000d5580000, 0x00000000d5d00000, 0x0000000100000000)
  eden space 1024K, 100% used [0x00000000d5580000,0x00000000d5680000,0x00000000d5680000)
  from space 512K, 37% used [0x00000000d5c80000,0x00000000d5cb0000,0x00000000d5d00000)
  to   space 512K, 0% used [0x00000000d5c00000,0x00000000d5c00000,0x00000000d5c80000)
 ParOldGen       total 525824K, used 525520K [0x0000000080000000, 0x00000000a0180000, 0x00000000d5580000)
  object space 525824K, 99% used [0x0000000080000000,0x00000000a0134200,0x00000000a0180000)
 Metaspace       used 67385K, committed 68928K, reserved 1114112K
  class space    used 6841K, committed 7552K, reserved 1048576K
}
Event: 50.216 GC heap after
{Heap after GC invocations=884 (full 3):
 PSYoungGen      total 1536K, used 192K [0x00000000d5580000, 0x00000000d5d00000, 0x0000000100000000)
  eden space 1024K, 0% used [0x00000000d5580000,0x00000000d5580000,0x00000000d5680000)
  from space 512K, 37% used [0x00000000d5c00000,0x00000000d5c30000,0x00000000d5c80000)
  to   space 512K, 0% used [0x00000000d5c80000,0x00000000d5c80000,0x00000000d5d00000)
 ParOldGen       total 525824K, used 525552K [0x0000000080000000, 0x00000000a0180000, 0x00000000d5580000)
  object space 525824K, 99% used [0x0000000080000000,0x00000000a013c200,0x00000000a0180000)
 Metaspace       used 67385K, committed 68928K, reserved 1114112K
  class space    used 6841K, committed 7552K, reserved 1048576K
}
Event: 50.230 GC heap before
{Heap before GC invocations=885 (full 3):
 PSYoungGen      total 1536K, used 1205K [0x00000000d5580000, 0x00000000d5d00000, 0x0000000100000000)
  eden space 1024K, 98% used [0x00000000d5580000,0x00000000d567d410,0x00000000d5680000)
  from space 512K, 37% used [0x00000000d5c00000,0x00000000d5c30000,0x00000000d5c80000)
  to   space 512K, 0% used [0x00000000d5c80000,0x00000000d5c80000,0x00000000d5d00000)
 ParOldGen       total 525824K, used 525552K [0x0000000080000000, 0x00000000a0180000, 0x00000000d5580000)
  object space 525824K, 99% used [0x0000000080000000,0x00000000a013c200,0x00000000a0180000)
 Metaspace       used 67386K, committed 68928K, reserved 1114112K
  class space    used 6841K, committed 7552K, reserved 1048576K
}
Event: 50.232 GC heap after
{Heap after GC invocations=885 (full 3):
 PSYoungGen      total 1536K, used 304K [0x00000000d5580000, 0x00000000d5d00000, 0x0000000100000000)
  eden space 1024K, 0% used [0x00000000d5580000,0x00000000d5580000,0x00000000d5680000)
  from space 512K, 59% used [0x00000000d5c80000,0x00000000d5ccc1b8,0x00000000d5d00000)
  to   space 512K, 0% used [0x00000000d5c00000,0x00000000d5c00000,0x00000000d5c80000)
 ParOldGen       total 525824K, used 525584K [0x0000000080000000, 0x00000000a0180000, 0x00000000d5580000)
  object space 525824K, 99% used [0x0000000080000000,0x00000000a0144200,0x00000000a0180000)
 Metaspace       used 67386K, committed 68928K, reserved 1114112K
  class space    used 6841K, committed 7552K, reserved 1048576K
}
Event: 50.240 GC heap before
{Heap before GC invocations=886 (full 3):
 PSYoungGen      total 1536K, used 1322K [0x00000000d5580000, 0x00000000d5d00000, 0x0000000100000000)
  eden space 1024K, 99% used [0x00000000d5580000,0x00000000d567e878,0x00000000d5680000)
  from space 512K, 59% used [0x00000000d5c80000,0x00000000d5ccc1b8,0x00000000d5d00000)
  to   space 512K, 0% used [0x00000000d5c00000,0x00000000d5c00000,0x00000000d5c80000)
 ParOldGen       total 525824K, used 525584K [0x0000000080000000, 0x00000000a0180000, 0x00000000d5580000)
  object space 525824K, 99% used [0x0000000080000000,0x00000000a0144200,0x00000000a0180000)
 Metaspace       used 67386K, committed 68928K, reserved 1114112K
  class space    used 6841K, committed 7552K, reserved 1048576K
}
Event: 50.241 GC heap after
{Heap after GC invocations=886 (full 3):
 PSYoungGen      total 1536K, used 288K [0x00000000d5580000, 0x00000000d5d00000, 0x0000000100000000)
  eden space 1024K, 0% used [0x00000000d5580000,0x00000000d5580000,0x00000000d5680000)
  from space 512K, 56% used [0x00000000d5c00000,0x00000000d5c48000,0x00000000d5c80000)
  to   space 512K, 0% used [0x00000000d5c80000,0x00000000d5c80000,0x00000000d5d00000)
 ParOldGen       total 525824K, used 525823K [0x0000000080000000, 0x00000000a0180000, 0x00000000d5580000)
  object space 525824K, 99% used [0x0000000080000000,0x00000000a017ff18,0x00000000a0180000)
 Metaspace       used 67386K, committed 68928K, reserved 1114112K
  class space    used 6841K, committed 7552K, reserved 1048576K
}
Event: 50.249 GC heap before
{Heap before GC invocations=887 (full 3):
 PSYoungGen      total 1536K, used 1312K [0x00000000d5580000, 0x00000000d5d00000, 0x0000000100000000)
  eden space 1024K, 100% used [0x00000000d5580000,0x00000000d5680000,0x00000000d5680000)
  from space 512K, 56% used [0x00000000d5c00000,0x00000000d5c48000,0x00000000d5c80000)
  to   space 512K, 0% used [0x00000000d5c80000,0x00000000d5c80000,0x00000000d5d00000)
 ParOldGen       total 525824K, used 525823K [0x0000000080000000, 0x00000000a0180000, 0x00000000d5580000)
  object space 525824K, 99% used [0x0000000080000000,0x00000000a017ff18,0x00000000a0180000)
 Metaspace       used 67386K, committed 68928K, reserved 1114112K
  class space    used 6841K, committed 7552K, reserved 1048576K
}
Event: 50.251 GC heap after
{Heap after GC invocations=887 (full 3):
 PSYoungGen      total 1536K, used 192K [0x00000000d5580000, 0x00000000d5d00000, 0x0000000100000000)
  eden space 1024K, 0% used [0x00000000d5580000,0x00000000d5580000,0x00000000d5680000)
  from space 512K, 37% used [0x00000000d5c80000,0x00000000d5cb0000,0x00000000d5d00000)
  to   space 512K, 0% used [0x00000000d5c00000,0x00000000d5c00000,0x00000000d5c80000)
 ParOldGen       total 526336K, used 525942K [0x0000000080000000, 0x00000000a0200000, 0x00000000d5580000)
  object space 526336K, 99% used [0x0000000080000000,0x00000000a019da20,0x00000000a0200000)
 Metaspace       used 67386K, committed 68928K, reserved 1114112K
  class space    used 6841K, committed 7552K, reserved 1048576K
}
Event: 50.261 GC heap before
{Heap before GC invocations=888 (full 3):
 PSYoungGen      total 1536K, used 1216K [0x00000000d5580000, 0x00000000d5d00000, 0x0000000100000000)
  eden space 1024K, 100% used [0x00000000d5580000,0x00000000d5680000,0x00000000d5680000)
  from space 512K, 37% used [0x00000000d5c80000,0x00000000d5cb0000,0x00000000d5d00000)
  to   space 512K, 0% used [0x00000000d5c00000,0x00000000d5c00000,0x00000000d5c80000)
 ParOldGen       total 526336K, used 525944K [0x0000000080000000, 0x00000000a0200000, 0x00000000d5580000)
  object space 526336K, 99% used [0x0000000080000000,0x00000000a019e058,0x00000000a0200000)
 Metaspace       used 67386K, committed 68928K, reserved 1114112K
  class space    used 6841K, committed 7552K, reserved 1048576K
}
Event: 50.263 GC heap after
{Heap after GC invocations=888 (full 3):
 PSYoungGen      total 1536K, used 192K [0x00000000d5580000, 0x00000000d5d00000, 0x0000000100000000)
  eden space 1024K, 0% used [0x00000000d5580000,0x00000000d5580000,0x00000000d5680000)
  from space 512K, 37% used [0x00000000d5c00000,0x00000000d5c30000,0x00000000d5c80000)
  to   space 512K, 0% used [0x00000000d5c80000,0x00000000d5c80000,0x00000000d5d00000)
 ParOldGen       total 526336K, used 526064K [0x0000000080000000, 0x00000000a0200000, 0x00000000d5580000)
  object space 526336K, 99% used [0x0000000080000000,0x00000000a01bc058,0x00000000a0200000)
 Metaspace       used 67386K, committed 68928K, reserved 1114112K
  class space    used 6841K, committed 7552K, reserved 1048576K
}
Event: 50.270 GC heap before
{Heap before GC invocations=889 (full 3):
 PSYoungGen      total 1536K, used 1216K [0x00000000d5580000, 0x00000000d5d00000, 0x0000000100000000)
  eden space 1024K, 100% used [0x00000000d5580000,0x00000000d5680000,0x00000000d5680000)
  from space 512K, 37% used [0x00000000d5c00000,0x00000000d5c30000,0x00000000d5c80000)
  to   space 512K, 0% used [0x00000000d5c80000,0x00000000d5c80000,0x00000000d5d00000)
 ParOldGen       total 526336K, used 526068K [0x0000000080000000, 0x00000000a0200000, 0x00000000d5580000)
  object space 526336K, 99% used [0x0000000080000000,0x00000000a01bd058,0x00000000a0200000)
 Metaspace       used 67386K, committed 68928K, reserved 1114112K
  class space    used 6841K, committed 7552K, reserved 1048576K
}
Event: 50.272 GC heap after
{Heap after GC invocations=889 (full 3):
 PSYoungGen      total 1536K, used 192K [0x00000000d5580000, 0x00000000d5d00000, 0x0000000100000000)
  eden space 1024K, 0% used [0x00000000d5580000,0x00000000d5580000,0x00000000d5680000)
  from space 512K, 37% used [0x00000000d5c80000,0x00000000d5cb0000,0x00000000d5d00000)
  to   space 512K, 0% used [0x00000000d5c00000,0x00000000d5c00000,0x00000000d5c80000)
 ParOldGen       total 526336K, used 526169K [0x0000000080000000, 0x00000000a0200000, 0x00000000d5580000)
  object space 526336K, 99% used [0x0000000080000000,0x00000000a01d6660,0x00000000a0200000)
 Metaspace       used 67386K, committed 68928K, reserved 1114112K
  class space    used 6841K, committed 7552K, reserved 1048576K
}
Event: 50.281 GC heap before
{Heap before GC invocations=890 (full 3):
 PSYoungGen      total 1536K, used 1208K [0x00000000d5580000, 0x00000000d5d00000, 0x0000000100000000)
  eden space 1024K, 99% used [0x00000000d5580000,0x00000000d567e270,0x00000000d5680000)
  from space 512K, 37% used [0x00000000d5c80000,0x00000000d5cb0000,0x00000000d5d00000)
  to   space 512K, 0% used [0x00000000d5c00000,0x00000000d5c00000,0x00000000d5c80000)
 ParOldGen       total 526336K, used 526169K [0x0000000080000000, 0x00000000a0200000, 0x00000000d5580000)
  object space 526336K, 99% used [0x0000000080000000,0x00000000a01d6660,0x00000000a0200000)
 Metaspace       used 67386K, committed 68928K, reserved 1114112K
  class space    used 6841K, committed 7552K, reserved 1048576K
}
Event: 50.283 GC heap after
{Heap after GC invocations=890 (full 3):
 PSYoungGen      total 1536K, used 256K [0x00000000d5580000, 0x00000000d5d00000, 0x0000000100000000)
  eden space 1024K, 0% used [0x00000000d5580000,0x00000000d5580000,0x00000000d5680000)
  from space 512K, 50% used [0x00000000d5c00000,0x00000000d5c40000,0x00000000d5c80000)
  to   space 512K, 0% used [0x00000000d5c80000,0x00000000d5c80000,0x00000000d5d00000)
 ParOldGen       total 526336K, used 526297K [0x0000000080000000, 0x00000000a0200000, 0x00000000d5580000)
  object space 526336K, 99% used [0x0000000080000000,0x00000000a01f6660,0x00000000a0200000)
 Metaspace       used 67386K, committed 68928K, reserved 1114112K
  class space    used 6841K, committed 7552K, reserved 1048576K
}
Event: 50.297 GC heap before
{Heap before GC invocations=891 (full 3):
 PSYoungGen      total 1536K, used 1280K [0x00000000d5580000, 0x00000000d5d00000, 0x0000000100000000)
  eden space 1024K, 100% used [0x00000000d5580000,0x00000000d5680000,0x00000000d5680000)
  from space 512K, 50% used [0x00000000d5c00000,0x00000000d5c40000,0x00000000d5c80000)
  to   space 512K, 0% used [0x00000000d5c80000,0x00000000d5c80000,0x00000000d5d00000)
 ParOldGen       total 526848K, used 526343K [0x0000000080000000, 0x00000000a0280000, 0x00000000d5580000)
  object space 526848K, 99% used [0x0000000080000000,0x00000000a0201e48,0x00000000a0280000)
 Metaspace       used 67387K, committed 68928K, reserved 1114112K
  class space    used 6841K, committed 7552K, reserved 1048576K
}
Event: 50.298 GC heap after
{Heap after GC invocations=891 (full 3):
 PSYoungGen      total 1536K, used 272K [0x00000000d5580000, 0x00000000d5d00000, 0x0000000100000000)
  eden space 1024K, 0% used [0x00000000d5580000,0x00000000d5580000,0x00000000d5680000)
  from space 512K, 53% used [0x00000000d5c80000,0x00000000d5cc4010,0x00000000d5d00000)
  to   space 512K, 0% used [0x00000000d5c00000,0x00000000d5c00000,0x00000000d5c80000)
 ParOldGen       total 526848K, used 526487K [0x0000000080000000, 0x00000000a0280000, 0x00000000d5580000)
  object space 526848K, 99% used [0x0000000080000000,0x00000000a0225e48,0x00000000a0280000)
 Metaspace       used 67387K, committed 68928K, reserved 1114112K
  class space    used 6841K, committed 7552K, reserved 1048576K
}
Event: 50.305 GC heap before
{Heap before GC invocations=892 (full 3):
 PSYoungGen      total 1536K, used 1296K [0x00000000d5580000, 0x00000000d5d00000, 0x0000000100000000)
  eden space 1024K, 100% used [0x00000000d5580000,0x00000000d5680000,0x00000000d5680000)
  from space 512K, 53% used [0x00000000d5c80000,0x00000000d5cc4010,0x00000000d5d00000)
  to   space 512K, 0% used [0x00000000d5c00000,0x00000000d5c00000,0x00000000d5c80000)
 ParOldGen       total 526848K, used 526520K [0x0000000080000000, 0x00000000a0280000, 0x00000000d5580000)
  object space 526848K, 99% used [0x0000000080000000,0x00000000a022e0d0,0x00000000a0280000)
 Metaspace       used 67387K, committed 68928K, reserved 1114112K
  class space    used 6841K, committed 7552K, reserved 1048576K
}
Event: 50.307 GC heap after
{Heap after GC invocations=892 (full 3):
 PSYoungGen      total 1536K, used 251K [0x00000000d5580000, 0x00000000d5d00000, 0x0000000100000000)
  eden space 1024K, 0% used [0x00000000d5580000,0x00000000d5580000,0x00000000d5680000)
  from space 512K, 49% used [0x00000000d5c00000,0x00000000d5c3ec08,0x00000000d5c80000)
  to   space 512K, 0% used [0x00000000d5c80000,0x00000000d5c80000,0x00000000d5d00000)
 ParOldGen       total 526848K, used 526624K [0x0000000080000000, 0x00000000a0280000, 0x00000000d5580000)
  object space 526848K, 99% used [0x0000000080000000,0x00000000a02480d0,0x00000000a0280000)
 Metaspace       used 67387K, committed 68928K, reserved 1114112K
  class space    used 6841K, committed 7552K, reserved 1048576K
}
Event: 50.312 GC heap before
{Heap before GC invocations=893 (full 3):
 PSYoungGen      total 1536K, used 1275K [0x00000000d5580000, 0x00000000d5d00000, 0x0000000100000000)
  eden space 1024K, 100% used [0x00000000d5580000,0x00000000d5680000,0x00000000d5680000)
  from space 512K, 49% used [0x00000000d5c00000,0x00000000d5c3ec08,0x00000000d5c80000)
  to   space 512K, 0% used [0x00000000d5c80000,0x00000000d5c80000,0x00000000d5d00000)
 ParOldGen       total 526848K, used 526644K [0x0000000080000000, 0x00000000a0280000, 0x00000000d5580000)
  object space 526848K, 99% used [0x0000000080000000,0x00000000a024d138,0x00000000a0280000)
 Metaspace       used 67387K, committed 68928K, reserved 1114112K
  class space    used 6841K, committed 7552K, reserved 1048576K
}
Event: 50.315 GC heap after
{Heap after GC invocations=893 (full 3):
 PSYoungGen      total 2048K, used 288K [0x00000000d5580000, 0x00000000d5d00000, 0x0000000100000000)
  eden space 1536K, 0% used [0x00000000d5580000,0x00000000d5580000,0x00000000d5700000)
  from space 512K, 56% used [0x00000000d5c80000,0x00000000d5cc8000,0x00000000d5d00000)
  to   space 512K, 0% used [0x00000000d5c00000,0x00000000d5c00000,0x00000000d5c80000)
 ParOldGen       total 526848K, used 526815K [0x0000000080000000, 0x00000000a0280000, 0x00000000d5580000)
  object space 526848K, 99% used [0x0000000080000000,0x00000000a0277d40,0x00000000a0280000)
 Metaspace       used 67387K, committed 68928K, reserved 1114112K
  class space    used 6841K, committed 7552K, reserved 1048576K
}

Dll operation events (10 events):
Event: 0.014 Loaded shared library c:\Users\TCHAMGOUE Yann\.vscode\extensions\redhat.java-1.44.0-win32-x64\jre\21.0.8-win32-x86_64\bin\java.dll
Event: 0.113 Loaded shared library c:\Users\TCHAMGOUE Yann\.vscode\extensions\redhat.java-1.44.0-win32-x64\jre\21.0.8-win32-x86_64\bin\zip.dll
Event: 0.143 Loaded shared library C:\Users\TCHAMGOUE Yann\.vscode\extensions\redhat.java-1.44.0-win32-x64\jre\21.0.8-win32-x86_64\bin\instrument.dll
Event: 0.151 Loaded shared library C:\Users\TCHAMGOUE Yann\.vscode\extensions\redhat.java-1.44.0-win32-x64\jre\21.0.8-win32-x86_64\bin\net.dll
Event: 0.155 Loaded shared library C:\Users\TCHAMGOUE Yann\.vscode\extensions\redhat.java-1.44.0-win32-x64\jre\21.0.8-win32-x86_64\bin\nio.dll
Event: 0.163 Loaded shared library C:\Users\TCHAMGOUE Yann\.vscode\extensions\redhat.java-1.44.0-win32-x64\jre\21.0.8-win32-x86_64\bin\zip.dll
Event: 0.187 Loaded shared library C:\Users\TCHAMGOUE Yann\.vscode\extensions\redhat.java-1.44.0-win32-x64\jre\21.0.8-win32-x86_64\bin\jimage.dll
Event: 0.294 Loaded shared library c:\Users\TCHAMGOUE Yann\.vscode\extensions\redhat.java-1.44.0-win32-x64\jre\21.0.8-win32-x86_64\bin\verify.dll
Event: 1.841 Loaded shared library C:\Users\TCHAMGOUE Yann\AppData\Roaming\Code\User\globalStorage\redhat.java\1.44.0\config_win\org.eclipse.equinox.launcher\org.eclipse.equinox.launcher.win32.win32.x86_64_1.2.1400.v20250730-1736\eclipse_11913.dll
Event: 3.547 Loaded shared library C:\Users\TCHAMGOUE Yann\AppData\Local\Temp\jna-818174091\jna12665847606408900541.dll

Deoptimization events (20 events):
Event: 50.191 Thread 0x000001e4e60399e0 DEOPT PACKING pc=0x000001e4d3ed5c64 sp=0x000000553b2ff0c0
Event: 50.191 Thread 0x000001e4e60399e0 DEOPT UNPACKING pc=0x000001e4d2cb3aa2 sp=0x000000553b2ff078 mode 2
Event: 50.227 Thread 0x000001e4e60399e0 Uncommon trap: trap_request=0xffffff45 fr.pc=0x000001e4d367b1a0 relative=0x0000000000000bc0
Event: 50.227 Thread 0x000001e4e60399e0 Uncommon trap: reason=unstable_if action=reinterpret pc=0x000001e4d367b1a0 method=org.eclipse.jdt.internal.core.search.indexing.BinaryContainer.isValidPackageNameForClassOrisModule(Ljava/lang/String;)Z @ 41 c2
Event: 50.227 Thread 0x000001e4e60399e0 DEOPT PACKING pc=0x000001e4d367b1a0 sp=0x000000553b2ff2e0
Event: 50.227 Thread 0x000001e4e60399e0 DEOPT UNPACKING pc=0x000001e4d2cb3aa2 sp=0x000000553b2ff2d0 mode 2
Event: 50.236 Thread 0x000001e4e60399e0 DEOPT PACKING pc=0x000001e4cc671fef sp=0x000000553b2fee10
Event: 50.236 Thread 0x000001e4e60399e0 DEOPT UNPACKING pc=0x000001e4d2cb4242 sp=0x000000553b2fe298 mode 0
Event: 50.263 Thread 0x000001e4e60399e0 DEOPT PACKING pc=0x000001e4cc67851a sp=0x000000553b2feed0
Event: 50.264 Thread 0x000001e4e60399e0 DEOPT UNPACKING pc=0x000001e4d2cb4242 sp=0x000000553b2fe2e8 mode 0
Event: 50.264 Thread 0x000001e4e60399e0 DEOPT PACKING pc=0x000001e4cc671fef sp=0x000000553b2fef00
Event: 50.264 Thread 0x000001e4e60399e0 DEOPT UNPACKING pc=0x000001e4d2cb4242 sp=0x000000553b2fe388 mode 0
Event: 50.265 Thread 0x000001e4e60399e0 DEOPT PACKING pc=0x000001e4cc714917 sp=0x000000553b2fefb0
Event: 50.265 Thread 0x000001e4e60399e0 DEOPT UNPACKING pc=0x000001e4d2cb4242 sp=0x000000553b2fe3a0 mode 0
Event: 50.286 Thread 0x000001e4e60399e0 DEOPT PACKING pc=0x000001e4cc671fef sp=0x000000553b2fed60
Event: 50.286 Thread 0x000001e4e60399e0 DEOPT UNPACKING pc=0x000001e4d2cb4242 sp=0x000000553b2fe1e8 mode 0
Event: 50.304 Thread 0x000001e4e60399e0 Uncommon trap: trap_request=0xffffff45 fr.pc=0x000001e4d3a4b148 relative=0x0000000000002828
Event: 50.304 Thread 0x000001e4e60399e0 Uncommon trap: reason=unstable_if action=reinterpret pc=0x000001e4d3a4b148 method=org.eclipse.jdt.internal.compiler.parser.Scanner.internalScanIdentifierOrKeyword(II[C)Lorg/eclipse/jdt/internal/compiler/parser/TerminalToken; @ 2291 c2
Event: 50.304 Thread 0x000001e4e60399e0 DEOPT PACKING pc=0x000001e4d3a4b148 sp=0x000000553b2ff1e0
Event: 50.304 Thread 0x000001e4e60399e0 DEOPT UNPACKING pc=0x000001e4d2cb3aa2 sp=0x000000553b2ff178 mode 2

Classes loaded (20 events):
Event: 39.595 Loading class jdk/internal/module/IllegalAccessLogger
Event: 39.595 Loading class jdk/internal/module/IllegalAccessLogger done
Event: 43.618 Loading class java/util/TreeMap$ValueSpliterator
Event: 43.620 Loading class java/util/TreeMap$TreeMapSpliterator
Event: 43.621 Loading class java/util/TreeMap$TreeMapSpliterator done
Event: 43.621 Loading class java/util/TreeMap$ValueSpliterator done
Event: 43.663 Loading class java/util/concurrent/CompletionException
Event: 43.664 Loading class java/util/concurrent/CompletionException done
Event: 43.671 Loading class java/nio/file/FileTreeWalker$1
Event: 43.695 Loading class java/nio/file/FileTreeWalker$1 done
Event: 43.696 Loading class sun/nio/fs/Globs
Event: 43.697 Loading class sun/nio/fs/Globs done
Event: 43.697 Loading class java/util/regex/Pattern$SliceU
Event: 43.700 Loading class java/util/regex/Pattern$SliceU done
Event: 43.700 Loading class sun/nio/fs/WindowsFileSystem$2
Event: 43.701 Loading class java/nio/file/PathMatcher
Event: 43.701 Loading class java/nio/file/PathMatcher done
Event: 43.701 Loading class sun/nio/fs/WindowsFileSystem$2 done
Event: 50.163 Loading class sun/nio/fs/WindowsFileCopy
Event: 50.164 Loading class sun/nio/fs/WindowsFileCopy done

Classes unloaded (7 events):
Event: 4.090 Thread 0x000001e4df5d3630 Unloading class 0x000001e4811a9800 'java/lang/invoke/LambdaForm$MH+0x000001e4811a9800'
Event: 4.090 Thread 0x000001e4df5d3630 Unloading class 0x000001e4811a9400 'java/lang/invoke/LambdaForm$MH+0x000001e4811a9400'
Event: 4.090 Thread 0x000001e4df5d3630 Unloading class 0x000001e4811a9000 'java/lang/invoke/LambdaForm$MH+0x000001e4811a9000'
Event: 4.090 Thread 0x000001e4df5d3630 Unloading class 0x000001e4811a8c00 'java/lang/invoke/LambdaForm$MH+0x000001e4811a8c00'
Event: 4.090 Thread 0x000001e4df5d3630 Unloading class 0x000001e4811a8800 'java/lang/invoke/LambdaForm$BMH+0x000001e4811a8800'
Event: 4.090 Thread 0x000001e4df5d3630 Unloading class 0x000001e4811a8400 'java/lang/invoke/LambdaForm$DMH+0x000001e4811a8400'
Event: 4.090 Thread 0x000001e4df5d3630 Unloading class 0x000001e4811a3000 'java/lang/invoke/LambdaForm$DMH+0x000001e4811a3000'

Classes redefined (0 events):
No events

Internal exceptions (20 events):
Event: 50.041 Thread 0x000001e4e603a070 Exception <a 'sun/nio/fs/WindowsException'{0x00000000d560b150}> (0x00000000d560b150) 
thrown [s\src\hotspot\share\prims\jni.cpp, line 520]
Event: 50.042 Thread 0x000001e4e603a070 Exception <a 'sun/nio/fs/WindowsException'{0x00000000d5614278}> (0x00000000d5614278) 
thrown [s\src\hotspot\share\prims\jni.cpp, line 520]
Event: 50.044 Thread 0x000001e4e603a070 Exception <a 'sun/nio/fs/WindowsException'{0x00000000d561d0f8}> (0x00000000d561d0f8) 
thrown [s\src\hotspot\share\prims\jni.cpp, line 520]
Event: 50.044 Thread 0x000001e4e603a070 Exception <a 'sun/nio/fs/WindowsException'{0x00000000d5626158}> (0x00000000d5626158) 
thrown [s\src\hotspot\share\prims\jni.cpp, line 520]
Event: 50.045 Thread 0x000001e4e603a070 Exception <a 'sun/nio/fs/WindowsException'{0x00000000d562f2a8}> (0x00000000d562f2a8) 
thrown [s\src\hotspot\share\prims\jni.cpp, line 520]
Event: 50.046 Thread 0x000001e4e603a070 Exception <a 'sun/nio/fs/WindowsException'{0x00000000d5638150}> (0x00000000d5638150) 
thrown [s\src\hotspot\share\prims\jni.cpp, line 520]
Event: 50.047 Thread 0x000001e4e603a070 Exception <a 'sun/nio/fs/WindowsException'{0x00000000d5641510}> (0x00000000d5641510) 
thrown [s\src\hotspot\share\prims\jni.cpp, line 520]
Event: 50.047 Thread 0x000001e4e603a070 Exception <a 'sun/nio/fs/WindowsException'{0x00000000d564a398}> (0x00000000d564a398) 
thrown [s\src\hotspot\share\prims\jni.cpp, line 520]
Event: 50.048 Thread 0x000001e4e603a070 Exception <a 'sun/nio/fs/WindowsException'{0x00000000d5653238}> (0x00000000d5653238) 
thrown [s\src\hotspot\share\prims\jni.cpp, line 520]
Event: 50.049 Thread 0x000001e4e603a070 Exception <a 'sun/nio/fs/WindowsException'{0x00000000d565c398}> (0x00000000d565c398) 
thrown [s\src\hotspot\share\prims\jni.cpp, line 520]
Event: 50.051 Thread 0x000001e4e603a070 Exception <a 'sun/nio/fs/WindowsException'{0x00000000d5665000}> (0x00000000d5665000) 
thrown [s\src\hotspot\share\prims\jni.cpp, line 520]
Event: 50.055 Thread 0x000001e4e603a070 Exception <a 'sun/nio/fs/WindowsException'{0x00000000d566e2e0}> (0x00000000d566e2e0) 
thrown [s\src\hotspot\share\prims\jni.cpp, line 520]
Event: 50.056 Thread 0x000001e4e603a070 Exception <a 'sun/nio/fs/WindowsException'{0x00000000d5676fa8}> (0x00000000d5676fa8) 
thrown [s\src\hotspot\share\prims\jni.cpp, line 520]
Event: 50.059 Thread 0x000001e4e603a070 Exception <a 'sun/nio/fs/WindowsException'{0x00000000d5580130}> (0x00000000d5580130) 
thrown [s\src\hotspot\share\prims\jni.cpp, line 520]
Event: 50.060 Thread 0x000001e4e603a070 Exception <a 'sun/nio/fs/WindowsException'{0x00000000d5588f88}> (0x00000000d5588f88) 
thrown [s\src\hotspot\share\prims\jni.cpp, line 520]
Event: 50.061 Thread 0x000001e4e603a070 Exception <a 'sun/nio/fs/WindowsException'{0x00000000d55917e8}> (0x00000000d55917e8) 
thrown [s\src\hotspot\share\prims\jni.cpp, line 520]
Event: 50.062 Thread 0x000001e4e603a070 Exception <a 'sun/nio/fs/WindowsException'{0x00000000d559a908}> (0x00000000d559a908) 
thrown [s\src\hotspot\share\prims\jni.cpp, line 520]
Event: 50.164 Thread 0x000001e4e60399e0 Exception <a 'sun/nio/fs/WindowsException'{0x00000000d55f2a98}> (0x00000000d55f2a98) 
thrown [s\src\hotspot\share\prims\jni.cpp, line 520]
Event: 50.192 Thread 0x000001e4e60399e0 Exception <a 'sun/nio/fs/WindowsException'{0x00000000d5591158}> (0x00000000d5591158) 
thrown [s\src\hotspot\share\prims\jni.cpp, line 520]
Event: 50.213 Thread 0x000001e4e60399e0 Exception <a 'sun/nio/fs/WindowsException'{0x00000000d566daa8}> (0x00000000d566daa8) 
thrown [s\src\hotspot\share\prims\jni.cpp, line 520]

ZGC Phase Switch (0 events):
No events

VM Operations (20 events):
Event: 50.249 Executing VM operation: ParallelGCFailedAllocation (Allocation Failure)
Event: 50.251 Executing VM operation: ParallelGCFailedAllocation (Allocation Failure) done
Event: 50.260 Executing VM operation: ParallelGCFailedAllocation (Allocation Failure)
Event: 50.261 Executing VM operation: ParallelGCFailedAllocation (Allocation Failure) done
Event: 50.261 Executing VM operation: ParallelGCSystemGC (GCLocker Initiated GC)
Event: 50.263 Executing VM operation: ParallelGCSystemGC (GCLocker Initiated GC) done
Event: 50.270 Executing VM operation: ParallelGCFailedAllocation (Allocation Failure)
Event: 50.272 Executing VM operation: ParallelGCFailedAllocation (Allocation Failure) done
Event: 50.281 Executing VM operation: ParallelGCFailedAllocation (Allocation Failure)
Event: 50.283 Executing VM operation: ParallelGCFailedAllocation (Allocation Failure) done
Event: 50.293 Executing VM operation: ParallelGCFailedAllocation (Allocation Failure)
Event: 50.293 Executing VM operation: ParallelGCFailedAllocation (Allocation Failure) done
Event: 50.297 Executing VM operation: ParallelGCSystemGC (GCLocker Initiated GC)
Event: 50.298 Executing VM operation: ParallelGCSystemGC (GCLocker Initiated GC) done
Event: 50.305 Executing VM operation: ParallelGCFailedAllocation (Allocation Failure)
Event: 50.305 Executing VM operation: ParallelGCFailedAllocation (Allocation Failure) done
Event: 50.305 Executing VM operation: ParallelGCSystemGC (GCLocker Initiated GC)
Event: 50.307 Executing VM operation: ParallelGCSystemGC (GCLocker Initiated GC) done
Event: 50.312 Executing VM operation: ParallelGCFailedAllocation (Allocation Failure)
Event: 50.315 Executing VM operation: ParallelGCFailedAllocation (Allocation Failure) done

Memory protections (0 events):
No events

Nmethod flushes (20 events):
Event: 18.587 Thread 0x000001e4df5d3630 flushing  nmethod 0x000001e4cc14be10
Event: 18.587 Thread 0x000001e4df5d3630 flushing  nmethod 0x000001e4cc14c210
Event: 18.587 Thread 0x000001e4df5d3630 flushing  nmethod 0x000001e4cc15ae10
Event: 18.587 Thread 0x000001e4df5d3630 flushing  nmethod 0x000001e4cc15c610
Event: 18.587 Thread 0x000001e4df5d3630 flushing  nmethod 0x000001e4cc15d790
Event: 18.587 Thread 0x000001e4df5d3630 flushing  nmethod 0x000001e4cc15de90
Event: 18.587 Thread 0x000001e4df5d3630 flushing  nmethod 0x000001e4cc15e690
Event: 18.587 Thread 0x000001e4df5d3630 flushing  nmethod 0x000001e4cc15ec90
Event: 18.587 Thread 0x000001e4df5d3630 flushing  nmethod 0x000001e4cc15f510
Event: 18.587 Thread 0x000001e4df5d3630 flushing  nmethod 0x000001e4cc161590
Event: 18.587 Thread 0x000001e4df5d3630 flushing  nmethod 0x000001e4cc16fb10
Event: 18.587 Thread 0x000001e4df5d3630 flushing  nmethod 0x000001e4cc173190
Event: 18.587 Thread 0x000001e4df5d3630 flushing  nmethod 0x000001e4cc177f90
Event: 18.587 Thread 0x000001e4df5d3630 flushing osr nmethod 0x000001e4cc196590
Event: 18.587 Thread 0x000001e4df5d3630 flushing  nmethod 0x000001e4cc198510
Event: 18.587 Thread 0x000001e4df5d3630 flushing  nmethod 0x000001e4cc19bd10
Event: 18.587 Thread 0x000001e4df5d3630 flushing  nmethod 0x000001e4cc1c8910
Event: 18.587 Thread 0x000001e4df5d3630 flushing  nmethod 0x000001e4cc1f8f10
Event: 18.587 Thread 0x000001e4df5d3630 flushing osr nmethod 0x000001e4cc24e910
Event: 18.587 Thread 0x000001e4df5d3630 flushing  nmethod 0x000001e4cc254890

Events (20 events):
Event: 42.204 Thread 0x000001e4e57a2630 Thread exited: 0x000001e4e57a2630
Event: 42.204 Thread 0x000001e4e57a0560 Thread exited: 0x000001e4e57a0560
Event: 42.204 Thread 0x000001e4e57a1280 Thread exited: 0x000001e4e57a1280
Event: 42.204 Thread 0x000001e4e57a0bf0 Thread exited: 0x000001e4e57a0bf0
Event: 42.205 Thread 0x000001e4e57a3350 Thread exited: 0x000001e4e57a3350
Event: 42.734 Thread 0x000001e4e6038cc0 Thread added: 0x000001e4e57a0560
Event: 42.734 Thread 0x000001e4e6038cc0 Thread added: 0x000001e4e57a1280
Event: 42.734 Thread 0x000001e4e6038cc0 Thread added: 0x000001e4e57a1910
Event: 42.735 Thread 0x000001e4e6038cc0 Thread added: 0x000001e4e57a3350
Event: 42.735 Thread 0x000001e4e6038cc0 Thread added: 0x000001e4e57a2630
Event: 42.877 Thread 0x000001e4e9b97030 Thread exited: 0x000001e4e9b97030
Event: 42.921 Thread 0x000001e4e57a1910 Thread exited: 0x000001e4e57a1910
Event: 42.921 Thread 0x000001e4e57a1280 Thread exited: 0x000001e4e57a1280
Event: 42.922 Thread 0x000001e4e57a0560 Thread exited: 0x000001e4e57a0560
Event: 42.923 Thread 0x000001e4e57a3350 Thread exited: 0x000001e4e57a3350
Event: 42.923 Thread 0x000001e4e57a2630 Thread exited: 0x000001e4e57a2630
Event: 43.831 Thread 0x000001e4df5efdc0 Thread added: 0x000001e4e9b97030
Event: 47.491 Thread 0x000001e4e9b97030 Thread exited: 0x000001e4e9b97030
Event: 50.236 Thread 0x000001e4df60ceb0 Thread added: 0x000001e4e9b984a0
Event: 50.236 Thread 0x000001e4df60ceb0 Thread added: 0x000001e4e9b97030


Dynamic libraries:
0x00007ff683630000 - 0x00007ff68363e000 	c:\Users\TCHAMGOUE Yann\.vscode\extensions\redhat.java-1.44.0-win32-x64\jre\21.0.8-win32-x86_64\bin\java.exe
0x00007ff99f420000 - 0x00007ff99f680000 	C:\WINDOWS\SYSTEM32\ntdll.dll
0x00007ff9724d0000 - 0x00007ff9724f0000 	C:\Program Files\Avast Software\Avast\aswhook.dll
0x00007ff99e640000 - 0x00007ff99e707000 	C:\WINDOWS\System32\KERNEL32.DLL
0x00007ff99cb90000 - 0x00007ff99cf5b000 	C:\WINDOWS\System32\KERNELBASE.dll
0x00007ff99c8c0000 - 0x00007ff99ca0b000 	C:\WINDOWS\System32\ucrtbase.dll
0x00007ff9285b0000 - 0x00007ff9285c8000 	c:\Users\TCHAMGOUE Yann\.vscode\extensions\redhat.java-1.44.0-win32-x64\jre\21.0.8-win32-x86_64\bin\jli.dll
0x00007ff9284a0000 - 0x00007ff9284be000 	c:\Users\TCHAMGOUE Yann\.vscode\extensions\redhat.java-1.44.0-win32-x64\jre\21.0.8-win32-x86_64\bin\VCRUNTIME140.dll
0x00007ff99ee80000 - 0x00007ff99f04c000 	C:\WINDOWS\System32\USER32.dll
0x00007ff981720000 - 0x00007ff9819b7000 	C:\WINDOWS\WinSxS\amd64_microsoft.windows.common-controls_6595b64144ccf1df_6.0.26100.3624_none_3e086962e3345f24\COMCTL32.dll
0x00007ff99cf60000 - 0x00007ff99cf87000 	C:\WINDOWS\System32\win32u.dll
0x00007ff99f0c0000 - 0x00007ff99f169000 	C:\WINDOWS\System32\msvcrt.dll
0x00007ff99f170000 - 0x00007ff99f19a000 	C:\WINDOWS\System32\GDI32.dll
0x00007ff99d030000 - 0x00007ff99d161000 	C:\WINDOWS\System32\gdi32full.dll
0x00007ff99d170000 - 0x00007ff99d213000 	C:\WINDOWS\System32\msvcp_win.dll
0x00007ff99f080000 - 0x00007ff99f0af000 	C:\WINDOWS\System32\IMM32.DLL
0x00007ff928610000 - 0x00007ff92861c000 	c:\Users\TCHAMGOUE Yann\.vscode\extensions\redhat.java-1.44.0-win32-x64\jre\21.0.8-win32-x86_64\bin\vcruntime140_1.dll
0x00007ff8fc3b0000 - 0x00007ff8fc43d000 	c:\Users\TCHAMGOUE Yann\.vscode\extensions\redhat.java-1.44.0-win32-x64\jre\21.0.8-win32-x86_64\bin\msvcp140.dll
0x00007ff8ea540000 - 0x00007ff8eb2d7000 	c:\Users\TCHAMGOUE Yann\.vscode\extensions\redhat.java-1.44.0-win32-x64\jre\21.0.8-win32-x86_64\bin\server\jvm.dll
0x00007ff99e710000 - 0x00007ff99e7c3000 	C:\WINDOWS\System32\ADVAPI32.dll
0x00007ff99d2a0000 - 0x00007ff99d346000 	C:\WINDOWS\System32\sechost.dll
0x00007ff99e520000 - 0x00007ff99e636000 	C:\WINDOWS\System32\RPCRT4.dll
0x00007ff99d220000 - 0x00007ff99d294000 	C:\WINDOWS\System32\WS2_32.dll
0x00007ff99c2c0000 - 0x00007ff99c31e000 	C:\WINDOWS\SYSTEM32\POWRPROF.dll
0x00007ff98d120000 - 0x00007ff98d12b000 	C:\WINDOWS\SYSTEM32\VERSION.dll
0x00007ff988e10000 - 0x00007ff988e46000 	C:\WINDOWS\SYSTEM32\WINMM.dll
0x00007ff99c2a0000 - 0x00007ff99c2b4000 	C:\WINDOWS\SYSTEM32\UMPDC.dll
0x00007ff99b410000 - 0x00007ff99b42a000 	C:\WINDOWS\SYSTEM32\kernel.appcore.dll
0x00007ff928490000 - 0x00007ff92849a000 	c:\Users\TCHAMGOUE Yann\.vscode\extensions\redhat.java-1.44.0-win32-x64\jre\21.0.8-win32-x86_64\bin\jimage.dll
0x00007ff98cd00000 - 0x00007ff98cf41000 	C:\WINDOWS\SYSTEM32\DBGHELP.DLL
0x00007ff99e190000 - 0x00007ff99e513000 	C:\WINDOWS\System32\combase.dll
0x00007ff99d3f0000 - 0x00007ff99d4c6000 	C:\WINDOWS\System32\OLEAUT32.dll
0x00007ff98ccc0000 - 0x00007ff98ccf9000 	C:\WINDOWS\SYSTEM32\dbgcore.DLL
0x00007ff99cf90000 - 0x00007ff99d029000 	C:\WINDOWS\System32\bcryptPrimitives.dll
0x00007ff928480000 - 0x00007ff92848f000 	c:\Users\TCHAMGOUE Yann\.vscode\extensions\redhat.java-1.44.0-win32-x64\jre\21.0.8-win32-x86_64\bin\instrument.dll
0x00007ff8fc850000 - 0x00007ff8fc86f000 	c:\Users\TCHAMGOUE Yann\.vscode\extensions\redhat.java-1.44.0-win32-x64\jre\21.0.8-win32-x86_64\bin\java.dll
0x00007ff99d4e0000 - 0x00007ff99dc09000 	C:\WINDOWS\System32\SHELL32.dll
0x00007ff99c750000 - 0x00007ff99c8b8000 	C:\WINDOWS\System32\wintypes.dll
0x00007ff99a270000 - 0x00007ff99aac2000 	C:\WINDOWS\SYSTEM32\windows.storage.dll
0x00007ff99e0a0000 - 0x00007ff99e18d000 	C:\WINDOWS\System32\SHCORE.dll
0x00007ff99e7d0000 - 0x00007ff99e834000 	C:\WINDOWS\System32\shlwapi.dll
0x00007ff99c510000 - 0x00007ff99c53f000 	C:\WINDOWS\SYSTEM32\profapi.dll
0x00007ff8fc810000 - 0x00007ff8fc828000 	c:\Users\TCHAMGOUE Yann\.vscode\extensions\redhat.java-1.44.0-win32-x64\jre\21.0.8-win32-x86_64\bin\zip.dll
0x00007ff928470000 - 0x00007ff928480000 	C:\Users\TCHAMGOUE Yann\.vscode\extensions\redhat.java-1.44.0-win32-x64\jre\21.0.8-win32-x86_64\bin\net.dll
0x00007ff990ce0000 - 0x00007ff990dfd000 	C:\WINDOWS\SYSTEM32\WINHTTP.dll
0x00007ff99b930000 - 0x00007ff99b99a000 	C:\WINDOWS\system32\mswsock.dll
0x00007ff8fc710000 - 0x00007ff8fc726000 	C:\Users\TCHAMGOUE Yann\.vscode\extensions\redhat.java-1.44.0-win32-x64\jre\21.0.8-win32-x86_64\bin\nio.dll
0x00007ff8fc800000 - 0x00007ff8fc810000 	c:\Users\TCHAMGOUE Yann\.vscode\extensions\redhat.java-1.44.0-win32-x64\jre\21.0.8-win32-x86_64\bin\verify.dll
0x00007ff8fc310000 - 0x00007ff8fc355000 	C:\Users\TCHAMGOUE Yann\AppData\Roaming\Code\User\globalStorage\redhat.java\1.44.0\config_win\org.eclipse.equinox.launcher\org.eclipse.equinox.launcher.win32.win32.x86_64_1.2.1400.v20250730-1736\eclipse_11913.dll
0x00007ff99dc20000 - 0x00007ff99ddb6000 	C:\WINDOWS\System32\ole32.dll
0x00007ff99bbd0000 - 0x00007ff99bbec000 	C:\WINDOWS\SYSTEM32\CRYPTSP.dll
0x00007ff99b370000 - 0x00007ff99b3aa000 	C:\WINDOWS\system32\rsaenh.dll
0x00007ff99b9d0000 - 0x00007ff99b9fb000 	C:\WINDOWS\SYSTEM32\USERENV.dll
0x00007ff99be10000 - 0x00007ff99be36000 	C:\WINDOWS\SYSTEM32\bcrypt.dll
0x00007ff99bbf0000 - 0x00007ff99bbfc000 	C:\WINDOWS\SYSTEM32\CRYPTBASE.dll
0x00007ff99af30000 - 0x00007ff99af63000 	C:\WINDOWS\SYSTEM32\IPHLPAPI.DLL
0x00007ff99d4d0000 - 0x00007ff99d4da000 	C:\WINDOWS\System32\NSI.dll
0x00007ff97dd10000 - 0x00007ff97dd59000 	C:\Users\TCHAMGOUE Yann\AppData\Local\Temp\jna-818174091\jna12665847606408900541.dll
0x00007ff99f050000 - 0x00007ff99f058000 	C:\WINDOWS\System32\PSAPI.DLL
0x00007ff9912d0000 - 0x00007ff9912ef000 	C:\WINDOWS\SYSTEM32\dhcpcsvc6.DLL
0x00007ff9912a0000 - 0x00007ff9912c5000 	C:\WINDOWS\SYSTEM32\dhcpcsvc.DLL

JVMTI agents:
c:\Users\TCHAMGOUE Yann\.vscode\extensions\redhat.java-1.44.0-win32-x64\lombok\lombok-1.18.39-4050.jar path:c:\Users\TCHAMGOUE Yann\.vscode\extensions\redhat.java-1.44.0-win32-x64\jre\21.0.8-win32-x86_64\bin\instrument.dll, loaded, initialized, instrumentlib options:none

dbghelp: loaded successfully - version: 4.0.5 - missing functions: none
symbol engine: initialized successfully - sym options: 0x614 - pdb path: .;c:\Users\TCHAMGOUE Yann\.vscode\extensions\redhat.java-1.44.0-win32-x64\jre\21.0.8-win32-x86_64\bin;C:\WINDOWS\SYSTEM32;C:\Program Files\Avast Software\Avast;C:\WINDOWS\WinSxS\amd64_microsoft.windows.common-controls_6595b64144ccf1df_6.0.26100.3624_none_3e086962e3345f24;c:\Users\TCHAMGOUE Yann\.vscode\extensions\redhat.java-1.44.0-win32-x64\jre\21.0.8-win32-x86_64\bin\server;C:\Users\TCHAMGOUE Yann\AppData\Roaming\Code\User\globalStorage\redhat.java\1.44.0\config_win\org.eclipse.equinox.launcher\org.eclipse.equinox.launcher.win32.win32.x86_64_1.2.1400.v20250730-1736;C:\Users\TCHAMGOUE Yann\AppData\Local\Temp\jna-818174091

VM Arguments:
jvm_args: --add-modules=ALL-SYSTEM --add-opens=java.base/java.util=ALL-UNNAMED --add-opens=java.base/java.lang=ALL-UNNAMED --add-opens=java.base/sun.nio.fs=ALL-UNNAMED -Declipse.application=org.eclipse.jdt.ls.core.id1 -Dosgi.bundles.defaultStartLevel=4 -Declipse.product=org.eclipse.jdt.ls.core.product -Djava.import.generatesMetadataFilesAtProjectRoot=false -DDetectVMInstallationsJob.disabled=true -Dfile.encoding=utf8 -XX:+UseParallelGC -XX:GCTimeRatio=4 -XX:AdaptiveSizePolicyWeight=90 -Dsun.zip.disableMemoryMapping=true -Xmx2G -Xms100m -Xlog:disable -javaagent:c:\Users\TCHAMGOUE Yann\.vscode\extensions\redhat.java-1.44.0-win32-x64\lombok\lombok-1.18.39-4050.jar -XX:+HeapDumpOnOutOfMemoryError -XX:HeapDumpPath=c:\Users\TCHAMGOUE Yann\AppData\Roaming\Code\User\workspaceStorage\0ce6ff431c656783e2bd0f60588f111c\redhat.java -Daether.dependencyCollector.impl=bf 
java_command: c:\Users\TCHAMGOUE Yann\.vscode\extensions\redhat.java-1.44.0-win32-x64\server\plugins\org.eclipse.equinox.launcher_1.7.0.v20250519-0528.jar -configuration c:\Users\TCHAMGOUE Yann\AppData\Roaming\Code\User\globalStorage\redhat.java\1.44.0\config_win -data c:\Users\TCHAMGOUE Yann\AppData\Roaming\Code\User\workspaceStorage\0ce6ff431c656783e2bd0f60588f111c\redhat.java\jdt_ws --pipe=\\.\pipe\lsp-29c4f096821ea0f3e19fd116e5646ca4-sock
java_class_path (initial): c:\Users\TCHAMGOUE Yann\.vscode\extensions\redhat.java-1.44.0-win32-x64\server\plugins\org.eclipse.equinox.launcher_1.7.0.v20250519-0528.jar
Launcher Type: SUN_STANDARD

[Global flags]
    uintx AdaptiveSizePolicyWeight                 = 90                                        {product} {command line}
     intx CICompilerCount                          = 4                                         {product} {ergonomic}
    uintx GCTimeRatio                              = 4                                         {product} {command line}
     bool HeapDumpOnOutOfMemoryError               = true                                   {manageable} {command line}
    ccstr HeapDumpPath                             = c:\Users\TCHAMGOUE Yann\AppData\Roaming\Code\User\workspaceStorage\0ce6ff431c656783e2bd0f60588f111c\redhat.java         {manageable} {command line}
   size_t InitialHeapSize                          = 104857600                                 {product} {command line}
   size_t MaxHeapSize                              = 2147483648                                {product} {command line}
   size_t MaxNewSize                               = 715653120                                 {product} {ergonomic}
   size_t MinHeapDeltaBytes                        = 524288                                    {product} {ergonomic}
   size_t MinHeapSize                              = 104857600                                 {product} {command line}
   size_t NewSize                                  = 34603008                                  {product} {ergonomic}
    uintx NonNMethodCodeHeapSize                   = 5839372                                {pd product} {ergonomic}
    uintx NonProfiledCodeHeapSize                  = 122909434                              {pd product} {ergonomic}
   size_t OldSize                                  = 70254592                                  {product} {ergonomic}
    uintx ProfiledCodeHeapSize                     = 122909434                              {pd product} {ergonomic}
    uintx ReservedCodeCacheSize                    = 251658240                              {pd product} {ergonomic}
     bool SegmentedCodeCache                       = true                                      {product} {ergonomic}
   size_t SoftMaxHeapSize                          = 2147483648                             {manageable} {ergonomic}
     bool UseCompressedOops                        = true                           {product lp64_product} {ergonomic}
     bool UseLargePagesIndividualAllocation        = false                                  {pd product} {ergonomic}
     bool UseParallelGC                            = true                                      {product} {command line}

Logging:
Log output configuration:
 #0: stdout all=off uptime,level,tags foldmultilines=false
 #1: stderr all=off uptime,level,tags foldmultilines=false

Environment Variables:
JAVA_HOME=C:\Program Files\Java\jdk1.8.0_281
PATH=C:\Program Files\Common Files\Oracle\Java\javapath;C:\WINDOWS\system32;C:\WINDOWS;C:\WINDOWS\System32\Wbem;C:\WINDOWS\System32\WindowsPowerShell\v1.0\;C:\WINDOWS\System32\OpenSSH\;C:\Program Files\Java\jdk-17\bin;C:\Users\TCHAMGOUE Yann\Downloads\apache-maven-3.9.8-bin\apache-maven-3.9.8\bin;C:\Program Files\nodejs\;C:\ProgramData\chocolatey\bin;C:\xampp\php;C:\Program Files\Git\cmd;C:\Program Files\Docker\Docker\resources\bin;C:\Program Files\MySQL\MySQL Shell 8.0\bin\;C:\Users\TCHAMGOUE Yann\AppData\Local\Programs\Python\Python313\Scripts\;C:\Users\TCHAMGOUE Yann\AppData\Local\Programs\Python\Python313\;C:\Users\TCHAMGOUE Yann\AppData\Local\Microsoft\WindowsApps;C:\Users\TCHAMGOUE Yann\AppData\Local\Programs\Microsoft VS Code\bin;C:\Users\TCHAMGOUE Yann\AppData\Roaming\npm;C:\Program Files\Git\bin;C:\xampp\php;C:\Program Files\JetBrains\IntelliJ IDEA 2024.3\bin;;C:\Program Files\MySQL\MySQL Server 8.0\bin;
USERNAME=TCHAMGOUE Yann
OS=Windows_NT
PROCESSOR_IDENTIFIER=Intel64 Family 6 Model 142 Stepping 12, GenuineIntel
TMP=C:\Users\TCHAMG~1\AppData\Local\Temp
TEMP=C:\Users\TCHAMG~1\AppData\Local\Temp




Periodic native trim disabled

---------------  S Y S T E M  ---------------

OS:
 Windows 11 , 64 bit Build 26100 (10.0.26100.3624)
OS uptime: 0 days 0:37 hours
Hyper-V role detected

CPU: total 8 (initial active 8) (4 cores per cpu, 2 threads per core) family 6 model 142 stepping 12 microcode 0xde, cx8, cmov, fxsr, ht, mmx, 3dnowpref, sse, sse2, sse3, ssse3, sse4.1, sse4.2, popcnt, lzcnt, tsc, tscinvbit, avx, avx2, aes, erms, clmul, bmi1, bmi2, adx, fma, vzeroupper, clflush, clflushopt, hv, rdtscp, f16c
Processor Information for the first 8 processors :
  Max Mhz: 2112, Current Mhz: 1609, Mhz Limit: 1605

Memory: 4k page, system-wide physical 8001M (787M free)
TotalPageFile size 19973M (AvailPageFile size 0M)
current process WorkingSet (physical memory assigned to process): 700M, peak: 700M
current process commit charge ("private bytes"): 837M, peak: 1687M

vm_info: OpenJDK 64-Bit Server VM (21.0.8+9-LTS) for windows-amd64 JRE (21.0.8+9-LTS), built on 2025-07-15T00:00:00Z by "admin" with MS VC++ 17.7 (VS2022)

END.
