#
# There is insufficient memory for the Java Runtime Environment to continue.
# Native memory allocation (malloc) failed to allocate 1388480 bytes. Error detail: Chunk::new
# Possible reasons:
#   The system is out of physical RAM or swap space
#   This process is running with CompressedOops enabled, and the Java Heap may be blocking the growth of the native heap
# Possible solutions:
#   Reduce memory load on the system
#   Increase physical memory or swap space
#   Check if swap backing store is full
#   Decrease Java heap size (-Xmx/-Xms)
#   Decrease number of Java threads
#   Decrease Java thread stack sizes (-Xss)
#   Set larger code cache with -XX:ReservedCodeCacheSize=
#   JVM is running with Unscaled Compressed Oops mode in which the Java heap is
#     placed in the first 4GB address space. The Java Heap base address is the
#     maximum limit for the native heap growth. Please use -XX:HeapBaseMinAddress
#     to set the Java Heap base and to place the Java Heap above 4GB virtual address.
# This output file may be truncated or incomplete.
#
#  Out of Memory Error (arena.cpp:168), pid=9424, tid=8948
#
# JRE version: OpenJDK Runtime Environment Temurin-21.0.8+9 (21.0.8+9) (build 21.0.8+9-LTS)
# Java VM: OpenJDK 64-Bit Server VM Temurin-21.0.8+9 (21.0.8+9-LTS, mixed mode, sharing, tiered, compressed oops, compressed class ptrs, parallel gc, windows-amd64)
# No core dump will be written. Minidumps are not enabled by default on client versions of Windows
#

---------------  S U M M A R Y ------------

Command Line: --add-modules=ALL-SYSTEM --add-opens=java.base/java.util=ALL-UNNAMED --add-opens=java.base/java.lang=ALL-UNNAMED --add-opens=java.base/sun.nio.fs=ALL-UNNAMED -Declipse.application=org.eclipse.jdt.ls.core.id1 -Dosgi.bundles.defaultStartLevel=4 -Declipse.product=org.eclipse.jdt.ls.core.product -Djava.import.generatesMetadataFilesAtProjectRoot=false -DDetectVMInstallationsJob.disabled=true -Dfile.encoding=utf8 -XX:+UseParallelGC -XX:GCTimeRatio=4 -XX:AdaptiveSizePolicyWeight=90 -Dsun.zip.disableMemoryMapping=true -Xmx2G -Xms100m -Xlog:disable -javaagent:c:\Users\TCHAMGOUE Yann\.vscode\extensions\redhat.java-1.44.0-win32-x64\lombok\lombok-1.18.39-4050.jar -XX:+HeapDumpOnOutOfMemoryError -XX:HeapDumpPath=c:\Users\TCHAMGOUE Yann\AppData\Roaming\Code\User\workspaceStorage\0ce6ff431c656783e2bd0f60588f111c\redhat.java -Daether.dependencyCollector.impl=bf c:\Users\TCHAMGOUE Yann\.vscode\extensions\redhat.java-1.44.0-win32-x64\server\plugins\org.eclipse.equinox.launcher_1.7.0.v20250519-0528.jar -configuration c:\Users\TCHAMGOUE Yann\AppData\Roaming\Code\User\globalStorage\redhat.java\1.44.0\config_win -data c:\Users\TCHAMGOUE Yann\AppData\Roaming\Code\User\workspaceStorage\0ce6ff431c656783e2bd0f60588f111c\redhat.java\jdt_ws --pipe=\\.\pipe\lsp-07a537d70b77489c26e0934c96782032-sock

Host: Intel(R) Core(TM) i5-10210U CPU @ 1.60GHz, 8 cores, 7G,  Windows 11 , 64 bit Build 26100 (10.0.26100.3624)
Time: Mon Aug 18 08:49:20 2025 Afr. centrale Ouest elapsed time: 33.121536 seconds (0d 0h 0m 33s)

---------------  T H R E A D  ---------------

Current thread (0x000001867bb6cbe0):  JavaThread "C2 CompilerThread2" daemon [_thread_in_native, id=8948, stack(0x0000001512a00000,0x0000001512b00000) (1024K)]


Current CompileTask:
C2:33121 13730   !   4       lombok.core.AST::buildWithField0 (121 bytes)

Stack: [0x0000001512a00000,0x0000001512b00000]
Native frames: (J=compiled Java code, j=interpreted, Vv=VM code, C=native code)
V  [jvm.dll+0x6d2449]
V  [jvm.dll+0x8ae341]
V  [jvm.dll+0x8b08be]
V  [jvm.dll+0x8b0fa3]
V  [jvm.dll+0x280c96]
V  [jvm.dll+0xc581d]
V  [jvm.dll+0xc5d53]
V  [jvm.dll+0x3b919c]
V  [jvm.dll+0x1e1213]
V  [jvm.dll+0x249022]
V  [jvm.dll+0x2484af]
V  [jvm.dll+0x1c89ee]
V  [jvm.dll+0x257d4d]
V  [jvm.dll+0x2562ea]
V  [jvm.dll+0x3f2d16]
V  [jvm.dll+0x857e6b]
V  [jvm.dll+0x6d0b0d]
C  [ucrtbase.dll+0x37b0]
C  [KERNEL32.DLL+0x2e8d7]
C  [ntdll.dll+0xb14fc]


---------------  P R O C E S S  ---------------

Threads class SMR info:
_java_thread_list=0x00000186705bb150, length=64, elements={
0x000001864ee8e540, 0x00000186511c7fe0, 0x00000186511caa70, 0x00000186511d3960,
0x00000186511d6750, 0x00000186511d60c0, 0x00000186511d3ff0, 0x00000186511d8990,
0x0000018669478120, 0x00000186511d4680, 0x00000186511d53a0, 0x00000186511d32d0,
0x00000186511d4d10, 0x00000186511d5a30, 0x000001866eaab6f0, 0x000001866eaade50,
0x000001866eaabd80, 0x000001866eaacaa0, 0x000001866eaaa9d0, 0x000001866eaad130,
0x000001866eaae4e0, 0x000001866eaad7c0, 0x000001866eab0c40, 0x000001866eaaff20,
0x000001866eab12d0, 0x000001866eab1960, 0x000001866eab1ff0, 0x000001866eaaeb70,
0x000001866eab05b0, 0x000001866eaaf200, 0x000001866eaaf890, 0x0000018670b505b0,
0x0000018670b52d10, 0x0000018670b533a0, 0x0000018670b52680, 0x0000018670b50c40,
0x0000018670b512d0, 0x0000018670b51ff0, 0x0000018670b51960, 0x0000018670b4ff20,
0x0000018670b56190, 0x0000018670b56820, 0x0000018670b540c0, 0x0000018670b56eb0,
0x0000018670b55470, 0x0000018670b53a30, 0x0000018670b57540, 0x000001866eaac410,
0x000001866fdbb000, 0x000001866fdb95c0, 0x000001866fdb9c50, 0x000001866fdbb690,
0x000001866fdba970, 0x000001866fdbbd20, 0x000001866fdba2e0, 0x000001866fdbc3b0,
0x000001866fdbfec0, 0x000001866fdbe480, 0x000001866fdbd0d0, 0x000001866fdbca40,
0x000001866fdc0550, 0x000001866fdbd760, 0x000001867bb6b770, 0x000001867bb6cbe0
}

Java Threads: ( => current thread )
  0x000001864ee8e540 JavaThread "main"                              [_thread_blocked, id=20688, stack(0x0000001512c00000,0x0000001512d00000) (1024K)]
  0x00000186511c7fe0 JavaThread "Reference Handler"          daemon [_thread_blocked, id=8084, stack(0x0000001513000000,0x0000001513100000) (1024K)]
  0x00000186511caa70 JavaThread "Finalizer"                  daemon [_thread_blocked, id=13580, stack(0x0000001513100000,0x0000001513200000) (1024K)]
  0x00000186511d3960 JavaThread "Signal Dispatcher"          daemon [_thread_blocked, id=20192, stack(0x0000001513200000,0x0000001513300000) (1024K)]
  0x00000186511d6750 JavaThread "Attach Listener"            daemon [_thread_blocked, id=9660, stack(0x0000001513300000,0x0000001513400000) (1024K)]
  0x00000186511d60c0 JavaThread "Service Thread"             daemon [_thread_blocked, id=7776, stack(0x0000001513400000,0x0000001513500000) (1024K)]
  0x00000186511d3ff0 JavaThread "Monitor Deflation Thread"   daemon [_thread_blocked, id=14292, stack(0x0000001513500000,0x0000001513600000) (1024K)]
  0x00000186511d8990 JavaThread "C2 CompilerThread0"         daemon [_thread_in_native, id=15428, stack(0x0000001513600000,0x0000001513700000) (1024K)]
  0x0000018669478120 JavaThread "C1 CompilerThread0"         daemon [_thread_blocked, id=20168, stack(0x0000001513700000,0x0000001513800000) (1024K)]
  0x00000186511d4680 JavaThread "Common-Cleaner"             daemon [_thread_blocked, id=20596, stack(0x0000001513800000,0x0000001513900000) (1024K)]
  0x00000186511d53a0 JavaThread "Notification Thread"        daemon [_thread_blocked, id=16920, stack(0x0000001513a00000,0x0000001513b00000) (1024K)]
  0x00000186511d32d0 JavaThread "Active Thread: Equinox Container: 68a33322-4723-4cc1-ba0a-bed73af17ea0"        [_thread_blocked, id=13796, stack(0x0000001514200000,0x0000001514300000) (1024K)]
  0x00000186511d4d10 JavaThread "Refresh Thread: Equinox Container: 68a33322-4723-4cc1-ba0a-bed73af17ea0" daemon [_thread_blocked, id=17436, stack(0x0000001514400000,0x0000001514500000) (1024K)]
  0x00000186511d5a30 JavaThread "Framework Event Dispatcher: Equinox Container: 68a33322-4723-4cc1-ba0a-bed73af17ea0" daemon [_thread_blocked, id=20468, stack(0x0000001514500000,0x0000001514600000) (1024K)]
  0x000001866eaab6f0 JavaThread "Start Level: Equinox Container: 68a33322-4723-4cc1-ba0a-bed73af17ea0" daemon [_thread_blocked, id=13264, stack(0x0000001514600000,0x0000001514700000) (1024K)]
  0x000001866eaade50 JavaThread "Bundle File Closer"         daemon [_thread_blocked, id=20760, stack(0x0000001514700000,0x0000001514800000) (1024K)]
  0x000001866eaabd80 JavaThread "SCR Component Actor"        daemon [_thread_blocked, id=11904, stack(0x0000001514800000,0x0000001514900000) (1024K)]
  0x000001866eaacaa0 JavaThread "Worker-JM"                         [_thread_blocked, id=8320, stack(0x0000001514a00000,0x0000001514b00000) (1024K)]
  0x000001866eaaa9d0 JavaThread "JNA Cleaner"                daemon [_thread_blocked, id=5608, stack(0x0000001514b00000,0x0000001514c00000) (1024K)]
  0x000001866eaad130 JavaThread "Worker-0: Building"                [_thread_blocked, id=17116, stack(0x0000001514c00000,0x0000001514d00000) (1024K)]
  0x000001866eaae4e0 JavaThread "Worker-1"                          [_thread_blocked, id=14188, stack(0x0000001514d00000,0x0000001514e00000) (1024K)]
  0x000001866eaad7c0 JavaThread "Worker-2"                          [_thread_blocked, id=13876, stack(0x0000001514e00000,0x0000001514f00000) (1024K)]
  0x000001866eab0c40 JavaThread "Java indexing"              daemon [_thread_in_Java, id=8028, stack(0x0000001514f00000,0x0000001515000000) (1024K)]
  0x000001866eaaff20 JavaThread "Worker-3"                          [_thread_blocked, id=20828, stack(0x0000001515000000,0x0000001515100000) (1024K)]
  0x000001866eab12d0 JavaThread "Worker-4"                          [_thread_blocked, id=14568, stack(0x0000001515100000,0x0000001515200000) (1024K)]
  0x000001866eab1960 JavaThread "Worker-5"                          [_thread_blocked, id=18876, stack(0x0000001515300000,0x0000001515400000) (1024K)]
  0x000001866eab1ff0 JavaThread "Worker-6: Java indexing... "        [_thread_blocked, id=19236, stack(0x0000001515500000,0x0000001515600000) (1024K)]
  0x000001866eaaeb70 JavaThread "Thread-2"                   daemon [_thread_in_native, id=19556, stack(0x0000001515600000,0x0000001515700000) (1024K)]
  0x000001866eab05b0 JavaThread "Thread-3"                   daemon [_thread_in_native, id=4556, stack(0x0000001515700000,0x0000001515800000) (1024K)]
  0x000001866eaaf200 JavaThread "Thread-4"                   daemon [_thread_in_native, id=18616, stack(0x0000001515800000,0x0000001515900000) (1024K)]
  0x000001866eaaf890 JavaThread "Thread-5"                   daemon [_thread_in_native, id=20412, stack(0x0000001515900000,0x0000001515a00000) (1024K)]
  0x0000018670b505b0 JavaThread "Thread-6"                   daemon [_thread_in_native, id=18264, stack(0x0000001515a00000,0x0000001515b00000) (1024K)]
  0x0000018670b52d10 JavaThread "Thread-7"                   daemon [_thread_in_native, id=12600, stack(0x0000001515b00000,0x0000001515c00000) (1024K)]
  0x0000018670b533a0 JavaThread "Thread-8"                   daemon [_thread_in_native, id=18344, stack(0x0000001515c00000,0x0000001515d00000) (1024K)]
  0x0000018670b52680 JavaThread "Thread-9"                   daemon [_thread_in_native, id=7204, stack(0x0000001515d00000,0x0000001515e00000) (1024K)]
  0x0000018670b50c40 JavaThread "Thread-10"                  daemon [_thread_in_native, id=16164, stack(0x0000001515e00000,0x0000001515f00000) (1024K)]
  0x0000018670b512d0 JavaThread "pool-2-thread-1"                   [_thread_blocked, id=20124, stack(0x0000001515f00000,0x0000001516000000) (1024K)]
  0x0000018670b51ff0 JavaThread "Worker-7"                          [_thread_blocked, id=16836, stack(0x0000001516000000,0x0000001516100000) (1024K)]
  0x0000018670b51960 JavaThread "Worker-8"                          [_thread_blocked, id=18828, stack(0x0000001516100000,0x0000001516200000) (1024K)]
  0x0000018670b4ff20 JavaThread "WorkspaceEventsHandler"            [_thread_blocked, id=20980, stack(0x0000001516200000,0x0000001516300000) (1024K)]
  0x0000018670b56190 JavaThread "pool-1-thread-1"                   [_thread_blocked, id=20236, stack(0x0000001516300000,0x0000001516400000) (1024K)]
  0x0000018670b56820 JavaThread "LocalFile Deleter"          daemon [_thread_blocked, id=20768, stack(0x0000001513900000,0x0000001513a00000) (1024K)]
  0x0000018670b540c0 JavaThread "LocalFile Deleter"          daemon [_thread_blocked, id=4352, stack(0x0000001513b00000,0x0000001513c00000) (1024K)]
  0x0000018670b56eb0 JavaThread "LocalFile Deleter"          daemon [_thread_blocked, id=21216, stack(0x0000001514900000,0x0000001514a00000) (1024K)]
  0x0000018670b55470 JavaThread "LocalFile Deleter"          daemon [_thread_blocked, id=9936, stack(0x0000001516400000,0x0000001516500000) (1024K)]
  0x0000018670b53a30 JavaThread "LocalFile Deleter"          daemon [_thread_blocked, id=21204, stack(0x0000001516500000,0x0000001516600000) (1024K)]
  0x0000018670b57540 JavaThread "LocalFile Deleter"          daemon [_thread_blocked, id=13400, stack(0x0000001516600000,0x0000001516700000) (1024K)]
  0x000001866eaac410 JavaThread "LocalFile Deleter"          daemon [_thread_blocked, id=5516, stack(0x0000001516700000,0x0000001516800000) (1024K)]
  0x000001866fdbb000 JavaThread "LocalFile Deleter"          daemon [_thread_blocked, id=18868, stack(0x0000001516800000,0x0000001516900000) (1024K)]
  0x000001866fdb95c0 JavaThread "Compiler Source File Reader" daemon [_thread_blocked, id=4116, stack(0x0000001516a00000,0x0000001516b00000) (1024K)]
  0x000001866fdb9c50 JavaThread "Compiler Source File Reader" daemon [_thread_blocked, id=6788, stack(0x0000001516b00000,0x0000001516c00000) (1024K)]
  0x000001866fdbb690 JavaThread "Compiler Source File Reader" daemon [_thread_blocked, id=12404, stack(0x0000001516c00000,0x0000001516d00000) (1024K)]
  0x000001866fdba970 JavaThread "Compiler Source File Reader" daemon [_thread_blocked, id=20908, stack(0x0000001516d00000,0x0000001516e00000) (1024K)]
  0x000001866fdbbd20 JavaThread "Compiler Source File Reader" daemon [_thread_blocked, id=9836, stack(0x0000001516e00000,0x0000001516f00000) (1024K)]
  0x000001866fdba2e0 JavaThread "Compiler Source File Reader" daemon [_thread_blocked, id=21336, stack(0x0000001516f00000,0x0000001517000000) (1024K)]
  0x000001866fdbc3b0 JavaThread "Compiler Processing Task"   daemon [_thread_blocked, id=9672, stack(0x0000001517100000,0x0000001517200000) (1024K)]
  0x000001866fdbfec0 JavaThread "Compiler Class File Writer" daemon [_thread_blocked, id=3080, stack(0x0000001517200000,0x0000001517300000) (1024K)]
  0x000001866fdbe480 JavaThread "Compiler Class File Writer" daemon [_thread_blocked, id=20672, stack(0x0000001517300000,0x0000001517400000) (1024K)]
  0x000001866fdbd0d0 JavaThread "Compiler Class File Writer" daemon [_thread_blocked, id=20764, stack(0x0000001517400000,0x0000001517500000) (1024K)]
  0x000001866fdbca40 JavaThread "Compiler Class File Writer" daemon [_thread_blocked, id=21044, stack(0x0000001517500000,0x0000001517600000) (1024K)]
  0x000001866fdc0550 JavaThread "Compiler Class File Writer" daemon [_thread_blocked, id=4660, stack(0x0000001517600000,0x0000001517700000) (1024K)]
  0x000001866fdbd760 JavaThread "Compiler Class File Writer" daemon [_thread_blocked, id=20496, stack(0x0000001517700000,0x0000001517800000) (1024K)]
  0x000001867bb6b770 JavaThread "C2 CompilerThread1"         daemon [_thread_in_native, id=17860, stack(0x0000001516900000,0x0000001516a00000) (1024K)]
=>0x000001867bb6cbe0 JavaThread "C2 CompilerThread2"         daemon [_thread_in_native, id=8948, stack(0x0000001512a00000,0x0000001512b00000) (1024K)]
Total: 64

Other Threads:
  0x000001864ee617b0 VMThread "VM Thread"                           [id=19996, stack(0x0000001512f00000,0x0000001513000000) (1024K)] _threads_hazard_ptr=0x00000186705bb150
  0x00000186510dca00 WatcherThread "VM Periodic Task Thread"        [id=21136, stack(0x0000001512e00000,0x0000001512f00000) (1024K)]
  0x000001864ee629d0 WorkerThread "GC Thread#0"                     [id=13872, stack(0x0000001512d00000,0x0000001512e00000) (1024K)]
  0x000001864ee61410 WorkerThread "GC Thread#1"                     [id=21476, stack(0x0000001513c00000,0x0000001513d00000) (1024K)]
  0x000001864ee62290 WorkerThread "GC Thread#2"                     [id=19552, stack(0x0000001513d00000,0x0000001513e00000) (1024K)]
  0x000001866e282a00 WorkerThread "GC Thread#3"                     [id=21228, stack(0x0000001513e00000,0x0000001513f00000) (1024K)]
  0x000001866e283880 WorkerThread "GC Thread#4"                     [id=6064, stack(0x0000001513f00000,0x0000001514000000) (1024K)]
  0x000001866e283c20 WorkerThread "GC Thread#5"                     [id=14156, stack(0x0000001514000000,0x0000001514100000) (1024K)]
  0x000001866e283fc0 WorkerThread "GC Thread#6"                     [id=20324, stack(0x0000001514100000,0x0000001514200000) (1024K)]
  0x000001866e2822c0 WorkerThread "GC Thread#7"                     [id=13052, stack(0x0000001514300000,0x0000001514400000) (1024K)]
Total: 10

Threads with active compile tasks:
C2 CompilerThread0  33207 13849       4       org.eclipse.jdt.internal.core.builder.ReferenceCollection::internSimpleNames (278 bytes)
C2 CompilerThread1  33207 13729       4       lombok.core.AST::buildWithField (21 bytes)
C2 CompilerThread2  33207 13730   !   4       lombok.core.AST::buildWithField0 (121 bytes)
Total: 3

VM state: synchronizing (normal execution)

VM Mutex/Monitor currently owned by a thread:  ([mutex/lock_event])
[0x00007ff8eb1f5458] Threads_lock - owner thread: 0x000001864ee617b0
[0x00007ff8eb1f5558] Heap_lock - owner thread: 0x000001866eaad130

Heap address: 0x0000000080000000, size: 2048 MB, Compressed Oops mode: 32-bit

CDS archive(s) mapped at: [0x0000018600000000-0x0000018600ba0000-0x0000018600ba0000), size 12189696, SharedBaseAddress: 0x0000018600000000, ArchiveRelocationMode: 1.
Compressed class space mapped at: 0x0000018601000000-0x0000018641000000, reserved size: 1073741824
Narrow klass base: 0x0000018600000000, Narrow klass shift: 0, Narrow klass range: 0x100000000

GC Precious Log:
 CardTable entry size: 512
 CPUs: 8 total, 8 available
 Memory: 8001M
 Large Page Support: Disabled
 NUMA Support: Disabled
 Compressed Oops: Enabled (32-bit)
 Alignments: Space 512K, Generation 512K, Heap 2M
 Heap Min Capacity: 100M
 Heap Initial Capacity: 100M
 Heap Max Capacity: 2G
 Pre-touch: Disabled
 Parallel Workers: 8

Heap:
 PSYoungGen      total 2560K, used 2464K [0x00000000d5580000, 0x00000000d5900000, 0x0000000100000000)
  eden space 2048K, 100% used [0x00000000d5580000,0x00000000d5780000,0x00000000d5780000)
  from space 512K, 81% used [0x00000000d5880000,0x00000000d58e8000,0x00000000d5900000)
  to   space 512K, 0% used [0x00000000d5800000,0x00000000d5800000,0x00000000d5880000)
 ParOldGen       total 232960K, used 232831K [0x0000000080000000, 0x000000008e380000, 0x00000000d5580000)
  object space 232960K, 99% used [0x0000000080000000,0x000000008e35fdc0,0x000000008e380000)
 Metaspace       used 64496K, committed 65920K, reserved 1114112K
  class space    used 6643K, committed 7232K, reserved 1048576K

Card table byte_map: [0x0000018650bf0000,0x0000018651000000] _byte_map_base: 0x00000186507f0000

Marking Bits: (ParMarkBitMap*) 0x00007ff8eb1fa340
 Begin Bits: [0x00000186636f0000, 0x00000186656f0000)
 End Bits:   [0x00000186656f0000, 0x00000186676f0000)

Polling page: 0x000001864f060000

Metaspace:

Usage:
  Non-class:     56.50 MB used.
      Class:      6.49 MB used.
       Both:     62.99 MB used.

Virtual space:
  Non-class space:       64.00 MB reserved,      57.31 MB ( 90%) committed,  1 nodes.
      Class space:        1.00 GB reserved,       7.06 MB ( <1%) committed,  1 nodes.
             Both:        1.06 GB reserved,      64.38 MB (  6%) committed. 

Chunk freelists:
   Non-Class:  5.94 MB
       Class:  8.95 MB
        Both:  14.88 MB

MaxMetaspaceSize: unlimited
CompressedClassSpaceSize: 1.00 GB
Initial GC threshold: 21.00 MB
Current GC threshold: 97.31 MB
CDS: on
 - commit_granule_bytes: 65536.
 - commit_granule_words: 8192.
 - virtual_space_node_default_size: 8388608.
 - enlarge_chunks_in_place: 1.
 - use_allocation_guard: 0.


Internal statistics:

num_allocs_failed_limit: 9.
num_arena_births: 1240.
num_arena_deaths: 14.
num_vsnodes_births: 2.
num_vsnodes_deaths: 0.
num_space_committed: 1030.
num_space_uncommitted: 0.
num_chunks_returned_to_freelist: 23.
num_chunks_taken_from_freelist: 4286.
num_chunk_merges: 10.
num_chunk_splits: 2621.
num_chunks_enlarged: 1477.
num_inconsistent_stats: 0.

CodeHeap 'non-profiled nmethods': size=120000Kb used=10412Kb max_used=10412Kb free=109587Kb
 bounds [0x000001865bf10000, 0x000001865c940000, 0x0000018663440000]
CodeHeap 'profiled nmethods': size=120000Kb used=30356Kb max_used=30356Kb free=89643Kb
 bounds [0x0000018654440000, 0x00000186561f0000, 0x000001865b970000]
CodeHeap 'non-nmethods': size=5760Kb used=1422Kb max_used=1538Kb free=4337Kb
 bounds [0x000001865b970000, 0x000001865bbe0000, 0x000001865bf10000]
CodeCache: size=245760Kb, used=42190Kb, max_used=42306Kb, free=203567Kb
 total_blobs=13648, nmethods=12916, adapters=636, full_count=0
Compilation: enabled, stopped_count=0, restarted_count=0

Compilation events (20 events):
Event: 32.933 Thread 0x0000018669478120 13796       3       org.eclipse.jdt.internal.compiler.util.JrtFileSystem::lambda$0 (36 bytes)
Event: 32.934 Thread 0x0000018669478120 nmethod 13796 0x00000186561b0a90 code [0x00000186561b0ce0, 0x00000186561b1520]
Event: 32.934 Thread 0x0000018669478120 13797       3       java.nio.file.Files$$Lambda/0x00000186015f2568::run (8 bytes)
Event: 32.934 Thread 0x0000018669478120 nmethod 13797 0x00000186561b1810 code [0x00000186561b19e0, 0x00000186561b1d18]
Event: 32.935 Thread 0x0000018669478120 13798   !   3       java.nio.file.Files::lambda$asUncheckedRunnable$0 (20 bytes)
Event: 32.935 Thread 0x0000018669478120 nmethod 13798 0x00000186561b1e90 code [0x00000186561b2060, 0x00000186561b2320]
Event: 32.935 Thread 0x0000018669478120 13791   !   3       org.eclipse.jdt.internal.compiler.ast.Statement::resolveWithBindings (27 bytes)
Event: 32.936 Thread 0x0000018669478120 nmethod 13791 0x00000186561b2490 code [0x00000186561b2680, 0x00000186561b2ae8]
Event: 32.936 Thread 0x0000018669478120 13800       3       org.eclipse.jdt.internal.compiler.impl.BooleanConstant::fromValue (14 bytes)
Event: 32.936 Thread 0x0000018669478120 nmethod 13800 0x00000186561b2c90 code [0x00000186561b2e40, 0x00000186561b2fa8]
Event: 32.936 Thread 0x0000018669478120 13786       3       java.lang.invoke.LambdaForm$MH/0x00000186016a5000::invoke (42 bytes)
Event: 32.938 Thread 0x0000018669478120 nmethod 13786 0x00000186561b3010 code [0x00000186561b32a0, 0x00000186561b3e88]
Event: 32.938 Thread 0x0000018669478120 13787       3       java.lang.invoke.LambdaForm$MH/0x00000186016a5400::invoke (42 bytes)
Event: 32.939 Thread 0x0000018669478120 nmethod 13787 0x00000186561b4290 code [0x00000186561b4520, 0x00000186561b5108]
Event: 32.940 Thread 0x0000018669478120 13784   !   3       org.eclipse.jdt.internal.compiler.parser.Scanner::getNextChar (169 bytes)
Event: 32.940 Thread 0x0000018669478120 nmethod 13784 0x00000186561b5510 code [0x00000186561b5720, 0x00000186561b5d78]
Event: 32.940 Thread 0x0000018669478120 13799       1       org.eclipse.jdt.internal.compiler.impl.DoubleConstant::typeID (3 bytes)
Event: 32.941 Thread 0x0000018669478120 nmethod 13799 0x000001865c933790 code [0x000001865c933920, 0x000001865c9339e8]
Event: 32.941 Thread 0x0000018669478120 13803       1       org.eclipse.jdt.internal.compiler.ast.NullLiteral::nullStatus (2 bytes)
Event: 32.941 Thread 0x0000018669478120 nmethod 13803 0x000001865c933a90 code [0x000001865c933c20, 0x000001865c933ce8]

GC Heap History (20 events):
Event: 32.509 GC heap before
{Heap before GC invocations=309 (full 3):
 PSYoungGen      total 3072K, used 2490K [0x00000000d5580000, 0x00000000d5980000, 0x0000000100000000)
  eden space 2048K, 100% used [0x00000000d5580000,0x00000000d5780000,0x00000000d5780000)
  from space 1024K, 43% used [0x00000000d5780000,0x00000000d57ee810,0x00000000d5880000)
  to   space 1024K, 0% used [0x00000000d5880000,0x00000000d5880000,0x00000000d5980000)
 ParOldGen       total 229376K, used 229340K [0x0000000080000000, 0x000000008e000000, 0x00000000d5580000)
  object space 229376K, 99% used [0x0000000080000000,0x000000008dff7218,0x000000008e000000)
 Metaspace       used 64185K, committed 65600K, reserved 1114112K
  class space    used 6640K, committed 7232K, reserved 1048576K
}
Event: 32.511 GC heap after
{Heap after GC invocations=309 (full 3):
 PSYoungGen      total 2560K, used 384K [0x00000000d5580000, 0x00000000d5900000, 0x0000000100000000)
  eden space 2048K, 0% used [0x00000000d5580000,0x00000000d5580000,0x00000000d5780000)
  from space 512K, 75% used [0x00000000d5880000,0x00000000d58e0000,0x00000000d5900000)
  to   space 512K, 0% used [0x00000000d5800000,0x00000000d5800000,0x00000000d5880000)
 ParOldGen       total 229888K, used 229715K [0x0000000080000000, 0x000000008e080000, 0x00000000d5580000)
  object space 229888K, 99% used [0x0000000080000000,0x000000008e054c00,0x000000008e080000)
 Metaspace       used 64185K, committed 65600K, reserved 1114112K
  class space    used 6640K, committed 7232K, reserved 1048576K
}
Event: 32.517 GC heap before
{Heap before GC invocations=310 (full 3):
 PSYoungGen      total 2560K, used 2432K [0x00000000d5580000, 0x00000000d5900000, 0x0000000100000000)
  eden space 2048K, 100% used [0x00000000d5580000,0x00000000d5780000,0x00000000d5780000)
  from space 512K, 75% used [0x00000000d5880000,0x00000000d58e0000,0x00000000d5900000)
  to   space 512K, 0% used [0x00000000d5800000,0x00000000d5800000,0x00000000d5880000)
 ParOldGen       total 229888K, used 229715K [0x0000000080000000, 0x000000008e080000, 0x00000000d5580000)
  object space 229888K, 99% used [0x0000000080000000,0x000000008e054c00,0x000000008e080000)
 Metaspace       used 64185K, committed 65600K, reserved 1114112K
  class space    used 6640K, committed 7232K, reserved 1048576K
}
Event: 32.518 GC heap after
{Heap after GC invocations=310 (full 3):
 PSYoungGen      total 2560K, used 352K [0x00000000d5580000, 0x00000000d5900000, 0x0000000100000000)
  eden space 2048K, 0% used [0x00000000d5580000,0x00000000d5580000,0x00000000d5780000)
  from space 512K, 68% used [0x00000000d5800000,0x00000000d5858000,0x00000000d5880000)
  to   space 512K, 0% used [0x00000000d5880000,0x00000000d5880000,0x00000000d5900000)
 ParOldGen       total 230400K, used 229987K [0x0000000080000000, 0x000000008e100000, 0x00000000d5580000)
  object space 230400K, 99% used [0x0000000080000000,0x000000008e098c00,0x000000008e100000)
 Metaspace       used 64185K, committed 65600K, reserved 1114112K
  class space    used 6640K, committed 7232K, reserved 1048576K
}
Event: 32.527 GC heap before
{Heap before GC invocations=311 (full 3):
 PSYoungGen      total 2560K, used 2400K [0x00000000d5580000, 0x00000000d5900000, 0x0000000100000000)
  eden space 2048K, 100% used [0x00000000d5580000,0x00000000d5780000,0x00000000d5780000)
  from space 512K, 68% used [0x00000000d5800000,0x00000000d5858000,0x00000000d5880000)
  to   space 512K, 0% used [0x00000000d5880000,0x00000000d5880000,0x00000000d5900000)
 ParOldGen       total 230400K, used 229987K [0x0000000080000000, 0x000000008e100000, 0x00000000d5580000)
  object space 230400K, 99% used [0x0000000080000000,0x000000008e098c00,0x000000008e100000)
 Metaspace       used 64185K, committed 65600K, reserved 1114112K
  class space    used 6640K, committed 7232K, reserved 1048576K
}
Event: 32.528 GC heap after
{Heap after GC invocations=311 (full 3):
 PSYoungGen      total 2560K, used 384K [0x00000000d5580000, 0x00000000d5900000, 0x0000000100000000)
  eden space 2048K, 0% used [0x00000000d5580000,0x00000000d5580000,0x00000000d5780000)
  from space 512K, 75% used [0x00000000d5880000,0x00000000d58e0000,0x00000000d5900000)
  to   space 512K, 0% used [0x00000000d5800000,0x00000000d5800000,0x00000000d5880000)
 ParOldGen       total 230400K, used 230259K [0x0000000080000000, 0x000000008e100000, 0x00000000d5580000)
  object space 230400K, 99% used [0x0000000080000000,0x000000008e0dcc00,0x000000008e100000)
 Metaspace       used 64185K, committed 65600K, reserved 1114112K
  class space    used 6640K, committed 7232K, reserved 1048576K
}
Event: 32.600 GC heap before
{Heap before GC invocations=312 (full 3):
 PSYoungGen      total 2560K, used 2432K [0x00000000d5580000, 0x00000000d5900000, 0x0000000100000000)
  eden space 2048K, 100% used [0x00000000d5580000,0x00000000d5780000,0x00000000d5780000)
  from space 512K, 75% used [0x00000000d5880000,0x00000000d58e0000,0x00000000d5900000)
  to   space 512K, 0% used [0x00000000d5800000,0x00000000d5800000,0x00000000d5880000)
 ParOldGen       total 230400K, used 230259K [0x0000000080000000, 0x000000008e100000, 0x00000000d5580000)
  object space 230400K, 99% used [0x0000000080000000,0x000000008e0dcc00,0x000000008e100000)
 Metaspace       used 64185K, committed 65600K, reserved 1114112K
  class space    used 6640K, committed 7232K, reserved 1048576K
}
Event: 32.601 GC heap after
{Heap after GC invocations=312 (full 3):
 PSYoungGen      total 2560K, used 426K [0x00000000d5580000, 0x00000000d5900000, 0x0000000100000000)
  eden space 2048K, 0% used [0x00000000d5580000,0x00000000d5580000,0x00000000d5780000)
  from space 512K, 83% used [0x00000000d5800000,0x00000000d586a800,0x00000000d5880000)
  to   space 512K, 0% used [0x00000000d5880000,0x00000000d5880000,0x00000000d5900000)
 ParOldGen       total 230912K, used 230537K [0x0000000080000000, 0x000000008e180000, 0x00000000d5580000)
  object space 230912K, 99% used [0x0000000080000000,0x000000008e122708,0x000000008e180000)
 Metaspace       used 64185K, committed 65600K, reserved 1114112K
  class space    used 6640K, committed 7232K, reserved 1048576K
}
Event: 32.617 GC heap before
{Heap before GC invocations=313 (full 3):
 PSYoungGen      total 2560K, used 2474K [0x00000000d5580000, 0x00000000d5900000, 0x0000000100000000)
  eden space 2048K, 100% used [0x00000000d5580000,0x00000000d5780000,0x00000000d5780000)
  from space 512K, 83% used [0x00000000d5800000,0x00000000d586a800,0x00000000d5880000)
  to   space 512K, 0% used [0x00000000d5880000,0x00000000d5880000,0x00000000d5900000)
 ParOldGen       total 230912K, used 230537K [0x0000000080000000, 0x000000008e180000, 0x00000000d5580000)
  object space 230912K, 99% used [0x0000000080000000,0x000000008e122708,0x000000008e180000)
 Metaspace       used 64205K, committed 65600K, reserved 1114112K
  class space    used 6640K, committed 7232K, reserved 1048576K
}
Event: 32.619 GC heap after
{Heap after GC invocations=313 (full 3):
 PSYoungGen      total 2560K, used 384K [0x00000000d5580000, 0x00000000d5900000, 0x0000000100000000)
  eden space 2048K, 0% used [0x00000000d5580000,0x00000000d5580000,0x00000000d5780000)
  from space 512K, 75% used [0x00000000d5880000,0x00000000d58e0000,0x00000000d5900000)
  to   space 512K, 0% used [0x00000000d5800000,0x00000000d5800000,0x00000000d5880000)
 ParOldGen       total 231424K, used 231015K [0x0000000080000000, 0x000000008e200000, 0x00000000d5580000)
  object space 231424K, 99% used [0x0000000080000000,0x000000008e199c28,0x000000008e200000)
 Metaspace       used 64205K, committed 65600K, reserved 1114112K
  class space    used 6640K, committed 7232K, reserved 1048576K
}
Event: 32.641 GC heap before
{Heap before GC invocations=314 (full 3):
 PSYoungGen      total 2560K, used 2432K [0x00000000d5580000, 0x00000000d5900000, 0x0000000100000000)
  eden space 2048K, 100% used [0x00000000d5580000,0x00000000d5780000,0x00000000d5780000)
  from space 512K, 75% used [0x00000000d5880000,0x00000000d58e0000,0x00000000d5900000)
  to   space 512K, 0% used [0x00000000d5800000,0x00000000d5800000,0x00000000d5880000)
 ParOldGen       total 231424K, used 231015K [0x0000000080000000, 0x000000008e200000, 0x00000000d5580000)
  object space 231424K, 99% used [0x0000000080000000,0x000000008e199c28,0x000000008e200000)
 Metaspace       used 64264K, committed 65664K, reserved 1114112K
  class space    used 6640K, committed 7232K, reserved 1048576K
}
Event: 32.642 GC heap after
{Heap after GC invocations=314 (full 3):
 PSYoungGen      total 2560K, used 448K [0x00000000d5580000, 0x00000000d5900000, 0x0000000100000000)
  eden space 2048K, 0% used [0x00000000d5580000,0x00000000d5580000,0x00000000d5780000)
  from space 512K, 87% used [0x00000000d5800000,0x00000000d5870000,0x00000000d5880000)
  to   space 512K, 0% used [0x00000000d5880000,0x00000000d5880000,0x00000000d5900000)
 ParOldGen       total 231424K, used 231263K [0x0000000080000000, 0x000000008e200000, 0x00000000d5580000)
  object space 231424K, 99% used [0x0000000080000000,0x000000008e1d7c28,0x000000008e200000)
 Metaspace       used 64264K, committed 65664K, reserved 1114112K
  class space    used 6640K, committed 7232K, reserved 1048576K
}
Event: 32.686 GC heap before
{Heap before GC invocations=315 (full 3):
 PSYoungGen      total 2560K, used 2496K [0x00000000d5580000, 0x00000000d5900000, 0x0000000100000000)
  eden space 2048K, 100% used [0x00000000d5580000,0x00000000d5780000,0x00000000d5780000)
  from space 512K, 87% used [0x00000000d5800000,0x00000000d5870000,0x00000000d5880000)
  to   space 512K, 0% used [0x00000000d5880000,0x00000000d5880000,0x00000000d5900000)
 ParOldGen       total 231424K, used 231263K [0x0000000080000000, 0x000000008e200000, 0x00000000d5580000)
  object space 231424K, 99% used [0x0000000080000000,0x000000008e1d7c28,0x000000008e200000)
 Metaspace       used 64276K, committed 65664K, reserved 1114112K
  class space    used 6640K, committed 7232K, reserved 1048576K
}
Event: 32.688 GC heap after
{Heap after GC invocations=315 (full 3):
 PSYoungGen      total 2560K, used 448K [0x00000000d5580000, 0x00000000d5900000, 0x0000000100000000)
  eden space 2048K, 0% used [0x00000000d5580000,0x00000000d5580000,0x00000000d5780000)
  from space 512K, 87% used [0x00000000d5880000,0x00000000d58f0000,0x00000000d5900000)
  to   space 512K, 0% used [0x00000000d5800000,0x00000000d5800000,0x00000000d5880000)
 ParOldGen       total 231936K, used 231595K [0x0000000080000000, 0x000000008e280000, 0x00000000d5580000)
  object space 231936K, 99% used [0x0000000080000000,0x000000008e22aff0,0x000000008e280000)
 Metaspace       used 64276K, committed 65664K, reserved 1114112K
  class space    used 6640K, committed 7232K, reserved 1048576K
}
Event: 32.770 GC heap before
{Heap before GC invocations=316 (full 3):
 PSYoungGen      total 2560K, used 2487K [0x00000000d5580000, 0x00000000d5900000, 0x0000000100000000)
  eden space 2048K, 99% used [0x00000000d5580000,0x00000000d577ddf0,0x00000000d5780000)
  from space 512K, 87% used [0x00000000d5880000,0x00000000d58f0000,0x00000000d5900000)
  to   space 512K, 0% used [0x00000000d5800000,0x00000000d5800000,0x00000000d5880000)
 ParOldGen       total 231936K, used 231595K [0x0000000080000000, 0x000000008e280000, 0x00000000d5580000)
  object space 231936K, 99% used [0x0000000080000000,0x000000008e22aff0,0x000000008e280000)
 Metaspace       used 64315K, committed 65728K, reserved 1114112K
  class space    used 6640K, committed 7232K, reserved 1048576K
}
Event: 32.771 GC heap after
{Heap after GC invocations=316 (full 3):
 PSYoungGen      total 2560K, used 416K [0x00000000d5580000, 0x00000000d5900000, 0x0000000100000000)
  eden space 2048K, 0% used [0x00000000d5580000,0x00000000d5580000,0x00000000d5780000)
  from space 512K, 81% used [0x00000000d5800000,0x00000000d5868000,0x00000000d5880000)
  to   space 512K, 0% used [0x00000000d5880000,0x00000000d5880000,0x00000000d5900000)
 ParOldGen       total 231936K, used 231907K [0x0000000080000000, 0x000000008e280000, 0x00000000d5580000)
  object space 231936K, 99% used [0x0000000080000000,0x000000008e278ff0,0x000000008e280000)
 Metaspace       used 64315K, committed 65728K, reserved 1114112K
  class space    used 6640K, committed 7232K, reserved 1048576K
}
Event: 32.824 GC heap before
{Heap before GC invocations=317 (full 3):
 PSYoungGen      total 2560K, used 2464K [0x00000000d5580000, 0x00000000d5900000, 0x0000000100000000)
  eden space 2048K, 100% used [0x00000000d5580000,0x00000000d5780000,0x00000000d5780000)
  from space 512K, 81% used [0x00000000d5800000,0x00000000d5868000,0x00000000d5880000)
  to   space 512K, 0% used [0x00000000d5880000,0x00000000d5880000,0x00000000d5900000)
 ParOldGen       total 231936K, used 231907K [0x0000000080000000, 0x000000008e280000, 0x00000000d5580000)
  object space 231936K, 99% used [0x0000000080000000,0x000000008e278ff0,0x000000008e280000)
 Metaspace       used 64346K, committed 65728K, reserved 1114112K
  class space    used 6640K, committed 7232K, reserved 1048576K
}
Event: 32.827 GC heap after
{Heap after GC invocations=317 (full 3):
 PSYoungGen      total 2560K, used 384K [0x00000000d5580000, 0x00000000d5900000, 0x0000000100000000)
  eden space 2048K, 0% used [0x00000000d5580000,0x00000000d5580000,0x00000000d5780000)
  from space 512K, 75% used [0x00000000d5880000,0x00000000d58e0000,0x00000000d5900000)
  to   space 512K, 0% used [0x00000000d5800000,0x00000000d5800000,0x00000000d5880000)
 ParOldGen       total 232448K, used 232244K [0x0000000080000000, 0x000000008e300000, 0x00000000d5580000)
  object space 232448K, 99% used [0x0000000080000000,0x000000008e2cd000,0x000000008e300000)
 Metaspace       used 64346K, committed 65728K, reserved 1114112K
  class space    used 6640K, committed 7232K, reserved 1048576K
}
Event: 32.906 GC heap before
{Heap before GC invocations=318 (full 3):
 PSYoungGen      total 2560K, used 2432K [0x00000000d5580000, 0x00000000d5900000, 0x0000000100000000)
  eden space 2048K, 100% used [0x00000000d5580000,0x00000000d5780000,0x00000000d5780000)
  from space 512K, 75% used [0x00000000d5880000,0x00000000d58e0000,0x00000000d5900000)
  to   space 512K, 0% used [0x00000000d5800000,0x00000000d5800000,0x00000000d5880000)
 ParOldGen       total 232448K, used 232244K [0x0000000080000000, 0x000000008e300000, 0x00000000d5580000)
  object space 232448K, 99% used [0x0000000080000000,0x000000008e2cd000,0x000000008e300000)
 Metaspace       used 64414K, committed 65792K, reserved 1114112K
  class space    used 6641K, committed 7232K, reserved 1048576K
}
Event: 32.908 GC heap after
{Heap after GC invocations=318 (full 3):
 PSYoungGen      total 2560K, used 448K [0x00000000d5580000, 0x00000000d5900000, 0x0000000100000000)
  eden space 2048K, 0% used [0x00000000d5580000,0x00000000d5580000,0x00000000d5780000)
  from space 512K, 87% used [0x00000000d5800000,0x00000000d5870000,0x00000000d5880000)
  to   space 512K, 0% used [0x00000000d5880000,0x00000000d5880000,0x00000000d5900000)
 ParOldGen       total 232960K, used 232540K [0x0000000080000000, 0x000000008e380000, 0x00000000d5580000)
  object space 232960K, 99% used [0x0000000080000000,0x000000008e317000,0x000000008e380000)
 Metaspace       used 64414K, committed 65792K, reserved 1114112K
  class space    used 6641K, committed 7232K, reserved 1048576K
}

Dll operation events (10 events):
Event: 0.018 Loaded shared library c:\Users\TCHAMGOUE Yann\.vscode\extensions\redhat.java-1.44.0-win32-x64\jre\21.0.8-win32-x86_64\bin\java.dll
Event: 0.129 Loaded shared library c:\Users\TCHAMGOUE Yann\.vscode\extensions\redhat.java-1.44.0-win32-x64\jre\21.0.8-win32-x86_64\bin\zip.dll
Event: 0.163 Loaded shared library C:\Users\TCHAMGOUE Yann\.vscode\extensions\redhat.java-1.44.0-win32-x64\jre\21.0.8-win32-x86_64\bin\instrument.dll
Event: 0.170 Loaded shared library C:\Users\TCHAMGOUE Yann\.vscode\extensions\redhat.java-1.44.0-win32-x64\jre\21.0.8-win32-x86_64\bin\net.dll
Event: 0.174 Loaded shared library C:\Users\TCHAMGOUE Yann\.vscode\extensions\redhat.java-1.44.0-win32-x64\jre\21.0.8-win32-x86_64\bin\nio.dll
Event: 0.179 Loaded shared library C:\Users\TCHAMGOUE Yann\.vscode\extensions\redhat.java-1.44.0-win32-x64\jre\21.0.8-win32-x86_64\bin\zip.dll
Event: 0.202 Loaded shared library C:\Users\TCHAMGOUE Yann\.vscode\extensions\redhat.java-1.44.0-win32-x64\jre\21.0.8-win32-x86_64\bin\jimage.dll
Event: 0.332 Loaded shared library c:\Users\TCHAMGOUE Yann\.vscode\extensions\redhat.java-1.44.0-win32-x64\jre\21.0.8-win32-x86_64\bin\verify.dll
Event: 2.058 Loaded shared library C:\Users\TCHAMGOUE Yann\AppData\Roaming\Code\User\globalStorage\redhat.java\1.44.0\config_win\org.eclipse.equinox.launcher\org.eclipse.equinox.launcher.win32.win32.x86_64_1.2.1400.v20250730-1736\eclipse_11913.dll
Event: 3.837 Loaded shared library C:\Users\TCHAMGOUE Yann\AppData\Local\Temp\jna-818174091\jna2971008636801640896.dll

Deoptimization events (20 events):
Event: 32.840 Thread 0x000001866fdbc3b0 DEOPT PACKING pc=0x000001865c92777c sp=0x00000015171feee0
Event: 32.840 Thread 0x000001866fdbc3b0 DEOPT UNPACKING pc=0x000001865b9c3aa2 sp=0x00000015171fee80 mode 2
Event: 32.854 Thread 0x000001866fdbc3b0 Uncommon trap: trap_request=0xffffffd6 fr.pc=0x000001865c91e240 relative=0x0000000000001420
Event: 32.854 Thread 0x000001866fdbc3b0 Uncommon trap: reason=array_check action=maybe_recompile pc=0x000001865c91e240 method=java.util.TimSort.reverseRange([Ljava/lang/Object;II)V @ 20 c2
Event: 32.854 Thread 0x000001866fdbc3b0 DEOPT PACKING pc=0x000001865c91e240 sp=0x00000015171fefa0
Event: 32.854 Thread 0x000001866fdbc3b0 DEOPT UNPACKING pc=0x000001865b9c3aa2 sp=0x00000015171fee48 mode 2
Event: 32.856 Thread 0x000001866fdbc3b0 Uncommon trap: trap_request=0xffffff45 fr.pc=0x000001865c91adac relative=0x00000000000017cc
Event: 32.856 Thread 0x000001866fdbc3b0 Uncommon trap: reason=unstable_if action=reinterpret pc=0x000001865c91adac method=org.eclipse.jdt.internal.compiler.parser.Parser.consumeToken(Lorg/eclipse/jdt/internal/compiler/parser/TerminalToken;)V @ 8 c2
Event: 32.856 Thread 0x000001866fdbc3b0 DEOPT PACKING pc=0x000001865c91adac sp=0x00000015171fefb0
Event: 32.856 Thread 0x000001866fdbc3b0 DEOPT UNPACKING pc=0x000001865b9c3aa2 sp=0x00000015171fef58 mode 2
Event: 32.856 Thread 0x000001866fdbc3b0 Uncommon trap: trap_request=0xffffff45 fr.pc=0x000001865c90d920 relative=0x0000000000005600
Event: 32.856 Thread 0x000001866fdbc3b0 Uncommon trap: reason=unstable_if action=reinterpret pc=0x000001865c90d920 method=org.eclipse.jdt.internal.compiler.parser.Parser.consumeRule(I)V @ 1 c2
Event: 32.856 Thread 0x000001866fdbc3b0 DEOPT PACKING pc=0x000001865c90d920 sp=0x00000015171fef90
Event: 32.856 Thread 0x000001866fdbc3b0 DEOPT UNPACKING pc=0x000001865b9c3aa2 sp=0x00000015171fef70 mode 2
Event: 32.861 Thread 0x000001866fdbc3b0 Uncommon trap: trap_request=0xffffffd6 fr.pc=0x000001865c91e240 relative=0x0000000000001420
Event: 32.861 Thread 0x000001866fdbc3b0 Uncommon trap: reason=array_check action=maybe_recompile pc=0x000001865c91e240 method=java.util.TimSort.reverseRange([Ljava/lang/Object;II)V @ 20 c2
Event: 32.861 Thread 0x000001866fdbc3b0 DEOPT PACKING pc=0x000001865c91e240 sp=0x00000015171fe8b0
Event: 32.861 Thread 0x000001866fdbc3b0 DEOPT UNPACKING pc=0x000001865b9c3aa2 sp=0x00000015171fe758 mode 2
Event: 32.869 Thread 0x000001866fdbc3b0 DEOPT PACKING pc=0x00000186558bdf6c sp=0x00000015171fec80
Event: 32.869 Thread 0x000001866fdbc3b0 DEOPT UNPACKING pc=0x000001865b9c4242 sp=0x00000015171fe230 mode 0

Classes loaded (20 events):
Event: 28.330 Loading class java/util/stream/DistinctOps
Event: 28.331 Loading class java/util/stream/DistinctOps done
Event: 28.331 Loading class java/util/stream/DistinctOps$1
Event: 28.331 Loading class java/util/stream/DistinctOps$1 done
Event: 28.334 Loading class java/util/stream/DistinctOps$1$2
Event: 28.334 Loading class java/util/stream/DistinctOps$1$2 done
Event: 28.338 Loading class java/util/Collections$2
Event: 28.339 Loading class java/util/Collections$2 done
Event: 28.824 Loading class java/io/CharArrayWriter
Event: 28.824 Loading class java/io/CharArrayWriter done
Event: 28.833 Loading class java/nio/file/attribute/PosixFileAttributes
Event: 28.833 Loading class java/nio/file/attribute/PosixFileAttributes done
Event: 31.867 Loading class jdk/internal/module/IllegalAccessLogger
Event: 31.867 Loading class jdk/internal/module/IllegalAccessLogger done
Event: 31.969 Loading class sun/nio/cs/ISO_8859_1$Encoder
Event: 31.969 Loading class sun/nio/cs/ISO_8859_1$Encoder done
Event: 31.969 Loading class sun/nio/cs/Surrogate$Parser
Event: 32.491 Loading class sun/nio/cs/Surrogate$Parser done
Event: 32.491 Loading class sun/nio/cs/Surrogate
Event: 32.492 Loading class sun/nio/cs/Surrogate done

Classes unloaded (7 events):
Event: 4.464 Thread 0x000001864ee617b0 Unloading class 0x00000186011ac000 'java/lang/invoke/LambdaForm$MH+0x00000186011ac000'
Event: 4.464 Thread 0x000001864ee617b0 Unloading class 0x00000186011abc00 'java/lang/invoke/LambdaForm$MH+0x00000186011abc00'
Event: 4.464 Thread 0x000001864ee617b0 Unloading class 0x00000186011ab800 'java/lang/invoke/LambdaForm$MH+0x00000186011ab800'
Event: 4.464 Thread 0x000001864ee617b0 Unloading class 0x00000186011ab400 'java/lang/invoke/LambdaForm$MH+0x00000186011ab400'
Event: 4.464 Thread 0x000001864ee617b0 Unloading class 0x00000186011ab000 'java/lang/invoke/LambdaForm$BMH+0x00000186011ab000'
Event: 4.464 Thread 0x000001864ee617b0 Unloading class 0x00000186011aac00 'java/lang/invoke/LambdaForm$DMH+0x00000186011aac00'
Event: 4.464 Thread 0x000001864ee617b0 Unloading class 0x00000186011a9800 'java/lang/invoke/LambdaForm$DMH+0x00000186011a9800'

Classes redefined (0 events):
No events

Internal exceptions (20 events):
Event: 28.584 Thread 0x000001866eaad130 Exception <a 'java/io/FileNotFoundException'{0x00000000d561f038}> (0x00000000d561f038) 
thrown [s\src\hotspot\share\prims\jni.cpp, line 520]
Event: 28.584 Thread 0x000001866eaad130 Exception <a 'java/io/FileNotFoundException'{0x00000000d5620468}> (0x00000000d5620468) 
thrown [s\src\hotspot\share\prims\jni.cpp, line 520]
Event: 28.628 Thread 0x000001866eaad130 Implicit null exception at 0x000001865c76c5b5 to 0x000001865c76df04
Event: 28.700 Thread 0x000001866eaad130 Implicit null exception at 0x000001865c3bb808 to 0x000001865c3bc450
Event: 28.779 Thread 0x000001866eab0c40 Exception <a 'sun/nio/fs/WindowsException'{0x00000000d55d11a8}> (0x00000000d55d11a8) 
thrown [s\src\hotspot\share\prims\jni.cpp, line 520]
Event: 28.799 Thread 0x000001866eab0c40 Exception <a 'sun/nio/fs/WindowsException'{0x00000000d55d3100}> (0x00000000d55d3100) 
thrown [s\src\hotspot\share\prims\jni.cpp, line 520]
Event: 28.859 Thread 0x000001866eab0c40 Exception <a 'sun/nio/fs/WindowsException'{0x00000000d55b4710}> (0x00000000d55b4710) 
thrown [s\src\hotspot\share\prims\jni.cpp, line 520]
Event: 28.944 Thread 0x000001866eaad130 Exception <a 'sun/nio/fs/WindowsException'{0x00000000d56e5fb8}> (0x00000000d56e5fb8) 
thrown [s\src\hotspot\share\prims\jni.cpp, line 520]
Event: 28.944 Thread 0x0000018670b56820 Exception <a 'sun/nio/fs/WindowsException'{0x00000000d572e058}> (0x00000000d572e058) 
thrown [s\src\hotspot\share\prims\jni.cpp, line 520]
Event: 28.945 Thread 0x000001866eaac410 Exception <a 'sun/nio/fs/WindowsException'{0x00000000d5762b10}> (0x00000000d5762b10) 
thrown [s\src\hotspot\share\prims\jni.cpp, line 520]
Event: 28.947 Thread 0x0000018670b57540 Exception <a 'sun/nio/fs/WindowsException'{0x00000000d55a19a8}> (0x00000000d55a19a8) 
thrown [s\src\hotspot\share\prims\jni.cpp, line 520]
Event: 28.947 Thread 0x0000018670b56eb0 Exception <a 'sun/nio/fs/WindowsException'{0x00000000d55afd58}> (0x00000000d55afd58) 
thrown [s\src\hotspot\share\prims\jni.cpp, line 520]
Event: 28.947 Thread 0x0000018670b55470 Exception <a 'sun/nio/fs/WindowsException'{0x00000000d55ab160}> (0x00000000d55ab160) 
thrown [s\src\hotspot\share\prims\jni.cpp, line 520]
Event: 28.947 Thread 0x0000018670b53a30 Exception <a 'sun/nio/fs/WindowsException'{0x00000000d55b14e8}> (0x00000000d55b14e8) 
thrown [s\src\hotspot\share\prims\jni.cpp, line 520]
Event: 28.947 Thread 0x0000018670b540c0 Exception <a 'sun/nio/fs/WindowsException'{0x00000000d55a65b0}> (0x00000000d55a65b0) 
thrown [s\src\hotspot\share\prims\jni.cpp, line 520]
Event: 28.949 Thread 0x000001866fdbb000 Exception <a 'sun/nio/fs/WindowsException'{0x00000000d55c2088}> (0x00000000d55c2088) 
thrown [s\src\hotspot\share\prims\jni.cpp, line 520]
Event: 28.950 Thread 0x0000018670b56eb0 Exception <a 'sun/nio/fs/WindowsException'{0x00000000d55f3ed0}> (0x00000000d55f3ed0) 
thrown [s\src\hotspot\share\prims\jni.cpp, line 520]
Event: 28.951 Thread 0x000001866fdbb000 Exception <a 'sun/nio/fs/WindowsException'{0x00000000d5634630}> (0x00000000d5634630) 
thrown [s\src\hotspot\share\prims\jni.cpp, line 520]
Event: 29.200 Thread 0x000001866eaad130 Implicit null exception at 0x000001865c7cc8da to 0x000001865c7cc933
Event: 30.818 Thread 0x000001866eab0c40 Exception <a 'sun/nio/fs/WindowsException'{0x00000000d5635988}> (0x00000000d5635988) 
thrown [s\src\hotspot\share\prims\jni.cpp, line 520]

ZGC Phase Switch (0 events):
No events

VM Operations (20 events):
Event: 32.518 Executing VM operation: ParallelGCFailedAllocation (Allocation Failure) done
Event: 32.527 Executing VM operation: ParallelGCFailedAllocation (Allocation Failure)
Event: 32.528 Executing VM operation: ParallelGCFailedAllocation (Allocation Failure) done
Event: 32.600 Executing VM operation: ParallelGCFailedAllocation (Allocation Failure)
Event: 32.601 Executing VM operation: ParallelGCFailedAllocation (Allocation Failure) done
Event: 32.616 Executing VM operation: ParallelGCFailedAllocation (Allocation Failure)
Event: 32.619 Executing VM operation: ParallelGCFailedAllocation (Allocation Failure) done
Event: 32.641 Executing VM operation: ParallelGCFailedAllocation (Allocation Failure)
Event: 32.642 Executing VM operation: ParallelGCFailedAllocation (Allocation Failure) done
Event: 32.673 Executing VM operation: ParallelGCFailedAllocation (Allocation Failure)
Event: 32.688 Executing VM operation: ParallelGCFailedAllocation (Allocation Failure) done
Event: 32.770 Executing VM operation: ParallelGCFailedAllocation (Allocation Failure)
Event: 32.771 Executing VM operation: ParallelGCFailedAllocation (Allocation Failure) done
Event: 32.824 Executing VM operation: ParallelGCFailedAllocation (Allocation Failure)
Event: 32.827 Executing VM operation: ParallelGCFailedAllocation (Allocation Failure) done
Event: 32.868 Executing VM operation: HandshakeAllThreads (Deoptimize)
Event: 32.869 Executing VM operation: HandshakeAllThreads (Deoptimize) done
Event: 32.906 Executing VM operation: ParallelGCFailedAllocation (Allocation Failure)
Event: 32.908 Executing VM operation: ParallelGCFailedAllocation (Allocation Failure) done
Event: 32.946 Executing VM operation: ParallelGCFailedAllocation (Allocation Failure)

Memory protections (0 events):
No events

Nmethod flushes (20 events):
Event: 20.669 Thread 0x000001864ee617b0 flushing  nmethod 0x0000018654e73610
Event: 20.669 Thread 0x000001864ee617b0 flushing  nmethod 0x0000018654e78190
Event: 20.669 Thread 0x000001864ee617b0 flushing  nmethod 0x0000018654e7d890
Event: 20.669 Thread 0x000001864ee617b0 flushing  nmethod 0x0000018654e7f810
Event: 20.669 Thread 0x000001864ee617b0 flushing  nmethod 0x0000018654eb3210
Event: 20.669 Thread 0x000001864ee617b0 flushing  nmethod 0x0000018654ed2590
Event: 20.669 Thread 0x000001864ee617b0 flushing  nmethod 0x0000018654ed3490
Event: 20.669 Thread 0x000001864ee617b0 flushing  nmethod 0x0000018654ed3d10
Event: 20.669 Thread 0x000001864ee617b0 flushing  nmethod 0x0000018654ed7810
Event: 20.669 Thread 0x000001864ee617b0 flushing  nmethod 0x0000018654edc390
Event: 20.669 Thread 0x000001864ee617b0 flushing  nmethod 0x0000018654ef5090
Event: 20.669 Thread 0x000001864ee617b0 flushing  nmethod 0x0000018654f14590
Event: 20.669 Thread 0x000001864ee617b0 flushing  nmethod 0x0000018654f17810
Event: 20.669 Thread 0x000001864ee617b0 flushing  nmethod 0x0000018654f17e10
Event: 20.669 Thread 0x000001864ee617b0 flushing  nmethod 0x0000018654f19090
Event: 20.669 Thread 0x000001864ee617b0 flushing  nmethod 0x0000018654f1b010
Event: 20.669 Thread 0x000001864ee617b0 flushing  nmethod 0x0000018654f25810
Event: 20.669 Thread 0x000001864ee617b0 flushing  nmethod 0x0000018654f3e790
Event: 20.669 Thread 0x000001864ee617b0 flushing  nmethod 0x0000018654f4c510
Event: 20.669 Thread 0x000001864ee617b0 flushing  nmethod 0x0000018654f64d10

Events (20 events):
Event: 27.600 Thread 0x0000018671486a90 Thread exited: 0x0000018671486a90
Event: 27.738 Thread 0x0000018669478120 Thread added: 0x000001867bb6b770
Event: 27.749 Thread 0x000001867ac40150 Thread exited: 0x000001867ac40150
Event: 27.749 Thread 0x000001867ac3eda0 Thread exited: 0x000001867ac3eda0
Event: 27.749 Thread 0x000001867ac3e080 Thread exited: 0x000001867ac3e080
Event: 27.751 Thread 0x000001867ac3fac0 Thread exited: 0x000001867ac3fac0
Event: 27.754 Thread 0x000001867ac3e710 Thread exited: 0x000001867ac3e710
Event: 27.793 Thread 0x0000018669478120 Thread added: 0x000001867bb6be40
Event: 28.634 Thread 0x000001866eaad130 Thread added: 0x000001867ac3e080
Event: 28.635 Thread 0x000001866eaad130 Thread added: 0x000001867ac3e710
Event: 28.635 Thread 0x000001866eaad130 Thread added: 0x000001867ac40150
Event: 28.638 Thread 0x000001866eaad130 Thread added: 0x000001867ac3fac0
Event: 28.638 Thread 0x000001866eaad130 Thread added: 0x000001867ac3eda0
Event: 28.680 Thread 0x000001867ac3eda0 Thread exited: 0x000001867ac3eda0
Event: 28.680 Thread 0x000001867ac3e710 Thread exited: 0x000001867ac3e710
Event: 28.680 Thread 0x000001867ac3e080 Thread exited: 0x000001867ac3e080
Event: 28.680 Thread 0x000001867ac3fac0 Thread exited: 0x000001867ac3fac0
Event: 28.680 Thread 0x000001867ac40150 Thread exited: 0x000001867ac40150
Event: 30.814 Thread 0x000001867bb6be40 Thread exited: 0x000001867bb6be40
Event: 31.838 Thread 0x0000018669478120 Thread added: 0x000001867bb6cbe0


Dynamic libraries:
0x00007ff683630000 - 0x00007ff68363e000 	c:\Users\TCHAMGOUE Yann\.vscode\extensions\redhat.java-1.44.0-win32-x64\jre\21.0.8-win32-x86_64\bin\java.exe
0x00007ff99f420000 - 0x00007ff99f680000 	C:\WINDOWS\SYSTEM32\ntdll.dll
0x00007ff9724d0000 - 0x00007ff9724f0000 	C:\Program Files\Avast Software\Avast\aswhook.dll
0x00007ff99e640000 - 0x00007ff99e707000 	C:\WINDOWS\System32\KERNEL32.DLL
0x00007ff99cb90000 - 0x00007ff99cf5b000 	C:\WINDOWS\System32\KERNELBASE.dll
0x00007ff99c8c0000 - 0x00007ff99ca0b000 	C:\WINDOWS\System32\ucrtbase.dll
0x00007ff9284a0000 - 0x00007ff9284be000 	c:\Users\TCHAMGOUE Yann\.vscode\extensions\redhat.java-1.44.0-win32-x64\jre\21.0.8-win32-x86_64\bin\VCRUNTIME140.dll
0x00007ff9285b0000 - 0x00007ff9285c8000 	c:\Users\TCHAMGOUE Yann\.vscode\extensions\redhat.java-1.44.0-win32-x64\jre\21.0.8-win32-x86_64\bin\jli.dll
0x00007ff981720000 - 0x00007ff9819b7000 	C:\WINDOWS\WinSxS\amd64_microsoft.windows.common-controls_6595b64144ccf1df_6.0.26100.3624_none_3e086962e3345f24\COMCTL32.dll
0x00007ff99ee80000 - 0x00007ff99f04c000 	C:\WINDOWS\System32\USER32.dll
0x00007ff99f0c0000 - 0x00007ff99f169000 	C:\WINDOWS\System32\msvcrt.dll
0x00007ff99cf60000 - 0x00007ff99cf87000 	C:\WINDOWS\System32\win32u.dll
0x00007ff99f170000 - 0x00007ff99f19a000 	C:\WINDOWS\System32\GDI32.dll
0x00007ff99d030000 - 0x00007ff99d161000 	C:\WINDOWS\System32\gdi32full.dll
0x00007ff99d170000 - 0x00007ff99d213000 	C:\WINDOWS\System32\msvcp_win.dll
0x00007ff99f080000 - 0x00007ff99f0af000 	C:\WINDOWS\System32\IMM32.DLL
0x00007ff928610000 - 0x00007ff92861c000 	c:\Users\TCHAMGOUE Yann\.vscode\extensions\redhat.java-1.44.0-win32-x64\jre\21.0.8-win32-x86_64\bin\vcruntime140_1.dll
0x00007ff8fc3b0000 - 0x00007ff8fc43d000 	c:\Users\TCHAMGOUE Yann\.vscode\extensions\redhat.java-1.44.0-win32-x64\jre\21.0.8-win32-x86_64\bin\msvcp140.dll
0x00007ff8ea540000 - 0x00007ff8eb2d7000 	c:\Users\TCHAMGOUE Yann\.vscode\extensions\redhat.java-1.44.0-win32-x64\jre\21.0.8-win32-x86_64\bin\server\jvm.dll
0x00007ff99e710000 - 0x00007ff99e7c3000 	C:\WINDOWS\System32\ADVAPI32.dll
0x00007ff99d2a0000 - 0x00007ff99d346000 	C:\WINDOWS\System32\sechost.dll
0x00007ff99e520000 - 0x00007ff99e636000 	C:\WINDOWS\System32\RPCRT4.dll
0x00007ff99d220000 - 0x00007ff99d294000 	C:\WINDOWS\System32\WS2_32.dll
0x00007ff988e10000 - 0x00007ff988e46000 	C:\WINDOWS\SYSTEM32\WINMM.dll
0x00007ff99c2c0000 - 0x00007ff99c31e000 	C:\WINDOWS\SYSTEM32\POWRPROF.dll
0x00007ff98d120000 - 0x00007ff98d12b000 	C:\WINDOWS\SYSTEM32\VERSION.dll
0x00007ff99c2a0000 - 0x00007ff99c2b4000 	C:\WINDOWS\SYSTEM32\UMPDC.dll
0x00007ff99b410000 - 0x00007ff99b42a000 	C:\WINDOWS\SYSTEM32\kernel.appcore.dll
0x00007ff928490000 - 0x00007ff92849a000 	c:\Users\TCHAMGOUE Yann\.vscode\extensions\redhat.java-1.44.0-win32-x64\jre\21.0.8-win32-x86_64\bin\jimage.dll
0x00007ff98cd00000 - 0x00007ff98cf41000 	C:\WINDOWS\SYSTEM32\DBGHELP.DLL
0x00007ff99e190000 - 0x00007ff99e513000 	C:\WINDOWS\System32\combase.dll
0x00007ff99d3f0000 - 0x00007ff99d4c6000 	C:\WINDOWS\System32\OLEAUT32.dll
0x00007ff98ccc0000 - 0x00007ff98ccf9000 	C:\WINDOWS\SYSTEM32\dbgcore.DLL
0x00007ff99cf90000 - 0x00007ff99d029000 	C:\WINDOWS\System32\bcryptPrimitives.dll
0x00007ff928480000 - 0x00007ff92848f000 	c:\Users\TCHAMGOUE Yann\.vscode\extensions\redhat.java-1.44.0-win32-x64\jre\21.0.8-win32-x86_64\bin\instrument.dll
0x00007ff8fc850000 - 0x00007ff8fc86f000 	c:\Users\TCHAMGOUE Yann\.vscode\extensions\redhat.java-1.44.0-win32-x64\jre\21.0.8-win32-x86_64\bin\java.dll
0x00007ff99d4e0000 - 0x00007ff99dc09000 	C:\WINDOWS\System32\SHELL32.dll
0x00007ff99c750000 - 0x00007ff99c8b8000 	C:\WINDOWS\System32\wintypes.dll
0x00007ff99a270000 - 0x00007ff99aac2000 	C:\WINDOWS\SYSTEM32\windows.storage.dll
0x00007ff99e0a0000 - 0x00007ff99e18d000 	C:\WINDOWS\System32\SHCORE.dll
0x00007ff99e7d0000 - 0x00007ff99e834000 	C:\WINDOWS\System32\shlwapi.dll
0x00007ff99c510000 - 0x00007ff99c53f000 	C:\WINDOWS\SYSTEM32\profapi.dll
0x00007ff8fc810000 - 0x00007ff8fc828000 	c:\Users\TCHAMGOUE Yann\.vscode\extensions\redhat.java-1.44.0-win32-x64\jre\21.0.8-win32-x86_64\bin\zip.dll
0x00007ff928470000 - 0x00007ff928480000 	C:\Users\TCHAMGOUE Yann\.vscode\extensions\redhat.java-1.44.0-win32-x64\jre\21.0.8-win32-x86_64\bin\net.dll
0x00007ff990ce0000 - 0x00007ff990dfd000 	C:\WINDOWS\SYSTEM32\WINHTTP.dll
0x00007ff99b930000 - 0x00007ff99b99a000 	C:\WINDOWS\system32\mswsock.dll
0x00007ff8fc710000 - 0x00007ff8fc726000 	C:\Users\TCHAMGOUE Yann\.vscode\extensions\redhat.java-1.44.0-win32-x64\jre\21.0.8-win32-x86_64\bin\nio.dll
0x00007ff8fc800000 - 0x00007ff8fc810000 	c:\Users\TCHAMGOUE Yann\.vscode\extensions\redhat.java-1.44.0-win32-x64\jre\21.0.8-win32-x86_64\bin\verify.dll
0x00007ff8fc310000 - 0x00007ff8fc355000 	C:\Users\TCHAMGOUE Yann\AppData\Roaming\Code\User\globalStorage\redhat.java\1.44.0\config_win\org.eclipse.equinox.launcher\org.eclipse.equinox.launcher.win32.win32.x86_64_1.2.1400.v20250730-1736\eclipse_11913.dll
0x00007ff99dc20000 - 0x00007ff99ddb6000 	C:\WINDOWS\System32\ole32.dll
0x00007ff99bbd0000 - 0x00007ff99bbec000 	C:\WINDOWS\SYSTEM32\CRYPTSP.dll
0x00007ff99b370000 - 0x00007ff99b3aa000 	C:\WINDOWS\system32\rsaenh.dll
0x00007ff99b9d0000 - 0x00007ff99b9fb000 	C:\WINDOWS\SYSTEM32\USERENV.dll
0x00007ff99be10000 - 0x00007ff99be36000 	C:\WINDOWS\SYSTEM32\bcrypt.dll
0x00007ff99bbf0000 - 0x00007ff99bbfc000 	C:\WINDOWS\SYSTEM32\CRYPTBASE.dll
0x00007ff99af30000 - 0x00007ff99af63000 	C:\WINDOWS\SYSTEM32\IPHLPAPI.DLL
0x00007ff99d4d0000 - 0x00007ff99d4da000 	C:\WINDOWS\System32\NSI.dll
0x00007ff97dd10000 - 0x00007ff97dd59000 	C:\Users\TCHAMGOUE Yann\AppData\Local\Temp\jna-818174091\jna2971008636801640896.dll
0x00007ff99f050000 - 0x00007ff99f058000 	C:\WINDOWS\System32\PSAPI.DLL
0x00007ff9912d0000 - 0x00007ff9912ef000 	C:\WINDOWS\SYSTEM32\dhcpcsvc6.DLL
0x00007ff9912a0000 - 0x00007ff9912c5000 	C:\WINDOWS\SYSTEM32\dhcpcsvc.DLL

JVMTI agents:
c:\Users\TCHAMGOUE Yann\.vscode\extensions\redhat.java-1.44.0-win32-x64\lombok\lombok-1.18.39-4050.jar path:c:\Users\TCHAMGOUE Yann\.vscode\extensions\redhat.java-1.44.0-win32-x64\jre\21.0.8-win32-x86_64\bin\instrument.dll, loaded, initialized, instrumentlib options:none

dbghelp: loaded successfully - version: 4.0.5 - missing functions: none
symbol engine: initialized successfully - sym options: 0x614 - pdb path: .;c:\Users\TCHAMGOUE Yann\.vscode\extensions\redhat.java-1.44.0-win32-x64\jre\21.0.8-win32-x86_64\bin;C:\WINDOWS\SYSTEM32;C:\Program Files\Avast Software\Avast;C:\WINDOWS\WinSxS\amd64_microsoft.windows.common-controls_6595b64144ccf1df_6.0.26100.3624_none_3e086962e3345f24;c:\Users\TCHAMGOUE Yann\.vscode\extensions\redhat.java-1.44.0-win32-x64\jre\21.0.8-win32-x86_64\bin\server;C:\Users\TCHAMGOUE Yann\AppData\Roaming\Code\User\globalStorage\redhat.java\1.44.0\config_win\org.eclipse.equinox.launcher\org.eclipse.equinox.launcher.win32.win32.x86_64_1.2.1400.v20250730-1736;C:\Users\TCHAMGOUE Yann\AppData\Local\Temp\jna-818174091

VM Arguments:
jvm_args: --add-modules=ALL-SYSTEM --add-opens=java.base/java.util=ALL-UNNAMED --add-opens=java.base/java.lang=ALL-UNNAMED --add-opens=java.base/sun.nio.fs=ALL-UNNAMED -Declipse.application=org.eclipse.jdt.ls.core.id1 -Dosgi.bundles.defaultStartLevel=4 -Declipse.product=org.eclipse.jdt.ls.core.product -Djava.import.generatesMetadataFilesAtProjectRoot=false -DDetectVMInstallationsJob.disabled=true -Dfile.encoding=utf8 -XX:+UseParallelGC -XX:GCTimeRatio=4 -XX:AdaptiveSizePolicyWeight=90 -Dsun.zip.disableMemoryMapping=true -Xmx2G -Xms100m -Xlog:disable -javaagent:c:\Users\TCHAMGOUE Yann\.vscode\extensions\redhat.java-1.44.0-win32-x64\lombok\lombok-1.18.39-4050.jar -XX:+HeapDumpOnOutOfMemoryError -XX:HeapDumpPath=c:\Users\TCHAMGOUE Yann\AppData\Roaming\Code\User\workspaceStorage\0ce6ff431c656783e2bd0f60588f111c\redhat.java -Daether.dependencyCollector.impl=bf 
java_command: c:\Users\TCHAMGOUE Yann\.vscode\extensions\redhat.java-1.44.0-win32-x64\server\plugins\org.eclipse.equinox.launcher_1.7.0.v20250519-0528.jar -configuration c:\Users\TCHAMGOUE Yann\AppData\Roaming\Code\User\globalStorage\redhat.java\1.44.0\config_win -data c:\Users\TCHAMGOUE Yann\AppData\Roaming\Code\User\workspaceStorage\0ce6ff431c656783e2bd0f60588f111c\redhat.java\jdt_ws --pipe=\\.\pipe\lsp-07a537d70b77489c26e0934c96782032-sock
java_class_path (initial): c:\Users\TCHAMGOUE Yann\.vscode\extensions\redhat.java-1.44.0-win32-x64\server\plugins\org.eclipse.equinox.launcher_1.7.0.v20250519-0528.jar
Launcher Type: SUN_STANDARD

[Global flags]
    uintx AdaptiveSizePolicyWeight                 = 90                                        {product} {command line}
     intx CICompilerCount                          = 4                                         {product} {ergonomic}
    uintx GCTimeRatio                              = 4                                         {product} {command line}
     bool HeapDumpOnOutOfMemoryError               = true                                   {manageable} {command line}
    ccstr HeapDumpPath                             = c:\Users\TCHAMGOUE Yann\AppData\Roaming\Code\User\workspaceStorage\0ce6ff431c656783e2bd0f60588f111c\redhat.java         {manageable} {command line}
   size_t InitialHeapSize                          = 104857600                                 {product} {command line}
   size_t MaxHeapSize                              = 2147483648                                {product} {command line}
   size_t MaxNewSize                               = 715653120                                 {product} {ergonomic}
   size_t MinHeapDeltaBytes                        = 524288                                    {product} {ergonomic}
   size_t MinHeapSize                              = 104857600                                 {product} {command line}
   size_t NewSize                                  = 34603008                                  {product} {ergonomic}
    uintx NonNMethodCodeHeapSize                   = 5839372                                {pd product} {ergonomic}
    uintx NonProfiledCodeHeapSize                  = 122909434                              {pd product} {ergonomic}
   size_t OldSize                                  = 70254592                                  {product} {ergonomic}
    uintx ProfiledCodeHeapSize                     = 122909434                              {pd product} {ergonomic}
    uintx ReservedCodeCacheSize                    = 251658240                              {pd product} {ergonomic}
     bool SegmentedCodeCache                       = true                                      {product} {ergonomic}
   size_t SoftMaxHeapSize                          = 2147483648                             {manageable} {ergonomic}
     bool UseCompressedOops                        = true                           {product lp64_product} {ergonomic}
     bool UseLargePagesIndividualAllocation        = false                                  {pd product} {ergonomic}
     bool UseParallelGC                            = true                                      {product} {command line}

Logging:
Log output configuration:
 #0: stdout all=off uptime,level,tags foldmultilines=false
 #1: stderr all=off uptime,level,tags foldmultilines=false

Environment Variables:
JAVA_HOME=C:\Program Files\Java\jdk1.8.0_281
PATH=C:\Program Files\Common Files\Oracle\Java\javapath;C:\WINDOWS\system32;C:\WINDOWS;C:\WINDOWS\System32\Wbem;C:\WINDOWS\System32\WindowsPowerShell\v1.0\;C:\WINDOWS\System32\OpenSSH\;C:\Program Files\Java\jdk-17\bin;C:\Users\TCHAMGOUE Yann\Downloads\apache-maven-3.9.8-bin\apache-maven-3.9.8\bin;C:\Program Files\nodejs\;C:\ProgramData\chocolatey\bin;C:\xampp\php;C:\Program Files\Git\cmd;C:\Program Files\Docker\Docker\resources\bin;C:\Program Files\MySQL\MySQL Shell 8.0\bin\;C:\Users\TCHAMGOUE Yann\AppData\Local\Programs\Python\Python313\Scripts\;C:\Users\TCHAMGOUE Yann\AppData\Local\Programs\Python\Python313\;C:\Users\TCHAMGOUE Yann\AppData\Local\Microsoft\WindowsApps;C:\Users\TCHAMGOUE Yann\AppData\Local\Programs\Microsoft VS Code\bin;C:\Users\TCHAMGOUE Yann\AppData\Roaming\npm;C:\Program Files\Git\bin;C:\xampp\php;C:\Program Files\JetBrains\IntelliJ IDEA 2024.3\bin;;C:\Program Files\MySQL\MySQL Server 8.0\bin;
USERNAME=TCHAMGOUE Yann
OS=Windows_NT
PROCESSOR_IDENTIFIER=Intel64 Family 6 Model 142 Stepping 12, GenuineIntel
TMP=C:\Users\TCHAMG~1\AppData\Local\Temp
TEMP=C:\Users\TCHAMG~1\AppData\Local\Temp




Periodic native trim disabled

---------------  S Y S T E M  ---------------

OS:
 Windows 11 , 64 bit Build 26100 (10.0.26100.3624)
OS uptime: 0 days 0:36 hours
Hyper-V role detected

CPU: total 8 (initial active 8) (4 cores per cpu, 2 threads per core) family 6 model 142 stepping 12 microcode 0xde, cx8, cmov, fxsr, ht, mmx, 3dnowpref, sse, sse2, sse3, ssse3, sse4.1, sse4.2, popcnt, lzcnt, tsc, tscinvbit, avx, avx2, aes, erms, clmul, bmi1, bmi2, adx, fma, vzeroupper, clflush, clflushopt, hv, rdtscp, f16c
Processor Information for the first 8 processors :
  Max Mhz: 2112, Current Mhz: 1609, Mhz Limit: 1605

Memory: 4k page, system-wide physical 8001M (571M free)
TotalPageFile size 19973M (AvailPageFile size 1M)
current process WorkingSet (physical memory assigned to process): 501M, peak: 506M
current process commit charge ("private bytes"): 570M, peak: 574M

vm_info: OpenJDK 64-Bit Server VM (21.0.8+9-LTS) for windows-amd64 JRE (21.0.8+9-LTS), built on 2025-07-15T00:00:00Z by "admin" with MS VC++ 17.7 (VS2022)

END.
