#
# There is insufficient memory for the Java Runtime Environment to continue.
# Native memory allocation (malloc) failed to allocate 2512240 bytes. Error detail: Chunk::new
# Possible reasons:
#   The system is out of physical RAM or swap space
#   This process is running with CompressedOops enabled, and the Java Heap may be blocking the growth of the native heap
# Possible solutions:
#   Reduce memory load on the system
#   Increase physical memory or swap space
#   Check if swap backing store is full
#   Decrease Java heap size (-Xmx/-Xms)
#   Decrease number of Java threads
#   Decrease Java thread stack sizes (-Xss)
#   Set larger code cache with -XX:ReservedCodeCacheSize=
#   JVM is running with Unscaled Compressed Oops mode in which the Java heap is
#     placed in the first 4GB address space. The Java Heap base address is the
#     maximum limit for the native heap growth. Please use -XX:HeapBaseMinAddress
#     to set the Java Heap base and to place the Java Heap above 4GB virtual address.
# This output file may be truncated or incomplete.
#
#  Out of Memory Error (arena.cpp:168), pid=15980, tid=10444
#
# JRE version: OpenJDK Runtime Environment Temurin-21.0.8+9 (21.0.8+9) (build 21.0.8+9-LTS)
# Java VM: OpenJDK 64-Bit Server VM Temurin-21.0.8+9 (21.0.8+9-LTS, mixed mode, sharing, tiered, compressed oops, compressed class ptrs, parallel gc, windows-amd64)
# No core dump will be written. Minidumps are not enabled by default on client versions of Windows
#

---------------  S U M M A R Y ------------

Command Line: --add-modules=ALL-SYSTEM --add-opens=java.base/java.util=ALL-UNNAMED --add-opens=java.base/java.lang=ALL-UNNAMED --add-opens=java.base/sun.nio.fs=ALL-UNNAMED -Declipse.application=org.eclipse.jdt.ls.core.id1 -Dosgi.bundles.defaultStartLevel=4 -Declipse.product=org.eclipse.jdt.ls.core.product -Djava.import.generatesMetadataFilesAtProjectRoot=false -DDetectVMInstallationsJob.disabled=true -Dfile.encoding=utf8 -XX:+UseParallelGC -XX:GCTimeRatio=4 -XX:AdaptiveSizePolicyWeight=90 -Dsun.zip.disableMemoryMapping=true -Xmx2G -Xms100m -Xlog:disable -javaagent:c:\Users\TCHAMGOUE Yann\.vscode\extensions\redhat.java-1.44.0-win32-x64\lombok\lombok-1.18.39-4050.jar -XX:+HeapDumpOnOutOfMemoryError -XX:HeapDumpPath=c:\Users\TCHAMGOUE Yann\AppData\Roaming\Code\User\workspaceStorage\0ce6ff431c656783e2bd0f60588f111c\redhat.java -Daether.dependencyCollector.impl=bf c:\Users\TCHAMGOUE Yann\.vscode\extensions\redhat.java-1.44.0-win32-x64\server\plugins\org.eclipse.equinox.launcher_1.7.0.v20250519-0528.jar -configuration c:\Users\TCHAMGOUE Yann\AppData\Roaming\Code\User\globalStorage\redhat.java\1.44.0\config_win -data c:\Users\TCHAMGOUE Yann\AppData\Roaming\Code\User\workspaceStorage\0ce6ff431c656783e2bd0f60588f111c\redhat.java\jdt_ws --pipe=\\.\pipe\lsp-45e225b4873a316e375e0e1dd7364ef8-sock

Host: Intel(R) Core(TM) i5-10210U CPU @ 1.60GHz, 8 cores, 7G,  Windows 11 , 64 bit Build 26100 (10.0.26100.3624)
Time: Wed Aug 20 09:35:59 2025 Afr. centrale Ouest elapsed time: 8.312687 seconds (0d 0h 0m 8s)

---------------  T H R E A D  ---------------

Current thread (0x000001d070dd1690):  JavaThread "C2 CompilerThread0" daemon [_thread_in_native, id=10444, stack(0x00000028e4100000,0x00000028e4200000) (1024K)]


Current CompileTask:
C2:8312 8516   !   4       org.eclipse.jdt.internal.compiler.classfmt.ClassFileReader::<init> (1968 bytes)

Stack: [0x00000028e4100000,0x00000028e4200000]
Native frames: (J=compiled Java code, j=interpreted, Vv=VM code, C=native code)
V  [jvm.dll+0x6d2449]
V  [jvm.dll+0x8ae341]
V  [jvm.dll+0x8b08be]
V  [jvm.dll+0x8b0fa3]
V  [jvm.dll+0x280c96]
V  [jvm.dll+0xc581d]
V  [jvm.dll+0xc5d53]
V  [jvm.dll+0x3b919c]
V  [jvm.dll+0x1e1409]
V  [jvm.dll+0x249022]
V  [jvm.dll+0x2484af]
V  [jvm.dll+0x1c89ee]
V  [jvm.dll+0x257d4d]
V  [jvm.dll+0x2562ea]
V  [jvm.dll+0x3f2d16]
V  [jvm.dll+0x857e6b]
V  [jvm.dll+0x6d0b0d]
C  [ucrtbase.dll+0x37b0]
C  [KERNEL32.DLL+0x2e8d7]
C  [ntdll.dll+0xb14fc]


---------------  P R O C E S S  ---------------

Threads class SMR info:
_java_thread_list=0x000001d0522be5c0, length=57, elements={
0x000001d06eb5b6d0, 0x000001d070db8400, 0x000001d070dbb2d0, 0x000001d070dbf650,
0x000001d070dbfcb0, 0x000001d070dc1d70, 0x000001d070dc5f80, 0x000001d070dd1690,
0x000001d070dd5100, 0x000001d070eb3f20, 0x000001d07a240c60, 0x000001d07a3d5450,
0x000001d07a45dc20, 0x000001d07ab947d0, 0x000001d07f303460, 0x000001d07f160940,
0x000001d07ac33100, 0x000001d07f5325a0, 0x000001d07f3e3e70, 0x000001d07f7909e0,
0x000001d07f777bf0, 0x000001d07f779cc0, 0x000001d07f77b070, 0x000001d07f778fa0,
0x000001d07f778280, 0x000001d07f778910, 0x000001d050e47c50, 0x000001d050e447d0,
0x000001d050e44e60, 0x000001d050e46210, 0x000001d050e48970, 0x000001d050e482e0,
0x000001d050e468a0, 0x000001d050e46f30, 0x000001d050e475c0, 0x000001d050e454f0,
0x000001d050e49000, 0x000001d050e45b80, 0x000001d050e4a3b0, 0x000001d050e4b760,
0x000001d050e4aa40, 0x000001d050e4b0d0, 0x000001d050e4bdf0, 0x000001d05a4752d0,
0x000001d05a475ff0, 0x000001d05a476680, 0x000001d05a474c40, 0x000001d05a4745b0,
0x000001d05a479b00, 0x000001d05a478750, 0x000001d05a47a820, 0x000001d05a47a190,
0x000001d05a477a30, 0x000001d05a478de0, 0x000001d05a479470, 0x000001d05a4773a0,
0x000001d05a47aeb0
}

Java Threads: ( => current thread )
  0x000001d06eb5b6d0 
[error occurred during error reporting (printing all threads), id 0xc0000005, EXCEPTION_ACCESS_VIOLATION (0xc0000005) at pc=0x00007ffd7c1b3f50]
VM state: at safepoint (normal execution)

VM Mutex/Monitor currently owned by a thread:  ([mutex/lock_event])
[0x00007ffd7cd25458] Threads_lock - owner thread: 0x000001d070ee6e20
[0x00007ffd7cd25558] Heap_lock - owner thread: 0x000001d07f778280

Heap address: 0x0000000080000000, size: 2048 MB, Compressed Oops mode: 32-bit

CDS archive(s) mapped at: [0x000001d00f000000-0x000001d00fba0000-0x000001d00fba0000), size 12189696, SharedBaseAddress: 0x000001d00f000000, ArchiveRelocationMode: 1.
Compressed class space mapped at: 0x000001d010000000-0x000001d050000000, reserved size: 1073741824
Narrow klass base: 0x000001d00f000000, Narrow klass shift: 0, Narrow klass range: 0x100000000

GC Precious Log:
 CardTable entry size: 512
 CPUs: 8 total, 8 available
 Memory: 8001M
 Large Page Support: Disabled
 NUMA Support: Disabled
 Compressed Oops: Enabled (32-bit)
 Alignments: Space 512K, Generation 512K, Heap 2M
 Heap Min Capacity: 100M
 Heap Initial Capacity: 100M
 Heap Max Capacity: 2G
 Pre-touch: Disabled
 Parallel Workers: 8

Heap:
 PSYoungGen      total 22016K, used 21936K [0x00000000d5580000, 0x00000000d6f00000, 0x0000000100000000)
  eden space 18944K, 100% used [0x00000000d5580000,0x00000000d6800000,0x00000000d6800000)
  from space 3072K, 97% used [0x00000000d6880000,0x00000000d6b6c1c0,0x00000000d6b80000)
  to   space 3584K, 88% used [0x00000000d6b80000,0x00000000d6e9d1f8,0x00000000d6f00000)
 ParOldGen       total 103424K, used 103296K [0x0000000080000000, 0x0000000086500000, 0x00000000d5580000)
  object space 103424K, 99% used [0x0000000080000000,0x00000000864e01b0,0x0000000086500000)
 Metaspace       used 54435K, committed 55616K, reserved 1114112K
  class space    used 5851K, committed 6336K, reserved 1048576K

Card table byte_map: [0x000001d0707e0000,0x000001d070bf0000] _byte_map_base: 0x000001d0703e0000

Marking Bits: (ParMarkBitMap*) 0x00007ffd7cd2a340
 Begin Bits: [0x000001d0742e0000, 0x000001d0762e0000)
 End Bits:   [0x000001d0762e0000, 0x000001d0782e0000)

Polling page: 0x000001d06ec80000

Metaspace:

Usage:
  Non-class:     47.45 MB used.
      Class:      5.71 MB used.
       Both:     53.16 MB used.

Virtual space:
  Non-class space:       64.00 MB reserved,      48.12 MB ( 75%) committed,  1 nodes.
      Class space:        1.00 GB reserved,       6.19 MB ( <1%) committed,  1 nodes.
             Both:        1.06 GB reserved,      54.31 MB (  5%) committed. 

Chunk freelists:
   Non-Class:  15.06 MB
       Class:  9.81 MB
        Both:  24.88 MB

MaxMetaspaceSize: unlimited
CompressedClassSpaceSize: 1.00 GB
Initial GC threshold: 21.00 MB
Current GC threshold: 58.38 MB
CDS: on
 - commit_granule_bytes: 65536.
 - commit_granule_words: 8192.
 - virtual_space_node_default_size: 8388608.
 - enlarge_chunks_in_place: 1.
 - use_allocation_guard: 0.


Internal statistics:

num_allocs_failed_limit: 6.
num_arena_births: 1020.
num_arena_deaths: 14.
num_vsnodes_births: 2.
num_vsnodes_deaths: 0.
num_space_committed: 869.
num_space_uncommitted: 0.
num_chunks_returned_to_freelist: 20.
num_chunks_taken_from_freelist: 3567.
num_chunk_merges: 7.
num_chunk_splits: 2163.
num_chunks_enlarged: 1171.
num_inconsistent_stats: 0.

CodeHeap 'non-profiled nmethods': size=120000Kb used=3996Kb max_used=4247Kb free=116003Kb
 bounds [0x000001d007ad0000, 0x000001d007f00000, 0x000001d00f000000]
CodeHeap 'profiled nmethods': size=120000Kb used=16010Kb max_used=16916Kb free=103989Kb
 bounds [0x000001d000000000, 0x000001d001090000, 0x000001d007530000]
CodeHeap 'non-nmethods': size=5760Kb used=1398Kb max_used=1485Kb free=4361Kb
 bounds [0x000001d007530000, 0x000001d0077a0000, 0x000001d007ad0000]
CodeCache: size=245760Kb, used=21404Kb, max_used=22648Kb, free=224353Kb
 total_blobs=8552, nmethods=7848, adapters=610, full_count=0
Compilation: enabled, stopped_count=0, restarted_count=0

Compilation events (20 events):
Event: 8.300 Thread 0x000001d070dd5100 8779       1       org.eclipse.core.internal.events.ResourceDelta::getFullPath (5 bytes)
Event: 8.300 Thread 0x000001d070dd5100 nmethod 8779 0x000001d007ef4e90 code [0x000001d007ef5020, 0x000001d007ef50e8]
Event: 8.300 Thread 0x000001d070dd5100 8776       1       org.eclipse.core.internal.events.ResourceDelta::setOldInfo (6 bytes)
Event: 8.300 Thread 0x000001d070dd5100 nmethod 8776 0x000001d007ef5190 code [0x000001d007ef5320, 0x000001d007ef5400]
Event: 8.300 Thread 0x000001d070dd5100 8777       1       org.eclipse.core.internal.events.ResourceDelta::setNewInfo (6 bytes)
Event: 8.301 Thread 0x000001d070dd5100 nmethod 8777 0x000001d007ef5490 code [0x000001d007ef5620, 0x000001d007ef5700]
Event: 8.301 Thread 0x000001d070dd5100 8778       1       org.eclipse.core.internal.events.ResourceDelta::setChildren (6 bytes)
Event: 8.301 Thread 0x000001d070dd5100 nmethod 8778 0x000001d007ef5790 code [0x000001d007ef5920, 0x000001d007ef5a00]
Event: 8.301 Thread 0x000001d070dd5100 8782       1       org.eclipse.core.internal.events.ResourceDeltaInfo::getNodeIDMap (5 bytes)
Event: 8.301 Thread 0x000001d070dd5100 nmethod 8782 0x000001d007ef5a90 code [0x000001d007ef5c20, 0x000001d007ef5ce8]
Event: 8.304 Thread 0x000001d070dd5100 8783       2       org.eclipse.jdt.internal.compiler.impl.CompilerOptions::updateSeverity (158 bytes)
Event: 8.304 Thread 0x000001d070dd5100 nmethod 8783 0x000001d001080410 code [0x000001d0010806c0, 0x000001d001080b98]
Event: 8.306 Thread 0x000001d070dd5100 8784       2       java.util.zip.ZipEntry::setExtra0 (493 bytes)
Event: 8.308 Thread 0x000001d070dd5100 nmethod 8784 0x000001d001080f10 code [0x000001d0010811a0, 0x000001d001081ec0]
Event: 8.308 Thread 0x000001d070dd5100 8785       2       java.util.zip.ZipUtils::get32S (17 bytes)
Event: 8.308 Thread 0x000001d070dd5100 nmethod 8785 0x000001d001082610 code [0x000001d0010827c0, 0x000001d001082968]
Event: 8.309 Thread 0x000001d070dd5100 8786       2       java.util.zip.ZipUtils::unixTimeToFileTime (8 bytes)
Event: 8.310 Thread 0x000001d070dd5100 nmethod 8786 0x000001d001082a90 code [0x000001d001082c40, 0x000001d001082d50]
Event: 8.310 Thread 0x000001d070dd5100 8787   !   2       sun.net.www.protocol.jar.JarFileFactory::getOrCreate (91 bytes)
Event: 8.310 Thread 0x000001d070dd5100 nmethod 8787 0x000001d001082e10 code [0x000001d001083040, 0x000001d0010834d8]

GC Heap History (20 events):
Event: 7.662 GC heap before
{Heap before GC invocations=52 (full 2):
 PSYoungGen      total 21504K, used 21320K [0x00000000d5580000, 0x00000000d6d00000, 0x0000000100000000)
  eden space 18944K, 100% used [0x00000000d5580000,0x00000000d6800000,0x00000000d6800000)
  from space 2560K, 92% used [0x00000000d6800000,0x00000000d6a52038,0x00000000d6a80000)
  to   space 2560K, 0% used [0x00000000d6a80000,0x00000000d6a80000,0x00000000d6d00000)
 ParOldGen       total 83968K, used 83880K [0x0000000080000000, 0x0000000085200000, 0x00000000d5580000)
  object space 83968K, 99% used [0x0000000080000000,0x00000000851ea3b8,0x0000000085200000)
 Metaspace       used 52724K, committed 53952K, reserved 1114112K
  class space    used 5652K, committed 6144K, reserved 1048576K
}
Event: 7.665 GC heap after
{Heap after GC invocations=52 (full 2):
 PSYoungGen      total 21504K, used 2080K [0x00000000d5580000, 0x00000000d6d00000, 0x0000000100000000)
  eden space 18944K, 0% used [0x00000000d5580000,0x00000000d5580000,0x00000000d6800000)
  from space 2560K, 81% used [0x00000000d6a80000,0x00000000d6c88000,0x00000000d6d00000)
  to   space 2560K, 0% used [0x00000000d6800000,0x00000000d6800000,0x00000000d6a80000)
 ParOldGen       total 86016K, used 85989K [0x0000000080000000, 0x0000000085400000, 0x00000000d5580000)
  object space 86016K, 99% used [0x0000000080000000,0x00000000853f95f8,0x0000000085400000)
 Metaspace       used 52724K, committed 53952K, reserved 1114112K
  class space    used 5652K, committed 6144K, reserved 1048576K
}
Event: 7.723 GC heap before
{Heap before GC invocations=53 (full 2):
 PSYoungGen      total 21504K, used 21024K [0x00000000d5580000, 0x00000000d6d00000, 0x0000000100000000)
  eden space 18944K, 100% used [0x00000000d5580000,0x00000000d6800000,0x00000000d6800000)
  from space 2560K, 81% used [0x00000000d6a80000,0x00000000d6c88000,0x00000000d6d00000)
  to   space 2560K, 0% used [0x00000000d6800000,0x00000000d6800000,0x00000000d6a80000)
 ParOldGen       total 86016K, used 85989K [0x0000000080000000, 0x0000000085400000, 0x00000000d5580000)
  object space 86016K, 99% used [0x0000000080000000,0x00000000853f95f8,0x0000000085400000)
 Metaspace       used 52829K, committed 54080K, reserved 1114112K
  class space    used 5673K, committed 6208K, reserved 1048576K
}
Event: 7.725 GC heap after
{Heap after GC invocations=53 (full 2):
 PSYoungGen      total 20992K, used 1824K [0x00000000d5580000, 0x00000000d6c00000, 0x0000000100000000)
  eden space 18944K, 0% used [0x00000000d5580000,0x00000000d5580000,0x00000000d6800000)
  from space 2048K, 89% used [0x00000000d6800000,0x00000000d69c8000,0x00000000d6a00000)
  to   space 2048K, 0% used [0x00000000d6a00000,0x00000000d6a00000,0x00000000d6c00000)
 ParOldGen       total 88064K, used 87850K [0x0000000080000000, 0x0000000085600000, 0x00000000d5580000)
  object space 88064K, 99% used [0x0000000080000000,0x00000000855cabb0,0x0000000085600000)
 Metaspace       used 52829K, committed 54080K, reserved 1114112K
  class space    used 5673K, committed 6208K, reserved 1048576K
}
Event: 7.804 GC heap before
{Heap before GC invocations=54 (full 2):
 PSYoungGen      total 20992K, used 20768K [0x00000000d5580000, 0x00000000d6c00000, 0x0000000100000000)
  eden space 18944K, 100% used [0x00000000d5580000,0x00000000d6800000,0x00000000d6800000)
  from space 2048K, 89% used [0x00000000d6800000,0x00000000d69c8000,0x00000000d6a00000)
  to   space 2048K, 0% used [0x00000000d6a00000,0x00000000d6a00000,0x00000000d6c00000)
 ParOldGen       total 88064K, used 87850K [0x0000000080000000, 0x0000000085600000, 0x00000000d5580000)
  object space 88064K, 99% used [0x0000000080000000,0x00000000855cabb0,0x0000000085600000)
 Metaspace       used 52895K, committed 54144K, reserved 1114112K
  class space    used 5699K, committed 6208K, reserved 1048576K
}
Event: 7.807 GC heap after
{Heap after GC invocations=54 (full 2):
 PSYoungGen      total 20992K, used 1664K [0x00000000d5580000, 0x00000000d6c00000, 0x0000000100000000)
  eden space 18944K, 0% used [0x00000000d5580000,0x00000000d5580000,0x00000000d6800000)
  from space 2048K, 81% used [0x00000000d6a00000,0x00000000d6ba0000,0x00000000d6c00000)
  to   space 2048K, 0% used [0x00000000d6800000,0x00000000d6800000,0x00000000d6a00000)
 ParOldGen       total 90112K, used 89970K [0x0000000080000000, 0x0000000085800000, 0x00000000d5580000)
  object space 90112K, 99% used [0x0000000080000000,0x00000000857dcbb8,0x0000000085800000)
 Metaspace       used 52895K, committed 54144K, reserved 1114112K
  class space    used 5699K, committed 6208K, reserved 1048576K
}
Event: 7.870 GC heap before
{Heap before GC invocations=55 (full 2):
 PSYoungGen      total 20992K, used 20608K [0x00000000d5580000, 0x00000000d6c00000, 0x0000000100000000)
  eden space 18944K, 100% used [0x00000000d5580000,0x00000000d6800000,0x00000000d6800000)
  from space 2048K, 81% used [0x00000000d6a00000,0x00000000d6ba0000,0x00000000d6c00000)
  to   space 2048K, 0% used [0x00000000d6800000,0x00000000d6800000,0x00000000d6a00000)
 ParOldGen       total 90112K, used 89970K [0x0000000080000000, 0x0000000085800000, 0x00000000d5580000)
  object space 90112K, 99% used [0x0000000080000000,0x00000000857dcbb8,0x0000000085800000)
 Metaspace       used 53021K, committed 54272K, reserved 1114112K
  class space    used 5715K, committed 6208K, reserved 1048576K
}
Event: 7.873 GC heap after
{Heap after GC invocations=55 (full 2):
 PSYoungGen      total 20992K, used 1824K [0x00000000d5580000, 0x00000000d6c00000, 0x0000000100000000)
  eden space 18944K, 0% used [0x00000000d5580000,0x00000000d5580000,0x00000000d6800000)
  from space 2048K, 89% used [0x00000000d6800000,0x00000000d69c8010,0x00000000d6a00000)
  to   space 2048K, 0% used [0x00000000d6a00000,0x00000000d6a00000,0x00000000d6c00000)
 ParOldGen       total 91648K, used 91498K [0x0000000080000000, 0x0000000085980000, 0x00000000d5580000)
  object space 91648K, 99% used [0x0000000080000000,0x000000008595abb8,0x0000000085980000)
 Metaspace       used 53021K, committed 54272K, reserved 1114112K
  class space    used 5715K, committed 6208K, reserved 1048576K
}
Event: 7.957 GC heap before
{Heap before GC invocations=56 (full 2):
 PSYoungGen      total 20992K, used 20720K [0x00000000d5580000, 0x00000000d6c00000, 0x0000000100000000)
  eden space 18944K, 99% used [0x00000000d5580000,0x00000000d67f41b8,0x00000000d6800000)
  from space 2048K, 89% used [0x00000000d6800000,0x00000000d69c8010,0x00000000d6a00000)
  to   space 2048K, 0% used [0x00000000d6a00000,0x00000000d6a00000,0x00000000d6c00000)
 ParOldGen       total 91648K, used 91498K [0x0000000080000000, 0x0000000085980000, 0x00000000d5580000)
  object space 91648K, 99% used [0x0000000080000000,0x000000008595abb8,0x0000000085980000)
 Metaspace       used 53209K, committed 54528K, reserved 1114112K
  class space    used 5727K, committed 6272K, reserved 1048576K
}
Event: 7.959 GC heap after
{Heap after GC invocations=56 (full 2):
 PSYoungGen      total 20992K, used 1782K [0x00000000d5580000, 0x00000000d6c00000, 0x0000000100000000)
  eden space 18944K, 0% used [0x00000000d5580000,0x00000000d5580000,0x00000000d6800000)
  from space 2048K, 87% used [0x00000000d6a00000,0x00000000d6bbd810,0x00000000d6c00000)
  to   space 2048K, 0% used [0x00000000d6800000,0x00000000d6800000,0x00000000d6a00000)
 ParOldGen       total 93184K, used 93130K [0x0000000080000000, 0x0000000085b00000, 0x00000000d5580000)
  object space 93184K, 99% used [0x0000000080000000,0x0000000085af2bb8,0x0000000085b00000)
 Metaspace       used 53209K, committed 54528K, reserved 1114112K
  class space    used 5727K, committed 6272K, reserved 1048576K
}
Event: 8.037 GC heap before
{Heap before GC invocations=57 (full 2):
 PSYoungGen      total 20992K, used 20726K [0x00000000d5580000, 0x00000000d6c00000, 0x0000000100000000)
  eden space 18944K, 100% used [0x00000000d5580000,0x00000000d6800000,0x00000000d6800000)
  from space 2048K, 87% used [0x00000000d6a00000,0x00000000d6bbd810,0x00000000d6c00000)
  to   space 2048K, 0% used [0x00000000d6800000,0x00000000d6800000,0x00000000d6a00000)
 ParOldGen       total 93184K, used 93130K [0x0000000080000000, 0x0000000085b00000, 0x00000000d5580000)
  object space 93184K, 99% used [0x0000000080000000,0x0000000085af2bb8,0x0000000085b00000)
 Metaspace       used 53436K, committed 54720K, reserved 1114112K
  class space    used 5746K, committed 6272K, reserved 1048576K
}
Event: 8.039 GC heap after
{Heap after GC invocations=57 (full 2):
 PSYoungGen      total 20992K, used 1696K [0x00000000d5580000, 0x00000000d6c00000, 0x0000000100000000)
  eden space 18944K, 0% used [0x00000000d5580000,0x00000000d5580000,0x00000000d6800000)
  from space 2048K, 82% used [0x00000000d6800000,0x00000000d69a8000,0x00000000d6a00000)
  to   space 2048K, 0% used [0x00000000d6a00000,0x00000000d6a00000,0x00000000d6c00000)
 ParOldGen       total 95232K, used 94760K [0x0000000080000000, 0x0000000085d00000, 0x00000000d5580000)
  object space 95232K, 99% used [0x0000000080000000,0x0000000085c8a3c8,0x0000000085d00000)
 Metaspace       used 53436K, committed 54720K, reserved 1114112K
  class space    used 5746K, committed 6272K, reserved 1048576K
}
Event: 8.090 GC heap before
{Heap before GC invocations=58 (full 2):
 PSYoungGen      total 20992K, used 20640K [0x00000000d5580000, 0x00000000d6c00000, 0x0000000100000000)
  eden space 18944K, 100% used [0x00000000d5580000,0x00000000d6800000,0x00000000d6800000)
  from space 2048K, 82% used [0x00000000d6800000,0x00000000d69a8000,0x00000000d6a00000)
  to   space 2048K, 0% used [0x00000000d6a00000,0x00000000d6a00000,0x00000000d6c00000)
 ParOldGen       total 95232K, used 94760K [0x0000000080000000, 0x0000000085d00000, 0x00000000d5580000)
  object space 95232K, 99% used [0x0000000080000000,0x0000000085c8a3c8,0x0000000085d00000)
 Metaspace       used 53525K, committed 54784K, reserved 1114112K
  class space    used 5762K, committed 6272K, reserved 1048576K
}
Event: 8.092 GC heap after
{Heap after GC invocations=58 (full 2):
 PSYoungGen      total 20992K, used 1680K [0x00000000d5580000, 0x00000000d6c00000, 0x0000000100000000)
  eden space 18944K, 0% used [0x00000000d5580000,0x00000000d5580000,0x00000000d6800000)
  from space 2048K, 82% used [0x00000000d6a00000,0x00000000d6ba4010,0x00000000d6c00000)
  to   space 2048K, 0% used [0x00000000d6800000,0x00000000d6800000,0x00000000d6a00000)
 ParOldGen       total 96256K, used 96232K [0x0000000080000000, 0x0000000085e00000, 0x00000000d5580000)
  object space 96256K, 99% used [0x0000000080000000,0x0000000085dfa3c8,0x0000000085e00000)
 Metaspace       used 53525K, committed 54784K, reserved 1114112K
  class space    used 5762K, committed 6272K, reserved 1048576K
}
Event: 8.142 GC heap before
{Heap before GC invocations=59 (full 2):
 PSYoungGen      total 20992K, used 20624K [0x00000000d5580000, 0x00000000d6c00000, 0x0000000100000000)
  eden space 18944K, 100% used [0x00000000d5580000,0x00000000d6800000,0x00000000d6800000)
  from space 2048K, 82% used [0x00000000d6a00000,0x00000000d6ba4010,0x00000000d6c00000)
  to   space 2048K, 0% used [0x00000000d6800000,0x00000000d6800000,0x00000000d6a00000)
 ParOldGen       total 96256K, used 96232K [0x0000000080000000, 0x0000000085e00000, 0x00000000d5580000)
  object space 96256K, 99% used [0x0000000080000000,0x0000000085dfa3c8,0x0000000085e00000)
 Metaspace       used 53717K, committed 54976K, reserved 1114112K
  class space    used 5779K, committed 6272K, reserved 1048576K
}
Event: 8.145 GC heap after
{Heap after GC invocations=59 (full 2):
 PSYoungGen      total 20992K, used 2032K [0x00000000d5580000, 0x00000000d7000000, 0x0000000100000000)
  eden space 18944K, 0% used [0x00000000d5580000,0x00000000d5580000,0x00000000d6800000)
  from space 2048K, 99% used [0x00000000d6800000,0x00000000d69fc260,0x00000000d6a00000)
  to   space 4096K, 0% used [0x00000000d6c00000,0x00000000d6c00000,0x00000000d7000000)
 ParOldGen       total 97792K, used 97752K [0x0000000080000000, 0x0000000085f80000, 0x00000000d5580000)
  object space 97792K, 99% used [0x0000000080000000,0x0000000085f763c8,0x0000000085f80000)
 Metaspace       used 53717K, committed 54976K, reserved 1114112K
  class space    used 5779K, committed 6272K, reserved 1048576K
}
Event: 8.213 GC heap before
{Heap before GC invocations=60 (full 2):
 PSYoungGen      total 20992K, used 20976K [0x00000000d5580000, 0x00000000d7000000, 0x0000000100000000)
  eden space 18944K, 100% used [0x00000000d5580000,0x00000000d6800000,0x00000000d6800000)
  from space 2048K, 99% used [0x00000000d6800000,0x00000000d69fc260,0x00000000d6a00000)
  to   space 4096K, 0% used [0x00000000d6c00000,0x00000000d6c00000,0x00000000d7000000)
 ParOldGen       total 97792K, used 97752K [0x0000000080000000, 0x0000000085f80000, 0x00000000d5580000)
  object space 97792K, 99% used [0x0000000080000000,0x0000000085f763c8,0x0000000085f80000)
 Metaspace       used 53902K, committed 55168K, reserved 1114112K
  class space    used 5800K, committed 6336K, reserved 1048576K
}
Event: 8.216 GC heap after
{Heap after GC invocations=60 (full 2):
 PSYoungGen      total 21504K, used 2235K [0x00000000d5580000, 0x00000000d6e80000, 0x0000000100000000)
  eden space 18944K, 0% used [0x00000000d5580000,0x00000000d5580000,0x00000000d6800000)
  from space 2560K, 87% used [0x00000000d6c00000,0x00000000d6e2ee28,0x00000000d6e80000)
  to   space 3072K, 0% used [0x00000000d6880000,0x00000000d6880000,0x00000000d6b80000)
 ParOldGen       total 99840K, used 99527K [0x0000000080000000, 0x0000000086180000, 0x00000000d5580000)
  object space 99840K, 99% used [0x0000000080000000,0x0000000086131df0,0x0000000086180000)
 Metaspace       used 53902K, committed 55168K, reserved 1114112K
  class space    used 5800K, committed 6336K, reserved 1048576K
}
Event: 8.278 GC heap before
{Heap before GC invocations=61 (full 2):
 PSYoungGen      total 21504K, used 21179K [0x00000000d5580000, 0x00000000d6e80000, 0x0000000100000000)
  eden space 18944K, 100% used [0x00000000d5580000,0x00000000d6800000,0x00000000d6800000)
  from space 2560K, 87% used [0x00000000d6c00000,0x00000000d6e2ee28,0x00000000d6e80000)
  to   space 3072K, 0% used [0x00000000d6880000,0x00000000d6880000,0x00000000d6b80000)
 ParOldGen       total 99840K, used 99527K [0x0000000080000000, 0x0000000086180000, 0x00000000d5580000)
  object space 99840K, 99% used [0x0000000080000000,0x0000000086131e08,0x0000000086180000)
 Metaspace       used 54306K, committed 55552K, reserved 1114112K
  class space    used 5834K, committed 6336K, reserved 1048576K
}
Event: 8.281 GC heap after
{Heap after GC invocations=61 (full 2):
 PSYoungGen      total 22016K, used 2992K [0x00000000d5580000, 0x00000000d6f00000, 0x0000000100000000)
  eden space 18944K, 0% used [0x00000000d5580000,0x00000000d5580000,0x00000000d6800000)
  from space 3072K, 97% used [0x00000000d6880000,0x00000000d6b6c1c0,0x00000000d6b80000)
  to   space 3584K, 0% used [0x00000000d6b80000,0x00000000d6b80000,0x00000000d6f00000)
 ParOldGen       total 101888K, used 101414K [0x0000000080000000, 0x0000000086380000, 0x00000000d5580000)
  object space 101888K, 99% used [0x0000000080000000,0x0000000086309830,0x0000000086380000)
 Metaspace       used 54306K, committed 55552K, reserved 1114112K
  class space    used 5834K, committed 6336K, reserved 1048576K
}

Dll operation events (10 events):
Event: 0.008 Loaded shared library c:\Users\TCHAMGOUE Yann\.vscode\extensions\redhat.java-1.44.0-win32-x64\jre\21.0.8-win32-x86_64\bin\java.dll
Event: 0.055 Loaded shared library c:\Users\TCHAMGOUE Yann\.vscode\extensions\redhat.java-1.44.0-win32-x64\jre\21.0.8-win32-x86_64\bin\zip.dll
Event: 0.070 Loaded shared library C:\Users\TCHAMGOUE Yann\.vscode\extensions\redhat.java-1.44.0-win32-x64\jre\21.0.8-win32-x86_64\bin\instrument.dll
Event: 0.074 Loaded shared library C:\Users\TCHAMGOUE Yann\.vscode\extensions\redhat.java-1.44.0-win32-x64\jre\21.0.8-win32-x86_64\bin\net.dll
Event: 0.076 Loaded shared library C:\Users\TCHAMGOUE Yann\.vscode\extensions\redhat.java-1.44.0-win32-x64\jre\21.0.8-win32-x86_64\bin\nio.dll
Event: 0.078 Loaded shared library C:\Users\TCHAMGOUE Yann\.vscode\extensions\redhat.java-1.44.0-win32-x64\jre\21.0.8-win32-x86_64\bin\zip.dll
Event: 0.091 Loaded shared library C:\Users\TCHAMGOUE Yann\.vscode\extensions\redhat.java-1.44.0-win32-x64\jre\21.0.8-win32-x86_64\bin\jimage.dll
Event: 0.162 Loaded shared library c:\Users\TCHAMGOUE Yann\.vscode\extensions\redhat.java-1.44.0-win32-x64\jre\21.0.8-win32-x86_64\bin\verify.dll
Event: 1.143 Loaded shared library C:\Users\TCHAMGOUE Yann\AppData\Roaming\Code\User\globalStorage\redhat.java\1.44.0\config_win\org.eclipse.equinox.launcher\org.eclipse.equinox.launcher.win32.win32.x86_64_1.2.1400.v20250730-1736\eclipse_11913.dll
Event: 2.558 Loaded shared library C:\Users\TCHAMGOUE Yann\AppData\Local\Temp\jna-818174091\jna8610869918558811485.dll

Deoptimization events (20 events):
Event: 8.276 Thread 0x000001d07f778910 DEOPT PACKING pc=0x000001d000fc0053 sp=0x00000028e5afef20
Event: 8.276 Thread 0x000001d07f778910 DEOPT UNPACKING pc=0x000001d007584242 sp=0x00000028e5afe488 mode 0
Event: 8.284 Thread 0x000001d07f778280 DEOPT PACKING pc=0x000001d000a8c246 sp=0x00000028e59fd960
Event: 8.284 Thread 0x000001d07f778280 DEOPT UNPACKING pc=0x000001d007584242 sp=0x00000028e59fcee0 mode 0
Event: 8.285 Thread 0x000001d07f778910 DEOPT PACKING pc=0x000001d000fc00d3 sp=0x00000028e5afef20
Event: 8.285 Thread 0x000001d07f778910 DEOPT UNPACKING pc=0x000001d007584242 sp=0x00000028e5afe488 mode 0
Event: 8.290 Thread 0x000001d07f778910 DEOPT PACKING pc=0x000001d000c17a22 sp=0x00000028e5afeef0
Event: 8.290 Thread 0x000001d07f778910 DEOPT UNPACKING pc=0x000001d007584242 sp=0x00000028e5afe468 mode 0
Event: 8.291 Thread 0x000001d07f778910 DEOPT PACKING pc=0x000001d000fc0053 sp=0x00000028e5afef20
Event: 8.291 Thread 0x000001d07f778910 DEOPT UNPACKING pc=0x000001d007584242 sp=0x00000028e5afe488 mode 0
Event: 8.296 Thread 0x000001d07f778280 DEOPT PACKING pc=0x000001d000d93567 sp=0x00000028e59fdae0
Event: 8.296 Thread 0x000001d07f778280 DEOPT UNPACKING pc=0x000001d007584242 sp=0x00000028e59fd050 mode 0
Event: 8.299 Thread 0x000001d07f778910 DEOPT PACKING pc=0x000001d000c17a22 sp=0x00000028e5afeef0
Event: 8.299 Thread 0x000001d07f778910 DEOPT UNPACKING pc=0x000001d007584242 sp=0x00000028e5afe468 mode 0
Event: 8.299 Thread 0x000001d07f778910 DEOPT PACKING pc=0x000001d000fc0053 sp=0x00000028e5afef20
Event: 8.299 Thread 0x000001d07f778910 DEOPT UNPACKING pc=0x000001d007584242 sp=0x00000028e5afe488 mode 0
Event: 8.305 Thread 0x000001d07f778910 DEOPT PACKING pc=0x000001d000fc0053 sp=0x00000028e5afef20
Event: 8.305 Thread 0x000001d07f778910 DEOPT UNPACKING pc=0x000001d007584242 sp=0x00000028e5afe488 mode 0
Event: 8.307 Thread 0x000001d07f778280 DEOPT PACKING pc=0x000001d000a8c246 sp=0x00000028e59fd960
Event: 8.307 Thread 0x000001d07f778280 DEOPT UNPACKING pc=0x000001d007584242 sp=0x00000028e59fcee0 mode 0

Classes loaded (20 events):
Event: 7.017 Loading class sun/security/provider/ByteArrayAccess$LE
Event: 7.017 Loading class sun/security/provider/ByteArrayAccess$LE done
Event: 7.537 Loading class java/util/concurrent/ForkJoinTask$AdaptedCallable
Event: 7.538 Loading class java/util/concurrent/ForkJoinTask$AdaptedCallable done
Event: 7.550 Loading class java/util/TreeMap$AscendingSubMap
Event: 7.551 Loading class java/util/TreeMap$NavigableSubMap
Event: 7.551 Loading class java/util/TreeMap$NavigableSubMap done
Event: 7.551 Loading class java/util/TreeMap$AscendingSubMap done
Event: 7.551 Loading class java/util/TreeMap$AscendingSubMap$AscendingEntrySetView
Event: 7.551 Loading class java/util/TreeMap$NavigableSubMap$EntrySetView
Event: 7.552 Loading class java/util/TreeMap$NavigableSubMap$EntrySetView done
Event: 7.552 Loading class java/util/TreeMap$AscendingSubMap$AscendingEntrySetView done
Event: 7.552 Loading class java/util/TreeMap$NavigableSubMap$SubMapEntryIterator
Event: 7.552 Loading class java/util/TreeMap$NavigableSubMap$SubMapIterator
Event: 7.552 Loading class java/util/TreeMap$NavigableSubMap$SubMapIterator done
Event: 7.552 Loading class java/util/TreeMap$NavigableSubMap$SubMapEntryIterator done
Event: 7.856 Loading class java/util/Vector$1
Event: 7.857 Loading class java/util/Vector$1 done
Event: 8.200 Loading class java/util/regex/Pattern$Caret
Event: 8.201 Loading class java/util/regex/Pattern$Caret done

Classes unloaded (7 events):
Event: 3.267 Thread 0x000001d070ee6e20 Unloading class 0x000001d0101ab800 'java/lang/invoke/LambdaForm$MH+0x000001d0101ab800'
Event: 3.267 Thread 0x000001d070ee6e20 Unloading class 0x000001d0101ab400 'java/lang/invoke/LambdaForm$MH+0x000001d0101ab400'
Event: 3.267 Thread 0x000001d070ee6e20 Unloading class 0x000001d0101ab000 'java/lang/invoke/LambdaForm$MH+0x000001d0101ab000'
Event: 3.267 Thread 0x000001d070ee6e20 Unloading class 0x000001d0101aac00 'java/lang/invoke/LambdaForm$MH+0x000001d0101aac00'
Event: 3.267 Thread 0x000001d070ee6e20 Unloading class 0x000001d0101aa800 'java/lang/invoke/LambdaForm$BMH+0x000001d0101aa800'
Event: 3.267 Thread 0x000001d070ee6e20 Unloading class 0x000001d0101aa400 'java/lang/invoke/LambdaForm$DMH+0x000001d0101aa400'
Event: 3.267 Thread 0x000001d070ee6e20 Unloading class 0x000001d0101a9000 'java/lang/invoke/LambdaForm$DMH+0x000001d0101a9000'

Classes redefined (0 events):
No events

Internal exceptions (20 events):
Event: 7.013 Thread 0x000001d07f778910 Exception <a 'sun/nio/fs/WindowsException'{0x00000000d60a7db0}> (0x00000000d60a7db0) 
thrown [s\src\hotspot\share\prims\jni.cpp, line 520]
Event: 7.032 Thread 0x000001d07f778280 Exception <a 'java/lang/NoSuchMethodError'{0x00000000d62aae68}: 'int java.lang.invoke.DirectMethodHandle$Holder.invokeStatic(java.lang.Object)'> (0x00000000d62aae68) 
thrown [s\src\hotspot\share\interpreter\linkResolver.cpp, line 773]
Event: 7.058 Thread 0x000001d07f778280 Exception <a 'java/io/FileNotFoundException'{0x00000000d55800f0}> (0x00000000d55800f0) 
thrown [s\src\hotspot\share\prims\jni.cpp, line 520]
Event: 7.058 Thread 0x000001d07f778280 Exception <a 'java/io/FileNotFoundException'{0x00000000d5581538}> (0x00000000d5581538) 
thrown [s\src\hotspot\share\prims\jni.cpp, line 520]
Event: 7.061 Thread 0x000001d07f778280 Exception <a 'java/io/FileNotFoundException'{0x00000000d5697d48}> (0x00000000d5697d48) 
thrown [s\src\hotspot\share\prims\jni.cpp, line 520]
Event: 7.062 Thread 0x000001d07f778280 Exception <a 'java/io/FileNotFoundException'{0x00000000d5699128}> (0x00000000d5699128) 
thrown [s\src\hotspot\share\prims\jni.cpp, line 520]
Event: 7.062 Thread 0x000001d07f778280 Exception <a 'java/io/FileNotFoundException'{0x00000000d569a5a8}> (0x00000000d569a5a8) 
thrown [s\src\hotspot\share\prims\jni.cpp, line 520]
Event: 7.221 Thread 0x000001d07f778910 Exception <a 'sun/nio/fs/WindowsException'{0x00000000d659f470}> (0x00000000d659f470) 
thrown [s\src\hotspot\share\prims\jni.cpp, line 520]
Event: 7.536 Thread 0x000001d07f778280 Exception <a 'sun/nio/fs/WindowsException'{0x00000000d5c7a470}> (0x00000000d5c7a470) 
thrown [s\src\hotspot\share\prims\jni.cpp, line 520]
Event: 7.553 Thread 0x000001d07f778280 Exception <a 'sun/nio/fs/WindowsException'{0x00000000d613c4f0}> (0x00000000d613c4f0) 
thrown [s\src\hotspot\share\prims\jni.cpp, line 520]
Event: 7.554 Thread 0x000001d05a4752d0 Exception <a 'sun/nio/fs/WindowsException'{0x00000000d5d69940}> (0x00000000d5d69940) 
thrown [s\src\hotspot\share\prims\jni.cpp, line 520]
Event: 7.555 Thread 0x000001d05a475ff0 Exception <a 'sun/nio/fs/WindowsException'{0x00000000d6196e50}> (0x00000000d6196e50) 
thrown [s\src\hotspot\share\prims\jni.cpp, line 520]
Event: 7.556 Thread 0x000001d05a4745b0 Exception <a 'sun/nio/fs/WindowsException'{0x00000000d61b6998}> (0x00000000d61b6998) 
thrown [s\src\hotspot\share\prims\jni.cpp, line 520]
Event: 7.557 Thread 0x000001d05a474c40 Exception <a 'sun/nio/fs/WindowsException'{0x00000000d61c6a98}> (0x00000000d61c6a98) 
thrown [s\src\hotspot\share\prims\jni.cpp, line 520]
Event: 7.557 Thread 0x000001d05a476680 Exception <a 'sun/nio/fs/WindowsException'{0x00000000d61a7588}> (0x00000000d61a7588) 
thrown [s\src\hotspot\share\prims\jni.cpp, line 520]
Event: 7.557 Thread 0x000001d05a479b00 Exception <a 'sun/nio/fs/WindowsException'{0x00000000d61d6ad0}> (0x00000000d61d6ad0) 
thrown [s\src\hotspot\share\prims\jni.cpp, line 520]
Event: 7.557 Thread 0x000001d05a4752d0 Exception <a 'sun/nio/fs/WindowsException'{0x00000000d5d6ba78}> (0x00000000d5d6ba78) 
thrown [s\src\hotspot\share\prims\jni.cpp, line 520]
Event: 7.558 Thread 0x000001d05a475ff0 Exception <a 'sun/nio/fs/WindowsException'{0x00000000d619cbb8}> (0x00000000d619cbb8) 
thrown [s\src\hotspot\share\prims\jni.cpp, line 520]
Event: 7.558 Thread 0x000001d05a4752d0 Exception <a 'sun/nio/fs/WindowsException'{0x00000000d5d6d500}> (0x00000000d5d6d500) 
thrown [s\src\hotspot\share\prims\jni.cpp, line 520]
Event: 7.559 Thread 0x000001d05a479b00 Exception <a 'sun/nio/fs/WindowsException'{0x00000000d61d8898}> (0x00000000d61d8898) 
thrown [s\src\hotspot\share\prims\jni.cpp, line 520]

ZGC Phase Switch (0 events):
No events

VM Operations (20 events):
Event: 7.723 Executing VM operation: ParallelGCFailedAllocation (Allocation Failure)
Event: 7.725 Executing VM operation: ParallelGCFailedAllocation (Allocation Failure) done
Event: 7.804 Executing VM operation: ParallelGCFailedAllocation (Allocation Failure)
Event: 7.807 Executing VM operation: ParallelGCFailedAllocation (Allocation Failure) done
Event: 7.870 Executing VM operation: ParallelGCFailedAllocation (Allocation Failure)
Event: 7.873 Executing VM operation: ParallelGCFailedAllocation (Allocation Failure) done
Event: 7.957 Executing VM operation: ParallelGCFailedAllocation (Allocation Failure)
Event: 7.959 Executing VM operation: ParallelGCFailedAllocation (Allocation Failure) done
Event: 8.037 Executing VM operation: ParallelGCFailedAllocation (Allocation Failure)
Event: 8.039 Executing VM operation: ParallelGCFailedAllocation (Allocation Failure) done
Event: 8.090 Executing VM operation: ParallelGCFailedAllocation (Allocation Failure)
Event: 8.092 Executing VM operation: ParallelGCFailedAllocation (Allocation Failure) done
Event: 8.142 Executing VM operation: ParallelGCFailedAllocation (Allocation Failure)
Event: 8.145 Executing VM operation: ParallelGCFailedAllocation (Allocation Failure) done
Event: 8.213 Executing VM operation: ParallelGCFailedAllocation (Allocation Failure)
Event: 8.216 Executing VM operation: ParallelGCFailedAllocation (Allocation Failure) done
Event: 8.278 Executing VM operation: ParallelGCFailedAllocation (Allocation Failure)
Event: 8.278 Executing VM operation: ParallelGCFailedAllocation (Allocation Failure) done
Event: 8.278 Executing VM operation: ParallelGCSystemGC (GCLocker Initiated GC)
Event: 8.281 Executing VM operation: ParallelGCSystemGC (GCLocker Initiated GC) done

Memory protections (0 events):
No events

Nmethod flushes (20 events):
Event: 4.652 Thread 0x000001d070ee6e20 flushing  nmethod 0x000001d0006f8f90
Event: 4.652 Thread 0x000001d070ee6e20 flushing  nmethod 0x000001d0006fbc10
Event: 4.652 Thread 0x000001d070ee6e20 flushing  nmethod 0x000001d0006fc890
Event: 4.652 Thread 0x000001d070ee6e20 flushing  nmethod 0x000001d0006fe490
Event: 4.652 Thread 0x000001d070ee6e20 flushing  nmethod 0x000001d0006ff110
Event: 4.652 Thread 0x000001d070ee6e20 flushing  nmethod 0x000001d0006ff610
Event: 4.652 Thread 0x000001d070ee6e20 flushing  nmethod 0x000001d000700490
Event: 4.652 Thread 0x000001d070ee6e20 flushing  nmethod 0x000001d000741c10
Event: 4.652 Thread 0x000001d070ee6e20 flushing  nmethod 0x000001d000746f10
Event: 4.652 Thread 0x000001d070ee6e20 flushing  nmethod 0x000001d00074a710
Event: 4.652 Thread 0x000001d070ee6e20 flushing  nmethod 0x000001d000786d90
Event: 4.652 Thread 0x000001d070ee6e20 flushing  nmethod 0x000001d0007c0710
Event: 4.652 Thread 0x000001d070ee6e20 flushing  nmethod 0x000001d0007c0b90
Event: 4.652 Thread 0x000001d070ee6e20 flushing  nmethod 0x000001d0007dfb10
Event: 4.652 Thread 0x000001d070ee6e20 flushing  nmethod 0x000001d0007dff90
Event: 4.652 Thread 0x000001d070ee6e20 flushing  nmethod 0x000001d0007e0e10
Event: 4.652 Thread 0x000001d070ee6e20 flushing  nmethod 0x000001d0007e1910
Event: 4.652 Thread 0x000001d070ee6e20 flushing  nmethod 0x000001d0007e1f10
Event: 4.652 Thread 0x000001d070ee6e20 flushing  nmethod 0x000001d0007e2910
Event: 4.652 Thread 0x000001d070ee6e20 flushing  nmethod 0x000001d000806810

Events (20 events):
Event: 4.621 Thread 0x000001d06eb5b6d0 Thread added: 0x000001d050e45b80
Event: 4.621 Thread 0x000001d06eb5b6d0 Thread added: 0x000001d050e4a3b0
Event: 4.692 Thread 0x000001d06eb5b6d0 Thread added: 0x000001d050e4b760
Event: 4.727 Thread 0x000001d050e44e60 Thread added: 0x000001d050e4aa40
Event: 5.047 Thread 0x000001d06eb5b6d0 Thread added: 0x000001d050e4b0d0
Event: 5.047 Thread 0x000001d06eb5b6d0 Thread added: 0x000001d050e4bdf0
Event: 7.539 Thread 0x000001d07f778280 Thread added: 0x000001d05a4752d0
Event: 7.554 Thread 0x000001d05a4752d0 Thread added: 0x000001d05a475ff0
Event: 7.555 Thread 0x000001d05a475ff0 Thread added: 0x000001d05a476680
Event: 7.555 Thread 0x000001d05a4752d0 Thread added: 0x000001d05a474c40
Event: 7.555 Thread 0x000001d05a4752d0 Thread added: 0x000001d05a4745b0
Event: 7.555 Thread 0x000001d05a475ff0 Thread added: 0x000001d05a479b00
Event: 7.556 Thread 0x000001d05a4745b0 Thread added: 0x000001d05a478750
Event: 7.556 Thread 0x000001d05a479b00 Thread added: 0x000001d05a47a820
Event: 7.601 Thread 0x000001d07f778280 Thread added: 0x000001d05a47a190
Event: 7.601 Thread 0x000001d07f778280 Thread added: 0x000001d05a477a30
Event: 7.602 Thread 0x000001d07f778280 Thread added: 0x000001d05a478de0
Event: 7.602 Thread 0x000001d07f778280 Thread added: 0x000001d05a479470
Event: 7.602 Thread 0x000001d07f778280 Thread added: 0x000001d05a4773a0
Event: 7.602 Thread 0x000001d07f778280 Thread added: 0x000001d05a47aeb0


Dynamic libraries:
0x00007ff69d870000 - 0x00007ff69d87e000 	c:\Users\TCHAMGOUE Yann\.vscode\extensions\redhat.java-1.44.0-win32-x64\jre\21.0.8-win32-x86_64\bin\java.exe
0x00007ffe1bf00000 - 0x00007ffe1c160000 	C:\WINDOWS\SYSTEM32\ntdll.dll
0x00007ffdeb900000 - 0x00007ffdeb920000 	C:\Program Files\Avast Software\Avast\aswhook.dll
0x00007ffe1af40000 - 0x00007ffe1b007000 	C:\WINDOWS\System32\KERNEL32.DLL
0x00007ffe198a0000 - 0x00007ffe19c6b000 	C:\WINDOWS\System32\KERNELBASE.dll
0x00007ffe19110000 - 0x00007ffe1925b000 	C:\WINDOWS\System32\ucrtbase.dll
0x00007ffde0320000 - 0x00007ffde033e000 	c:\Users\TCHAMGOUE Yann\.vscode\extensions\redhat.java-1.44.0-win32-x64\jre\21.0.8-win32-x86_64\bin\VCRUNTIME140.dll
0x00007ffe03b70000 - 0x00007ffe03b88000 	c:\Users\TCHAMGOUE Yann\.vscode\extensions\redhat.java-1.44.0-win32-x64\jre\21.0.8-win32-x86_64\bin\jli.dll
0x00007ffe1a2a0000 - 0x00007ffe1a46c000 	C:\WINDOWS\System32\USER32.dll
0x00007ffe02240000 - 0x00007ffe024d7000 	C:\WINDOWS\WinSxS\amd64_microsoft.windows.common-controls_6595b64144ccf1df_6.0.26100.3624_none_3e086962e3345f24\COMCTL32.dll
0x00007ffe190e0000 - 0x00007ffe19107000 	C:\WINDOWS\System32\win32u.dll
0x00007ffe1b010000 - 0x00007ffe1b03a000 	C:\WINDOWS\System32\GDI32.dll
0x00007ffe1bd90000 - 0x00007ffe1be39000 	C:\WINDOWS\System32\msvcrt.dll
0x00007ffe19550000 - 0x00007ffe19681000 	C:\WINDOWS\System32\gdi32full.dll
0x00007ffe197f0000 - 0x00007ffe19893000 	C:\WINDOWS\System32\msvcp_win.dll
0x00007ffe19d00000 - 0x00007ffe19d2f000 	C:\WINDOWS\System32\IMM32.DLL
0x00007ffdf8b50000 - 0x00007ffdf8b5c000 	c:\Users\TCHAMGOUE Yann\.vscode\extensions\redhat.java-1.44.0-win32-x64\jre\21.0.8-win32-x86_64\bin\vcruntime140_1.dll
0x00007ffd7ce10000 - 0x00007ffd7ce9d000 	c:\Users\TCHAMGOUE Yann\.vscode\extensions\redhat.java-1.44.0-win32-x64\jre\21.0.8-win32-x86_64\bin\msvcp140.dll
0x00007ffd7c070000 - 0x00007ffd7ce07000 	c:\Users\TCHAMGOUE Yann\.vscode\extensions\redhat.java-1.44.0-win32-x64\jre\21.0.8-win32-x86_64\bin\server\jvm.dll
0x00007ffe1b8f0000 - 0x00007ffe1b9a3000 	C:\WINDOWS\System32\ADVAPI32.dll
0x00007ffe1bce0000 - 0x00007ffe1bd86000 	C:\WINDOWS\System32\sechost.dll
0x00007ffe1ae20000 - 0x00007ffe1af36000 	C:\WINDOWS\System32\RPCRT4.dll
0x00007ffe1bbb0000 - 0x00007ffe1bc24000 	C:\WINDOWS\System32\WS2_32.dll
0x00007ffe18f60000 - 0x00007ffe18fbe000 	C:\WINDOWS\SYSTEM32\POWRPROF.dll
0x00007ffddc490000 - 0x00007ffddc4c6000 	C:\WINDOWS\SYSTEM32\WINMM.dll
0x00007ffe09c30000 - 0x00007ffe09c3b000 	C:\WINDOWS\SYSTEM32\VERSION.dll
0x00007ffe18e90000 - 0x00007ffe18ea4000 	C:\WINDOWS\SYSTEM32\UMPDC.dll
0x00007ffe17ef0000 - 0x00007ffe17f0a000 	C:\WINDOWS\SYSTEM32\kernel.appcore.dll
0x00007ffdf6f70000 - 0x00007ffdf6f7a000 	c:\Users\TCHAMGOUE Yann\.vscode\extensions\redhat.java-1.44.0-win32-x64\jre\21.0.8-win32-x86_64\bin\jimage.dll
0x00007ffe09820000 - 0x00007ffe09a61000 	C:\WINDOWS\SYSTEM32\DBGHELP.DLL
0x00007ffe19f10000 - 0x00007ffe1a293000 	C:\WINDOWS\System32\combase.dll
0x00007ffe1b1e0000 - 0x00007ffe1b2b6000 	C:\WINDOWS\System32\OLEAUT32.dll
0x00007ffe097e0000 - 0x00007ffe09819000 	C:\WINDOWS\SYSTEM32\dbgcore.DLL
0x00007ffe19690000 - 0x00007ffe19729000 	C:\WINDOWS\System32\bcryptPrimitives.dll
0x00007ffe16050000 - 0x00007ffe1605f000 	c:\Users\TCHAMGOUE Yann\.vscode\extensions\redhat.java-1.44.0-win32-x64\jre\21.0.8-win32-x86_64\bin\instrument.dll
0x00007ffdd77f0000 - 0x00007ffdd780f000 	c:\Users\TCHAMGOUE Yann\.vscode\extensions\redhat.java-1.44.0-win32-x64\jre\21.0.8-win32-x86_64\bin\java.dll
0x00007ffe1a6f0000 - 0x00007ffe1ae19000 	C:\WINDOWS\System32\SHELL32.dll
0x00007ffe19260000 - 0x00007ffe193c8000 	C:\WINDOWS\System32\wintypes.dll
0x00007ffe16d50000 - 0x00007ffe175a2000 	C:\WINDOWS\SYSTEM32\windows.storage.dll
0x00007ffe19d40000 - 0x00007ffe19e2d000 	C:\WINDOWS\System32\SHCORE.dll
0x00007ffe1a650000 - 0x00007ffe1a6b4000 	C:\WINDOWS\System32\shlwapi.dll
0x00007ffe18ff0000 - 0x00007ffe1901f000 	C:\WINDOWS\SYSTEM32\profapi.dll
0x00007ffdbcf20000 - 0x00007ffdbcf38000 	c:\Users\TCHAMGOUE Yann\.vscode\extensions\redhat.java-1.44.0-win32-x64\jre\21.0.8-win32-x86_64\bin\zip.dll
0x00007ffdf5ea0000 - 0x00007ffdf5eb0000 	C:\Users\TCHAMGOUE Yann\.vscode\extensions\redhat.java-1.44.0-win32-x64\jre\21.0.8-win32-x86_64\bin\net.dll
0x00007ffe0dc10000 - 0x00007ffe0dd2d000 	C:\WINDOWS\SYSTEM32\WINHTTP.dll
0x00007ffe18410000 - 0x00007ffe1847a000 	C:\WINDOWS\system32\mswsock.dll
0x00007ffda5570000 - 0x00007ffda5586000 	C:\Users\TCHAMGOUE Yann\.vscode\extensions\redhat.java-1.44.0-win32-x64\jre\21.0.8-win32-x86_64\bin\nio.dll
0x00007ffe16040000 - 0x00007ffe16050000 	c:\Users\TCHAMGOUE Yann\.vscode\extensions\redhat.java-1.44.0-win32-x64\jre\21.0.8-win32-x86_64\bin\verify.dll
0x00007ffdf3e30000 - 0x00007ffdf3e75000 	C:\Users\TCHAMGOUE Yann\AppData\Roaming\Code\User\globalStorage\redhat.java\1.44.0\config_win\org.eclipse.equinox.launcher\org.eclipse.equinox.launcher.win32.win32.x86_64_1.2.1400.v20250730-1736\eclipse_11913.dll
0x00007ffe1b040000 - 0x00007ffe1b1d6000 	C:\WINDOWS\System32\ole32.dll
0x00007ffe186b0000 - 0x00007ffe186cc000 	C:\WINDOWS\SYSTEM32\CRYPTSP.dll
0x00007ffe17e50000 - 0x00007ffe17e8a000 	C:\WINDOWS\system32\rsaenh.dll
0x00007ffe184b0000 - 0x00007ffe184db000 	C:\WINDOWS\SYSTEM32\USERENV.dll
0x00007ffe188f0000 - 0x00007ffe18916000 	C:\WINDOWS\SYSTEM32\bcrypt.dll
0x00007ffe186d0000 - 0x00007ffe186dc000 	C:\WINDOWS\SYSTEM32\CRYPTBASE.dll
0x00007ffe17990000 - 0x00007ffe179c3000 	C:\WINDOWS\SYSTEM32\IPHLPAPI.DLL
0x00007ffe1b8e0000 - 0x00007ffe1b8ea000 	C:\WINDOWS\System32\NSI.dll
0x00007ffdecfd0000 - 0x00007ffded019000 	C:\Users\TCHAMGOUE Yann\AppData\Local\Temp\jna-818174091\jna8610869918558811485.dll
0x00007ffe1bb10000 - 0x00007ffe1bb18000 	C:\WINDOWS\System32\PSAPI.DLL
0x00007ffe10b50000 - 0x00007ffe10b6f000 	C:\WINDOWS\SYSTEM32\dhcpcsvc6.DLL
0x00007ffe10b20000 - 0x00007ffe10b45000 	C:\WINDOWS\SYSTEM32\dhcpcsvc.DLL

JVMTI agents:
c:\Users\TCHAMGOUE Yann\.vscode\extensions\redhat.java-1.44.0-win32-x64\lombok\lombok-1.18.39-4050.jar path:c:\Users\TCHAMGOUE Yann\.vscode\extensions\redhat.java-1.44.0-win32-x64\jre\21.0.8-win32-x86_64\bin\instrument.dll, loaded, initialized, instrumentlib options:none

dbghelp: loaded successfully - version: 4.0.5 - missing functions: none
symbol engine: initialized successfully - sym options: 0x614 - pdb path: .;c:\Users\TCHAMGOUE Yann\.vscode\extensions\redhat.java-1.44.0-win32-x64\jre\21.0.8-win32-x86_64\bin;C:\WINDOWS\SYSTEM32;C:\Program Files\Avast Software\Avast;C:\WINDOWS\WinSxS\amd64_microsoft.windows.common-controls_6595b64144ccf1df_6.0.26100.3624_none_3e086962e3345f24;c:\Users\TCHAMGOUE Yann\.vscode\extensions\redhat.java-1.44.0-win32-x64\jre\21.0.8-win32-x86_64\bin\server;C:\Users\TCHAMGOUE Yann\AppData\Roaming\Code\User\globalStorage\redhat.java\1.44.0\config_win\org.eclipse.equinox.launcher\org.eclipse.equinox.launcher.win32.win32.x86_64_1.2.1400.v20250730-1736;C:\Users\TCHAMGOUE Yann\AppData\Local\Temp\jna-818174091

VM Arguments:
jvm_args: --add-modules=ALL-SYSTEM --add-opens=java.base/java.util=ALL-UNNAMED --add-opens=java.base/java.lang=ALL-UNNAMED --add-opens=java.base/sun.nio.fs=ALL-UNNAMED -Declipse.application=org.eclipse.jdt.ls.core.id1 -Dosgi.bundles.defaultStartLevel=4 -Declipse.product=org.eclipse.jdt.ls.core.product -Djava.import.generatesMetadataFilesAtProjectRoot=false -DDetectVMInstallationsJob.disabled=true -Dfile.encoding=utf8 -XX:+UseParallelGC -XX:GCTimeRatio=4 -XX:AdaptiveSizePolicyWeight=90 -Dsun.zip.disableMemoryMapping=true -Xmx2G -Xms100m -Xlog:disable -javaagent:c:\Users\TCHAMGOUE Yann\.vscode\extensions\redhat.java-1.44.0-win32-x64\lombok\lombok-1.18.39-4050.jar -XX:+HeapDumpOnOutOfMemoryError -XX:HeapDumpPath=c:\Users\TCHAMGOUE Yann\AppData\Roaming\Code\User\workspaceStorage\0ce6ff431c656783e2bd0f60588f111c\redhat.java -Daether.dependencyCollector.impl=bf 
java_command: c:\Users\TCHAMGOUE Yann\.vscode\extensions\redhat.java-1.44.0-win32-x64\server\plugins\org.eclipse.equinox.launcher_1.7.0.v20250519-0528.jar -configuration c:\Users\TCHAMGOUE Yann\AppData\Roaming\Code\User\globalStorage\redhat.java\1.44.0\config_win -data c:\Users\TCHAMGOUE Yann\AppData\Roaming\Code\User\workspaceStorage\0ce6ff431c656783e2bd0f60588f111c\redhat.java\jdt_ws --pipe=\\.\pipe\lsp-45e225b4873a316e375e0e1dd7364ef8-sock
java_class_path (initial): c:\Users\TCHAMGOUE Yann\.vscode\extensions\redhat.java-1.44.0-win32-x64\server\plugins\org.eclipse.equinox.launcher_1.7.0.v20250519-0528.jar
Launcher Type: SUN_STANDARD

[Global flags]
    uintx AdaptiveSizePolicyWeight                 = 90                                        {product} {command line}
     intx CICompilerCount                          = 4                                         {product} {ergonomic}
    uintx GCTimeRatio                              = 4                                         {product} {command line}
     bool HeapDumpOnOutOfMemoryError               = true                                   {manageable} {command line}
    ccstr HeapDumpPath                             = c:\Users\TCHAMGOUE Yann\AppData\Roaming\Code\User\workspaceStorage\0ce6ff431c656783e2bd0f60588f111c\redhat.java         {manageable} {command line}
   size_t InitialHeapSize                          = 104857600                                 {product} {command line}
   size_t MaxHeapSize                              = 2147483648                                {product} {command line}
   size_t MaxNewSize                               = 715653120                                 {product} {ergonomic}
   size_t MinHeapDeltaBytes                        = 524288                                    {product} {ergonomic}
   size_t MinHeapSize                              = 104857600                                 {product} {command line}
   size_t NewSize                                  = 34603008                                  {product} {ergonomic}
    uintx NonNMethodCodeHeapSize                   = 5839372                                {pd product} {ergonomic}
    uintx NonProfiledCodeHeapSize                  = 122909434                              {pd product} {ergonomic}
   size_t OldSize                                  = 70254592                                  {product} {ergonomic}
    uintx ProfiledCodeHeapSize                     = 122909434                              {pd product} {ergonomic}
    uintx ReservedCodeCacheSize                    = 251658240                              {pd product} {ergonomic}
     bool SegmentedCodeCache                       = true                                      {product} {ergonomic}
   size_t SoftMaxHeapSize                          = 2147483648                             {manageable} {ergonomic}
     bool UseCompressedOops                        = true                           {product lp64_product} {ergonomic}
     bool UseLargePagesIndividualAllocation        = false                                  {pd product} {ergonomic}
     bool UseParallelGC                            = true                                      {product} {command line}

Logging:
Log output configuration:
 #0: stdout all=off uptime,level,tags foldmultilines=false
 #1: stderr all=off uptime,level,tags foldmultilines=false

Environment Variables:
JAVA_HOME=C:\Program Files\Java\jdk1.8.0_281
PATH=C:\Program Files\Common Files\Oracle\Java\javapath;C:\WINDOWS\system32;C:\WINDOWS;C:\WINDOWS\System32\Wbem;C:\WINDOWS\System32\WindowsPowerShell\v1.0\;C:\WINDOWS\System32\OpenSSH\;C:\Program Files\Java\jdk-17\bin;C:\Users\TCHAMGOUE Yann\Downloads\apache-maven-3.9.8-bin\apache-maven-3.9.8\bin;C:\Program Files\nodejs\;C:\ProgramData\chocolatey\bin;C:\xampp\php;C:\Program Files\Git\cmd;C:\Program Files\Docker\Docker\resources\bin;C:\Program Files\MySQL\MySQL Shell 8.0\bin\;C:\Users\TCHAMGOUE Yann\AppData\Local\Programs\Python\Python313\Scripts\;C:\Users\TCHAMGOUE Yann\AppData\Local\Programs\Python\Python313\;C:\Users\TCHAMGOUE Yann\AppData\Local\Microsoft\WindowsApps;C:\Users\TCHAMGOUE Yann\AppData\Local\Programs\Microsoft VS Code\bin;C:\Users\TCHAMGOUE Yann\AppData\Roaming\npm;C:\Program Files\Git\bin;C:\xampp\php;C:\Program Files\JetBrains\IntelliJ IDEA 2024.3\bin;;C:\Program Files\MySQL\MySQL Server 8.0\bin;
USERNAME=TCHAMGOUE Yann
OS=Windows_NT
PROCESSOR_IDENTIFIER=Intel64 Family 6 Model 142 Stepping 12, GenuineIntel
TMP=C:\Users\TCHAMG~1\AppData\Local\Temp
TEMP=C:\Users\TCHAMG~1\AppData\Local\Temp




Periodic native trim disabled

---------------  S Y S T E M  ---------------

OS:
 Windows 11 , 64 bit Build 26100 (10.0.26100.3624)
OS uptime: 0 days 1:14 hours
Hyper-V role detected

CPU: total 8 (initial active 8) (4 cores per cpu, 2 threads per core) family 6 model 142 stepping 12 microcode 0xde, cx8, cmov, fxsr, ht, mmx, 3dnowpref, sse, sse2, sse3, ssse3, sse4.1, sse4.2, popcnt, lzcnt, tsc, tscinvbit, avx, avx2, aes, erms, clmul, bmi1, bmi2, adx, fma, vzeroupper, clflush, clflushopt, hv, rdtscp, f16c
Processor Information for the first 8 processors :
  Max Mhz: 2112, Current Mhz: 1609, Mhz Limit: 1605

Memory: 4k page, system-wide physical 8001M (679M free)
TotalPageFile size 14340M (AvailPageFile size 4M)
current process WorkingSet (physical memory assigned to process): 349M, peak: 349M
current process commit charge ("private bytes"): 420M, peak: 1685M

vm_info: OpenJDK 64-Bit Server VM (21.0.8+9-LTS) for windows-amd64 JRE (21.0.8+9-LTS), built on 2025-07-15T00:00:00Z by "admin" with MS VC++ 17.7 (VS2022)

END.
