#
# There is insufficient memory for the Java Runtime Environment to continue.
# Native memory allocation (malloc) failed to allocate 1876880 bytes. Error detail: Chunk::new
# Possible reasons:
#   The system is out of physical RAM or swap space
#   This process is running with CompressedOops enabled, and the Java Heap may be blocking the growth of the native heap
# Possible solutions:
#   Reduce memory load on the system
#   Increase physical memory or swap space
#   Check if swap backing store is full
#   Decrease Java heap size (-Xmx/-Xms)
#   Decrease number of Java threads
#   Decrease Java thread stack sizes (-Xss)
#   Set larger code cache with -XX:ReservedCodeCacheSize=
#   JVM is running with Unscaled Compressed Oops mode in which the Java heap is
#     placed in the first 4GB address space. The Java Heap base address is the
#     maximum limit for the native heap growth. Please use -XX:HeapBaseMinAddress
#     to set the Java Heap base and to place the Java Heap above 4GB virtual address.
# This output file may be truncated or incomplete.
#
#  Out of Memory Error (arena.cpp:168), pid=19264, tid=17828
#
# JRE version: OpenJDK Runtime Environment Temurin-21.0.8+9 (21.0.8+9) (build 21.0.8+9-LTS)
# Java VM: OpenJDK 64-Bit Server VM Temurin-21.0.8+9 (21.0.8+9-LTS, mixed mode, sharing, tiered, compressed oops, compressed class ptrs, parallel gc, windows-amd64)
# No core dump will be written. Minidumps are not enabled by default on client versions of Windows
#

---------------  S U M M A R Y ------------

Command Line: --add-modules=ALL-SYSTEM --add-opens=java.base/java.util=ALL-UNNAMED --add-opens=java.base/java.lang=ALL-UNNAMED --add-opens=java.base/sun.nio.fs=ALL-UNNAMED -Declipse.application=org.eclipse.jdt.ls.core.id1 -Dosgi.bundles.defaultStartLevel=4 -Declipse.product=org.eclipse.jdt.ls.core.product -Djava.import.generatesMetadataFilesAtProjectRoot=false -DDetectVMInstallationsJob.disabled=true -Dfile.encoding=utf8 -XX:+UseParallelGC -XX:GCTimeRatio=4 -XX:AdaptiveSizePolicyWeight=90 -Dsun.zip.disableMemoryMapping=true -Xmx2G -Xms100m -Xlog:disable -javaagent:c:\Users\TCHAMGOUE Yann\.vscode\extensions\redhat.java-1.44.0-win32-x64\lombok\lombok-1.18.39-4050.jar -XX:+HeapDumpOnOutOfMemoryError -XX:HeapDumpPath=c:\Users\TCHAMGOUE Yann\AppData\Roaming\Code\User\workspaceStorage\0ce6ff431c656783e2bd0f60588f111c\redhat.java -Daether.dependencyCollector.impl=bf c:\Users\TCHAMGOUE Yann\.vscode\extensions\redhat.java-1.44.0-win32-x64\server\plugins\org.eclipse.equinox.launcher_1.7.0.v20250519-0528.jar -configuration c:\Users\TCHAMGOUE Yann\AppData\Roaming\Code\User\globalStorage\redhat.java\1.44.0\config_win -data c:\Users\TCHAMGOUE Yann\AppData\Roaming\Code\User\workspaceStorage\0ce6ff431c656783e2bd0f60588f111c\redhat.java\jdt_ws --pipe=\\.\pipe\lsp-a54ecce4063714b727c75d3d73c91dd2-sock

Host: Intel(R) Core(TM) i5-10210U CPU @ 1.60GHz, 8 cores, 7G,  Windows 11 , 64 bit Build 26100 (10.0.26100.3624)
Time: Wed Aug 20 09:36:05 2025 Afr. centrale Ouest elapsed time: 4.801492 seconds (0d 0h 0m 4s)

---------------  T H R E A D  ---------------

Current thread (0x0000025a6c7ce460):  JavaThread "C2 CompilerThread2" daemon [_thread_in_native, id=17828, stack(0x000000eef1300000,0x000000eef1400000) (1024K)]


Current CompileTask:
C2:4801 4791       4       org.lombokweb.asm.ClassReader::readMethod (1070 bytes)

Stack: [0x000000eef1300000,0x000000eef1400000]
Native frames: (J=compiled Java code, j=interpreted, Vv=VM code, C=native code)
V  [jvm.dll+0x6d2449]
V  [jvm.dll+0x8ae341]
V  [jvm.dll+0x8b08be]
V  [jvm.dll+0x8b0fa3]
V  [jvm.dll+0x280c96]
V  [jvm.dll+0xc581d]
V  [jvm.dll+0xc5d53]
V  [jvm.dll+0x3b919c]
V  [jvm.dll+0x1e1409]
V  [jvm.dll+0x249022]
V  [jvm.dll+0x2484af]
V  [jvm.dll+0x1c89ee]
V  [jvm.dll+0x257d4d]
V  [jvm.dll+0x2562ea]
V  [jvm.dll+0x3f2d16]
V  [jvm.dll+0x857e6b]
V  [jvm.dll+0x6d0b0d]
C  [ucrtbase.dll+0x37b0]
C  [KERNEL32.DLL+0x2e8d7]
C  [ntdll.dll+0xb14fc]


---------------  P R O C E S S  ---------------

Threads class SMR info:
_java_thread_list=0x0000025a6b620200, length=42, elements={
0x0000025a0ab4c800, 0x0000025a0ce98400, 0x0000025a0ce9a5d0, 0x0000025a0ce9f630,
0x0000025a0cea0120, 0x0000025a0cea3c90, 0x0000025a0cea5d60, 0x0000025a0cebec40,
0x0000025a0cec26b0, 0x0000025a0cea63f0, 0x0000025a66517330, 0x0000025a0cea2f70,
0x0000025a0cea56d0, 0x0000025a0cea3600, 0x0000025a0cea4320, 0x0000025a0cea49b0,
0x0000025a0cea5040, 0x0000025a6b645750, 0x0000025a6b646470, 0x0000025a6b644a30,
0x0000025a6b6450c0, 0x0000025a6b646b00, 0x0000025a6b645de0, 0x0000025a6b647190,
0x0000025a6b643d10, 0x0000025a6c7ce460, 0x0000025a6b6443a0, 0x0000025a6b648bd0,
0x0000025a6b649260, 0x0000025a6b64a610, 0x0000025a6b6498f0, 0x0000025a6b649f80,
0x0000025a6b64aca0, 0x0000025a6b64b330, 0x0000025a6b647eb0, 0x0000025a6b648540,
0x0000025a6dcd5e20, 0x0000025a6dcd71d0, 0x0000025a6dcd7ef0, 0x0000025a6dcd8580,
0x0000025a6dcd92a0, 0x0000025a6dcd9930
}
_to_delete_list=0x0000025a6d6e8b40, length=41, elements={
0x0000025a0ab4c800, 0x0000025a0ce98400, 0x0000025a0ce9a5d0, 0x0000025a0ce9f630,
0x0000025a0cea0120, 0x0000025a0cea3c90, 0x0000025a0cea5d60, 0x0000025a0cebec40,
0x0000025a0cec26b0, 0x0000025a0cea63f0, 0x0000025a66517330, 0x0000025a0cea2f70,
0x0000025a0cea56d0, 0x0000025a0cea3600, 0x0000025a0cea4320, 0x0000025a0cea49b0,
0x0000025a0cea5040, 0x0000025a6b645750, 0x0000025a6b646470, 0x0000025a6b644a30,
0x0000025a6b6450c0, 0x0000025a6b646b00, 0x0000025a6b645de0, 0x0000025a6b647190,
0x0000025a6b643d10, 0x0000025a6c7ce460, 0x0000025a6b6443a0, 0x0000025a6b648bd0,
0x0000025a6b649260, 0x0000025a6b64a610, 0x0000025a6b6498f0, 0x0000025a6b649f80,
0x0000025a6b64aca0, 0x0000025a6b64b330, 0x0000025a6b647eb0, 0x0000025a6b648540,
0x0000025a6dcd5e20, 0x0000025a6dcd71d0, 0x0000025a6dcd7ef0, 0x0000025a6dcd8580,
0x0000025a6dcd92a0
}

Java Threads: ( => current thread )
  0x0000025a0ab4c800 JavaThread "main"                              [_thread_in_vm, id=13480, stack(0x000000eef0400000,0x000000eef0500000) (1024K)]
  0x0000025a0ce98400 JavaThread "Reference Handler"          daemon [_thread_blocked, id=4680, stack(0x000000eef0800000,0x000000eef0900000) (1024K)]
  0x0000025a0ce9a5d0 JavaThread "Finalizer"                  daemon [_thread_blocked, id=20096, stack(0x000000eef0900000,0x000000eef0a00000) (1024K)]
  0x0000025a0ce9f630 JavaThread "Signal Dispatcher"          daemon [_thread_blocked, id=7076, stack(0x000000eef0a00000,0x000000eef0b00000) (1024K)]
  0x0000025a0cea0120 JavaThread "Attach Listener"            daemon [_thread_blocked, id=6292, stack(0x000000eef0b00000,0x000000eef0c00000) (1024K)]
  0x0000025a0cea3c90 JavaThread "Service Thread"             daemon [_thread_blocked, id=12708, stack(0x000000eef0c00000,0x000000eef0d00000) (1024K)]
  0x0000025a0cea5d60 JavaThread "Monitor Deflation Thread"   daemon [_thread_blocked, id=6368, stack(0x000000eef0d00000,0x000000eef0e00000) (1024K)]
  0x0000025a0cebec40 JavaThread "C2 CompilerThread0"         daemon [_thread_in_native, id=11160, stack(0x000000eef0e00000,0x000000eef0f00000) (1024K)]
  0x0000025a0cec26b0 JavaThread "C1 CompilerThread0"         daemon [_thread_in_native, id=17552, stack(0x000000eef0f00000,0x000000eef1000000) (1024K)]
  0x0000025a0cea63f0 JavaThread "Common-Cleaner"             daemon [_thread_blocked, id=11116, stack(0x000000eef1000000,0x000000eef1100000) (1024K)]
  0x0000025a66517330 JavaThread "C2 CompilerThread1"         daemon [_thread_in_native, id=16492, stack(0x000000eef1100000,0x000000eef1200000) (1024K)]
  0x0000025a0cea2f70 JavaThread "Notification Thread"        daemon [_thread_blocked, id=10148, stack(0x000000eef1200000,0x000000eef1300000) (1024K)]
  0x0000025a0cea56d0 JavaThread "Active Thread: Equinox Container: dd96c512-5714-4817-b3c1-5a1f596a0d54"        [_thread_blocked, id=10212, stack(0x000000eef1a00000,0x000000eef1b00000) (1024K)]
  0x0000025a0cea3600 JavaThread "Refresh Thread: Equinox Container: dd96c512-5714-4817-b3c1-5a1f596a0d54" daemon [_thread_blocked, id=16704, stack(0x000000eef1c00000,0x000000eef1d00000) (1024K)]
  0x0000025a0cea4320 JavaThread "Framework Event Dispatcher: Equinox Container: dd96c512-5714-4817-b3c1-5a1f596a0d54" daemon [_thread_blocked, id=17852, stack(0x000000eef1d00000,0x000000eef1e00000) (1024K)]
  0x0000025a0cea49b0 JavaThread "Start Level: Equinox Container: dd96c512-5714-4817-b3c1-5a1f596a0d54" daemon [_thread_blocked, id=17608, stack(0x000000eef1e00000,0x000000eef1f00000) (1024K)]
  0x0000025a0cea5040 JavaThread "Bundle File Closer"         daemon [_thread_blocked, id=5736, stack(0x000000eef1f00000,0x000000eef2000000) (1024K)]
  0x0000025a6b645750 JavaThread "SCR Component Actor"        daemon [_thread_blocked, id=17140, stack(0x000000eef2000000,0x000000eef2100000) (1024K)]
  0x0000025a6b646470 JavaThread "SCR Component Registry"     daemon [_thread_blocked, id=17124, stack(0x000000eef2100000,0x000000eef2200000) (1024K)]
  0x0000025a6b644a30 JavaThread "Worker-JM"                         [_thread_blocked, id=16968, stack(0x000000eef2200000,0x000000eef2300000) (1024K)]
  0x0000025a6b6450c0 JavaThread "JNA Cleaner"                daemon [_thread_blocked, id=17120, stack(0x000000eef2300000,0x000000eef2400000) (1024K)]
  0x0000025a6b646b00 JavaThread "Worker-0: Processing Java changes since last activation"        [_thread_blocked, id=7720, stack(0x000000eef2400000,0x000000eef2500000) (1024K)]
  0x0000025a6b645de0 JavaThread "Worker-1: Initialize After Load"        [_thread_in_native, id=8660, stack(0x000000eef2500000,0x000000eef2600000) (1024K)]
  0x0000025a6b647190 JavaThread "Worker-2: Loading available Gradle versions"        [_thread_in_Java, id=16464, stack(0x000000eef2600000,0x000000eef2700000) (1024K)]
  0x0000025a6b643d10 JavaThread "Worker-3: Building"                [_thread_blocked, id=5848, stack(0x000000eef2700000,0x000000eef2800000) (1024K)]
=>0x0000025a6c7ce460 JavaThread "C2 CompilerThread2"         daemon [_thread_in_native, id=17828, stack(0x000000eef1300000,0x000000eef1400000) (1024K)]
  0x0000025a6b6443a0 JavaThread "Java indexing"              daemon [_thread_in_Java, id=8168, stack(0x000000eef2800000,0x000000eef2900000) (1024K)]
  0x0000025a6b648bd0 JavaThread "Worker-4: Repository registry initialization"        [_thread_in_vm, id=9748, stack(0x000000eef2b00000,0x000000eef2c00000) (1024K)]
  0x0000025a6b649260 JavaThread "Worker-5: Java indexing... "        [_thread_blocked, id=9680, stack(0x000000eef2c00000,0x000000eef2d00000) (1024K)]
  0x0000025a6b64a610 JavaThread "Worker-6"                          [_thread_blocked, id=4276, stack(0x000000eef2d00000,0x000000eef2e00000) (1024K)]
  0x0000025a6b6498f0 JavaThread "Thread-2"                   daemon [_thread_in_native, id=9772, stack(0x000000eef2e00000,0x000000eef2f00000) (1024K)]
  0x0000025a6b649f80 JavaThread "Thread-3"                   daemon [_thread_in_native, id=16532, stack(0x000000eef2f00000,0x000000eef3000000) (1024K)]
  0x0000025a6b64aca0 JavaThread "Thread-4"                   daemon [_thread_in_native, id=20420, stack(0x000000eef3000000,0x000000eef3100000) (1024K)]
  0x0000025a6b64b330 JavaThread "Thread-5"                   daemon [_thread_in_native, id=19888, stack(0x000000eef3100000,0x000000eef3200000) (1024K)]
  0x0000025a6b647eb0 JavaThread "Thread-6"                   daemon [_thread_in_native, id=1888, stack(0x000000eef3200000,0x000000eef3300000) (1024K)]
  0x0000025a6b648540 JavaThread "Thread-7"                   daemon [_thread_in_native, id=19656, stack(0x000000eef3300000,0x000000eef3400000) (1024K)]
  0x0000025a6dcd5e20 JavaThread "Thread-8"                   daemon [_thread_in_native, id=15044, stack(0x000000eef3400000,0x000000eef3500000) (1024K)]
  0x0000025a6dcd71d0 JavaThread "Thread-9"                   daemon [_thread_in_native, id=15732, stack(0x000000eef3500000,0x000000eef3600000) (1024K)]
  0x0000025a6dcd7ef0 JavaThread "Thread-10"                  daemon [_thread_in_native, id=15476, stack(0x000000eef3600000,0x000000eef3700000) (1024K)]
  0x0000025a6dcd8580 JavaThread "pool-2-thread-1"                   [_thread_blocked, id=20376, stack(0x000000eef3700000,0x000000eef3800000) (1024K)]
  0x0000025a6dcd92a0 JavaThread "Worker-7"                          [_thread_blocked, id=13968, stack(0x000000eef3800000,0x000000eef3900000) (1024K)]
  0x0000025a6dcd9930 JavaThread "Worker-8: Updating index names"        [_thread_in_native, id=19776, stack(0x000000eef3900000,0x000000eef3a00000) (1024K)]
Total: 42

Other Threads:
  0x0000025a0cfc7ca0 VMThread "VM Thread"                           [id=20440, stack(0x000000eef0700000,0x000000eef0800000) (1024K)] _threads_hazard_ptr=0x0000025a6b620200
  0x0000025a0cdaca00 WatcherThread "VM Periodic Task Thread"        [id=12716, stack(0x000000eef0600000,0x000000eef0700000) (1024K)]
  0x0000025a0cf41b50 WorkerThread "GC Thread#0"                     [id=19604, stack(0x000000eef0500000,0x000000eef0600000) (1024K)]
  0x0000025a66b9abb0 WorkerThread "GC Thread#1"                     [id=12696, stack(0x000000eef1400000,0x000000eef1500000) (1024K)]
  0x0000025a66b9af50 WorkerThread "GC Thread#2"                     [id=19544, stack(0x000000eef1500000,0x000000eef1600000) (1024K)]
  0x0000025a66c4bfc0 WorkerThread "GC Thread#3"                     [id=12604, stack(0x000000eef1600000,0x000000eef1700000) (1024K)]
  0x0000025a66c4c360 WorkerThread "GC Thread#4"                     [id=2012, stack(0x000000eef1700000,0x000000eef1800000) (1024K)]
  0x0000025a66c4c700 WorkerThread "GC Thread#5"                     [id=6952, stack(0x000000eef1800000,0x000000eef1900000) (1024K)]
  0x0000025a66542520 WorkerThread "GC Thread#6"                     [id=17400, stack(0x000000eef1900000,0x000000eef1a00000) (1024K)]
  0x0000025a66af33e0 WorkerThread "GC Thread#7"                     [id=8, stack(0x000000eef1b00000,0x000000eef1c00000) (1024K)]
Total: 10

Threads with active compile tasks:
C2 CompilerThread0  4841 5249       4       java.util.zip.ZipFile$Source::initCEN (612 bytes)
C1 CompilerThread0  4841 5385       3       org.eclipse.core.internal.jobs.JobManager::now (16 bytes)
C2 CompilerThread1  4841 5225       4       org.eclipse.osgi.internal.loader.BundleLoader::addExportedProvidersFor (167 bytes)
C2 CompilerThread2  4841 4791       4       org.lombokweb.asm.ClassReader::readMethod (1070 bytes)
Total: 4

VM state: not at safepoint (normal execution)

VM Mutex/Monitor currently owned by a thread:  ([mutex/lock_event])
[0x00007ffd7cd23858] AdapterHandlerLibrary_lock - owner thread: 0x0000000000000000

Heap address: 0x0000000080000000, size: 2048 MB, Compressed Oops mode: 32-bit

CDS archive(s) mapped at: [0x0000025a24000000-0x0000025a24ba0000-0x0000025a24ba0000), size 12189696, SharedBaseAddress: 0x0000025a24000000, ArchiveRelocationMode: 1.
Compressed class space mapped at: 0x0000025a25000000-0x0000025a65000000, reserved size: 1073741824
Narrow klass base: 0x0000025a24000000, Narrow klass shift: 0, Narrow klass range: 0x100000000

GC Precious Log:
 CardTable entry size: 512
 CPUs: 8 total, 8 available
 Memory: 8001M
 Large Page Support: Disabled
 NUMA Support: Disabled
 Compressed Oops: Enabled (32-bit)
 Alignments: Space 512K, Generation 512K, Heap 2M
 Heap Min Capacity: 100M
 Heap Initial Capacity: 100M
 Heap Max Capacity: 2G
 Pre-touch: Disabled
 Parallel Workers: 8

Heap:
 PSYoungGen      total 25600K, used 7554K [0x00000000d5580000, 0x00000000d7000000, 0x0000000100000000)
  eden space 22016K, 34% used [0x00000000d5580000,0x00000000d5ce0958,0x00000000d6b00000)
  from space 3584K, 0% used [0x00000000d6b00000,0x00000000d6b00000,0x00000000d6e80000)
  to   space 1536K, 0% used [0x00000000d6e80000,0x00000000d6e80000,0x00000000d7000000)
 ParOldGen       total 68608K, used 20138K [0x0000000080000000, 0x0000000084300000, 0x00000000d5580000)
  object space 68608K, 29% used [0x0000000080000000,0x00000000813aa8d8,0x0000000084300000)
 Metaspace       used 35461K, committed 36608K, reserved 1114112K
  class space    used 3604K, committed 4096K, reserved 1048576K

Card table byte_map: [0x0000025a0c8c0000,0x0000025a0ccd0000] _byte_map_base: 0x0000025a0c4c0000

Marking Bits: (ParMarkBitMap*) 0x00007ffd7cd2a340
 Begin Bits: [0x0000025a1f3c0000, 0x0000025a213c0000)
 End Bits:   [0x0000025a213c0000, 0x0000025a233c0000)

Polling page: 0x0000025a0ab00000

Metaspace:

Usage:
  Non-class:     31.11 MB used.
      Class:      3.52 MB used.
       Both:     34.63 MB used.

Virtual space:
  Non-class space:       64.00 MB reserved,      31.75 MB ( 50%) committed,  1 nodes.
      Class space:        1.00 GB reserved,       4.00 MB ( <1%) committed,  1 nodes.
             Both:        1.06 GB reserved,      35.75 MB (  3%) committed. 

Chunk freelists:
   Non-Class:  15.72 MB
       Class:  12.01 MB
        Both:  27.72 MB

MaxMetaspaceSize: unlimited
CompressedClassSpaceSize: 1.00 GB
Initial GC threshold: 21.00 MB
Current GC threshold: 58.38 MB
CDS: on
 - commit_granule_bytes: 65536.
 - commit_granule_words: 8192.
 - virtual_space_node_default_size: 8388608.
 - enlarge_chunks_in_place: 1.
 - use_allocation_guard: 0.


Internal statistics:

num_allocs_failed_limit: 6.
num_arena_births: 880.
num_arena_deaths: 14.
num_vsnodes_births: 2.
num_vsnodes_deaths: 0.
num_space_committed: 572.
num_space_uncommitted: 0.
num_chunks_returned_to_freelist: 20.
num_chunks_taken_from_freelist: 2457.
num_chunk_merges: 7.
num_chunk_splits: 1508.
num_chunks_enlarged: 850.
num_inconsistent_stats: 0.

CodeHeap 'non-profiled nmethods': size=120000Kb used=2244Kb max_used=2640Kb free=117755Kb
 bounds [0x0000025a17be0000, 0x0000025a17e80000, 0x0000025a1f110000]
CodeHeap 'profiled nmethods': size=120000Kb used=9757Kb max_used=11400Kb free=110242Kb
 bounds [0x0000025a10110000, 0x0000025a10c40000, 0x0000025a17640000]
CodeHeap 'non-nmethods': size=5760Kb used=1352Kb max_used=1392Kb free=4407Kb
 bounds [0x0000025a17640000, 0x0000025a178b0000, 0x0000025a17be0000]
CodeCache: size=245760Kb, used=13353Kb, max_used=15432Kb, free=232404Kb
 total_blobs=5365, nmethods=4717, adapters=554, full_count=0
Compilation: enabled, stopped_count=0, restarted_count=0

Compilation events (20 events):
Event: 4.748 Thread 0x0000025a0cec26b0 5333       3       org.eclipse.core.runtime.SubMonitor$RootInfo::checkForCancellation (21 bytes)
Event: 4.749 Thread 0x0000025a0cec26b0 nmethod 5333 0x0000025a10c31b10 code [0x0000025a10c31ce0, 0x0000025a10c31fa8]
Event: 4.749 Thread 0x0000025a0cec26b0 5334       3       sun.reflect.generics.parser.SignatureParser::skipIdentifier (67 bytes)
Event: 4.788 Thread 0x0000025a0cec26b0 nmethod 5334 0x0000025a10118c10 code [0x0000025a10118e20, 0x0000025a10119380]
Event: 4.789 Thread 0x0000025a0cec26b0 5335       3       java.util.stream.Sink$ChainedReference::begin (11 bytes)
Event: 4.789 Thread 0x0000025a0cec26b0 nmethod 5335 0x0000025a10116490 code [0x0000025a10116640, 0x0000025a10116818]
Event: 4.792 Thread 0x0000025a0cec26b0 5336       3       org.eclipse.core.runtime.SubMonitor::split (72 bytes)
Event: 4.793 Thread 0x0000025a0cec26b0 nmethod 5336 0x0000025a1014e590 code [0x0000025a1014e7c0, 0x0000025a1014eef0]
Event: 4.794 Thread 0x0000025a0cec26b0 5337       3       org.eclipse.core.runtime.SubMonitor::convert (83 bytes)
Event: 4.795 Thread 0x0000025a0cec26b0 nmethod 5337 0x0000025a10195690 code [0x0000025a10195920, 0x0000025a10196740]
Event: 4.796 Thread 0x0000025a0cec26b0 5339       3       java.io.BufferedWriter::ensureOpen (18 bytes)
Event: 4.797 Thread 0x0000025a0cec26b0 nmethod 5339 0x0000025a1011ec10 code [0x0000025a1011edc0, 0x0000025a1011efc8]
Event: 4.797 Thread 0x0000025a0cec26b0 5338       3       org.eclipse.core.runtime.ListenerList$ListenerListIterator::next (39 bytes)
Event: 4.798 Thread 0x0000025a0cec26b0 nmethod 5338 0x0000025a10179b90 code [0x0000025a10179d40, 0x0000025a10179f90]
Event: 4.798 Thread 0x0000025a0cec26b0 5340       3       java.io.BufferedWriter::growIfNeeded (63 bytes)
Event: 4.799 Thread 0x0000025a0cec26b0 nmethod 5340 0x0000025a101cf110 code [0x0000025a101cf2c0, 0x0000025a101cf560]
Event: 4.799 Thread 0x0000025a0cec26b0 5343       1       jdk.internal.loader.AbstractClassLoaderValue$Sub::parent (5 bytes)
Event: 4.799 Thread 0x0000025a0cec26b0 nmethod 5343 0x0000025a17be1b90 code [0x0000025a17be1d20, 0x0000025a17be1de8]
Event: 4.799 Thread 0x0000025a0cec26b0 5342       1       org.eclipse.core.internal.jobs.InternalJob::next (5 bytes)
Event: 4.799 Thread 0x0000025a0cec26b0 nmethod 5342 0x0000025a17c08d90 code [0x0000025a17c08f20, 0x0000025a17c08fe8]

GC Heap History (20 events):
Event: 3.335 GC heap before
{Heap before GC invocations=8 (full 0):
 PSYoungGen      total 28672K, used 4849K [0x00000000d5580000, 0x00000000d7700000, 0x0000000100000000)
  eden space 24064K, 1% used [0x00000000d5580000,0x00000000d55f55d0,0x00000000d6d00000)
  from space 4608K, 95% used [0x00000000d6e80000,0x00000000d72c7110,0x00000000d7300000)
  to   space 4096K, 0% used [0x00000000d7300000,0x00000000d7300000,0x00000000d7700000)
 ParOldGen       total 68608K, used 9905K [0x0000000080000000, 0x0000000084300000, 0x00000000d5580000)
  object space 68608K, 14% used [0x0000000080000000,0x00000000809ac750,0x0000000084300000)
 Metaspace       used 20682K, committed 21504K, reserved 1114112K
  class space    used 2181K, committed 2560K, reserved 1048576K
}
Event: 3.338 GC heap after
{Heap after GC invocations=8 (full 0):
 PSYoungGen      total 28160K, used 4038K [0x00000000d5580000, 0x00000000d7700000, 0x0000000100000000)
  eden space 24064K, 0% used [0x00000000d5580000,0x00000000d5580000,0x00000000d6d00000)
  from space 4096K, 98% used [0x00000000d7300000,0x00000000d76f1908,0x00000000d7700000)
  to   space 4608K, 0% used [0x00000000d6e00000,0x00000000d6e00000,0x00000000d7280000)
 ParOldGen       total 68608K, used 10247K [0x0000000080000000, 0x0000000084300000, 0x00000000d5580000)
  object space 68608K, 14% used [0x0000000080000000,0x0000000080a01db0,0x0000000084300000)
 Metaspace       used 20682K, committed 21504K, reserved 1114112K
  class space    used 2181K, committed 2560K, reserved 1048576K
}
Event: 3.338 GC heap before
{Heap before GC invocations=9 (full 1):
 PSYoungGen      total 28160K, used 4038K [0x00000000d5580000, 0x00000000d7700000, 0x0000000100000000)
  eden space 24064K, 0% used [0x00000000d5580000,0x00000000d5580000,0x00000000d6d00000)
  from space 4096K, 98% used [0x00000000d7300000,0x00000000d76f1908,0x00000000d7700000)
  to   space 4608K, 0% used [0x00000000d6e00000,0x00000000d6e00000,0x00000000d7280000)
 ParOldGen       total 68608K, used 10247K [0x0000000080000000, 0x0000000084300000, 0x00000000d5580000)
  object space 68608K, 14% used [0x0000000080000000,0x0000000080a01db0,0x0000000084300000)
 Metaspace       used 20682K, committed 21504K, reserved 1114112K
  class space    used 2181K, committed 2560K, reserved 1048576K
}
Event: 3.394 GC heap after
{Heap after GC invocations=9 (full 1):
 PSYoungGen      total 28160K, used 0K [0x00000000d5580000, 0x00000000d7700000, 0x0000000100000000)
  eden space 24064K, 0% used [0x00000000d5580000,0x00000000d5580000,0x00000000d6d00000)
  from space 4096K, 0% used [0x00000000d7300000,0x00000000d7300000,0x00000000d7700000)
  to   space 4608K, 0% used [0x00000000d6e00000,0x00000000d6e00000,0x00000000d7280000)
 ParOldGen       total 68608K, used 13145K [0x0000000080000000, 0x0000000084300000, 0x00000000d5580000)
  object space 68608K, 19% used [0x0000000080000000,0x0000000080cd6698,0x0000000084300000)
 Metaspace       used 20669K, committed 21504K, reserved 1114112K
  class space    used 2178K, committed 2560K, reserved 1048576K
}
Event: 3.734 GC heap before
{Heap before GC invocations=10 (full 1):
 PSYoungGen      total 28160K, used 24064K [0x00000000d5580000, 0x00000000d7700000, 0x0000000100000000)
  eden space 24064K, 100% used [0x00000000d5580000,0x00000000d6d00000,0x00000000d6d00000)
  from space 4096K, 0% used [0x00000000d7300000,0x00000000d7300000,0x00000000d7700000)
  to   space 4608K, 0% used [0x00000000d6e00000,0x00000000d6e00000,0x00000000d7280000)
 ParOldGen       total 68608K, used 13145K [0x0000000080000000, 0x0000000084300000, 0x00000000d5580000)
  object space 68608K, 19% used [0x0000000080000000,0x0000000080cd6698,0x0000000084300000)
 Metaspace       used 22578K, committed 23552K, reserved 1114112K
  class space    used 2354K, committed 2752K, reserved 1048576K
}
Event: 3.736 GC heap after
{Heap after GC invocations=10 (full 1):
 PSYoungGen      total 27136K, used 3303K [0x00000000d5580000, 0x00000000d7480000, 0x0000000100000000)
  eden space 23552K, 0% used [0x00000000d5580000,0x00000000d5580000,0x00000000d6c80000)
  from space 3584K, 92% used [0x00000000d6e00000,0x00000000d7139e60,0x00000000d7180000)
  to   space 3072K, 0% used [0x00000000d7180000,0x00000000d7180000,0x00000000d7480000)
 ParOldGen       total 68608K, used 13153K [0x0000000080000000, 0x0000000084300000, 0x00000000d5580000)
  object space 68608K, 19% used [0x0000000080000000,0x0000000080cd8698,0x0000000084300000)
 Metaspace       used 22578K, committed 23552K, reserved 1114112K
  class space    used 2354K, committed 2752K, reserved 1048576K
}
Event: 3.947 GC heap before
{Heap before GC invocations=11 (full 1):
 PSYoungGen      total 27136K, used 26855K [0x00000000d5580000, 0x00000000d7480000, 0x0000000100000000)
  eden space 23552K, 100% used [0x00000000d5580000,0x00000000d6c80000,0x00000000d6c80000)
  from space 3584K, 92% used [0x00000000d6e00000,0x00000000d7139e60,0x00000000d7180000)
  to   space 3072K, 0% used [0x00000000d7180000,0x00000000d7180000,0x00000000d7480000)
 ParOldGen       total 68608K, used 13153K [0x0000000080000000, 0x0000000084300000, 0x00000000d5580000)
  object space 68608K, 19% used [0x0000000080000000,0x0000000080cd8698,0x0000000084300000)
 Metaspace       used 25400K, committed 26368K, reserved 1114112K
  class space    used 2532K, committed 2944K, reserved 1048576K
}
Event: 3.948 GC heap after
{Heap after GC invocations=11 (full 1):
 PSYoungGen      total 24576K, used 1504K [0x00000000d5580000, 0x00000000d7300000, 0x0000000100000000)
  eden space 23040K, 0% used [0x00000000d5580000,0x00000000d5580000,0x00000000d6c00000)
  from space 1536K, 97% used [0x00000000d7180000,0x00000000d72f8368,0x00000000d7300000)
  to   space 2560K, 0% used [0x00000000d6e00000,0x00000000d6e00000,0x00000000d7080000)
 ParOldGen       total 68608K, used 13161K [0x0000000080000000, 0x0000000084300000, 0x00000000d5580000)
  object space 68608K, 19% used [0x0000000080000000,0x0000000080cda698,0x0000000084300000)
 Metaspace       used 25400K, committed 26368K, reserved 1114112K
  class space    used 2532K, committed 2944K, reserved 1048576K
}
Event: 4.079 GC heap before
{Heap before GC invocations=12 (full 1):
 PSYoungGen      total 24576K, used 24544K [0x00000000d5580000, 0x00000000d7300000, 0x0000000100000000)
  eden space 23040K, 100% used [0x00000000d5580000,0x00000000d6c00000,0x00000000d6c00000)
  from space 1536K, 97% used [0x00000000d7180000,0x00000000d72f8368,0x00000000d7300000)
  to   space 2560K, 0% used [0x00000000d6e00000,0x00000000d6e00000,0x00000000d7080000)
 ParOldGen       total 68608K, used 13161K [0x0000000080000000, 0x0000000084300000, 0x00000000d5580000)
  object space 68608K, 19% used [0x0000000080000000,0x0000000080cda698,0x0000000084300000)
 Metaspace       used 27327K, committed 28288K, reserved 1114112K
  class space    used 2677K, committed 3072K, reserved 1048576K
}
Event: 4.081 GC heap after
{Heap after GC invocations=12 (full 1):
 PSYoungGen      total 24576K, used 1992K [0x00000000d5580000, 0x00000000d7200000, 0x0000000100000000)
  eden space 22528K, 0% used [0x00000000d5580000,0x00000000d5580000,0x00000000d6b80000)
  from space 2048K, 97% used [0x00000000d6e00000,0x00000000d6ff22b0,0x00000000d7000000)
  to   space 2048K, 0% used [0x00000000d7000000,0x00000000d7000000,0x00000000d7200000)
 ParOldGen       total 68608K, used 14442K [0x0000000080000000, 0x0000000084300000, 0x00000000d5580000)
  object space 68608K, 21% used [0x0000000080000000,0x0000000080e1ab88,0x0000000084300000)
 Metaspace       used 27327K, committed 28288K, reserved 1114112K
  class space    used 2677K, committed 3072K, reserved 1048576K
}
Event: 4.346 GC heap before
{Heap before GC invocations=13 (full 1):
 PSYoungGen      total 24576K, used 24520K [0x00000000d5580000, 0x00000000d7200000, 0x0000000100000000)
  eden space 22528K, 100% used [0x00000000d5580000,0x00000000d6b80000,0x00000000d6b80000)
  from space 2048K, 97% used [0x00000000d6e00000,0x00000000d6ff22b0,0x00000000d7000000)
  to   space 2048K, 0% used [0x00000000d7000000,0x00000000d7000000,0x00000000d7200000)
 ParOldGen       total 68608K, used 14442K [0x0000000080000000, 0x0000000084300000, 0x00000000d5580000)
  object space 68608K, 21% used [0x0000000080000000,0x0000000080e1ab88,0x0000000084300000)
 Metaspace       used 29811K, committed 30784K, reserved 1114112K
  class space    used 2903K, committed 3328K, reserved 1048576K
}
Event: 4.350 GC heap after
{Heap after GC invocations=13 (full 1):
 PSYoungGen      total 24064K, used 1638K [0x00000000d5580000, 0x00000000d7200000, 0x0000000100000000)
  eden space 22016K, 0% used [0x00000000d5580000,0x00000000d5580000,0x00000000d6b00000)
  from space 2048K, 80% used [0x00000000d7000000,0x00000000d71999f0,0x00000000d7200000)
  to   space 2048K, 0% used [0x00000000d6e00000,0x00000000d6e00000,0x00000000d7000000)
 ParOldGen       total 68608K, used 16255K [0x0000000080000000, 0x0000000084300000, 0x00000000d5580000)
  object space 68608K, 23% used [0x0000000080000000,0x0000000080fdfd98,0x0000000084300000)
 Metaspace       used 29811K, committed 30784K, reserved 1114112K
  class space    used 2903K, committed 3328K, reserved 1048576K
}
Event: 4.570 GC heap before
{Heap before GC invocations=14 (full 1):
 PSYoungGen      total 24064K, used 23654K [0x00000000d5580000, 0x00000000d7200000, 0x0000000100000000)
  eden space 22016K, 100% used [0x00000000d5580000,0x00000000d6b00000,0x00000000d6b00000)
  from space 2048K, 80% used [0x00000000d7000000,0x00000000d71999f0,0x00000000d7200000)
  to   space 2048K, 0% used [0x00000000d6e00000,0x00000000d6e00000,0x00000000d7000000)
 ParOldGen       total 68608K, used 16255K [0x0000000080000000, 0x0000000084300000, 0x00000000d5580000)
  object space 68608K, 23% used [0x0000000080000000,0x0000000080fdfd98,0x0000000084300000)
 Metaspace       used 31944K, committed 33024K, reserved 1114112K
  class space    used 3169K, committed 3648K, reserved 1048576K
}
Event: 4.574 GC heap after
{Heap after GC invocations=14 (full 1):
 PSYoungGen      total 23552K, used 1504K [0x00000000d5580000, 0x00000000d7080000, 0x0000000100000000)
  eden space 22016K, 0% used [0x00000000d5580000,0x00000000d5580000,0x00000000d6b00000)
  from space 1536K, 97% used [0x00000000d6e00000,0x00000000d6f780f0,0x00000000d6f80000)
  to   space 1024K, 0% used [0x00000000d6f80000,0x00000000d6f80000,0x00000000d7080000)
 ParOldGen       total 68608K, used 17699K [0x0000000080000000, 0x0000000084300000, 0x00000000d5580000)
  object space 68608K, 25% used [0x0000000080000000,0x0000000081148eb0,0x0000000084300000)
 Metaspace       used 31944K, committed 33024K, reserved 1114112K
  class space    used 3169K, committed 3648K, reserved 1048576K
}
Event: 4.707 GC heap before
{Heap before GC invocations=15 (full 1):
 PSYoungGen      total 23552K, used 23520K [0x00000000d5580000, 0x00000000d7080000, 0x0000000100000000)
  eden space 22016K, 100% used [0x00000000d5580000,0x00000000d6b00000,0x00000000d6b00000)
  from space 1536K, 97% used [0x00000000d6e00000,0x00000000d6f780f0,0x00000000d6f80000)
  to   space 1024K, 0% used [0x00000000d6f80000,0x00000000d6f80000,0x00000000d7080000)
 ParOldGen       total 68608K, used 17699K [0x0000000080000000, 0x0000000084300000, 0x00000000d5580000)
  object space 68608K, 25% used [0x0000000080000000,0x0000000081148eb0,0x0000000084300000)
 Metaspace       used 34013K, committed 35072K, reserved 1114112K
  class space    used 3400K, committed 3840K, reserved 1048576K
}
Event: 4.710 GC heap after
{Heap after GC invocations=15 (full 1):
 PSYoungGen      total 23040K, used 1005K [0x00000000d5580000, 0x00000000d7200000, 0x0000000100000000)
  eden space 22016K, 0% used [0x00000000d5580000,0x00000000d5580000,0x00000000d6b00000)
  from space 1024K, 98% used [0x00000000d6f80000,0x00000000d707b478,0x00000000d7080000)
  to   space 3584K, 0% used [0x00000000d6b00000,0x00000000d6b00000,0x00000000d6e80000)
 ParOldGen       total 68608K, used 19579K [0x0000000080000000, 0x0000000084300000, 0x00000000d5580000)
  object space 68608K, 28% used [0x0000000080000000,0x000000008131ef60,0x0000000084300000)
 Metaspace       used 34013K, committed 35072K, reserved 1114112K
  class space    used 3400K, committed 3840K, reserved 1048576K
}
Event: 4.750 GC heap before
{Heap before GC invocations=16 (full 1):
 PSYoungGen      total 23040K, used 7477K [0x00000000d5580000, 0x00000000d7200000, 0x0000000100000000)
  eden space 22016K, 29% used [0x00000000d5580000,0x00000000d5bd2200,0x00000000d6b00000)
  from space 1024K, 98% used [0x00000000d6f80000,0x00000000d707b478,0x00000000d7080000)
  to   space 3584K, 0% used [0x00000000d6b00000,0x00000000d6b00000,0x00000000d6e80000)
 ParOldGen       total 68608K, used 19579K [0x0000000080000000, 0x0000000084300000, 0x00000000d5580000)
  object space 68608K, 28% used [0x0000000080000000,0x000000008131ef60,0x0000000084300000)
 Metaspace       used 34799K, committed 35840K, reserved 1114112K
  class space    used 3514K, committed 3968K, reserved 1048576K
}
Event: 4.751 GC heap after
{Heap after GC invocations=16 (full 1):
 PSYoungGen      total 25600K, used 496K [0x00000000d5580000, 0x00000000d7000000, 0x0000000100000000)
  eden space 22016K, 0% used [0x00000000d5580000,0x00000000d5580000,0x00000000d6b00000)
  from space 3584K, 13% used [0x00000000d6b00000,0x00000000d6b7c010,0x00000000d6e80000)
  to   space 1536K, 0% used [0x00000000d6e80000,0x00000000d6e80000,0x00000000d7000000)
 ParOldGen       total 68608K, used 20575K [0x0000000080000000, 0x0000000084300000, 0x00000000d5580000)
  object space 68608K, 29% used [0x0000000080000000,0x0000000081417c10,0x0000000084300000)
 Metaspace       used 34799K, committed 35840K, reserved 1114112K
  class space    used 3514K, committed 3968K, reserved 1048576K
}
Event: 4.751 GC heap before
{Heap before GC invocations=17 (full 2):
 PSYoungGen      total 25600K, used 496K [0x00000000d5580000, 0x00000000d7000000, 0x0000000100000000)
  eden space 22016K, 0% used [0x00000000d5580000,0x00000000d5580000,0x00000000d6b00000)
  from space 3584K, 13% used [0x00000000d6b00000,0x00000000d6b7c010,0x00000000d6e80000)
  to   space 1536K, 0% used [0x00000000d6e80000,0x00000000d6e80000,0x00000000d7000000)
 ParOldGen       total 68608K, used 20575K [0x0000000080000000, 0x0000000084300000, 0x00000000d5580000)
  object space 68608K, 29% used [0x0000000080000000,0x0000000081417c10,0x0000000084300000)
 Metaspace       used 34799K, committed 35840K, reserved 1114112K
  class space    used 3514K, committed 3968K, reserved 1048576K
}
Event: 4.788 GC heap after
{Heap after GC invocations=17 (full 2):
 PSYoungGen      total 25600K, used 0K [0x00000000d5580000, 0x00000000d7000000, 0x0000000100000000)
  eden space 22016K, 0% used [0x00000000d5580000,0x00000000d5580000,0x00000000d6b00000)
  from space 3584K, 0% used [0x00000000d6b00000,0x00000000d6b00000,0x00000000d6e80000)
  to   space 1536K, 0% used [0x00000000d6e80000,0x00000000d6e80000,0x00000000d7000000)
 ParOldGen       total 68608K, used 20138K [0x0000000080000000, 0x0000000084300000, 0x00000000d5580000)
  object space 68608K, 29% used [0x0000000080000000,0x00000000813aa8d8,0x0000000084300000)
 Metaspace       used 34799K, committed 35840K, reserved 1114112K
  class space    used 3514K, committed 3968K, reserved 1048576K
}

Dll operation events (10 events):
Event: 0.015 Loaded shared library c:\Users\TCHAMGOUE Yann\.vscode\extensions\redhat.java-1.44.0-win32-x64\jre\21.0.8-win32-x86_64\bin\java.dll
Event: 0.094 Loaded shared library c:\Users\TCHAMGOUE Yann\.vscode\extensions\redhat.java-1.44.0-win32-x64\jre\21.0.8-win32-x86_64\bin\zip.dll
Event: 0.118 Loaded shared library C:\Users\TCHAMGOUE Yann\.vscode\extensions\redhat.java-1.44.0-win32-x64\jre\21.0.8-win32-x86_64\bin\instrument.dll
Event: 0.125 Loaded shared library C:\Users\TCHAMGOUE Yann\.vscode\extensions\redhat.java-1.44.0-win32-x64\jre\21.0.8-win32-x86_64\bin\net.dll
Event: 0.128 Loaded shared library C:\Users\TCHAMGOUE Yann\.vscode\extensions\redhat.java-1.44.0-win32-x64\jre\21.0.8-win32-x86_64\bin\nio.dll
Event: 0.133 Loaded shared library C:\Users\TCHAMGOUE Yann\.vscode\extensions\redhat.java-1.44.0-win32-x64\jre\21.0.8-win32-x86_64\bin\zip.dll
Event: 0.155 Loaded shared library C:\Users\TCHAMGOUE Yann\.vscode\extensions\redhat.java-1.44.0-win32-x64\jre\21.0.8-win32-x86_64\bin\jimage.dll
Event: 0.235 Loaded shared library c:\Users\TCHAMGOUE Yann\.vscode\extensions\redhat.java-1.44.0-win32-x64\jre\21.0.8-win32-x86_64\bin\verify.dll
Event: 1.273 Loaded shared library C:\Users\TCHAMGOUE Yann\AppData\Roaming\Code\User\globalStorage\redhat.java\1.44.0\config_win\org.eclipse.equinox.launcher\org.eclipse.equinox.launcher.win32.win32.x86_64_1.2.1400.v20250730-1736\eclipse_11913.dll
Event: 2.676 Loaded shared library C:\Users\TCHAMGOUE Yann\AppData\Local\Temp\jna-818174091\jna17000514435878163578.dll

Deoptimization events (20 events):
Event: 4.704 Thread 0x0000025a6b643d10 DEOPT PACKING pc=0x0000025a10c0439f sp=0x000000eef27fe010
Event: 4.705 Thread 0x0000025a6b643d10 DEOPT UNPACKING pc=0x0000025a17694242 sp=0x000000eef27fd4e8 mode 0
Event: 4.705 Thread 0x0000025a6b645de0 Uncommon trap: trap_request=0xffffffde fr.pc=0x0000025a17e4c8d4 relative=0x00000000000006b4
Event: 4.705 Thread 0x0000025a6b645de0 Uncommon trap: reason=class_check action=maybe_recompile pc=0x0000025a17e4c8d4 method=java.util.HashMap.putVal(ILjava/lang/Object;Ljava/lang/Object;ZZ)Ljava/lang/Object; @ 203 c2
Event: 4.705 Thread 0x0000025a6b645de0 DEOPT PACKING pc=0x0000025a17e4c8d4 sp=0x000000eef25feea0
Event: 4.705 Thread 0x0000025a6b645de0 DEOPT UNPACKING pc=0x0000025a17693aa2 sp=0x000000eef25fee10 mode 2
Event: 4.705 Thread 0x0000025a6b643d10 DEOPT PACKING pc=0x0000025a10c0439f sp=0x000000eef27fe010
Event: 4.705 Thread 0x0000025a6b643d10 DEOPT UNPACKING pc=0x0000025a17694242 sp=0x000000eef27fd4e8 mode 0
Event: 4.705 Thread 0x0000025a6b643d10 DEOPT PACKING pc=0x0000025a10c0439f sp=0x000000eef27fe010
Event: 4.705 Thread 0x0000025a6b643d10 DEOPT UNPACKING pc=0x0000025a17694242 sp=0x000000eef27fd4e8 mode 0
Event: 4.706 Thread 0x0000025a6b643d10 DEOPT PACKING pc=0x0000025a10c0439f sp=0x000000eef27fe010
Event: 4.706 Thread 0x0000025a6b643d10 DEOPT UNPACKING pc=0x0000025a17694242 sp=0x000000eef27fd4e8 mode 0
Event: 4.706 Thread 0x0000025a6b643d10 DEOPT PACKING pc=0x0000025a10c0439f sp=0x000000eef27fe010
Event: 4.706 Thread 0x0000025a6b643d10 DEOPT UNPACKING pc=0x0000025a17694242 sp=0x000000eef27fd4e8 mode 0
Event: 4.710 Thread 0x0000025a6b643d10 DEOPT PACKING pc=0x0000025a10c0439f sp=0x000000eef27fe010
Event: 4.710 Thread 0x0000025a6b643d10 DEOPT UNPACKING pc=0x0000025a17694242 sp=0x000000eef27fd4e8 mode 0
Event: 4.712 Thread 0x0000025a6b643d10 DEOPT PACKING pc=0x0000025a10c0439f sp=0x000000eef27fe590
Event: 4.712 Thread 0x0000025a6b643d10 DEOPT UNPACKING pc=0x0000025a17694242 sp=0x000000eef27fda68 mode 0
Event: 4.717 Thread 0x0000025a6b645de0 DEOPT PACKING pc=0x0000025a1034977b sp=0x000000eef25fe550
Event: 4.717 Thread 0x0000025a6b645de0 DEOPT UNPACKING pc=0x0000025a17694242 sp=0x000000eef25fda88 mode 0

Classes loaded (20 events):
Event: 4.742 Loading class sun/reflect/generics/reflectiveObjects/LazyReflectiveObjectGenerator done
Event: 4.742 Loading class sun/reflect/generics/reflectiveObjects/TypeVariableImpl done
Event: 4.748 Loading class java/util/concurrent/atomic/AtomicLongArray
Event: 4.748 Loading class java/util/concurrent/atomic/AtomicLongArray done
Event: 4.749 Loading class java/nio/channels/ClosedByInterruptException
Event: 4.749 Loading class java/nio/channels/AsynchronousCloseException
Event: 4.749 Loading class java/nio/channels/ClosedChannelException
Event: 4.749 Loading class java/nio/channels/ClosedChannelException done
Event: 4.749 Loading class java/nio/channels/AsynchronousCloseException done
Event: 4.749 Loading class java/nio/channels/ClosedByInterruptException done
Event: 4.749 Loading class java/nio/file/FileSystemNotFoundException
Event: 4.749 Loading class java/nio/file/FileSystemNotFoundException done
Event: 4.749 Loading class java/nio/file/FileSystemAlreadyExistsException
Event: 4.749 Loading class java/nio/file/FileSystemAlreadyExistsException done
Event: 4.749 Loading class java/nio/file/ProviderNotFoundException
Event: 4.749 Loading class java/nio/file/ProviderNotFoundException done
Event: 4.790 Loading class java/io/FilterReader
Event: 4.791 Loading class java/io/FilterReader done
Event: 4.798 Loading class java/nio/file/spi/FileSystemProvider$1
Event: 4.799 Loading class java/nio/file/spi/FileSystemProvider$1 done

Classes unloaded (7 events):
Event: 3.344 Thread 0x0000025a0cfc7ca0 Unloading class 0x0000025a251ab800 'java/lang/invoke/LambdaForm$MH+0x0000025a251ab800'
Event: 3.344 Thread 0x0000025a0cfc7ca0 Unloading class 0x0000025a251ab400 'java/lang/invoke/LambdaForm$MH+0x0000025a251ab400'
Event: 3.344 Thread 0x0000025a0cfc7ca0 Unloading class 0x0000025a251ab000 'java/lang/invoke/LambdaForm$MH+0x0000025a251ab000'
Event: 3.344 Thread 0x0000025a0cfc7ca0 Unloading class 0x0000025a251aac00 'java/lang/invoke/LambdaForm$MH+0x0000025a251aac00'
Event: 3.344 Thread 0x0000025a0cfc7ca0 Unloading class 0x0000025a251aa800 'java/lang/invoke/LambdaForm$BMH+0x0000025a251aa800'
Event: 3.344 Thread 0x0000025a0cfc7ca0 Unloading class 0x0000025a251aa400 'java/lang/invoke/LambdaForm$DMH+0x0000025a251aa400'
Event: 3.344 Thread 0x0000025a0cfc7ca0 Unloading class 0x0000025a251a9000 'java/lang/invoke/LambdaForm$DMH+0x0000025a251a9000'

Classes redefined (0 events):
No events

Internal exceptions (20 events):
Event: 4.642 Thread 0x0000025a6b643d10 Exception <a 'sun/nio/fs/WindowsException'{0x00000000d62abae0}> (0x00000000d62abae0) 
thrown [s\src\hotspot\share\prims\jni.cpp, line 520]
Event: 4.643 Thread 0x0000025a6b643d10 Exception <a 'sun/nio/fs/WindowsException'{0x00000000d62ad280}> (0x00000000d62ad280) 
thrown [s\src\hotspot\share\prims\jni.cpp, line 520]
Event: 4.643 Thread 0x0000025a6b643d10 Exception <a 'sun/nio/fs/WindowsException'{0x00000000d62adb60}> (0x00000000d62adb60) 
thrown [s\src\hotspot\share\prims\jni.cpp, line 520]
Event: 4.644 Thread 0x0000025a6b648bd0 Exception <a 'java/lang/NoSuchMethodError'{0x00000000d635d5e8}: 'java.lang.Object java.lang.invoke.DirectMethodHandle$Holder.invokeSpecialIFC(java.lang.Object, java.lang.Object, java.lang.Object, java.lang.Object)'> (0x00000000d635d5e8) 
thrown [s\src\hotspot\share\interpreter\linkResolver.cpp, line 773]
Event: 4.651 Thread 0x0000025a6b643d10 Exception <a 'sun/nio/fs/WindowsException'{0x00000000d64aefe0}> (0x00000000d64aefe0) 
thrown [s\src\hotspot\share\prims\jni.cpp, line 520]
Event: 4.651 Thread 0x0000025a6b643d10 Exception <a 'sun/nio/fs/WindowsException'{0x00000000d64af8c0}> (0x00000000d64af8c0) 
thrown [s\src\hotspot\share\prims\jni.cpp, line 520]
Event: 4.659 Thread 0x0000025a0ab4c800 Exception <a 'java/lang/NoSuchMethodError'{0x00000000d65e0970}: 'java.lang.Object java.lang.invoke.DirectMethodHandle$Holder.invokeStatic(java.lang.Object, long, java.lang.Object)'> (0x00000000d65e0970) 
thrown [s\src\hotspot\share\interpreter\linkResolver.cpp, line 773]
Event: 4.660 Thread 0x0000025a0ab4c800 Exception <a 'java/lang/NoSuchMethodError'{0x00000000d65f12d8}: 'java.lang.Object java.lang.invoke.DirectMethodHandle$Holder.invokeStaticInit(java.lang.Object, long, java.lang.Object)'> (0x00000000d65f12d8) 
thrown [s\src\hotspot\share\interpreter\linkResolver.cpp, line 773]
Event: 4.660 Thread 0x0000025a0ab4c800 Exception <a 'java/lang/NoSuchMethodError'{0x00000000d661ad58}: 'java.lang.Object java.lang.invoke.DirectMethodHandle$Holder.newInvokeSpecial(java.lang.Object, long)'> (0x00000000d661ad58) 
thrown [s\src\hotspot\share\interpreter\linkResolver.cpp, line 773]
Event: 4.672 Thread 0x0000025a6b643d10 Exception <a 'sun/nio/fs/WindowsException'{0x00000000d6776b68}> (0x00000000d6776b68) 
thrown [s\src\hotspot\share\prims\jni.cpp, line 520]
Event: 4.672 Thread 0x0000025a6b643d10 Exception <a 'sun/nio/fs/WindowsException'{0x00000000d6777448}> (0x00000000d6777448) 
thrown [s\src\hotspot\share\prims\jni.cpp, line 520]
Event: 4.691 Thread 0x0000025a6b643d10 Exception <a 'sun/nio/fs/WindowsException'{0x00000000d699a3a0}> (0x00000000d699a3a0) 
thrown [s\src\hotspot\share\prims\jni.cpp, line 520]
Event: 4.694 Thread 0x0000025a6b643d10 Exception <a 'sun/nio/fs/WindowsException'{0x00000000d699ac80}> (0x00000000d699ac80) 
thrown [s\src\hotspot\share\prims\jni.cpp, line 520]
Event: 4.705 Thread 0x0000025a6b645de0 Exception <a 'sun/nio/fs/WindowsException'{0x00000000d6a8e878}> (0x00000000d6a8e878) 
thrown [s\src\hotspot\share\prims\jni.cpp, line 520]
Event: 4.705 Thread 0x0000025a6b645de0 Exception <a 'sun/nio/fs/WindowsException'{0x00000000d6a8eea8}> (0x00000000d6a8eea8) 
thrown [s\src\hotspot\share\prims\jni.cpp, line 520]
Event: 4.712 Thread 0x0000025a6b643d10 Exception <a 'sun/nio/fs/WindowsException'{0x00000000d55a1010}> (0x00000000d55a1010) 
thrown [s\src\hotspot\share\prims\jni.cpp, line 520]
Event: 4.712 Thread 0x0000025a6b643d10 Exception <a 'sun/nio/fs/WindowsException'{0x00000000d55a1640}> (0x00000000d55a1640) 
thrown [s\src\hotspot\share\prims\jni.cpp, line 520]
Event: 4.719 Thread 0x0000025a6b645de0 Exception <a 'sun/nio/fs/WindowsException'{0x00000000d56e6388}> (0x00000000d56e6388) 
thrown [s\src\hotspot\share\prims\jni.cpp, line 520]
Event: 4.736 Thread 0x0000025a6b643d10 Exception <a 'sun/nio/fs/WindowsException'{0x00000000d58ba610}> (0x00000000d58ba610) 
thrown [s\src\hotspot\share\prims\jni.cpp, line 520]
Event: 4.736 Thread 0x0000025a6b643d10 Exception <a 'sun/nio/fs/WindowsException'{0x00000000d58baef0}> (0x00000000d58baef0) 
thrown [s\src\hotspot\share\prims\jni.cpp, line 520]

ZGC Phase Switch (0 events):
No events

VM Operations (20 events):
Event: 4.287 Executing VM operation: HandshakeAllThreads (Deoptimize)
Event: 4.287 Executing VM operation: HandshakeAllThreads (Deoptimize) done
Event: 4.346 Executing VM operation: ParallelGCFailedAllocation (Allocation Failure)
Event: 4.350 Executing VM operation: ParallelGCFailedAllocation (Allocation Failure) done
Event: 4.407 Executing VM operation: HandshakeAllThreads (Deoptimize)
Event: 4.407 Executing VM operation: HandshakeAllThreads (Deoptimize) done
Event: 4.412 Executing VM operation: HandshakeAllThreads (Deoptimize)
Event: 4.412 Executing VM operation: HandshakeAllThreads (Deoptimize) done
Event: 4.439 Executing VM operation: HandshakeAllThreads (Deoptimize)
Event: 4.439 Executing VM operation: HandshakeAllThreads (Deoptimize) done
Event: 4.568 Executing VM operation: ParallelGCFailedAllocation (Allocation Failure)
Event: 4.574 Executing VM operation: ParallelGCFailedAllocation (Allocation Failure) done
Event: 4.597 Executing VM operation: HandshakeAllThreads (Deoptimize)
Event: 4.597 Executing VM operation: HandshakeAllThreads (Deoptimize) done
Event: 4.677 Executing VM operation: HandshakeAllThreads (Deoptimize)
Event: 4.693 Executing VM operation: HandshakeAllThreads (Deoptimize) done
Event: 4.706 Executing VM operation: ParallelGCFailedAllocation (Allocation Failure)
Event: 4.710 Executing VM operation: ParallelGCFailedAllocation (Allocation Failure) done
Event: 4.749 Executing VM operation: CollectForMetadataAllocation (Metadata GC Threshold)
Event: 4.788 Executing VM operation: CollectForMetadataAllocation (Metadata GC Threshold) done

Memory protections (0 events):
No events

Nmethod flushes (20 events):
Event: 4.767 Thread 0x0000025a0cfc7ca0 flushing  nmethod 0x0000025a107a5b10
Event: 4.767 Thread 0x0000025a0cfc7ca0 flushing  nmethod 0x0000025a107bc510
Event: 4.767 Thread 0x0000025a0cfc7ca0 flushing  nmethod 0x0000025a107c2b90
Event: 4.767 Thread 0x0000025a0cfc7ca0 flushing  nmethod 0x0000025a107dc090
Event: 4.767 Thread 0x0000025a0cfc7ca0 flushing  nmethod 0x0000025a10802010
Event: 4.767 Thread 0x0000025a0cfc7ca0 flushing  nmethod 0x0000025a10803490
Event: 4.767 Thread 0x0000025a0cfc7ca0 flushing  nmethod 0x0000025a10803d90
Event: 4.767 Thread 0x0000025a0cfc7ca0 flushing  nmethod 0x0000025a10806610
Event: 4.767 Thread 0x0000025a0cfc7ca0 flushing  nmethod 0x0000025a10807b10
Event: 4.767 Thread 0x0000025a0cfc7ca0 flushing  nmethod 0x0000025a10808c10
Event: 4.767 Thread 0x0000025a0cfc7ca0 flushing  nmethod 0x0000025a1080a810
Event: 4.767 Thread 0x0000025a0cfc7ca0 flushing  nmethod 0x0000025a1080ac90
Event: 4.767 Thread 0x0000025a0cfc7ca0 flushing  nmethod 0x0000025a1080b190
Event: 4.767 Thread 0x0000025a0cfc7ca0 flushing  nmethod 0x0000025a10854210
Event: 4.767 Thread 0x0000025a0cfc7ca0 flushing  nmethod 0x0000025a10856890
Event: 4.767 Thread 0x0000025a0cfc7ca0 flushing  nmethod 0x0000025a10856b90
Event: 4.767 Thread 0x0000025a0cfc7ca0 flushing  nmethod 0x0000025a108a1890
Event: 4.767 Thread 0x0000025a0cfc7ca0 flushing  nmethod 0x0000025a108dab10
Event: 4.767 Thread 0x0000025a0cfc7ca0 flushing  nmethod 0x0000025a108daf90
Event: 4.767 Thread 0x0000025a0cfc7ca0 flushing  nmethod 0x0000025a108fb510

Events (20 events):
Event: 2.808 Thread 0x0000025a0cea49b0 Thread added: 0x0000025a6b645de0
Event: 2.809 Thread 0x0000025a0cea49b0 Thread added: 0x0000025a6b647190
Event: 3.018 Thread 0x0000025a6b645de0 Thread added: 0x0000025a6b643d10
Event: 3.333 Thread 0x0000025a6694cad0 Thread exited: 0x0000025a6694cad0
Event: 3.482 Thread 0x0000025a0cebec40 Thread added: 0x0000025a6c7ce460
Event: 4.259 Thread 0x0000025a0cea49b0 Thread added: 0x0000025a6b6443a0
Event: 4.585 Thread 0x0000025a6b647190 Thread added: 0x0000025a6b648bd0
Event: 4.586 Thread 0x0000025a6b648bd0 Thread added: 0x0000025a6b649260
Event: 4.600 Thread 0x0000025a6b649260 Thread added: 0x0000025a6b64a610
Event: 4.674 Thread 0x0000025a0ab4c800 Thread added: 0x0000025a6b6498f0
Event: 4.674 Thread 0x0000025a0ab4c800 Thread added: 0x0000025a6b649f80
Event: 4.674 Thread 0x0000025a0ab4c800 Thread added: 0x0000025a6b64aca0
Event: 4.674 Thread 0x0000025a0ab4c800 Thread added: 0x0000025a6b64b330
Event: 4.675 Thread 0x0000025a0ab4c800 Thread added: 0x0000025a6b647eb0
Event: 4.675 Thread 0x0000025a0ab4c800 Thread added: 0x0000025a6b648540
Event: 4.675 Thread 0x0000025a0ab4c800 Thread added: 0x0000025a6dcd5e20
Event: 4.675 Thread 0x0000025a0ab4c800 Thread added: 0x0000025a6dcd71d0
Event: 4.675 Thread 0x0000025a0ab4c800 Thread added: 0x0000025a6dcd7ef0
Event: 4.700 Thread 0x0000025a0ab4c800 Thread added: 0x0000025a6dcd8580
Event: 4.747 Thread 0x0000025a6b64a610 Thread added: 0x0000025a6dcd92a0


Dynamic libraries:
0x00007ff69d870000 - 0x00007ff69d87e000 	c:\Users\TCHAMGOUE Yann\.vscode\extensions\redhat.java-1.44.0-win32-x64\jre\21.0.8-win32-x86_64\bin\java.exe
0x00007ffe1bf00000 - 0x00007ffe1c160000 	C:\WINDOWS\SYSTEM32\ntdll.dll
0x00007ffdeb900000 - 0x00007ffdeb920000 	C:\Program Files\Avast Software\Avast\aswhook.dll
0x00007ffe1af40000 - 0x00007ffe1b007000 	C:\WINDOWS\System32\KERNEL32.DLL
0x00007ffe198a0000 - 0x00007ffe19c6b000 	C:\WINDOWS\System32\KERNELBASE.dll
0x00007ffe19110000 - 0x00007ffe1925b000 	C:\WINDOWS\System32\ucrtbase.dll
0x00007ffe03b70000 - 0x00007ffe03b88000 	c:\Users\TCHAMGOUE Yann\.vscode\extensions\redhat.java-1.44.0-win32-x64\jre\21.0.8-win32-x86_64\bin\jli.dll
0x00007ffe1a2a0000 - 0x00007ffe1a46c000 	C:\WINDOWS\System32\USER32.dll
0x00007ffe190e0000 - 0x00007ffe19107000 	C:\WINDOWS\System32\win32u.dll
0x00007ffe1b010000 - 0x00007ffe1b03a000 	C:\WINDOWS\System32\GDI32.dll
0x00007ffe19550000 - 0x00007ffe19681000 	C:\WINDOWS\System32\gdi32full.dll
0x00007ffe197f0000 - 0x00007ffe19893000 	C:\WINDOWS\System32\msvcp_win.dll
0x00007ffde0320000 - 0x00007ffde033e000 	c:\Users\TCHAMGOUE Yann\.vscode\extensions\redhat.java-1.44.0-win32-x64\jre\21.0.8-win32-x86_64\bin\VCRUNTIME140.dll
0x00007ffe02240000 - 0x00007ffe024d7000 	C:\WINDOWS\WinSxS\amd64_microsoft.windows.common-controls_6595b64144ccf1df_6.0.26100.3624_none_3e086962e3345f24\COMCTL32.dll
0x00007ffe1bd90000 - 0x00007ffe1be39000 	C:\WINDOWS\System32\msvcrt.dll
0x00007ffe19d00000 - 0x00007ffe19d2f000 	C:\WINDOWS\System32\IMM32.DLL
0x00007ffdf8b50000 - 0x00007ffdf8b5c000 	c:\Users\TCHAMGOUE Yann\.vscode\extensions\redhat.java-1.44.0-win32-x64\jre\21.0.8-win32-x86_64\bin\vcruntime140_1.dll
0x00007ffd7ce10000 - 0x00007ffd7ce9d000 	c:\Users\TCHAMGOUE Yann\.vscode\extensions\redhat.java-1.44.0-win32-x64\jre\21.0.8-win32-x86_64\bin\msvcp140.dll
0x00007ffd7c070000 - 0x00007ffd7ce07000 	c:\Users\TCHAMGOUE Yann\.vscode\extensions\redhat.java-1.44.0-win32-x64\jre\21.0.8-win32-x86_64\bin\server\jvm.dll
0x00007ffe1b8f0000 - 0x00007ffe1b9a3000 	C:\WINDOWS\System32\ADVAPI32.dll
0x00007ffe1bce0000 - 0x00007ffe1bd86000 	C:\WINDOWS\System32\sechost.dll
0x00007ffe1ae20000 - 0x00007ffe1af36000 	C:\WINDOWS\System32\RPCRT4.dll
0x00007ffe1bbb0000 - 0x00007ffe1bc24000 	C:\WINDOWS\System32\WS2_32.dll
0x00007ffe18f60000 - 0x00007ffe18fbe000 	C:\WINDOWS\SYSTEM32\POWRPROF.dll
0x00007ffddc490000 - 0x00007ffddc4c6000 	C:\WINDOWS\SYSTEM32\WINMM.dll
0x00007ffe09c30000 - 0x00007ffe09c3b000 	C:\WINDOWS\SYSTEM32\VERSION.dll
0x00007ffe18e90000 - 0x00007ffe18ea4000 	C:\WINDOWS\SYSTEM32\UMPDC.dll
0x00007ffe17ef0000 - 0x00007ffe17f0a000 	C:\WINDOWS\SYSTEM32\kernel.appcore.dll
0x00007ffdf6f70000 - 0x00007ffdf6f7a000 	c:\Users\TCHAMGOUE Yann\.vscode\extensions\redhat.java-1.44.0-win32-x64\jre\21.0.8-win32-x86_64\bin\jimage.dll
0x00007ffe09820000 - 0x00007ffe09a61000 	C:\WINDOWS\SYSTEM32\DBGHELP.DLL
0x00007ffe19f10000 - 0x00007ffe1a293000 	C:\WINDOWS\System32\combase.dll
0x00007ffe1b1e0000 - 0x00007ffe1b2b6000 	C:\WINDOWS\System32\OLEAUT32.dll
0x00007ffe097e0000 - 0x00007ffe09819000 	C:\WINDOWS\SYSTEM32\dbgcore.DLL
0x00007ffe19690000 - 0x00007ffe19729000 	C:\WINDOWS\System32\bcryptPrimitives.dll
0x00007ffe16050000 - 0x00007ffe1605f000 	c:\Users\TCHAMGOUE Yann\.vscode\extensions\redhat.java-1.44.0-win32-x64\jre\21.0.8-win32-x86_64\bin\instrument.dll
0x00007ffdd77f0000 - 0x00007ffdd780f000 	c:\Users\TCHAMGOUE Yann\.vscode\extensions\redhat.java-1.44.0-win32-x64\jre\21.0.8-win32-x86_64\bin\java.dll
0x00007ffe1a6f0000 - 0x00007ffe1ae19000 	C:\WINDOWS\System32\SHELL32.dll
0x00007ffe19260000 - 0x00007ffe193c8000 	C:\WINDOWS\System32\wintypes.dll
0x00007ffe16d50000 - 0x00007ffe175a2000 	C:\WINDOWS\SYSTEM32\windows.storage.dll
0x00007ffe19d40000 - 0x00007ffe19e2d000 	C:\WINDOWS\System32\SHCORE.dll
0x00007ffe1a650000 - 0x00007ffe1a6b4000 	C:\WINDOWS\System32\shlwapi.dll
0x00007ffe18ff0000 - 0x00007ffe1901f000 	C:\WINDOWS\SYSTEM32\profapi.dll
0x00007ffdbcf20000 - 0x00007ffdbcf38000 	c:\Users\TCHAMGOUE Yann\.vscode\extensions\redhat.java-1.44.0-win32-x64\jre\21.0.8-win32-x86_64\bin\zip.dll
0x00007ffdf5ea0000 - 0x00007ffdf5eb0000 	C:\Users\TCHAMGOUE Yann\.vscode\extensions\redhat.java-1.44.0-win32-x64\jre\21.0.8-win32-x86_64\bin\net.dll
0x00007ffe0dc10000 - 0x00007ffe0dd2d000 	C:\WINDOWS\SYSTEM32\WINHTTP.dll
0x00007ffe18410000 - 0x00007ffe1847a000 	C:\WINDOWS\system32\mswsock.dll
0x00007ffda5570000 - 0x00007ffda5586000 	C:\Users\TCHAMGOUE Yann\.vscode\extensions\redhat.java-1.44.0-win32-x64\jre\21.0.8-win32-x86_64\bin\nio.dll
0x00007ffe16040000 - 0x00007ffe16050000 	c:\Users\TCHAMGOUE Yann\.vscode\extensions\redhat.java-1.44.0-win32-x64\jre\21.0.8-win32-x86_64\bin\verify.dll
0x00007ffdf3e30000 - 0x00007ffdf3e75000 	C:\Users\TCHAMGOUE Yann\AppData\Roaming\Code\User\globalStorage\redhat.java\1.44.0\config_win\org.eclipse.equinox.launcher\org.eclipse.equinox.launcher.win32.win32.x86_64_1.2.1400.v20250730-1736\eclipse_11913.dll
0x00007ffe1b040000 - 0x00007ffe1b1d6000 	C:\WINDOWS\System32\ole32.dll
0x00007ffe186b0000 - 0x00007ffe186cc000 	C:\WINDOWS\SYSTEM32\CRYPTSP.dll
0x00007ffe17e50000 - 0x00007ffe17e8a000 	C:\WINDOWS\system32\rsaenh.dll
0x00007ffe184b0000 - 0x00007ffe184db000 	C:\WINDOWS\SYSTEM32\USERENV.dll
0x00007ffe188f0000 - 0x00007ffe18916000 	C:\WINDOWS\SYSTEM32\bcrypt.dll
0x00007ffe186d0000 - 0x00007ffe186dc000 	C:\WINDOWS\SYSTEM32\CRYPTBASE.dll
0x00007ffe17990000 - 0x00007ffe179c3000 	C:\WINDOWS\SYSTEM32\IPHLPAPI.DLL
0x00007ffe1b8e0000 - 0x00007ffe1b8ea000 	C:\WINDOWS\System32\NSI.dll
0x00007ffdecfd0000 - 0x00007ffded019000 	C:\Users\TCHAMGOUE Yann\AppData\Local\Temp\jna-818174091\jna17000514435878163578.dll
0x00007ffe1bb10000 - 0x00007ffe1bb18000 	C:\WINDOWS\System32\PSAPI.DLL
0x00007ffe10b50000 - 0x00007ffe10b6f000 	C:\WINDOWS\SYSTEM32\dhcpcsvc6.DLL
0x00007ffe10b20000 - 0x00007ffe10b45000 	C:\WINDOWS\SYSTEM32\dhcpcsvc.DLL

JVMTI agents:
c:\Users\TCHAMGOUE Yann\.vscode\extensions\redhat.java-1.44.0-win32-x64\lombok\lombok-1.18.39-4050.jar path:c:\Users\TCHAMGOUE Yann\.vscode\extensions\redhat.java-1.44.0-win32-x64\jre\21.0.8-win32-x86_64\bin\instrument.dll, loaded, initialized, instrumentlib options:none

dbghelp: loaded successfully - version: 4.0.5 - missing functions: none
symbol engine: initialized successfully - sym options: 0x614 - pdb path: .;c:\Users\TCHAMGOUE Yann\.vscode\extensions\redhat.java-1.44.0-win32-x64\jre\21.0.8-win32-x86_64\bin;C:\WINDOWS\SYSTEM32;C:\Program Files\Avast Software\Avast;C:\WINDOWS\WinSxS\amd64_microsoft.windows.common-controls_6595b64144ccf1df_6.0.26100.3624_none_3e086962e3345f24;c:\Users\TCHAMGOUE Yann\.vscode\extensions\redhat.java-1.44.0-win32-x64\jre\21.0.8-win32-x86_64\bin\server;C:\Users\TCHAMGOUE Yann\AppData\Roaming\Code\User\globalStorage\redhat.java\1.44.0\config_win\org.eclipse.equinox.launcher\org.eclipse.equinox.launcher.win32.win32.x86_64_1.2.1400.v20250730-1736;C:\Users\TCHAMGOUE Yann\AppData\Local\Temp\jna-818174091

VM Arguments:
jvm_args: --add-modules=ALL-SYSTEM --add-opens=java.base/java.util=ALL-UNNAMED --add-opens=java.base/java.lang=ALL-UNNAMED --add-opens=java.base/sun.nio.fs=ALL-UNNAMED -Declipse.application=org.eclipse.jdt.ls.core.id1 -Dosgi.bundles.defaultStartLevel=4 -Declipse.product=org.eclipse.jdt.ls.core.product -Djava.import.generatesMetadataFilesAtProjectRoot=false -DDetectVMInstallationsJob.disabled=true -Dfile.encoding=utf8 -XX:+UseParallelGC -XX:GCTimeRatio=4 -XX:AdaptiveSizePolicyWeight=90 -Dsun.zip.disableMemoryMapping=true -Xmx2G -Xms100m -Xlog:disable -javaagent:c:\Users\TCHAMGOUE Yann\.vscode\extensions\redhat.java-1.44.0-win32-x64\lombok\lombok-1.18.39-4050.jar -XX:+HeapDumpOnOutOfMemoryError -XX:HeapDumpPath=c:\Users\TCHAMGOUE Yann\AppData\Roaming\Code\User\workspaceStorage\0ce6ff431c656783e2bd0f60588f111c\redhat.java -Daether.dependencyCollector.impl=bf 
java_command: c:\Users\TCHAMGOUE Yann\.vscode\extensions\redhat.java-1.44.0-win32-x64\server\plugins\org.eclipse.equinox.launcher_1.7.0.v20250519-0528.jar -configuration c:\Users\TCHAMGOUE Yann\AppData\Roaming\Code\User\globalStorage\redhat.java\1.44.0\config_win -data c:\Users\TCHAMGOUE Yann\AppData\Roaming\Code\User\workspaceStorage\0ce6ff431c656783e2bd0f60588f111c\redhat.java\jdt_ws --pipe=\\.\pipe\lsp-a54ecce4063714b727c75d3d73c91dd2-sock
java_class_path (initial): c:\Users\TCHAMGOUE Yann\.vscode\extensions\redhat.java-1.44.0-win32-x64\server\plugins\org.eclipse.equinox.launcher_1.7.0.v20250519-0528.jar
Launcher Type: SUN_STANDARD

[Global flags]
    uintx AdaptiveSizePolicyWeight                 = 90                                        {product} {command line}
     intx CICompilerCount                          = 4                                         {product} {ergonomic}
    uintx GCTimeRatio                              = 4                                         {product} {command line}
     bool HeapDumpOnOutOfMemoryError               = true                                   {manageable} {command line}
    ccstr HeapDumpPath                             = c:\Users\TCHAMGOUE Yann\AppData\Roaming\Code\User\workspaceStorage\0ce6ff431c656783e2bd0f60588f111c\redhat.java         {manageable} {command line}
   size_t InitialHeapSize                          = 104857600                                 {product} {command line}
   size_t MaxHeapSize                              = 2147483648                                {product} {command line}
   size_t MaxNewSize                               = 715653120                                 {product} {ergonomic}
   size_t MinHeapDeltaBytes                        = 524288                                    {product} {ergonomic}
   size_t MinHeapSize                              = 104857600                                 {product} {command line}
   size_t NewSize                                  = 34603008                                  {product} {ergonomic}
    uintx NonNMethodCodeHeapSize                   = 5839372                                {pd product} {ergonomic}
    uintx NonProfiledCodeHeapSize                  = 122909434                              {pd product} {ergonomic}
   size_t OldSize                                  = 70254592                                  {product} {ergonomic}
    uintx ProfiledCodeHeapSize                     = 122909434                              {pd product} {ergonomic}
    uintx ReservedCodeCacheSize                    = 251658240                              {pd product} {ergonomic}
     bool SegmentedCodeCache                       = true                                      {product} {ergonomic}
   size_t SoftMaxHeapSize                          = 2147483648                             {manageable} {ergonomic}
     bool UseCompressedOops                        = true                           {product lp64_product} {ergonomic}
     bool UseLargePagesIndividualAllocation        = false                                  {pd product} {ergonomic}
     bool UseParallelGC                            = true                                      {product} {command line}

Logging:
Log output configuration:
 #0: stdout all=off uptime,level,tags foldmultilines=false
 #1: stderr all=off uptime,level,tags foldmultilines=false

Environment Variables:
JAVA_HOME=C:\Program Files\Java\jdk1.8.0_281
PATH=C:\Program Files\Common Files\Oracle\Java\javapath;C:\WINDOWS\system32;C:\WINDOWS;C:\WINDOWS\System32\Wbem;C:\WINDOWS\System32\WindowsPowerShell\v1.0\;C:\WINDOWS\System32\OpenSSH\;C:\Program Files\Java\jdk-17\bin;C:\Users\TCHAMGOUE Yann\Downloads\apache-maven-3.9.8-bin\apache-maven-3.9.8\bin;C:\Program Files\nodejs\;C:\ProgramData\chocolatey\bin;C:\xampp\php;C:\Program Files\Git\cmd;C:\Program Files\Docker\Docker\resources\bin;C:\Program Files\MySQL\MySQL Shell 8.0\bin\;C:\Users\TCHAMGOUE Yann\AppData\Local\Programs\Python\Python313\Scripts\;C:\Users\TCHAMGOUE Yann\AppData\Local\Programs\Python\Python313\;C:\Users\TCHAMGOUE Yann\AppData\Local\Microsoft\WindowsApps;C:\Users\TCHAMGOUE Yann\AppData\Local\Programs\Microsoft VS Code\bin;C:\Users\TCHAMGOUE Yann\AppData\Roaming\npm;C:\Program Files\Git\bin;C:\xampp\php;C:\Program Files\JetBrains\IntelliJ IDEA 2024.3\bin;;C:\Program Files\MySQL\MySQL Server 8.0\bin;
USERNAME=TCHAMGOUE Yann
OS=Windows_NT
PROCESSOR_IDENTIFIER=Intel64 Family 6 Model 142 Stepping 12, GenuineIntel
TMP=C:\Users\TCHAMG~1\AppData\Local\Temp
TEMP=C:\Users\TCHAMG~1\AppData\Local\Temp




Periodic native trim disabled

---------------  S Y S T E M  ---------------

OS:
 Windows 11 , 64 bit Build 26100 (10.0.26100.3624)
OS uptime: 0 days 1:15 hours
Hyper-V role detected

CPU: total 8 (initial active 8) (4 cores per cpu, 2 threads per core) family 6 model 142 stepping 12 microcode 0xde, cx8, cmov, fxsr, ht, mmx, 3dnowpref, sse, sse2, sse3, ssse3, sse4.1, sse4.2, popcnt, lzcnt, tsc, tscinvbit, avx, avx2, aes, erms, clmul, bmi1, bmi2, adx, fma, vzeroupper, clflush, clflushopt, hv, rdtscp, f16c
Processor Information for the first 8 processors :
  Max Mhz: 2112, Current Mhz: 1609, Mhz Limit: 1605

Memory: 4k page, system-wide physical 8001M (805M free)
TotalPageFile size 14340M (AvailPageFile size 4M)
current process WorkingSet (physical memory assigned to process): 201M, peak: 203M
current process commit charge ("private bytes"): 323M, peak: 325M

vm_info: OpenJDK 64-Bit Server VM (21.0.8+9-LTS) for windows-amd64 JRE (21.0.8+9-LTS), built on 2025-07-15T00:00:00Z by "admin" with MS VC++ 17.7 (VS2022)

END.
