#
# There is insufficient memory for the Java Runtime Environment to continue.
# Native memory allocation (malloc) failed to allocate 1048576 bytes. Error detail: AllocateHeap
# Possible reasons:
#   The system is out of physical RAM or swap space
#   This process is running with CompressedOops enabled, and the Java Heap may be blocking the growth of the native heap
# Possible solutions:
#   Reduce memory load on the system
#   Increase physical memory or swap space
#   Check if swap backing store is full
#   Decrease Java heap size (-Xmx/-Xms)
#   Decrease number of Java threads
#   Decrease Java thread stack sizes (-Xss)
#   Set larger code cache with -XX:ReservedCodeCacheSize=
#   JVM is running with Unscaled Compressed Oops mode in which the Java heap is
#     placed in the first 4GB address space. The Java Heap base address is the
#     maximum limit for the native heap growth. Please use -XX:HeapBaseMinAddress
#     to set the Java Heap base and to place the Java Heap above 4GB virtual address.
# This output file may be truncated or incomplete.
#
#  Out of Memory Error (allocation.cpp:44), pid=19984, tid=18500
#
# JRE version: OpenJDK Runtime Environment Temurin-21.0.8+9 (21.0.8+9) (build 21.0.8+9-LTS)
# Java VM: OpenJDK 64-Bit Server VM Temurin-21.0.8+9 (21.0.8+9-LTS, mixed mode, sharing, tiered, compressed oops, compressed class ptrs, parallel gc, windows-amd64)
# No core dump will be written. Minidumps are not enabled by default on client versions of Windows
#

---------------  S U M M A R Y ------------

Command Line: --add-modules=ALL-SYSTEM --add-opens=java.base/java.util=ALL-UNNAMED --add-opens=java.base/java.lang=ALL-UNNAMED --add-opens=java.base/sun.nio.fs=ALL-UNNAMED -Declipse.application=org.eclipse.jdt.ls.core.id1 -Dosgi.bundles.defaultStartLevel=4 -Declipse.product=org.eclipse.jdt.ls.core.product -Djava.import.generatesMetadataFilesAtProjectRoot=false -DDetectVMInstallationsJob.disabled=true -Dfile.encoding=utf8 -XX:+UseParallelGC -XX:GCTimeRatio=4 -XX:AdaptiveSizePolicyWeight=90 -Dsun.zip.disableMemoryMapping=true -Xmx2G -Xms100m -Xlog:disable -javaagent:c:\Users\TCHAMGOUE Yann\.vscode\extensions\redhat.java-1.44.0-win32-x64\lombok\lombok-1.18.39-4050.jar -XX:+HeapDumpOnOutOfMemoryError -XX:HeapDumpPath=c:\Users\TCHAMGOUE Yann\AppData\Roaming\Code\User\workspaceStorage\0ce6ff431c656783e2bd0f60588f111c\redhat.java -Daether.dependencyCollector.impl=bf c:\Users\TCHAMGOUE Yann\.vscode\extensions\redhat.java-1.44.0-win32-x64\server\plugins\org.eclipse.equinox.launcher_1.7.0.v20250519-0528.jar -configuration c:\Users\TCHAMGOUE Yann\AppData\Roaming\Code\User\globalStorage\redhat.java\1.44.0\config_win -data c:\Users\TCHAMGOUE Yann\AppData\Roaming\Code\User\workspaceStorage\0ce6ff431c656783e2bd0f60588f111c\redhat.java\jdt_ws --pipe=\\.\pipe\lsp-f6608c8752566175c460d5d7a858d283-sock

Host: Intel(R) Core(TM) i5-10210U CPU @ 1.60GHz, 8 cores, 7G,  Windows 11 , 64 bit Build 26100 (10.0.26100.3624)
Time: Mon Aug 18 08:47:28 2025 Afr. centrale Ouest elapsed time: 1658.311018 seconds (0d 0h 27m 38s)

---------------  T H R E A D  ---------------

Current thread (0x000001e4dcf7f050):  JavaThread "Attach Listener" daemon [_thread_in_vm, id=18500, stack(0x0000008302e00000,0x0000008302f00000) (1024K)]

Stack: [0x0000008302e00000,0x0000008302f00000]
Native frames: (J=compiled Java code, j=interpreted, Vv=VM code, C=native code)
V  [jvm.dll+0x6d2449]
V  [jvm.dll+0x8ae341]
V  [jvm.dll+0x8b08be]
V  [jvm.dll+0x8b0fa3]
V  [jvm.dll+0x280c96]
V  [jvm.dll+0xc0347]
V  [jvm.dll+0x6d2cf9]
V  [jvm.dll+0x131116]
V  [jvm.dll+0x3f2d16]
V  [jvm.dll+0x857e6b]
V  [jvm.dll+0x6d0b0d]
C  [ucrtbase.dll+0x37b0]
C  [KERNEL32.DLL+0x2e8d7]
C  [ntdll.dll+0xb14fc]


---------------  P R O C E S S  ---------------

Threads class SMR info:
_java_thread_list=0x000001e4f5816850, length=35, elements={
0x000001e4dabac850, 0x000001e4dd0bded0, 0x000001e4dcf7b790, 0x000001e4dcf7e600,
0x000001e4dcf7f050, 0x000001e4dcf7faa0, 0x000001e4dcf804f0, 0x000001e4dcf81270,
0x000001e4f528c3f0, 0x000001e4f530e450, 0x000001e4f554e2d0, 0x000001e4f5d85b10,
0x000001e4f5c610b0, 0x000001e4fa122bd0, 0x000001e4fa12b740, 0x000001e4fa00a0f0,
0x000001e4f55538f0, 0x000001e4fa2bb310, 0x000001e4fa2bc030, 0x000001e4fa2bac80,
0x000001e4fbd2c900, 0x000001e4fbd2a1a0, 0x000001e4fbd2a830, 0x000001e4fbd2e9d0,
0x000001e4fbd2dcb0, 0x000001e4fbd2fd80, 0x000001e4fbd2e340, 0x000001e4fbd31130,
0x000001e4fbd30410, 0x000001e4fbd30aa0, 0x000001e4fbd2f060, 0x000001e4fbd317c0,
0x000001e4fbf7eec0, 0x000001e4fbf7f550, 0x000001e4fcae51c0
}

Java Threads: ( => current thread )
  0x000001e4dabac850 JavaThread "main"                              [_thread_blocked, id=19988, stack(0x0000008302700000,0x0000008302800000) (1024K)]
  0x000001e4dd0bded0 JavaThread "Reference Handler"          daemon [_thread_blocked, id=19732, stack(0x0000008302b00000,0x0000008302c00000) (1024K)]
  0x000001e4dcf7b790 JavaThread "Finalizer"                  daemon [_thread_blocked, id=20452, stack(0x0000008302c00000,0x0000008302d00000) (1024K)]
  0x000001e4dcf7e600 JavaThread "Signal Dispatcher"          daemon [_thread_blocked, id=15324, stack(0x0000008302d00000,0x0000008302e00000) (1024K)]
=>0x000001e4dcf7f050 JavaThread "Attach Listener"            daemon [_thread_in_vm, id=18500, stack(0x0000008302e00000,0x0000008302f00000) (1024K)]
  0x000001e4dcf7faa0 JavaThread "Service Thread"             daemon [_thread_blocked, id=18324, stack(0x0000008302f00000,0x0000008303000000) (1024K)]
  0x000001e4dcf804f0 JavaThread "Monitor Deflation Thread"   daemon [_thread_blocked, id=18992, stack(0x0000008303000000,0x0000008303100000) (1024K)]
  0x000001e4dcf81270 JavaThread "C2 CompilerThread0"         daemon [_thread_blocked, id=18124, stack(0x0000008303100000,0x0000008303200000) (1024K)]
  0x000001e4f528c3f0 JavaThread "C1 CompilerThread0"         daemon [_thread_blocked, id=5708, stack(0x0000008303200000,0x0000008303300000) (1024K)]
  0x000001e4f530e450 JavaThread "Common-Cleaner"             daemon [_thread_blocked, id=19932, stack(0x0000008303300000,0x0000008303400000) (1024K)]
  0x000001e4f554e2d0 JavaThread "Notification Thread"        daemon [_thread_blocked, id=14668, stack(0x0000008303400000,0x0000008303500000) (1024K)]
  0x000001e4f5d85b10 JavaThread "Active Thread: Equinox Container: a18c9c69-65ee-4dae-821a-3cb4ba10270f"        [_thread_blocked, id=14236, stack(0x0000008303d00000,0x0000008303e00000) (1024K)]
  0x000001e4f5c610b0 JavaThread "Refresh Thread: Equinox Container: a18c9c69-65ee-4dae-821a-3cb4ba10270f" daemon [_thread_blocked, id=17496, stack(0x0000008303e00000,0x0000008303f00000) (1024K)]
  0x000001e4fa122bd0 JavaThread "Framework Event Dispatcher: Equinox Container: a18c9c69-65ee-4dae-821a-3cb4ba10270f" daemon [_thread_blocked, id=20240, stack(0x0000008303500000,0x0000008303600000) (1024K)]
  0x000001e4fa12b740 JavaThread "Start Level: Equinox Container: a18c9c69-65ee-4dae-821a-3cb4ba10270f" daemon [_thread_blocked, id=14324, stack(0x0000008303f00000,0x0000008304000000) (1024K)]
  0x000001e4fa00a0f0 JavaThread "Bundle File Closer"         daemon [_thread_blocked, id=20348, stack(0x0000008304000000,0x0000008304100000) (1024K)]
  0x000001e4f55538f0 JavaThread "SCR Component Actor"        daemon [_thread_blocked, id=20216, stack(0x0000008304100000,0x0000008304200000) (1024K)]
  0x000001e4fa2bb310 JavaThread "Worker-JM"                         [_thread_blocked, id=7572, stack(0x0000008304300000,0x0000008304400000) (1024K)]
  0x000001e4fa2bc030 JavaThread "JNA Cleaner"                daemon [_thread_blocked, id=19440, stack(0x0000008304400000,0x0000008304500000) (1024K)]
  0x000001e4fa2bac80 JavaThread "Java indexing"              daemon [_thread_blocked, id=1756, stack(0x0000008304b00000,0x0000008304c00000) (1024K)]
  0x000001e4fbd2c900 JavaThread "Worker-4"                          [_thread_blocked, id=2744, stack(0x0000008304c00000,0x0000008304d00000) (1024K)]
  0x000001e4fbd2a1a0 JavaThread "Worker-5"                          [_thread_blocked, id=8884, stack(0x0000008304e00000,0x0000008304f00000) (1024K)]
  0x000001e4fbd2a830 JavaThread "Thread-2"                   daemon [_thread_in_native, id=16836, stack(0x0000008304600000,0x0000008304700000) (1024K)]
  0x000001e4fbd2e9d0 JavaThread "Thread-3"                   daemon [_thread_in_native, id=19780, stack(0x0000008305600000,0x0000008305700000) (1024K)]
  0x000001e4fbd2dcb0 JavaThread "Thread-4"                   daemon [_thread_in_native, id=20220, stack(0x0000008305700000,0x0000008305800000) (1024K)]
  0x000001e4fbd2fd80 JavaThread "Thread-5"                   daemon [_thread_in_native, id=20140, stack(0x0000008305800000,0x0000008305900000) (1024K)]
  0x000001e4fbd2e340 JavaThread "Thread-6"                   daemon [_thread_in_native, id=20020, stack(0x0000008305900000,0x0000008305a00000) (1024K)]
  0x000001e4fbd31130 JavaThread "Thread-7"                   daemon [_thread_in_native, id=14044, stack(0x0000008305a00000,0x0000008305b00000) (1024K)]
  0x000001e4fbd30410 JavaThread "Thread-8"                   daemon [_thread_in_native, id=17868, stack(0x0000008305b00000,0x0000008305c00000) (1024K)]
  0x000001e4fbd30aa0 JavaThread "Thread-9"                   daemon [_thread_in_native, id=15764, stack(0x0000008305c00000,0x0000008305d00000) (1024K)]
  0x000001e4fbd2f060 JavaThread "Thread-10"                  daemon [_thread_in_native, id=18128, stack(0x0000008305d00000,0x0000008305e00000) (1024K)]
  0x000001e4fbd317c0 JavaThread "pool-2-thread-1"                   [_thread_blocked, id=20352, stack(0x0000008305f00000,0x0000008306000000) (1024K)]
  0x000001e4fbf7eec0 JavaThread "WorkspaceEventsHandler"            [_thread_blocked, id=12696, stack(0x0000008304200000,0x0000008304300000) (1024K)]
  0x000001e4fbf7f550 JavaThread "pool-1-thread-1"                   [_thread_blocked, id=1308, stack(0x0000008306000000,0x0000008306100000) (1024K)]
  0x000001e4fcae51c0 JavaThread "Cleaner-0"                  daemon [_thread_blocked, id=8428, stack(0x0000008304700000,0x0000008304800000) (1024K)]
Total: 35

Other Threads:
  0x000001e4dd0aaf20 VMThread "VM Thread"                           [id=16592, stack(0x0000008302a00000,0x0000008302b00000) (1024K)]
  0x000001e4dce8ca00 WatcherThread "VM Periodic Task Thread"        [id=5496, stack(0x0000008302900000,0x0000008302a00000) (1024K)]
  0x000001e4dd0231e0 WorkerThread "GC Thread#0"                     [id=11884, stack(0x0000008302800000,0x0000008302900000) (1024K)]
  0x000001e4f5bdbb40 WorkerThread "GC Thread#1"                     [id=20232, stack(0x0000008303600000,0x0000008303700000) (1024K)]
  0x000001e4f5bea050 WorkerThread "GC Thread#2"                     [id=17068, stack(0x0000008303700000,0x0000008303800000) (1024K)]
  0x000001e4f5bea3f0 WorkerThread "GC Thread#3"                     [id=12080, stack(0x0000008303800000,0x0000008303900000) (1024K)]
  0x000001e4f5e25340 WorkerThread "GC Thread#4"                     [id=19980, stack(0x0000008303900000,0x0000008303a00000) (1024K)]
  0x000001e4f5e256e0 WorkerThread "GC Thread#5"                     [id=14252, stack(0x0000008303a00000,0x0000008303b00000) (1024K)]
  0x000001e4f5e25a80 WorkerThread "GC Thread#6"                     [id=12856, stack(0x0000008303b00000,0x0000008303c00000) (1024K)]
  0x000001e4f5dc4e40 WorkerThread "GC Thread#7"                     [id=20128, stack(0x0000008303c00000,0x0000008303d00000) (1024K)]
Total: 10

Threads with active compile tasks:
Total: 0

VM state: not at safepoint (normal execution)

VM Mutex/Monitor currently owned by a thread: None

Heap address: 0x0000000080000000, size: 2048 MB, Compressed Oops mode: 32-bit

CDS archive(s) mapped at: [0x000001e480000000-0x000001e480ba0000-0x000001e480ba0000), size 12189696, SharedBaseAddress: 0x000001e480000000, ArchiveRelocationMode: 1.
Compressed class space mapped at: 0x000001e481000000-0x000001e4c1000000, reserved size: 1073741824
Narrow klass base: 0x000001e480000000, Narrow klass shift: 0, Narrow klass range: 0x100000000

GC Precious Log:
 CardTable entry size: 512
 CPUs: 8 total, 8 available
 Memory: 8001M
 Large Page Support: Disabled
 NUMA Support: Disabled
 Compressed Oops: Enabled (32-bit)
 Alignments: Space 512K, Generation 512K, Heap 2M
 Heap Min Capacity: 100M
 Heap Initial Capacity: 100M
 Heap Max Capacity: 2G
 Pre-touch: Disabled
 Parallel Workers: 8

Heap:
 PSYoungGen      total 24064K, used 2656K [0x00000000d5580000, 0x00000000d8f00000, 0x0000000100000000)
  eden space 22528K, 4% used [0x00000000d5580000,0x00000000d5698cd0,0x00000000d6b80000)
  from space 1536K, 99% used [0x00000000d7700000,0x00000000d787f520,0x00000000d7880000)
  to   space 11776K, 0% used [0x00000000d6b80000,0x00000000d6b80000,0x00000000d7700000)
 ParOldGen       total 450560K, used 442479K [0x0000000080000000, 0x000000009b800000, 0x00000000d5580000)
  object space 450560K, 98% used [0x0000000080000000,0x000000009b01bfb8,0x000000009b800000)
 Metaspace       used 77852K, committed 79616K, reserved 1179648K
  class space    used 7918K, committed 8704K, reserved 1048576K

Card table byte_map: [0x000001e4dc9a0000,0x000001e4dcdb0000] _byte_map_base: 0x000001e4dc5a0000

Marking Bits: (ParMarkBitMap*) 0x00007ff8eb1fa340
 Begin Bits: [0x000001e4ef4a0000, 0x000001e4f14a0000)
 End Bits:   [0x000001e4f14a0000, 0x000001e4f34a0000)

Polling page: 0x000001e4dae40000

Metaspace:

Usage:
  Non-class:     68.29 MB used.
      Class:      7.73 MB used.
       Both:     76.03 MB used.

Virtual space:
  Non-class space:      128.00 MB reserved,      69.25 MB ( 54%) committed,  2 nodes.
      Class space:        1.00 GB reserved,       8.50 MB ( <1%) committed,  1 nodes.
             Both:        1.12 GB reserved,      77.75 MB (  7%) committed. 

Chunk freelists:
   Non-Class:  10.33 MB
       Class:  7.50 MB
        Both:  17.83 MB

MaxMetaspaceSize: unlimited
CompressedClassSpaceSize: 1.00 GB
Initial GC threshold: 21.00 MB
Current GC threshold: 120.88 MB
CDS: on
 - commit_granule_bytes: 65536.
 - commit_granule_words: 8192.
 - virtual_space_node_default_size: 8388608.
 - enlarge_chunks_in_place: 1.
 - use_allocation_guard: 0.


Internal statistics:

num_allocs_failed_limit: 11.
num_arena_births: 1484.
num_arena_deaths: 18.
num_vsnodes_births: 3.
num_vsnodes_deaths: 0.
num_space_committed: 1244.
num_space_uncommitted: 0.
num_chunks_returned_to_freelist: 31.
num_chunks_taken_from_freelist: 5300.
num_chunk_merges: 18.
num_chunk_splits: 3265.
num_chunks_enlarged: 1837.
num_inconsistent_stats: 0.

CodeHeap 'non-profiled nmethods': size=120000Kb used=16913Kb max_used=17403Kb free=103086Kb
 bounds [0x000001e4e7cc0000, 0x000001e4e8e10000, 0x000001e4ef1f0000]
CodeHeap 'profiled nmethods': size=120000Kb used=36191Kb max_used=38952Kb free=83808Kb
 bounds [0x000001e4e01f0000, 0x000001e4e2800000, 0x000001e4e7720000]
CodeHeap 'non-nmethods': size=5760Kb used=1473Kb max_used=1607Kb free=4286Kb
 bounds [0x000001e4e7720000, 0x000001e4e7990000, 0x000001e4e7cc0000]
CodeCache: size=245760Kb, used=54577Kb, max_used=57962Kb, free=191180Kb
 total_blobs=16110, nmethods=15311, adapters=702, full_count=0
Compilation: enabled, stopped_count=0, restarted_count=0

Compilation events (20 events):
Event: 1143.616 Thread 0x000001e4f528c3f0 17927       3       java.util.concurrent.locks.AbstractQueuedSynchronizer$ConditionObject::awaitNanos (207 bytes)
Event: 1143.633 Thread 0x000001e4f528c3f0 nmethod 17927 0x000001e4e0bf6210 code [0x000001e4e0bf6500, 0x000001e4e0bf7370]
Event: 1212.071 Thread 0x000001e4f528c3f0 17928   !   3       org.eclipse.core.internal.jobs.JobManager::shouldRun (34 bytes)
Event: 1212.075 Thread 0x000001e4dcf81270 17929       4       jdk.internal.misc.Unsafe::weakCompareAndSetReference (11 bytes)
Event: 1212.085 Thread 0x000001e4dcf81270 nmethod 17929 0x000001e4e8100f90 code [0x000001e4e8101120, 0x000001e4e81011d8]
Event: 1212.088 Thread 0x000001e4f528c3f0 nmethod 17928 0x000001e4e1349e10 code [0x000001e4e134a020, 0x000001e4e134a530]
Event: 1212.091 Thread 0x000001e4f528c3f0 17930       3       org.eclipse.core.internal.resources.MarkerAttributeMap::shareStrings (92 bytes)
Event: 1212.094 Thread 0x000001e4f528c3f0 nmethod 17930 0x000001e4e1187390 code [0x000001e4e1187620, 0x000001e4e11884d0]
Event: 1212.094 Thread 0x000001e4f528c3f0 17931       3       org.eclipse.core.internal.resources.MarkerInfo::shareStrings (21 bytes)
Event: 1212.096 Thread 0x000001e4f528c3f0 nmethod 17931 0x000001e4e1229c10 code [0x000001e4e1229de0, 0x000001e4e1229fc0]
Event: 1253.158 Thread 0x000001e4f528c3f0 17932       3       java.util.concurrent.locks.AbstractQueuedSynchronizer$ConditionObject::await (207 bytes)
Event: 1253.163 Thread 0x000001e4f528c3f0 nmethod 17932 0x000001e4e08d3890 code [0x000001e4e08d3b80, 0x000001e4e08d4a00]
Event: 1291.568 Thread 0x000001e4f528c3f0 17933       3       java.lang.ref.ReferenceQueue::await (15 bytes)
Event: 1291.569 Thread 0x000001e4f528c3f0 nmethod 17933 0x000001e4e1349990 code [0x000001e4e1349b40, 0x000001e4e1349ce0]
Event: 1303.708 Thread 0x000001e4f528c3f0 17934       1       org.eclipse.jdt.ls.core.internal.LanguageServerApplication::getParentProcessId (5 bytes)
Event: 1303.708 Thread 0x000001e4f528c3f0 nmethod 17934 0x000001e4e8100a90 code [0x000001e4e8100c20, 0x000001e4e8100ce8]
Event: 1593.957 Thread 0x000001e4f528c3f0 17936       3       java.util.concurrent.ScheduledThreadPoolExecutor$ScheduledFutureTask::isPeriodic (15 bytes)
Event: 1593.967 Thread 0x000001e4f528c3f0 nmethod 17936 0x000001e4e0e9cd10 code [0x000001e4e0e9cea0, 0x000001e4e0e9d008]
Event: 1593.969 Thread 0x000001e4f528c3f0 17937       1       org.eclipse.osgi.internal.framework.EquinoxContainer::getStorage (5 bytes)
Event: 1593.978 Thread 0x000001e4f528c3f0 nmethod 17937 0x000001e4e8569690 code [0x000001e4e8569820, 0x000001e4e85698e8]

GC Heap History (20 events):
Event: 145.266 GC heap before
{Heap before GC invocations=2101 (full 4):
 PSYoungGen      total 31744K, used 31267K [0x00000000d5580000, 0x00000000d7f00000, 0x0000000100000000)
  eden space 28672K, 100% used [0x00000000d5580000,0x00000000d7180000,0x00000000d7180000)
  from space 3072K, 84% used [0x00000000d7c00000,0x00000000d7e88d60,0x00000000d7f00000)
  to   space 5120K, 0% used [0x00000000d7500000,0x00000000d7500000,0x00000000d7a00000)
 ParOldGen       total 450560K, used 429906K [0x0000000080000000, 0x000000009b800000, 0x00000000d5580000)
  object space 450560K, 95% used [0x0000000080000000,0x000000009a3d4a08,0x000000009b800000)
 Metaspace       used 75003K, committed 76672K, reserved 1179648K
  class space    used 7628K, committed 8384K, reserved 1048576K
}
Event: 145.275 GC heap after
{Heap after GC invocations=2101 (full 4):
 PSYoungGen      total 32768K, used 4281K [0x00000000d5580000, 0x00000000d7c80000, 0x0000000100000000)
  eden space 28160K, 0% used [0x00000000d5580000,0x00000000d5580000,0x00000000d7100000)
  from space 4608K, 92% used [0x00000000d7500000,0x00000000d792e480,0x00000000d7980000)
  to   space 3072K, 0% used [0x00000000d7980000,0x00000000d7980000,0x00000000d7c80000)
 ParOldGen       total 450560K, used 429914K [0x0000000080000000, 0x000000009b800000, 0x00000000d5580000)
  object space 450560K, 95% used [0x0000000080000000,0x000000009a3d6a08,0x000000009b800000)
 Metaspace       used 75003K, committed 76672K, reserved 1179648K
  class space    used 7628K, committed 8384K, reserved 1048576K
}
Event: 146.111 GC heap before
{Heap before GC invocations=2102 (full 4):
 PSYoungGen      total 32768K, used 32441K [0x00000000d5580000, 0x00000000d7c80000, 0x0000000100000000)
  eden space 28160K, 100% used [0x00000000d5580000,0x00000000d7100000,0x00000000d7100000)
  from space 4608K, 92% used [0x00000000d7500000,0x00000000d792e480,0x00000000d7980000)
  to   space 3072K, 0% used [0x00000000d7980000,0x00000000d7980000,0x00000000d7c80000)
 ParOldGen       total 450560K, used 429914K [0x0000000080000000, 0x000000009b800000, 0x00000000d5580000)
  object space 450560K, 95% used [0x0000000080000000,0x000000009a3d6a08,0x000000009b800000)
 Metaspace       used 75396K, committed 77056K, reserved 1179648K
  class space    used 7651K, committed 8384K, reserved 1048576K
}
Event: 146.115 GC heap after
{Heap after GC invocations=2102 (full 4):
 PSYoungGen      total 30208K, used 2153K [0x00000000d5580000, 0x00000000d7c00000, 0x0000000100000000)
  eden space 27648K, 0% used [0x00000000d5580000,0x00000000d5580000,0x00000000d7080000)
  from space 2560K, 84% used [0x00000000d7980000,0x00000000d7b9a4d8,0x00000000d7c00000)
  to   space 3072K, 0% used [0x00000000d7600000,0x00000000d7600000,0x00000000d7900000)
 ParOldGen       total 450560K, used 429922K [0x0000000080000000, 0x000000009b800000, 0x00000000d5580000)
  object space 450560K, 95% used [0x0000000080000000,0x000000009a3d8a08,0x000000009b800000)
 Metaspace       used 75396K, committed 77056K, reserved 1179648K
  class space    used 7651K, committed 8384K, reserved 1048576K
}
Event: 146.630 GC heap before
{Heap before GC invocations=2103 (full 4):
 PSYoungGen      total 30208K, used 29786K [0x00000000d5580000, 0x00000000d7c00000, 0x0000000100000000)
  eden space 27648K, 99% used [0x00000000d5580000,0x00000000d707c5a0,0x00000000d7080000)
  from space 2560K, 84% used [0x00000000d7980000,0x00000000d7b9a4d8,0x00000000d7c00000)
  to   space 3072K, 0% used [0x00000000d7600000,0x00000000d7600000,0x00000000d7900000)
 ParOldGen       total 450560K, used 429922K [0x0000000080000000, 0x000000009b800000, 0x00000000d5580000)
  object space 450560K, 95% used [0x0000000080000000,0x000000009a3d8a08,0x000000009b800000)
 Metaspace       used 76145K, committed 77888K, reserved 1179648K
  class space    used 7745K, committed 8512K, reserved 1048576K
}
Event: 146.636 GC heap after
{Heap after GC invocations=2103 (full 4):
 PSYoungGen      total 30208K, used 2886K [0x00000000d5580000, 0x00000000d7a00000, 0x0000000100000000)
  eden space 27136K, 0% used [0x00000000d5580000,0x00000000d5580000,0x00000000d7000000)
  from space 3072K, 93% used [0x00000000d7600000,0x00000000d78d18d8,0x00000000d7900000)
  to   space 1024K, 0% used [0x00000000d7900000,0x00000000d7900000,0x00000000d7a00000)
 ParOldGen       total 450560K, used 429922K [0x0000000080000000, 0x000000009b800000, 0x00000000d5580000)
  object space 450560K, 95% used [0x0000000080000000,0x000000009a3d8a08,0x000000009b800000)
 Metaspace       used 76145K, committed 77888K, reserved 1179648K
  class space    used 7745K, committed 8512K, reserved 1048576K
}
Event: 147.182 GC heap before
{Heap before GC invocations=2104 (full 4):
 PSYoungGen      total 30208K, used 30022K [0x00000000d5580000, 0x00000000d7a00000, 0x0000000100000000)
  eden space 27136K, 100% used [0x00000000d5580000,0x00000000d7000000,0x00000000d7000000)
  from space 3072K, 93% used [0x00000000d7600000,0x00000000d78d18d8,0x00000000d7900000)
  to   space 1024K, 0% used [0x00000000d7900000,0x00000000d7900000,0x00000000d7a00000)
 ParOldGen       total 450560K, used 429922K [0x0000000080000000, 0x000000009b800000, 0x00000000d5580000)
  object space 450560K, 95% used [0x0000000080000000,0x000000009a3d8a08,0x000000009b800000)
 Metaspace       used 77137K, committed 78848K, reserved 1179648K
  class space    used 7825K, committed 8576K, reserved 1048576K
}
Event: 147.196 GC heap after
{Heap after GC invocations=2104 (full 4):
 PSYoungGen      total 27648K, used 996K [0x00000000d5580000, 0x00000000d7a00000, 0x0000000100000000)
  eden space 26624K, 0% used [0x00000000d5580000,0x00000000d5580000,0x00000000d6f80000)
  from space 1024K, 97% used [0x00000000d7900000,0x00000000d79f9250,0x00000000d7a00000)
  to   space 4608K, 0% used [0x00000000d7100000,0x00000000d7100000,0x00000000d7580000)
 ParOldGen       total 450560K, used 432987K [0x0000000080000000, 0x000000009b800000, 0x00000000d5580000)
  object space 450560K, 96% used [0x0000000080000000,0x000000009a6d6eb0,0x000000009b800000)
 Metaspace       used 77137K, committed 78848K, reserved 1179648K
  class space    used 7825K, committed 8576K, reserved 1048576K
}
Event: 147.875 GC heap before
{Heap before GC invocations=2105 (full 4):
 PSYoungGen      total 27648K, used 27620K [0x00000000d5580000, 0x00000000d7a00000, 0x0000000100000000)
  eden space 26624K, 100% used [0x00000000d5580000,0x00000000d6f80000,0x00000000d6f80000)
  from space 1024K, 97% used [0x00000000d7900000,0x00000000d79f9250,0x00000000d7a00000)
  to   space 4608K, 0% used [0x00000000d7100000,0x00000000d7100000,0x00000000d7580000)
 ParOldGen       total 450560K, used 432987K [0x0000000080000000, 0x000000009b800000, 0x00000000d5580000)
  object space 450560K, 96% used [0x0000000080000000,0x000000009a6d6eb0,0x000000009b800000)
 Metaspace       used 77439K, committed 79168K, reserved 1179648K
  class space    used 7873K, committed 8640K, reserved 1048576K
}
Event: 147.880 GC heap after
{Heap after GC invocations=2105 (full 4):
 PSYoungGen      total 30720K, used 928K [0x00000000d5580000, 0x00000000d7980000, 0x0000000100000000)
  eden space 26112K, 0% used [0x00000000d5580000,0x00000000d5580000,0x00000000d6f00000)
  from space 4608K, 20% used [0x00000000d7100000,0x00000000d71e8000,0x00000000d7580000)
  to   space 2560K, 0% used [0x00000000d7700000,0x00000000d7700000,0x00000000d7980000)
 ParOldGen       total 450560K, used 433590K [0x0000000080000000, 0x000000009b800000, 0x00000000d5580000)
  object space 450560K, 96% used [0x0000000080000000,0x000000009a76d880,0x000000009b800000)
 Metaspace       used 77439K, committed 79168K, reserved 1179648K
  class space    used 7873K, committed 8640K, reserved 1048576K
}
Event: 148.711 GC heap before
{Heap before GC invocations=2106 (full 4):
 PSYoungGen      total 30720K, used 27040K [0x00000000d5580000, 0x00000000d7980000, 0x0000000100000000)
  eden space 26112K, 100% used [0x00000000d5580000,0x00000000d6f00000,0x00000000d6f00000)
  from space 4608K, 20% used [0x00000000d7100000,0x00000000d71e8000,0x00000000d7580000)
  to   space 2560K, 0% used [0x00000000d7700000,0x00000000d7700000,0x00000000d7980000)
 ParOldGen       total 450560K, used 433590K [0x0000000080000000, 0x000000009b800000, 0x00000000d5580000)
  object space 450560K, 96% used [0x0000000080000000,0x000000009a76d880,0x000000009b800000)
 Metaspace       used 77447K, committed 79168K, reserved 1179648K
  class space    used 7873K, committed 8640K, reserved 1048576K
}
Event: 148.714 GC heap after
{Heap after GC invocations=2106 (full 4):
 PSYoungGen      total 26624K, used 992K [0x00000000d5580000, 0x00000000d7800000, 0x0000000100000000)
  eden space 25600K, 0% used [0x00000000d5580000,0x00000000d5580000,0x00000000d6e80000)
  from space 1024K, 96% used [0x00000000d7700000,0x00000000d77f8000,0x00000000d7800000)
  to   space 1536K, 0% used [0x00000000d7500000,0x00000000d7500000,0x00000000d7680000)
 ParOldGen       total 450560K, used 433590K [0x0000000080000000, 0x000000009b800000, 0x00000000d5580000)
  object space 450560K, 96% used [0x0000000080000000,0x000000009a76d880,0x000000009b800000)
 Metaspace       used 77447K, committed 79168K, reserved 1179648K
  class space    used 7873K, committed 8640K, reserved 1048576K
}
Event: 149.508 GC heap before
{Heap before GC invocations=2107 (full 4):
 PSYoungGen      total 26624K, used 26592K [0x00000000d5580000, 0x00000000d7800000, 0x0000000100000000)
  eden space 25600K, 100% used [0x00000000d5580000,0x00000000d6e80000,0x00000000d6e80000)
  from space 1024K, 96% used [0x00000000d7700000,0x00000000d77f8000,0x00000000d7800000)
  to   space 1536K, 0% used [0x00000000d7500000,0x00000000d7500000,0x00000000d7680000)
 ParOldGen       total 450560K, used 433590K [0x0000000080000000, 0x000000009b800000, 0x00000000d5580000)
  object space 450560K, 96% used [0x0000000080000000,0x000000009a76d880,0x000000009b800000)
 Metaspace       used 77448K, committed 79168K, reserved 1179648K
  class space    used 7873K, committed 8640K, reserved 1048576K
}
Event: 149.511 GC heap after
{Heap after GC invocations=2107 (full 4):
 PSYoungGen      total 27136K, used 1158K [0x00000000d5580000, 0x00000000d7780000, 0x0000000100000000)
  eden space 25600K, 0% used [0x00000000d5580000,0x00000000d5580000,0x00000000d6e80000)
  from space 1536K, 75% used [0x00000000d7500000,0x00000000d7621a58,0x00000000d7680000)
  to   space 1024K, 0% used [0x00000000d7680000,0x00000000d7680000,0x00000000d7780000)
 ParOldGen       total 450560K, used 433590K [0x0000000080000000, 0x000000009b800000, 0x00000000d5580000)
  object space 450560K, 96% used [0x0000000080000000,0x000000009a76d880,0x000000009b800000)
 Metaspace       used 77448K, committed 79168K, reserved 1179648K
  class space    used 7873K, committed 8640K, reserved 1048576K
}
Event: 149.766 GC heap before
{Heap before GC invocations=2108 (full 4):
 PSYoungGen      total 27136K, used 26758K [0x00000000d5580000, 0x00000000d7780000, 0x0000000100000000)
  eden space 25600K, 100% used [0x00000000d5580000,0x00000000d6e80000,0x00000000d6e80000)
  from space 1536K, 75% used [0x00000000d7500000,0x00000000d7621a58,0x00000000d7680000)
  to   space 1024K, 0% used [0x00000000d7680000,0x00000000d7680000,0x00000000d7780000)
 ParOldGen       total 450560K, used 433590K [0x0000000080000000, 0x000000009b800000, 0x00000000d5580000)
  object space 450560K, 96% used [0x0000000080000000,0x000000009a76d880,0x000000009b800000)
 Metaspace       used 77450K, committed 79168K, reserved 1179648K
  class space    used 7873K, committed 8640K, reserved 1048576K
}
Event: 150.346 GC heap after
{Heap after GC invocations=2108 (full 4):
 PSYoungGen      total 30208K, used 992K [0x00000000d5580000, 0x00000000d7780000, 0x0000000100000000)
  eden space 29184K, 0% used [0x00000000d5580000,0x00000000d5580000,0x00000000d7200000)
  from space 1024K, 96% used [0x00000000d7680000,0x00000000d7778000,0x00000000d7780000)
  to   space 1536K, 0% used [0x00000000d7480000,0x00000000d7480000,0x00000000d7600000)
 ParOldGen       total 450560K, used 433598K [0x0000000080000000, 0x000000009b800000, 0x00000000d5580000)
  object space 450560K, 96% used [0x0000000080000000,0x000000009a76f880,0x000000009b800000)
 Metaspace       used 77450K, committed 79168K, reserved 1179648K
  class space    used 7873K, committed 8640K, reserved 1048576K
}
Event: 151.400 GC heap before
{Heap before GC invocations=2109 (full 4):
 PSYoungGen      total 30208K, used 30176K [0x00000000d5580000, 0x00000000d7780000, 0x0000000100000000)
  eden space 29184K, 100% used [0x00000000d5580000,0x00000000d7200000,0x00000000d7200000)
  from space 1024K, 96% used [0x00000000d7680000,0x00000000d7778000,0x00000000d7780000)
  to   space 1536K, 0% used [0x00000000d7480000,0x00000000d7480000,0x00000000d7600000)
 ParOldGen       total 450560K, used 433598K [0x0000000080000000, 0x000000009b800000, 0x00000000d5580000)
  object space 450560K, 96% used [0x0000000080000000,0x000000009a76f880,0x000000009b800000)
 Metaspace       used 77497K, committed 79232K, reserved 1179648K
  class space    used 7879K, committed 8640K, reserved 1048576K
}
Event: 151.407 GC heap after
{Heap after GC invocations=2109 (full 4):
 PSYoungGen      total 33280K, used 1310K [0x00000000d5580000, 0x00000000d7880000, 0x0000000100000000)
  eden space 31744K, 0% used [0x00000000d5580000,0x00000000d5580000,0x00000000d7480000)
  from space 1536K, 85% used [0x00000000d7480000,0x00000000d75c7960,0x00000000d7600000)
  to   space 1536K, 0% used [0x00000000d7700000,0x00000000d7700000,0x00000000d7880000)
 ParOldGen       total 450560K, used 433982K [0x0000000080000000, 0x000000009b800000, 0x00000000d5580000)
  object space 450560K, 96% used [0x0000000080000000,0x000000009a7cf880,0x000000009b800000)
 Metaspace       used 77497K, committed 79232K, reserved 1179648K
  class space    used 7879K, committed 8640K, reserved 1048576K
}
Event: 314.769 GC heap before
{Heap before GC invocations=2110 (full 4):
 PSYoungGen      total 33280K, used 33054K [0x00000000d5580000, 0x00000000d7880000, 0x0000000100000000)
  eden space 31744K, 100% used [0x00000000d5580000,0x00000000d7480000,0x00000000d7480000)
  from space 1536K, 85% used [0x00000000d7480000,0x00000000d75c7960,0x00000000d7600000)
  to   space 1536K, 0% used [0x00000000d7700000,0x00000000d7700000,0x00000000d7880000)
 ParOldGen       total 450560K, used 433982K [0x0000000080000000, 0x000000009b800000, 0x00000000d5580000)
  object space 450560K, 96% used [0x0000000080000000,0x000000009a7cf880,0x000000009b800000)
 Metaspace       used 77801K, committed 79552K, reserved 1179648K
  class space    used 7913K, committed 8704K, reserved 1048576K
}
Event: 314.843 GC heap after
{Heap after GC invocations=2110 (full 4):
 PSYoungGen      total 24064K, used 1533K [0x00000000d5580000, 0x00000000d8f00000, 0x0000000100000000)
  eden space 22528K, 0% used [0x00000000d5580000,0x00000000d5580000,0x00000000d6b80000)
  from space 1536K, 99% used [0x00000000d7700000,0x00000000d787f520,0x00000000d7880000)
  to   space 11776K, 0% used [0x00000000d6b80000,0x00000000d6b80000,0x00000000d7700000)
 ParOldGen       total 450560K, used 442479K [0x0000000080000000, 0x000000009b800000, 0x00000000d5580000)
  object space 450560K, 98% used [0x0000000080000000,0x000000009b01bfb8,0x000000009b800000)
 Metaspace       used 77801K, committed 79552K, reserved 1179648K
  class space    used 7913K, committed 8704K, reserved 1048576K
}

Dll operation events (10 events):
Event: 0.022 Loaded shared library c:\Users\TCHAMGOUE Yann\.vscode\extensions\redhat.java-1.44.0-win32-x64\jre\21.0.8-win32-x86_64\bin\java.dll
Event: 0.260 Loaded shared library c:\Users\TCHAMGOUE Yann\.vscode\extensions\redhat.java-1.44.0-win32-x64\jre\21.0.8-win32-x86_64\bin\zip.dll
Event: 0.314 Loaded shared library C:\Users\TCHAMGOUE Yann\.vscode\extensions\redhat.java-1.44.0-win32-x64\jre\21.0.8-win32-x86_64\bin\instrument.dll
Event: 0.322 Loaded shared library C:\Users\TCHAMGOUE Yann\.vscode\extensions\redhat.java-1.44.0-win32-x64\jre\21.0.8-win32-x86_64\bin\net.dll
Event: 0.325 Loaded shared library C:\Users\TCHAMGOUE Yann\.vscode\extensions\redhat.java-1.44.0-win32-x64\jre\21.0.8-win32-x86_64\bin\nio.dll
Event: 0.331 Loaded shared library C:\Users\TCHAMGOUE Yann\.vscode\extensions\redhat.java-1.44.0-win32-x64\jre\21.0.8-win32-x86_64\bin\zip.dll
Event: 0.358 Loaded shared library C:\Users\TCHAMGOUE Yann\.vscode\extensions\redhat.java-1.44.0-win32-x64\jre\21.0.8-win32-x86_64\bin\jimage.dll
Event: 0.554 Loaded shared library c:\Users\TCHAMGOUE Yann\.vscode\extensions\redhat.java-1.44.0-win32-x64\jre\21.0.8-win32-x86_64\bin\verify.dll
Event: 3.682 Loaded shared library C:\Users\TCHAMGOUE Yann\AppData\Roaming\Code\User\globalStorage\redhat.java\1.44.0\config_win\org.eclipse.equinox.launcher\org.eclipse.equinox.launcher.win32.win32.x86_64_1.2.1400.v20250730-1736\eclipse_11913.dll
Event: 11.534 Loaded shared library C:\Users\TCHAMGOUE Yann\AppData\Local\Temp\jna-818174091\jna110450156526437654.dll

Deoptimization events (20 events):
Event: 314.877 Thread 0x000001e4fbd2a1a0 Uncommon trap: trap_request=0xffffffde fr.pc=0x000001e4e81f4d14 relative=0x0000000000000d34
Event: 314.877 Thread 0x000001e4fbd2a1a0 Uncommon trap: reason=class_check action=maybe_recompile pc=0x000001e4e81f4d14 method=java.io.DataOutputStream.write([BII)V @ 7 c2
Event: 314.877 Thread 0x000001e4fbd2a1a0 DEOPT PACKING pc=0x000001e4e81f4d14 sp=0x0000008304efe7e0
Event: 314.877 Thread 0x000001e4fbd2a1a0 DEOPT UNPACKING pc=0x000001e4e7773aa2 sp=0x0000008304efe700 mode 2
Event: 314.878 Thread 0x000001e4fbd2a1a0 Uncommon trap: trap_request=0xffffffde fr.pc=0x000001e4e81f4d14 relative=0x0000000000000d34
Event: 314.878 Thread 0x000001e4fbd2a1a0 Uncommon trap: reason=class_check action=maybe_recompile pc=0x000001e4e81f4d14 method=java.io.DataOutputStream.write([BII)V @ 7 c2
Event: 314.878 Thread 0x000001e4fbd2a1a0 DEOPT PACKING pc=0x000001e4e81f4d14 sp=0x0000008304efe8a0
Event: 314.878 Thread 0x000001e4fbd2a1a0 DEOPT UNPACKING pc=0x000001e4e7773aa2 sp=0x0000008304efe7c0 mode 2
Event: 314.901 Thread 0x000001e4fbd2a1a0 Uncommon trap: trap_request=0xffffffde fr.pc=0x000001e4e81f4d14 relative=0x0000000000000d34
Event: 314.901 Thread 0x000001e4fbd2a1a0 Uncommon trap: reason=class_check action=maybe_recompile pc=0x000001e4e81f4d14 method=java.io.DataOutputStream.write([BII)V @ 7 c2
Event: 314.901 Thread 0x000001e4fbd2a1a0 DEOPT PACKING pc=0x000001e4e81f4d14 sp=0x0000008304efe840
Event: 314.901 Thread 0x000001e4fbd2a1a0 DEOPT UNPACKING pc=0x000001e4e7773aa2 sp=0x0000008304efe760 mode 2
Event: 314.941 Thread 0x000001e4fbd2a1a0 Uncommon trap: trap_request=0xffffffbe fr.pc=0x000001e4e8c4b804 relative=0x0000000000000884
Event: 314.941 Thread 0x000001e4fbd2a1a0 Uncommon trap: reason=profile_predicate action=maybe_recompile pc=0x000001e4e8c4b804 method=java.io.InputStream.read([BII)I @ 40 c2
Event: 314.941 Thread 0x000001e4fbd2a1a0 DEOPT PACKING pc=0x000001e4e8c4b804 sp=0x0000008304efeca0
Event: 314.941 Thread 0x000001e4fbd2a1a0 DEOPT UNPACKING pc=0x000001e4e7773aa2 sp=0x0000008304efec20 mode 2
Event: 314.941 Thread 0x000001e4fbd2a1a0 Uncommon trap: trap_request=0xffffffbe fr.pc=0x000001e4e8434508 relative=0x0000000000000868
Event: 314.941 Thread 0x000001e4fbd2a1a0 Uncommon trap: reason=profile_predicate action=maybe_recompile pc=0x000001e4e8434508 method=java.util.Properties.load0(Ljava/util/Properties$LineReader;)V @ 14 c2
Event: 314.941 Thread 0x000001e4fbd2a1a0 DEOPT PACKING pc=0x000001e4e8434508 sp=0x0000008304efedd0
Event: 314.941 Thread 0x000001e4fbd2a1a0 DEOPT UNPACKING pc=0x000001e4e7773aa2 sp=0x0000008304efed70 mode 2

Classes loaded (20 events):
Event: 130.787 Loading class java/util/zip/GZIPInputStream$1
Event: 130.788 Loading class java/util/zip/GZIPInputStream$1 done
Event: 146.325 Loading class java/util/HashMap$EntrySpliterator
Event: 146.325 Loading class java/util/HashMap$EntrySpliterator done
Event: 146.792 Loading class jdk/internal/ref/CleanerImpl$InnocuousThreadFactory
Event: 146.792 Loading class jdk/internal/ref/CleanerImpl$InnocuousThreadFactory done
Event: 314.352 Loading class java/util/stream/Nodes$CollectorTask$OfRef
Event: 314.356 Loading class java/util/stream/Nodes$CollectorTask
Event: 314.363 Loading class java/util/stream/Nodes$CollectorTask done
Event: 314.363 Loading class java/util/stream/Nodes$CollectorTask$OfRef done
Event: 314.577 Loading class java/util/function/LongFunction
Event: 314.578 Loading class java/util/function/LongFunction done
Event: 314.581 Loading class java/util/stream/Nodes$ConcNode
Event: 314.583 Loading class java/util/stream/Nodes$AbstractConcNode
Event: 314.585 Loading class java/util/stream/Nodes$AbstractConcNode done
Event: 314.585 Loading class java/util/stream/Nodes$ConcNode done
Event: 314.704 Loading class java/io/FileFilter
Event: 314.705 Loading class java/io/FileFilter done
Event: 314.737 Loading class java/util/CollSer
Event: 314.738 Loading class java/util/CollSer done

Classes unloaded (9 events):
Event: 13.102 Thread 0x000001e4dd0aaf20 Unloading class 0x000001e4811ac000 'java/lang/invoke/LambdaForm$MH+0x000001e4811ac000'
Event: 13.102 Thread 0x000001e4dd0aaf20 Unloading class 0x000001e4811abc00 'java/lang/invoke/LambdaForm$MH+0x000001e4811abc00'
Event: 13.102 Thread 0x000001e4dd0aaf20 Unloading class 0x000001e4811ab800 'java/lang/invoke/LambdaForm$MH+0x000001e4811ab800'
Event: 13.102 Thread 0x000001e4dd0aaf20 Unloading class 0x000001e4811ab400 'java/lang/invoke/LambdaForm$MH+0x000001e4811ab400'
Event: 13.102 Thread 0x000001e4dd0aaf20 Unloading class 0x000001e4811ab000 'java/lang/invoke/LambdaForm$BMH+0x000001e4811ab000'
Event: 13.102 Thread 0x000001e4dd0aaf20 Unloading class 0x000001e4811aac00 'java/lang/invoke/LambdaForm$DMH+0x000001e4811aac00'
Event: 13.102 Thread 0x000001e4dd0aaf20 Unloading class 0x000001e4811a9800 'java/lang/invoke/LambdaForm$DMH+0x000001e4811a9800'
Event: 60.191 Thread 0x000001e4dd0aaf20 Unloading class 0x000001e4815f4c00 'java/lang/invoke/LambdaForm$DMH+0x000001e4815f4c00'
Event: 60.191 Thread 0x000001e4dd0aaf20 Unloading class 0x000001e4815f4800 'java/lang/invoke/LambdaForm$DMH+0x000001e4815f4800'

Classes redefined (0 events):
No events

Internal exceptions (20 events):
Event: 149.353 Thread 0x000001e4fbd2a1a0 Exception <a 'sun/nio/fs/WindowsException'{0x00000000d5a9a9a0}> (0x00000000d5a9a9a0) 
thrown [s\src\hotspot\share\prims\jni.cpp, line 520]
Event: 149.354 Thread 0x000001e4fbd2a1a0 Exception <a 'sun/nio/fs/WindowsException'{0x00000000d5a9b268}> (0x00000000d5a9b268) 
thrown [s\src\hotspot\share\prims\jni.cpp, line 520]
Event: 149.600 Thread 0x000001e4fbd2a1a0 Exception <a 'sun/nio/fs/WindowsException'{0x00000000d592fcc0}> (0x00000000d592fcc0) 
thrown [s\src\hotspot\share\prims\jni.cpp, line 520]
Event: 149.600 Thread 0x000001e4fbd2a1a0 Exception <a 'sun/nio/fs/WindowsException'{0x00000000d59302d8}> (0x00000000d59302d8) 
thrown [s\src\hotspot\share\prims\jni.cpp, line 520]
Event: 149.600 Thread 0x000001e4fbd2a1a0 Exception <a 'sun/nio/fs/WindowsException'{0x00000000d5930d40}> (0x00000000d5930d40) 
thrown [s\src\hotspot\share\prims\jni.cpp, line 520]
Event: 149.600 Thread 0x000001e4fbd2a1a0 Exception <a 'sun/nio/fs/WindowsException'{0x00000000d5931358}> (0x00000000d5931358) 
thrown [s\src\hotspot\share\prims\jni.cpp, line 520]
Event: 149.601 Thread 0x000001e4fbd2a1a0 Exception <a 'sun/nio/fs/WindowsException'{0x00000000d59327d0}> (0x00000000d59327d0) 
thrown [s\src\hotspot\share\prims\jni.cpp, line 520]
Event: 149.601 Thread 0x000001e4fbd2a1a0 Exception <a 'sun/nio/fs/WindowsException'{0x00000000d5932de8}> (0x00000000d5932de8) 
thrown [s\src\hotspot\share\prims\jni.cpp, line 520]
Event: 149.604 Thread 0x000001e4fbd2a1a0 Exception <a 'sun/nio/fs/WindowsException'{0x00000000d5956cf8}> (0x00000000d5956cf8) 
thrown [s\src\hotspot\share\prims\jni.cpp, line 520]
Event: 149.604 Thread 0x000001e4fbd2a1a0 Exception <a 'sun/nio/fs/WindowsException'{0x00000000d59575c0}> (0x00000000d59575c0) 
thrown [s\src\hotspot\share\prims\jni.cpp, line 520]
Event: 150.461 Thread 0x000001e4fbd2a1a0 Exception <a 'sun/nio/fs/WindowsException'{0x00000000d57ea200}> (0x00000000d57ea200) 
thrown [s\src\hotspot\share\prims\jni.cpp, line 520]
Event: 150.461 Thread 0x000001e4fbd2a1a0 Exception <a 'sun/nio/fs/WindowsException'{0x00000000d57ea818}> (0x00000000d57ea818) 
thrown [s\src\hotspot\share\prims\jni.cpp, line 520]
Event: 150.461 Thread 0x000001e4fbd2a1a0 Exception <a 'sun/nio/fs/WindowsException'{0x00000000d57eb280}> (0x00000000d57eb280) 
thrown [s\src\hotspot\share\prims\jni.cpp, line 520]
Event: 150.461 Thread 0x000001e4fbd2a1a0 Exception <a 'sun/nio/fs/WindowsException'{0x00000000d57eb898}> (0x00000000d57eb898) 
thrown [s\src\hotspot\share\prims\jni.cpp, line 520]
Event: 150.462 Thread 0x000001e4fbd2a1a0 Exception <a 'sun/nio/fs/WindowsException'{0x00000000d57ecd10}> (0x00000000d57ecd10) 
thrown [s\src\hotspot\share\prims\jni.cpp, line 520]
Event: 150.462 Thread 0x000001e4fbd2a1a0 Exception <a 'sun/nio/fs/WindowsException'{0x00000000d57ed328}> (0x00000000d57ed328) 
thrown [s\src\hotspot\share\prims\jni.cpp, line 520]
Event: 150.465 Thread 0x000001e4fbd2a1a0 Exception <a 'sun/nio/fs/WindowsException'{0x00000000d5811238}> (0x00000000d5811238) 
thrown [s\src\hotspot\share\prims\jni.cpp, line 520]
Event: 150.465 Thread 0x000001e4fbd2a1a0 Exception <a 'sun/nio/fs/WindowsException'{0x00000000d5811b00}> (0x00000000d5811b00) 
thrown [s\src\hotspot\share\prims\jni.cpp, line 520]
Event: 314.753 Thread 0x000001e4fbd2a1a0 Exception <a 'java/lang/NoSuchMethodError'{0x00000000d745f308}: static Lorg/eclipse/m2e/core/internal/project/registry/MavenProjectFacade$MavenProjectConfiguration;.<clinit>()V> (0x00000000d745f308) 
thrown [s\src\hotspot\share\prims\jni.cpp, line 1111]
Event: 314.761 Thread 0x000001e4fbd2a1a0 Exception <a 'java/lang/NoSuchMethodError'{0x00000000d747aa78}: static [J.<clinit>()V> (0x00000000d747aa78) 
thrown [s\src\hotspot\share\prims\jni.cpp, line 1111]

ZGC Phase Switch (0 events):
No events

VM Operations (20 events):
Event: 374.176 Executing VM operation: Cleanup
Event: 374.176 Executing VM operation: Cleanup done
Event: 421.224 Executing VM operation: HandshakeAllThreads (HandshakeForDeflation)
Event: 421.224 Executing VM operation: HandshakeAllThreads (HandshakeForDeflation) done
Event: 421.224 Executing VM operation: RendezvousGCThreads
Event: 421.224 Executing VM operation: RendezvousGCThreads done
Event: 563.581 Executing VM operation: Cleanup
Event: 563.582 Executing VM operation: Cleanup done
Event: 574.694 Executing VM operation: Cleanup
Event: 574.694 Executing VM operation: Cleanup done
Event: 1313.801 Executing VM operation: Cleanup
Event: 1313.802 Executing VM operation: Cleanup done
Event: 1322.742 Executing VM operation: HandshakeAllThreads (HandshakeForDeflation)
Event: 1322.743 Executing VM operation: HandshakeAllThreads (HandshakeForDeflation) done
Event: 1322.743 Executing VM operation: RendezvousGCThreads
Event: 1322.743 Executing VM operation: RendezvousGCThreads done
Event: 1382.812 Executing VM operation: HandshakeAllThreads (HandshakeForDeflation)
Event: 1382.812 Executing VM operation: HandshakeAllThreads (HandshakeForDeflation) done
Event: 1382.812 Executing VM operation: RendezvousGCThreads
Event: 1382.812 Executing VM operation: RendezvousGCThreads done

Memory protections (0 events):
No events

Nmethod flushes (20 events):
Event: 140.588 Thread 0x000001e4dd0aaf20 flushing  nmethod 0x000001e4e1bba590
Event: 140.588 Thread 0x000001e4dd0aaf20 flushing  nmethod 0x000001e4e1be7810
Event: 140.588 Thread 0x000001e4dd0aaf20 flushing  nmethod 0x000001e4e1be8b90
Event: 140.588 Thread 0x000001e4dd0aaf20 flushing  nmethod 0x000001e4e1be9f10
Event: 140.588 Thread 0x000001e4dd0aaf20 flushing  nmethod 0x000001e4e1beac90
Event: 140.588 Thread 0x000001e4dd0aaf20 flushing  nmethod 0x000001e4e1beb110
Event: 140.588 Thread 0x000001e4dd0aaf20 flushing  nmethod 0x000001e4e1bf0710
Event: 140.588 Thread 0x000001e4dd0aaf20 flushing  nmethod 0x000001e4e1bf1110
Event: 140.588 Thread 0x000001e4dd0aaf20 flushing  nmethod 0x000001e4e1bff010
Event: 140.588 Thread 0x000001e4dd0aaf20 flushing  nmethod 0x000001e4e1bff590
Event: 140.588 Thread 0x000001e4dd0aaf20 flushing  nmethod 0x000001e4e1c1be90
Event: 140.588 Thread 0x000001e4dd0aaf20 flushing  nmethod 0x000001e4e1c22e90
Event: 140.588 Thread 0x000001e4dd0aaf20 flushing  nmethod 0x000001e4e1c23690
Event: 140.588 Thread 0x000001e4dd0aaf20 flushing  nmethod 0x000001e4e1c30990
Event: 140.588 Thread 0x000001e4dd0aaf20 flushing  nmethod 0x000001e4e1c3ca10
Event: 140.588 Thread 0x000001e4dd0aaf20 flushing  nmethod 0x000001e4e1c4e890
Event: 140.588 Thread 0x000001e4dd0aaf20 flushing  nmethod 0x000001e4e1c9f410
Event: 140.588 Thread 0x000001e4dd0aaf20 flushing osr nmethod 0x000001e4e1cccc90
Event: 140.588 Thread 0x000001e4dd0aaf20 flushing  nmethod 0x000001e4e1cf0110
Event: 140.588 Thread 0x000001e4dd0aaf20 flushing  nmethod 0x000001e4e1cf2f90

Events (20 events):
Event: 369.464 Thread 0x000001e4fe27cf10 Thread exited: 0x000001e4fe27cf10
Event: 371.407 Thread 0x000001e4fe27f670 Thread exited: 0x000001e4fe27f670
Event: 371.407 Thread 0x000001e4fe27efe0 Thread exited: 0x000001e4fe27efe0
Event: 371.568 Thread 0x000001e4fe27fd00 Thread exited: 0x000001e4fe27fd00
Event: 371.757 Thread 0x000001e4fe27e950 Thread exited: 0x000001e4fe27e950
Event: 373.177 Thread 0x000001e4fe2810b0 Thread exited: 0x000001e4fe2810b0
Event: 373.178 Thread 0x000001e4fe280390 Thread exited: 0x000001e4fe280390
Event: 373.179 Thread 0x000001e4fe27a120 Thread exited: 0x000001e4fe27a120
Event: 373.195 Thread 0x000001e4fe280a20 Thread exited: 0x000001e4fe280a20
Event: 373.320 Thread 0x000001e4fcae1d40 Thread exited: 0x000001e4fcae1d40
Event: 373.335 Thread 0x000001e4fe27e2c0 Thread exited: 0x000001e4fe27e2c0
Event: 373.335 Thread 0x000001e4fcadef50 Thread exited: 0x000001e4fcadef50
Event: 382.987 Thread 0x000001e4fe27d5a0 Thread exited: 0x000001e4fe27d5a0
Event: 391.658 Thread 0x000001e4fcadfc70 Thread exited: 0x000001e4fcadfc70
Event: 442.996 Thread 0x000001e4fe27c1f0 Thread exited: 0x000001e4fe27c1f0
Event: 451.670 Thread 0x000001e4fcae16b0 Thread exited: 0x000001e4fcae16b0
Event: 502.996 Thread 0x000001e4fe27a7b0 Thread exited: 0x000001e4fe27a7b0
Event: 511.676 Thread 0x000001e4fcae30f0 Thread exited: 0x000001e4fcae30f0
Event: 562.999 Thread 0x000001e4fbd2aec0 Thread exited: 0x000001e4fbd2aec0
Event: 571.676 Thread 0x000001e4fcae44a0 Thread exited: 0x000001e4fcae44a0


Dynamic libraries:
0x00007ff683630000 - 0x00007ff68363e000 	c:\Users\TCHAMGOUE Yann\.vscode\extensions\redhat.java-1.44.0-win32-x64\jre\21.0.8-win32-x86_64\bin\java.exe
0x00007ff99f420000 - 0x00007ff99f680000 	C:\WINDOWS\SYSTEM32\ntdll.dll
0x00007ff9724d0000 - 0x00007ff9724f0000 	C:\Program Files\Avast Software\Avast\aswhook.dll
0x00007ff99e640000 - 0x00007ff99e707000 	C:\WINDOWS\System32\KERNEL32.DLL
0x00007ff99cb90000 - 0x00007ff99cf5b000 	C:\WINDOWS\System32\KERNELBASE.dll
0x00007ff99c8c0000 - 0x00007ff99ca0b000 	C:\WINDOWS\System32\ucrtbase.dll
0x00007ff9285b0000 - 0x00007ff9285c8000 	c:\Users\TCHAMGOUE Yann\.vscode\extensions\redhat.java-1.44.0-win32-x64\jre\21.0.8-win32-x86_64\bin\jli.dll
0x00007ff99ee80000 - 0x00007ff99f04c000 	C:\WINDOWS\System32\USER32.dll
0x00007ff99cf60000 - 0x00007ff99cf87000 	C:\WINDOWS\System32\win32u.dll
0x00007ff99f170000 - 0x00007ff99f19a000 	C:\WINDOWS\System32\GDI32.dll
0x00007ff99d030000 - 0x00007ff99d161000 	C:\WINDOWS\System32\gdi32full.dll
0x00007ff99d170000 - 0x00007ff99d213000 	C:\WINDOWS\System32\msvcp_win.dll
0x00007ff9284a0000 - 0x00007ff9284be000 	c:\Users\TCHAMGOUE Yann\.vscode\extensions\redhat.java-1.44.0-win32-x64\jre\21.0.8-win32-x86_64\bin\VCRUNTIME140.dll
0x00007ff981720000 - 0x00007ff9819b7000 	C:\WINDOWS\WinSxS\amd64_microsoft.windows.common-controls_6595b64144ccf1df_6.0.26100.3624_none_3e086962e3345f24\COMCTL32.dll
0x00007ff99f0c0000 - 0x00007ff99f169000 	C:\WINDOWS\System32\msvcrt.dll
0x00007ff99f080000 - 0x00007ff99f0af000 	C:\WINDOWS\System32\IMM32.DLL
0x00007ff928610000 - 0x00007ff92861c000 	c:\Users\TCHAMGOUE Yann\.vscode\extensions\redhat.java-1.44.0-win32-x64\jre\21.0.8-win32-x86_64\bin\vcruntime140_1.dll
0x00007ff8fc3b0000 - 0x00007ff8fc43d000 	c:\Users\TCHAMGOUE Yann\.vscode\extensions\redhat.java-1.44.0-win32-x64\jre\21.0.8-win32-x86_64\bin\msvcp140.dll
0x00007ff8ea540000 - 0x00007ff8eb2d7000 	c:\Users\TCHAMGOUE Yann\.vscode\extensions\redhat.java-1.44.0-win32-x64\jre\21.0.8-win32-x86_64\bin\server\jvm.dll
0x00007ff99e710000 - 0x00007ff99e7c3000 	C:\WINDOWS\System32\ADVAPI32.dll
0x00007ff99d2a0000 - 0x00007ff99d346000 	C:\WINDOWS\System32\sechost.dll
0x00007ff99e520000 - 0x00007ff99e636000 	C:\WINDOWS\System32\RPCRT4.dll
0x00007ff99d220000 - 0x00007ff99d294000 	C:\WINDOWS\System32\WS2_32.dll
0x00007ff99c2c0000 - 0x00007ff99c31e000 	C:\WINDOWS\SYSTEM32\POWRPROF.dll
0x00007ff98d120000 - 0x00007ff98d12b000 	C:\WINDOWS\SYSTEM32\VERSION.dll
0x00007ff988e10000 - 0x00007ff988e46000 	C:\WINDOWS\SYSTEM32\WINMM.dll
0x00007ff99c2a0000 - 0x00007ff99c2b4000 	C:\WINDOWS\SYSTEM32\UMPDC.dll
0x00007ff99b410000 - 0x00007ff99b42a000 	C:\WINDOWS\SYSTEM32\kernel.appcore.dll
0x00007ff928490000 - 0x00007ff92849a000 	c:\Users\TCHAMGOUE Yann\.vscode\extensions\redhat.java-1.44.0-win32-x64\jre\21.0.8-win32-x86_64\bin\jimage.dll
0x00007ff98cd00000 - 0x00007ff98cf41000 	C:\WINDOWS\SYSTEM32\DBGHELP.DLL
0x00007ff99e190000 - 0x00007ff99e513000 	C:\WINDOWS\System32\combase.dll
0x00007ff99d3f0000 - 0x00007ff99d4c6000 	C:\WINDOWS\System32\OLEAUT32.dll
0x00007ff98ccc0000 - 0x00007ff98ccf9000 	C:\WINDOWS\SYSTEM32\dbgcore.DLL
0x00007ff99cf90000 - 0x00007ff99d029000 	C:\WINDOWS\System32\bcryptPrimitives.dll
0x00007ff928480000 - 0x00007ff92848f000 	c:\Users\TCHAMGOUE Yann\.vscode\extensions\redhat.java-1.44.0-win32-x64\jre\21.0.8-win32-x86_64\bin\instrument.dll
0x00007ff8fc850000 - 0x00007ff8fc86f000 	c:\Users\TCHAMGOUE Yann\.vscode\extensions\redhat.java-1.44.0-win32-x64\jre\21.0.8-win32-x86_64\bin\java.dll
0x00007ff99d4e0000 - 0x00007ff99dc09000 	C:\WINDOWS\System32\SHELL32.dll
0x00007ff99c750000 - 0x00007ff99c8b8000 	C:\WINDOWS\System32\wintypes.dll
0x00007ff99a270000 - 0x00007ff99aac2000 	C:\WINDOWS\SYSTEM32\windows.storage.dll
0x00007ff99e0a0000 - 0x00007ff99e18d000 	C:\WINDOWS\System32\SHCORE.dll
0x00007ff99e7d0000 - 0x00007ff99e834000 	C:\WINDOWS\System32\shlwapi.dll
0x00007ff99c510000 - 0x00007ff99c53f000 	C:\WINDOWS\SYSTEM32\profapi.dll
0x00007ff8fc810000 - 0x00007ff8fc828000 	c:\Users\TCHAMGOUE Yann\.vscode\extensions\redhat.java-1.44.0-win32-x64\jre\21.0.8-win32-x86_64\bin\zip.dll
0x00007ff928470000 - 0x00007ff928480000 	C:\Users\TCHAMGOUE Yann\.vscode\extensions\redhat.java-1.44.0-win32-x64\jre\21.0.8-win32-x86_64\bin\net.dll
0x00007ff990ce0000 - 0x00007ff990dfd000 	C:\WINDOWS\SYSTEM32\WINHTTP.dll
0x00007ff99b930000 - 0x00007ff99b99a000 	C:\WINDOWS\system32\mswsock.dll
0x00007ff8fc710000 - 0x00007ff8fc726000 	C:\Users\TCHAMGOUE Yann\.vscode\extensions\redhat.java-1.44.0-win32-x64\jre\21.0.8-win32-x86_64\bin\nio.dll
0x00007ff8fc800000 - 0x00007ff8fc810000 	c:\Users\TCHAMGOUE Yann\.vscode\extensions\redhat.java-1.44.0-win32-x64\jre\21.0.8-win32-x86_64\bin\verify.dll
0x00007ff8fc310000 - 0x00007ff8fc355000 	C:\Users\TCHAMGOUE Yann\AppData\Roaming\Code\User\globalStorage\redhat.java\1.44.0\config_win\org.eclipse.equinox.launcher\org.eclipse.equinox.launcher.win32.win32.x86_64_1.2.1400.v20250730-1736\eclipse_11913.dll
0x00007ff99dc20000 - 0x00007ff99ddb6000 	C:\WINDOWS\System32\ole32.dll
0x00007ff99bbd0000 - 0x00007ff99bbec000 	C:\WINDOWS\SYSTEM32\CRYPTSP.dll
0x00007ff99b370000 - 0x00007ff99b3aa000 	C:\WINDOWS\system32\rsaenh.dll
0x00007ff99b9d0000 - 0x00007ff99b9fb000 	C:\WINDOWS\SYSTEM32\USERENV.dll
0x00007ff99be10000 - 0x00007ff99be36000 	C:\WINDOWS\SYSTEM32\bcrypt.dll
0x00007ff99bbf0000 - 0x00007ff99bbfc000 	C:\WINDOWS\SYSTEM32\CRYPTBASE.dll
0x00007ff99af30000 - 0x00007ff99af63000 	C:\WINDOWS\SYSTEM32\IPHLPAPI.DLL
0x00007ff99d4d0000 - 0x00007ff99d4da000 	C:\WINDOWS\System32\NSI.dll
0x00007ff8fc240000 - 0x00007ff8fc289000 	C:\Users\TCHAMGOUE Yann\AppData\Local\Temp\jna-818174091\jna110450156526437654.dll
0x00007ff99f050000 - 0x00007ff99f058000 	C:\WINDOWS\System32\PSAPI.DLL
0x00007ff9912d0000 - 0x00007ff9912ef000 	C:\WINDOWS\SYSTEM32\dhcpcsvc6.DLL
0x00007ff9912a0000 - 0x00007ff9912c5000 	C:\WINDOWS\SYSTEM32\dhcpcsvc.DLL

JVMTI agents:
c:\Users\TCHAMGOUE Yann\.vscode\extensions\redhat.java-1.44.0-win32-x64\lombok\lombok-1.18.39-4050.jar path:c:\Users\TCHAMGOUE Yann\.vscode\extensions\redhat.java-1.44.0-win32-x64\jre\21.0.8-win32-x86_64\bin\instrument.dll, loaded, initialized, instrumentlib options:none

dbghelp: loaded successfully - version: 4.0.5 - missing functions: none
symbol engine: initialized successfully - sym options: 0x614 - pdb path: .;c:\Users\TCHAMGOUE Yann\.vscode\extensions\redhat.java-1.44.0-win32-x64\jre\21.0.8-win32-x86_64\bin;C:\WINDOWS\SYSTEM32;C:\Program Files\Avast Software\Avast;C:\WINDOWS\WinSxS\amd64_microsoft.windows.common-controls_6595b64144ccf1df_6.0.26100.3624_none_3e086962e3345f24;c:\Users\TCHAMGOUE Yann\.vscode\extensions\redhat.java-1.44.0-win32-x64\jre\21.0.8-win32-x86_64\bin\server;C:\Users\TCHAMGOUE Yann\AppData\Roaming\Code\User\globalStorage\redhat.java\1.44.0\config_win\org.eclipse.equinox.launcher\org.eclipse.equinox.launcher.win32.win32.x86_64_1.2.1400.v20250730-1736;C:\Users\TCHAMGOUE Yann\AppData\Local\Temp\jna-818174091

VM Arguments:
jvm_args: --add-modules=ALL-SYSTEM --add-opens=java.base/java.util=ALL-UNNAMED --add-opens=java.base/java.lang=ALL-UNNAMED --add-opens=java.base/sun.nio.fs=ALL-UNNAMED -Declipse.application=org.eclipse.jdt.ls.core.id1 -Dosgi.bundles.defaultStartLevel=4 -Declipse.product=org.eclipse.jdt.ls.core.product -Djava.import.generatesMetadataFilesAtProjectRoot=false -DDetectVMInstallationsJob.disabled=true -Dfile.encoding=utf8 -XX:+UseParallelGC -XX:GCTimeRatio=4 -XX:AdaptiveSizePolicyWeight=90 -Dsun.zip.disableMemoryMapping=true -Xmx2G -Xms100m -Xlog:disable -javaagent:c:\Users\TCHAMGOUE Yann\.vscode\extensions\redhat.java-1.44.0-win32-x64\lombok\lombok-1.18.39-4050.jar -XX:+HeapDumpOnOutOfMemoryError -XX:HeapDumpPath=c:\Users\TCHAMGOUE Yann\AppData\Roaming\Code\User\workspaceStorage\0ce6ff431c656783e2bd0f60588f111c\redhat.java -Daether.dependencyCollector.impl=bf 
java_command: c:\Users\TCHAMGOUE Yann\.vscode\extensions\redhat.java-1.44.0-win32-x64\server\plugins\org.eclipse.equinox.launcher_1.7.0.v20250519-0528.jar -configuration c:\Users\TCHAMGOUE Yann\AppData\Roaming\Code\User\globalStorage\redhat.java\1.44.0\config_win -data c:\Users\TCHAMGOUE Yann\AppData\Roaming\Code\User\workspaceStorage\0ce6ff431c656783e2bd0f60588f111c\redhat.java\jdt_ws --pipe=\\.\pipe\lsp-f6608c8752566175c460d5d7a858d283-sock
java_class_path (initial): c:\Users\TCHAMGOUE Yann\.vscode\extensions\redhat.java-1.44.0-win32-x64\server\plugins\org.eclipse.equinox.launcher_1.7.0.v20250519-0528.jar
Launcher Type: SUN_STANDARD

[Global flags]
    uintx AdaptiveSizePolicyWeight                 = 90                                        {product} {command line}
     intx CICompilerCount                          = 4                                         {product} {ergonomic}
    uintx GCTimeRatio                              = 4                                         {product} {command line}
     bool HeapDumpOnOutOfMemoryError               = true                                   {manageable} {command line}
    ccstr HeapDumpPath                             = c:\Users\TCHAMGOUE Yann\AppData\Roaming\Code\User\workspaceStorage\0ce6ff431c656783e2bd0f60588f111c\redhat.java         {manageable} {command line}
   size_t InitialHeapSize                          = 104857600                                 {product} {command line}
   size_t MaxHeapSize                              = 2147483648                                {product} {command line}
   size_t MaxNewSize                               = 715653120                                 {product} {ergonomic}
   size_t MinHeapDeltaBytes                        = 524288                                    {product} {ergonomic}
   size_t MinHeapSize                              = 104857600                                 {product} {command line}
   size_t NewSize                                  = 34603008                                  {product} {ergonomic}
    uintx NonNMethodCodeHeapSize                   = 5839372                                {pd product} {ergonomic}
    uintx NonProfiledCodeHeapSize                  = 122909434                              {pd product} {ergonomic}
   size_t OldSize                                  = 70254592                                  {product} {ergonomic}
    uintx ProfiledCodeHeapSize                     = 122909434                              {pd product} {ergonomic}
    uintx ReservedCodeCacheSize                    = 251658240                              {pd product} {ergonomic}
     bool SegmentedCodeCache                       = true                                      {product} {ergonomic}
   size_t SoftMaxHeapSize                          = 2147483648                             {manageable} {ergonomic}
     bool UseCompressedOops                        = true                           {product lp64_product} {ergonomic}
     bool UseLargePagesIndividualAllocation        = false                                  {pd product} {ergonomic}
     bool UseParallelGC                            = true                                      {product} {command line}

Logging:
Log output configuration:
 #0: stdout all=off uptime,level,tags foldmultilines=false
 #1: stderr all=off uptime,level,tags foldmultilines=false

Environment Variables:
JAVA_HOME=C:\Program Files\Java\jdk1.8.0_281
PATH=C:\Program Files\Common Files\Oracle\Java\javapath;C:\WINDOWS\system32;C:\WINDOWS;C:\WINDOWS\System32\Wbem;C:\WINDOWS\System32\WindowsPowerShell\v1.0\;C:\WINDOWS\System32\OpenSSH\;C:\Program Files\Java\jdk-17\bin;C:\Users\TCHAMGOUE Yann\Downloads\apache-maven-3.9.8-bin\apache-maven-3.9.8\bin;C:\Program Files\nodejs\;C:\ProgramData\chocolatey\bin;C:\xampp\php;C:\Program Files\Git\cmd;C:\Program Files\Docker\Docker\resources\bin;C:\Program Files\MySQL\MySQL Shell 8.0\bin\;C:\Users\TCHAMGOUE Yann\AppData\Local\Programs\Python\Python313\Scripts\;C:\Users\TCHAMGOUE Yann\AppData\Local\Programs\Python\Python313\;C:\Users\TCHAMGOUE Yann\AppData\Local\Microsoft\WindowsApps;C:\Users\TCHAMGOUE Yann\AppData\Local\Programs\Microsoft VS Code\bin;C:\Users\TCHAMGOUE Yann\AppData\Roaming\npm;C:\Program Files\Git\bin;C:\xampp\php;C:\Program Files\JetBrains\IntelliJ IDEA 2024.3\bin;;C:\Program Files\MySQL\MySQL Server 8.0\bin;
USERNAME=TCHAMGOUE Yann
OS=Windows_NT
PROCESSOR_IDENTIFIER=Intel64 Family 6 Model 142 Stepping 12, GenuineIntel
TMP=C:\Users\TCHAMG~1\AppData\Local\Temp
TEMP=C:\Users\TCHAMG~1\AppData\Local\Temp




Periodic native trim disabled

---------------  S Y S T E M  ---------------

OS:
 Windows 11 , 64 bit Build 26100 (10.0.26100.3624)
OS uptime: 0 days 0:34 hours
Hyper-V role detected

CPU: total 8 (initial active 8) (4 cores per cpu, 2 threads per core) family 6 model 142 stepping 12 microcode 0xde, cx8, cmov, fxsr, ht, mmx, 3dnowpref, sse, sse2, sse3, ssse3, sse4.1, sse4.2, popcnt, lzcnt, tsc, tscinvbit, avx, avx2, aes, erms, clmul, bmi1, bmi2, adx, fma, vzeroupper, clflush, clflushopt, hv, rdtscp, f16c
Processor Information for the first 8 processors :
  Max Mhz: 2112, Current Mhz: 1609, Mhz Limit: 1605

Memory: 4k page, system-wide physical 8001M (792M free)
TotalPageFile size 19742M (AvailPageFile size 16M)
current process WorkingSet (physical memory assigned to process): 8M, peak: 1167M
current process commit charge ("private bytes"): 855M, peak: 1766M

vm_info: OpenJDK 64-Bit Server VM (21.0.8+9-LTS) for windows-amd64 JRE (21.0.8+9-LTS), built on 2025-07-15T00:00:00Z by "admin" with MS VC++ 17.7 (VS2022)

END.
