#
# There is insufficient memory for the Java Runtime Environment to continue.
# Native memory allocation (malloc) failed to allocate 32784 bytes. Error detail: Chunk::new
# Possible reasons:
#   The system is out of physical RAM or swap space
#   This process is running with CompressedOops enabled, and the Java Heap may be blocking the growth of the native heap
# Possible solutions:
#   Reduce memory load on the system
#   Increase physical memory or swap space
#   Check if swap backing store is full
#   Decrease Java heap size (-Xmx/-Xms)
#   Decrease number of Java threads
#   Decrease Java thread stack sizes (-Xss)
#   Set larger code cache with -XX:ReservedCodeCacheSize=
#   JVM is running with Unscaled Compressed Oops mode in which the Java heap is
#     placed in the first 4GB address space. The Java Heap base address is the
#     maximum limit for the native heap growth. Please use -XX:HeapBaseMinAddress
#     to set the Java Heap base and to place the Java Heap above 4GB virtual address.
# This output file may be truncated or incomplete.
#
#  Out of Memory Error (arena.cpp:168), pid=18028, tid=19528
#
# JRE version: OpenJDK Runtime Environment Temurin-21.0.8+9 (21.0.8+9) (build 21.0.8+9-LTS)
# Java VM: OpenJDK 64-Bit Server VM Temurin-21.0.8+9 (21.0.8+9-LTS, mixed mode, sharing, tiered, compressed oops, compressed class ptrs, parallel gc, windows-amd64)
# No core dump will be written. Minidumps are not enabled by default on client versions of Windows
#

---------------  S U M M A R Y ------------

Command Line: --add-modules=ALL-SYSTEM --add-opens=java.base/java.util=ALL-UNNAMED --add-opens=java.base/java.lang=ALL-UNNAMED --add-opens=java.base/sun.nio.fs=ALL-UNNAMED -Declipse.application=org.eclipse.jdt.ls.core.id1 -Dosgi.bundles.defaultStartLevel=4 -Declipse.product=org.eclipse.jdt.ls.core.product -Djava.import.generatesMetadataFilesAtProjectRoot=false -DDetectVMInstallationsJob.disabled=true -Dfile.encoding=utf8 -XX:+UseParallelGC -XX:GCTimeRatio=4 -XX:AdaptiveSizePolicyWeight=90 -Dsun.zip.disableMemoryMapping=true -Xmx2G -Xms100m -Xlog:disable -javaagent:c:\Users\TCHAMGOUE Yann\.vscode\extensions\redhat.java-1.44.0-win32-x64\lombok\lombok-1.18.39-4050.jar -XX:+HeapDumpOnOutOfMemoryError -XX:HeapDumpPath=c:\Users\TCHAMGOUE Yann\AppData\Roaming\Code\User\workspaceStorage\0ce6ff431c656783e2bd0f60588f111c\redhat.java -Daether.dependencyCollector.impl=bf c:\Users\TCHAMGOUE Yann\.vscode\extensions\redhat.java-1.44.0-win32-x64\server\plugins\org.eclipse.equinox.launcher_1.7.0.v20250519-0528.jar -configuration c:\Users\TCHAMGOUE Yann\AppData\Roaming\Code\User\globalStorage\redhat.java\1.44.0\config_win -data c:\Users\TCHAMGOUE Yann\AppData\Roaming\Code\User\workspaceStorage\0ce6ff431c656783e2bd0f60588f111c\redhat.java\jdt_ws --pipe=\\.\pipe\lsp-8a8fb0a3baad389d0c868d33cec9e8b1-sock

Host: Intel(R) Core(TM) i5-10210U CPU @ 1.60GHz, 8 cores, 7G,  Windows 11 , 64 bit Build 26100 (10.0.26100.3624)
Time: Wed Aug 20 09:58:56 2025 Afr. centrale Ouest elapsed time: 5.509544 seconds (0d 0h 0m 5s)

---------------  T H R E A D  ---------------

Current thread (0x0000019ba0998420):  JavaThread "C2 CompilerThread0" daemon [_thread_in_native, id=19528, stack(0x0000002cfa100000,0x0000002cfa200000) (1024K)]


Current CompileTask:
C2:5509 3821 %     4       java.util.zip.ZipFile$Source::initCEN @ 261 (612 bytes)

Stack: [0x0000002cfa100000,0x0000002cfa200000]
Native frames: (J=compiled Java code, j=interpreted, Vv=VM code, C=native code)
V  [jvm.dll+0x6d2449]
V  [jvm.dll+0x8ae341]
V  [jvm.dll+0x8b08be]
V  [jvm.dll+0x8b0fa3]
V  [jvm.dll+0x280c96]
V  [jvm.dll+0xc581d]
V  [jvm.dll+0xc5d53]
V  [jvm.dll+0xc5945]
V  [jvm.dll+0x6f7ee6]
V  [jvm.dll+0x24a1b3]
V  [jvm.dll+0x2483a4]
V  [jvm.dll+0x1c89ee]
V  [jvm.dll+0x257d4d]
V  [jvm.dll+0x2562ea]
V  [jvm.dll+0x3f2d16]
V  [jvm.dll+0x857e6b]
V  [jvm.dll+0x6d0b0d]
C  [ucrtbase.dll+0x37b0]
C  [KERNEL32.DLL+0x2e8d7]
C  [ntdll.dll+0xb14fc]


---------------  P R O C E S S  ---------------

Threads class SMR info:
_java_thread_list=0x0000019bfef16a90, length=24, elements={
0x0000019ba0a10f60, 0x0000019ba09886d0, 0x0000019ba098a840, 0x0000019ba098ce40,
0x0000019ba098d890, 0x0000019ba09910b0, 0x0000019ba0991c30, 0x0000019ba0998420,
0x0000019ba09be710, 0x0000019bfe0d49b0, 0x0000019bfe424170, 0x0000019bfec5c920,
0x0000019bfe759940, 0x0000019bfecdbd70, 0x0000019bfecdcdf0, 0x0000019bff487db0,
0x0000019bfed5d100, 0x0000019bff11de90, 0x0000019bff1f0bb0, 0x0000019bff1f1f60,
0x0000019bff2b9d90, 0x0000019bff1f2c80, 0x0000019bff1f25f0, 0x0000019bff1f39a0
}

Java Threads: ( => current thread )
  0x0000019ba0a10f60 JavaThread "main"                              [_thread_blocked, id=19332, stack(0x0000002cf9700000,0x0000002cf9800000) (1024K)]
  0x0000019ba09886d0 JavaThread "Reference Handler"          daemon [_thread_blocked, id=7476, stack(0x0000002cf9b00000,0x0000002cf9c00000) (1024K)]
  0x0000019ba098a840 JavaThread "Finalizer"                  daemon [_thread_blocked, id=14948, stack(0x0000002cf9c00000,0x0000002cf9d00000) (1024K)]
  0x0000019ba098ce40 JavaThread "Signal Dispatcher"          daemon [_thread_blocked, id=18968, stack(0x0000002cf9d00000,0x0000002cf9e00000) (1024K)]
  0x0000019ba098d890 JavaThread "Attach Listener"            daemon [_thread_blocked, id=5488, stack(0x0000002cf9e00000,0x0000002cf9f00000) (1024K)]
  0x0000019ba09910b0 JavaThread "Service Thread"             daemon [_thread_blocked, id=17820, stack(0x0000002cf9f00000,0x0000002cfa000000) (1024K)]
  0x0000019ba0991c30 JavaThread "Monitor Deflation Thread"   daemon [_thread_blocked, id=20400, stack(0x0000002cfa000000,0x0000002cfa100000) (1024K)]
=>0x0000019ba0998420 JavaThread "C2 CompilerThread0"         daemon [_thread_in_native, id=19528, stack(0x0000002cfa100000,0x0000002cfa200000) (1024K)]
  0x0000019ba09be710 JavaThread "C1 CompilerThread0"         daemon [_thread_blocked, id=19600, stack(0x0000002cfa200000,0x0000002cfa300000) (1024K)]
  0x0000019bfe0d49b0 JavaThread "Common-Cleaner"             daemon [_thread_blocked, id=15796, stack(0x0000002cfa300000,0x0000002cfa400000) (1024K)]
  0x0000019bfe424170 JavaThread "Notification Thread"        daemon [_thread_blocked, id=14548, stack(0x0000002cfa400000,0x0000002cfa500000) (1024K)]
  0x0000019bfec5c920 JavaThread "Active Thread: Equinox Container: 9ea9da7f-9e52-435a-b2c6-f53383e35cd5"        [_thread_blocked, id=18208, stack(0x0000002cfad00000,0x0000002cfae00000) (1024K)]
  0x0000019bfe759940 JavaThread "Refresh Thread: Equinox Container: 9ea9da7f-9e52-435a-b2c6-f53383e35cd5" daemon [_thread_blocked, id=19196, stack(0x0000002cfaf00000,0x0000002cfb000000) (1024K)]
  0x0000019bfecdbd70 JavaThread "Framework Event Dispatcher: Equinox Container: 9ea9da7f-9e52-435a-b2c6-f53383e35cd5" daemon [_thread_blocked, id=8980, stack(0x0000002cfb000000,0x0000002cfb100000) (1024K)]
  0x0000019bfecdcdf0 JavaThread "Start Level: Equinox Container: 9ea9da7f-9e52-435a-b2c6-f53383e35cd5" daemon [_thread_in_Java, id=19564, stack(0x0000002cfb100000,0x0000002cfb200000) (1024K)]
  0x0000019bff487db0 JavaThread "Bundle File Closer"         daemon [_thread_blocked, id=14496, stack(0x0000002cfb200000,0x0000002cfb300000) (1024K)]
  0x0000019bfed5d100 JavaThread "SCR Component Actor"        daemon [_thread_blocked, id=9160, stack(0x0000002cfa500000,0x0000002cfa600000) (1024K)]
  0x0000019bff11de90 JavaThread "SCR Component Registry"     daemon [_thread_blocked, id=3948, stack(0x0000002cfa600000,0x0000002cfa700000) (1024K)]
  0x0000019bff1f0bb0 JavaThread "Worker-JM"                         [_thread_blocked, id=10008, stack(0x0000002cfb400000,0x0000002cfb500000) (1024K)]
  0x0000019bff1f1f60 JavaThread "JNA Cleaner"                daemon [_thread_blocked, id=19100, stack(0x0000002cfb300000,0x0000002cfb400000) (1024K)]
  0x0000019bff2b9d90 JavaThread "C2 CompilerThread1"         daemon [_thread_blocked, id=20300, stack(0x0000002cfb500000,0x0000002cfb600000) (1024K)]
  0x0000019bff1f2c80 JavaThread "Worker-0: Checking project encoding"        [_thread_blocked, id=18164, stack(0x0000002cfb600000,0x0000002cfb700000) (1024K)]
  0x0000019bff1f25f0 JavaThread "Worker-1: Refreshing workspace"        [_thread_blocked, id=5924, stack(0x0000002cfb700000,0x0000002cfb800000) (1024K)]
  0x0000019bff1f39a0 JavaThread "Worker-2"                          [_thread_blocked, id=18072, stack(0x0000002cfb800000,0x0000002cfb900000) (1024K)]
Total: 24

Other Threads:
  0x0000019ba0982540 VMThread "VM Thread"                           [id=18052, stack(0x0000002cf9a00000,0x0000002cf9b00000) (1024K)]
  0x0000019ba089ca00 WatcherThread "VM Periodic Task Thread"        [id=20424, stack(0x0000002cf9900000,0x0000002cf9a00000) (1024K)]
  0x0000019ba0a303b0 WorkerThread "GC Thread#0"                     [id=9432, stack(0x0000002cf9800000,0x0000002cf9900000) (1024K)]
  0x0000019bfec6ca80 WorkerThread "GC Thread#1"                     [id=5044, stack(0x0000002cfa700000,0x0000002cfa800000) (1024K)]
  0x0000019bfeaf3870 WorkerThread "GC Thread#2"                     [id=20180, stack(0x0000002cfa800000,0x0000002cfa900000) (1024K)]
  0x0000019bfe8c3ba0 WorkerThread "GC Thread#3"                     [id=16820, stack(0x0000002cfa900000,0x0000002cfaa00000) (1024K)]
  0x0000019bfeaf4700 WorkerThread "GC Thread#4"                     [id=13468, stack(0x0000002cfaa00000,0x0000002cfab00000) (1024K)]
  0x0000019bfe838a50 WorkerThread "GC Thread#5"                     [id=17476, stack(0x0000002cfab00000,0x0000002cfac00000) (1024K)]
  0x0000019bfe838df0 WorkerThread "GC Thread#6"                     [id=12776, stack(0x0000002cfac00000,0x0000002cfad00000) (1024K)]
  0x0000019bfe75a720 WorkerThread "GC Thread#7"                     [id=17744, stack(0x0000002cfae00000,0x0000002cfaf00000) (1024K)]
Total: 10

Threads with active compile tasks:
C2 CompilerThread0  5561 3821 %     4       java.util.zip.ZipFile$Source::initCEN @ 261 (612 bytes)
Total: 1

VM state: not at safepoint (normal execution)

VM Mutex/Monitor currently owned by a thread: None

Heap address: 0x0000000080000000, size: 2048 MB, Compressed Oops mode: 32-bit

CDS archive(s) mapped at: [0x0000019bb8000000-0x0000019bb8ba0000-0x0000019bb8ba0000), size 12189696, SharedBaseAddress: 0x0000019bb8000000, ArchiveRelocationMode: 1.
Compressed class space mapped at: 0x0000019bb9000000-0x0000019bf9000000, reserved size: 1073741824
Narrow klass base: 0x0000019bb8000000, Narrow klass shift: 0, Narrow klass range: 0x100000000

GC Precious Log:
 CardTable entry size: 512
 CPUs: 8 total, 8 available
 Memory: 8001M
 Large Page Support: Disabled
 NUMA Support: Disabled
 Compressed Oops: Enabled (32-bit)
 Alignments: Space 512K, Generation 512K, Heap 2M
 Heap Min Capacity: 100M
 Heap Initial Capacity: 100M
 Heap Max Capacity: 2G
 Pre-touch: Disabled
 Parallel Workers: 8

Heap:
 PSYoungGen      total 30208K, used 7695K [0x00000000d5580000, 0x00000000d7900000, 0x0000000100000000)
  eden space 24576K, 9% used [0x00000000d5580000,0x00000000d57e4f38,0x00000000d6d80000)
  from space 5632K, 93% used [0x00000000d7380000,0x00000000d789ecd0,0x00000000d7900000)
  to   space 5632K, 0% used [0x00000000d6e00000,0x00000000d6e00000,0x00000000d7380000)
 ParOldGen       total 68608K, used 8074K [0x0000000080000000, 0x0000000084300000, 0x00000000d5580000)
  object space 68608K, 11% used [0x0000000080000000,0x00000000807e2a70,0x0000000084300000)
 Metaspace       used 18429K, committed 19136K, reserved 1114112K
  class space    used 1903K, committed 2240K, reserved 1048576K

Card table byte_map: [0x0000019ba03b0000,0x0000019ba07c0000] _byte_map_base: 0x0000019b9ffb0000

Marking Bits: (ParMarkBitMap*) 0x00007ff99ba9a340
 Begin Bits: [0x0000019bb2eb0000, 0x0000019bb4eb0000)
 End Bits:   [0x0000019bb4eb0000, 0x0000019bb6eb0000)

Polling page: 0x0000019b9e9f0000

Metaspace:

Usage:
  Non-class:     16.14 MB used.
      Class:      1.86 MB used.
       Both:     18.00 MB used.

Virtual space:
  Non-class space:       64.00 MB reserved,      16.50 MB ( 26%) committed,  1 nodes.
      Class space:        1.00 GB reserved,       2.19 MB ( <1%) committed,  1 nodes.
             Both:        1.06 GB reserved,      18.69 MB (  2%) committed. 

Chunk freelists:
   Non-Class:  15.52 MB
       Class:  13.81 MB
        Both:  29.33 MB

MaxMetaspaceSize: unlimited
CompressedClassSpaceSize: 1.00 GB
Initial GC threshold: 21.00 MB
Current GC threshold: 21.00 MB
CDS: on
 - commit_granule_bytes: 65536.
 - commit_granule_words: 8192.
 - virtual_space_node_default_size: 8388608.
 - enlarge_chunks_in_place: 1.
 - use_allocation_guard: 0.


Internal statistics:

num_allocs_failed_limit: 0.
num_arena_births: 530.
num_arena_deaths: 0.
num_vsnodes_births: 2.
num_vsnodes_deaths: 0.
num_space_committed: 299.
num_space_uncommitted: 0.
num_chunks_returned_to_freelist: 0.
num_chunks_taken_from_freelist: 1198.
num_chunk_merges: 0.
num_chunk_splits: 770.
num_chunks_enlarged: 514.
num_inconsistent_stats: 0.

CodeHeap 'non-profiled nmethods': size=120000Kb used=1723Kb max_used=1723Kb free=118276Kb
 bounds [0x0000019bab6d0000, 0x0000019bab940000, 0x0000019bb2c00000]
CodeHeap 'profiled nmethods': size=120000Kb used=7902Kb max_used=7902Kb free=112097Kb
 bounds [0x0000019ba3c00000, 0x0000019ba43c0000, 0x0000019bab130000]
CodeHeap 'non-nmethods': size=5760Kb used=1278Kb max_used=1351Kb free=4481Kb
 bounds [0x0000019bab130000, 0x0000019bab3a0000, 0x0000019bab6d0000]
CodeCache: size=245760Kb, used=10903Kb, max_used=10976Kb, free=234854Kb
 total_blobs=4406, nmethods=3850, adapters=462, full_count=0
Compilation: enabled, stopped_count=0, restarted_count=0

Compilation events (20 events):
Event: 5.474 Thread 0x0000019ba09be710 nmethod 3812 0x0000019ba43a9a90 code [0x0000019ba43a9c40, 0x0000019ba43a9d90]
Event: 5.489 Thread 0x0000019ba09be710 3813       3       java.lang.ThreadLocal::set (26 bytes)
Event: 5.490 Thread 0x0000019ba09be710 nmethod 3813 0x0000019ba43a9e90 code [0x0000019ba43aa060, 0x0000019ba43aa3c8]
Event: 5.490 Thread 0x0000019ba09be710 3814       3       java.lang.ThreadLocal::set (18 bytes)
Event: 5.490 Thread 0x0000019ba09be710 nmethod 3814 0x0000019ba43aa510 code [0x0000019ba43aa700, 0x0000019ba43aaad0]
Event: 5.491 Thread 0x0000019ba09be710 3815  s    1       java.util.Hashtable::size (5 bytes)
Event: 5.491 Thread 0x0000019ba09be710 nmethod 3815 0x0000019bab87cf10 code [0x0000019bab87d0a0, 0x0000019bab87d228]
Event: 5.491 Thread 0x0000019ba09be710 3816       3       java.util.TreeMap::getEntry (77 bytes)
Event: 5.492 Thread 0x0000019ba09be710 nmethod 3816 0x0000019ba43aac10 code [0x0000019ba43aae20, 0x0000019ba43ab480]
Event: 5.492 Thread 0x0000019ba09be710 3818       3       java.util.Hashtable::<init> (9 bytes)
Event: 5.492 Thread 0x0000019ba09be710 nmethod 3818 0x0000019ba43ab690 code [0x0000019ba43ab860, 0x0000019ba43ab9a8]
Event: 5.492 Thread 0x0000019ba09be710 3817       1       org.apache.aries.spifly.BundleDescriptor::getFilter (5 bytes)
Event: 5.492 Thread 0x0000019ba09be710 nmethod 3817 0x0000019bab87d290 code [0x0000019bab87d420, 0x0000019bab87d4e8]
Event: 5.492 Thread 0x0000019ba09be710 3819       1       org.apache.aries.spifly.BundleDescriptor::getBundleID (5 bytes)
Event: 5.492 Thread 0x0000019ba09be710 nmethod 3819 0x0000019bab87d590 code [0x0000019bab87d720, 0x0000019bab87d7e8]
Event: 5.495 Thread 0x0000019ba0998420 3821 %     4       java.util.zip.ZipFile$Source::initCEN @ 261 (612 bytes)
Event: 5.503 Thread 0x0000019bff2b9d90 3822       4       java.lang.ThreadLocal$ThreadLocalMap::getEntry (42 bytes)
Event: 5.505 Thread 0x0000019bff2b9d90 nmethod 3822 0x0000019bab87db90 code [0x0000019bab87dd20, 0x0000019bab87de70]
Event: 5.505 Thread 0x0000019bff2b9d90 3823   !   4       java.io.RandomAccessFile::seek (42 bytes)
Event: 5.507 Thread 0x0000019bff2b9d90 nmethod 3823 0x0000019bab87df90 code [0x0000019bab87e140, 0x0000019bab87e2c0]

GC Heap History (12 events):
Event: 1.196 GC heap before
{Heap before GC invocations=1 (full 0):
 PSYoungGen      total 29696K, used 25600K [0x00000000d5580000, 0x00000000d7680000, 0x0000000100000000)
  eden space 25600K, 100% used [0x00000000d5580000,0x00000000d6e80000,0x00000000d6e80000)
  from space 4096K, 0% used [0x00000000d7280000,0x00000000d7280000,0x00000000d7680000)
  to   space 4096K, 0% used [0x00000000d6e80000,0x00000000d6e80000,0x00000000d7280000)
 ParOldGen       total 68608K, used 0K [0x0000000080000000, 0x0000000084300000, 0x00000000d5580000)
  object space 68608K, 0% used [0x0000000080000000,0x0000000080000000,0x0000000084300000)
 Metaspace       used 4281K, committed 4480K, reserved 1114112K
  class space    used 468K, committed 576K, reserved 1048576K
}
Event: 1.204 GC heap after
{Heap after GC invocations=1 (full 0):
 PSYoungGen      total 29696K, used 3334K [0x00000000d5580000, 0x00000000d7680000, 0x0000000100000000)
  eden space 25600K, 0% used [0x00000000d5580000,0x00000000d5580000,0x00000000d6e80000)
  from space 4096K, 81% used [0x00000000d6e80000,0x00000000d71c1bb8,0x00000000d7280000)
  to   space 4096K, 0% used [0x00000000d7280000,0x00000000d7280000,0x00000000d7680000)
 ParOldGen       total 68608K, used 16K [0x0000000080000000, 0x0000000084300000, 0x00000000d5580000)
  object space 68608K, 0% used [0x0000000080000000,0x0000000080004000,0x0000000084300000)
 Metaspace       used 4281K, committed 4480K, reserved 1114112K
  class space    used 468K, committed 576K, reserved 1048576K
}
Event: 1.995 GC heap before
{Heap before GC invocations=2 (full 0):
 PSYoungGen      total 29696K, used 28934K [0x00000000d5580000, 0x00000000d7680000, 0x0000000100000000)
  eden space 25600K, 100% used [0x00000000d5580000,0x00000000d6e80000,0x00000000d6e80000)
  from space 4096K, 81% used [0x00000000d6e80000,0x00000000d71c1bb8,0x00000000d7280000)
  to   space 4096K, 0% used [0x00000000d7280000,0x00000000d7280000,0x00000000d7680000)
 ParOldGen       total 68608K, used 16K [0x0000000080000000, 0x0000000084300000, 0x00000000d5580000)
  object space 68608K, 0% used [0x0000000080000000,0x0000000080004000,0x0000000084300000)
 Metaspace       used 7973K, committed 8192K, reserved 1114112K
  class space    used 830K, committed 960K, reserved 1048576K
}
Event: 2.005 GC heap after
{Heap after GC invocations=2 (full 0):
 PSYoungGen      total 29696K, used 4095K [0x00000000d5580000, 0x00000000d7680000, 0x0000000100000000)
  eden space 25600K, 0% used [0x00000000d5580000,0x00000000d5580000,0x00000000d6e80000)
  from space 4096K, 99% used [0x00000000d7280000,0x00000000d767fe78,0x00000000d7680000)
  to   space 4096K, 0% used [0x00000000d6e80000,0x00000000d6e80000,0x00000000d7280000)
 ParOldGen       total 68608K, used 1842K [0x0000000080000000, 0x0000000084300000, 0x00000000d5580000)
  object space 68608K, 2% used [0x0000000080000000,0x00000000801cc8a0,0x0000000084300000)
 Metaspace       used 7973K, committed 8192K, reserved 1114112K
  class space    used 830K, committed 960K, reserved 1048576K
}
Event: 2.530 GC heap before
{Heap before GC invocations=3 (full 0):
 PSYoungGen      total 29696K, used 29695K [0x00000000d5580000, 0x00000000d7680000, 0x0000000100000000)
  eden space 25600K, 100% used [0x00000000d5580000,0x00000000d6e80000,0x00000000d6e80000)
  from space 4096K, 99% used [0x00000000d7280000,0x00000000d767fe78,0x00000000d7680000)
  to   space 4096K, 0% used [0x00000000d6e80000,0x00000000d6e80000,0x00000000d7280000)
 ParOldGen       total 68608K, used 1842K [0x0000000080000000, 0x0000000084300000, 0x00000000d5580000)
  object space 68608K, 2% used [0x0000000080000000,0x00000000801cc8a0,0x0000000084300000)
 Metaspace       used 9335K, committed 9664K, reserved 1114112K
  class space    used 995K, committed 1152K, reserved 1048576K
}
Event: 2.537 GC heap after
{Heap after GC invocations=3 (full 0):
 PSYoungGen      total 29696K, used 4072K [0x00000000d5580000, 0x00000000d7680000, 0x0000000100000000)
  eden space 25600K, 0% used [0x00000000d5580000,0x00000000d5580000,0x00000000d6e80000)
  from space 4096K, 99% used [0x00000000d6e80000,0x00000000d727a268,0x00000000d7280000)
  to   space 4096K, 0% used [0x00000000d7280000,0x00000000d7280000,0x00000000d7680000)
 ParOldGen       total 68608K, used 4972K [0x0000000080000000, 0x0000000084300000, 0x00000000d5580000)
  object space 68608K, 7% used [0x0000000080000000,0x00000000804db2e0,0x0000000084300000)
 Metaspace       used 9335K, committed 9664K, reserved 1114112K
  class space    used 995K, committed 1152K, reserved 1048576K
}
Event: 3.785 GC heap before
{Heap before GC invocations=4 (full 0):
 PSYoungGen      total 29696K, used 29672K [0x00000000d5580000, 0x00000000d7680000, 0x0000000100000000)
  eden space 25600K, 100% used [0x00000000d5580000,0x00000000d6e80000,0x00000000d6e80000)
  from space 4096K, 99% used [0x00000000d6e80000,0x00000000d727a268,0x00000000d7280000)
  to   space 4096K, 0% used [0x00000000d7280000,0x00000000d7280000,0x00000000d7680000)
 ParOldGen       total 68608K, used 4972K [0x0000000080000000, 0x0000000084300000, 0x00000000d5580000)
  object space 68608K, 7% used [0x0000000080000000,0x00000000804db2e0,0x0000000084300000)
 Metaspace       used 12007K, committed 12416K, reserved 1114112K
  class space    used 1273K, committed 1472K, reserved 1048576K
}
Event: 3.791 GC heap after
{Heap after GC invocations=4 (full 0):
 PSYoungGen      total 29696K, used 4076K [0x00000000d5580000, 0x00000000d7680000, 0x0000000100000000)
  eden space 25600K, 0% used [0x00000000d5580000,0x00000000d5580000,0x00000000d6e80000)
  from space 4096K, 99% used [0x00000000d7280000,0x00000000d767b3e8,0x00000000d7680000)
  to   space 4096K, 0% used [0x00000000d6e80000,0x00000000d6e80000,0x00000000d7280000)
 ParOldGen       total 68608K, used 6783K [0x0000000080000000, 0x0000000084300000, 0x00000000d5580000)
  object space 68608K, 9% used [0x0000000080000000,0x000000008069fcb0,0x0000000084300000)
 Metaspace       used 12007K, committed 12416K, reserved 1114112K
  class space    used 1273K, committed 1472K, reserved 1048576K
}
Event: 4.478 GC heap before
{Heap before GC invocations=5 (full 0):
 PSYoungGen      total 29696K, used 29676K [0x00000000d5580000, 0x00000000d7680000, 0x0000000100000000)
  eden space 25600K, 100% used [0x00000000d5580000,0x00000000d6e80000,0x00000000d6e80000)
  from space 4096K, 99% used [0x00000000d7280000,0x00000000d767b3e8,0x00000000d7680000)
  to   space 4096K, 0% used [0x00000000d6e80000,0x00000000d6e80000,0x00000000d7280000)
 ParOldGen       total 68608K, used 6783K [0x0000000080000000, 0x0000000084300000, 0x00000000d5580000)
  object space 68608K, 9% used [0x0000000080000000,0x000000008069fcb0,0x0000000084300000)
 Metaspace       used 14993K, committed 15616K, reserved 1114112K
  class space    used 1531K, committed 1792K, reserved 1048576K
}
Event: 4.484 GC heap after
{Heap after GC invocations=5 (full 0):
 PSYoungGen      total 29184K, used 4068K [0x00000000d5580000, 0x00000000d7900000, 0x0000000100000000)
  eden space 25088K, 0% used [0x00000000d5580000,0x00000000d5580000,0x00000000d6e00000)
  from space 4096K, 99% used [0x00000000d6e80000,0x00000000d7279130,0x00000000d7280000)
  to   space 5632K, 0% used [0x00000000d7380000,0x00000000d7380000,0x00000000d7900000)
 ParOldGen       total 68608K, used 8066K [0x0000000080000000, 0x0000000084300000, 0x00000000d5580000)
  object space 68608K, 11% used [0x0000000080000000,0x00000000807e0a70,0x0000000084300000)
 Metaspace       used 14993K, committed 15616K, reserved 1114112K
  class space    used 1531K, committed 1792K, reserved 1048576K
}
Event: 5.381 GC heap before
{Heap before GC invocations=6 (full 0):
 PSYoungGen      total 29184K, used 29156K [0x00000000d5580000, 0x00000000d7900000, 0x0000000100000000)
  eden space 25088K, 100% used [0x00000000d5580000,0x00000000d6e00000,0x00000000d6e00000)
  from space 4096K, 99% used [0x00000000d6e80000,0x00000000d7279130,0x00000000d7280000)
  to   space 5632K, 0% used [0x00000000d7380000,0x00000000d7380000,0x00000000d7900000)
 ParOldGen       total 68608K, used 8066K [0x0000000080000000, 0x0000000084300000, 0x00000000d5580000)
  object space 68608K, 11% used [0x0000000080000000,0x00000000807e0a70,0x0000000084300000)
 Metaspace       used 18290K, committed 19008K, reserved 1114112K
  class space    used 1880K, committed 2176K, reserved 1048576K
}
Event: 5.387 GC heap after
{Heap after GC invocations=6 (full 0):
 PSYoungGen      total 30208K, used 5243K [0x00000000d5580000, 0x00000000d7900000, 0x0000000100000000)
  eden space 24576K, 0% used [0x00000000d5580000,0x00000000d5580000,0x00000000d6d80000)
  from space 5632K, 93% used [0x00000000d7380000,0x00000000d789ecd0,0x00000000d7900000)
  to   space 5632K, 0% used [0x00000000d6e00000,0x00000000d6e00000,0x00000000d7380000)
 ParOldGen       total 68608K, used 8074K [0x0000000080000000, 0x0000000084300000, 0x00000000d5580000)
  object space 68608K, 11% used [0x0000000080000000,0x00000000807e2a70,0x0000000084300000)
 Metaspace       used 18290K, committed 19008K, reserved 1114112K
  class space    used 1880K, committed 2176K, reserved 1048576K
}

Dll operation events (10 events):
Event: 0.046 Loaded shared library c:\Users\TCHAMGOUE Yann\.vscode\extensions\redhat.java-1.44.0-win32-x64\jre\21.0.8-win32-x86_64\bin\java.dll
Event: 0.192 Loaded shared library c:\Users\TCHAMGOUE Yann\.vscode\extensions\redhat.java-1.44.0-win32-x64\jre\21.0.8-win32-x86_64\bin\zip.dll
Event: 0.219 Loaded shared library C:\Users\TCHAMGOUE Yann\.vscode\extensions\redhat.java-1.44.0-win32-x64\jre\21.0.8-win32-x86_64\bin\instrument.dll
Event: 0.226 Loaded shared library C:\Users\TCHAMGOUE Yann\.vscode\extensions\redhat.java-1.44.0-win32-x64\jre\21.0.8-win32-x86_64\bin\net.dll
Event: 0.229 Loaded shared library C:\Users\TCHAMGOUE Yann\.vscode\extensions\redhat.java-1.44.0-win32-x64\jre\21.0.8-win32-x86_64\bin\nio.dll
Event: 0.234 Loaded shared library C:\Users\TCHAMGOUE Yann\.vscode\extensions\redhat.java-1.44.0-win32-x64\jre\21.0.8-win32-x86_64\bin\zip.dll
Event: 0.303 Loaded shared library C:\Users\TCHAMGOUE Yann\.vscode\extensions\redhat.java-1.44.0-win32-x64\jre\21.0.8-win32-x86_64\bin\jimage.dll
Event: 0.431 Loaded shared library c:\Users\TCHAMGOUE Yann\.vscode\extensions\redhat.java-1.44.0-win32-x64\jre\21.0.8-win32-x86_64\bin\verify.dll
Event: 2.067 Loaded shared library C:\Users\TCHAMGOUE Yann\AppData\Roaming\Code\User\globalStorage\redhat.java\1.44.0\config_win\org.eclipse.equinox.launcher\org.eclipse.equinox.launcher.win32.win32.x86_64_1.2.1400.v20250730-1736\eclipse_11913.dll
Event: 4.975 Loaded shared library C:\Users\TCHAMGOUE Yann\AppData\Local\Temp\jna-818174091\jna1693210178303667289.dll

Deoptimization events (20 events):
Event: 5.392 Thread 0x0000019ba09886d0 Uncommon trap: trap_request=0xffffff45 fr.pc=0x0000019bab7f9294 relative=0x00000000000000f4
Event: 5.392 Thread 0x0000019ba09886d0 Uncommon trap: reason=unstable_if action=reinterpret pc=0x0000019bab7f9294 method=java.util.concurrent.locks.ReentrantLock$NonfairSync.initialTryLock()Z @ 25 c2
Event: 5.392 Thread 0x0000019ba09886d0 DEOPT PACKING pc=0x0000019bab7f9294 sp=0x0000002cf9bff290
Event: 5.392 Thread 0x0000019ba09886d0 DEOPT UNPACKING pc=0x0000019bab183aa2 sp=0x0000002cf9bff158 mode 2
Event: 5.493 Thread 0x0000019bfecdcdf0 Uncommon trap: trap_request=0xffffffde fr.pc=0x0000019bab868670 relative=0x0000000000000050
Event: 5.493 Thread 0x0000019bfecdcdf0 Uncommon trap: reason=class_check action=maybe_recompile pc=0x0000019bab868670 method=java.lang.invoke.DirectMethodHandle.internalMemberName(Ljava/lang/Object;)Ljava/lang/Object; @ 1 c2
Event: 5.493 Thread 0x0000019bfecdcdf0 DEOPT PACKING pc=0x0000019bab868670 sp=0x0000002cfb1f3470
Event: 5.493 Thread 0x0000019bfecdcdf0 DEOPT UNPACKING pc=0x0000019bab183aa2 sp=0x0000002cfb1f3400 mode 2
Event: 5.493 Thread 0x0000019bfecdcdf0 Uncommon trap: trap_request=0xffffffde fr.pc=0x0000019bab868670 relative=0x0000000000000050
Event: 5.493 Thread 0x0000019bfecdcdf0 Uncommon trap: reason=class_check action=maybe_recompile pc=0x0000019bab868670 method=java.lang.invoke.DirectMethodHandle.internalMemberName(Ljava/lang/Object;)Ljava/lang/Object; @ 1 c2
Event: 5.493 Thread 0x0000019bfecdcdf0 DEOPT PACKING pc=0x0000019bab868670 sp=0x0000002cfb1f3510
Event: 5.493 Thread 0x0000019bfecdcdf0 DEOPT UNPACKING pc=0x0000019bab183aa2 sp=0x0000002cfb1f34a0 mode 2
Event: 5.494 Thread 0x0000019bfecdcdf0 Uncommon trap: trap_request=0xffffffde fr.pc=0x0000019bab868670 relative=0x0000000000000050
Event: 5.494 Thread 0x0000019bfecdcdf0 Uncommon trap: reason=class_check action=maybe_recompile pc=0x0000019bab868670 method=java.lang.invoke.DirectMethodHandle.internalMemberName(Ljava/lang/Object;)Ljava/lang/Object; @ 1 c2
Event: 5.494 Thread 0x0000019bfecdcdf0 DEOPT PACKING pc=0x0000019bab868670 sp=0x0000002cfb1f3510
Event: 5.494 Thread 0x0000019bfecdcdf0 DEOPT UNPACKING pc=0x0000019bab183aa2 sp=0x0000002cfb1f34a0 mode 2
Event: 5.494 Thread 0x0000019bfecdcdf0 Uncommon trap: trap_request=0xffffff45 fr.pc=0x0000019bab818dc4 relative=0x00000000000000a4
Event: 5.494 Thread 0x0000019bfecdcdf0 Uncommon trap: reason=unstable_if action=reinterpret pc=0x0000019bab818dc4 method=java.lang.ref.ReferenceQueue.poll()Ljava/lang/ref/Reference; @ 4 c2
Event: 5.494 Thread 0x0000019bfecdcdf0 DEOPT PACKING pc=0x0000019bab818dc4 sp=0x0000002cfb1f35e0
Event: 5.494 Thread 0x0000019bfecdcdf0 DEOPT UNPACKING pc=0x0000019bab183aa2 sp=0x0000002cfb1f34c8 mode 2

Classes loaded (20 events):
Event: 5.120 Loading class java/lang/ThreadDeath
Event: 5.120 Loading class java/lang/ThreadDeath done
Event: 5.131 Loading class java/util/stream/SortedOps$SizedRefSortingSink
Event: 5.132 Loading class java/util/stream/SortedOps$SizedRefSortingSink done
Event: 5.200 Loading class java/util/concurrent/atomic/Striped64$1
Event: 5.200 Loading class java/util/concurrent/atomic/Striped64$1 done
Event: 5.297 Loading class java/util/BitSet
Event: 5.297 Loading class java/util/BitSet done
Event: 5.303 Loading class sun/net/www/protocol/jrt/JavaRuntimeURLConnection
Event: 5.304 Loading class sun/net/www/protocol/jrt/JavaRuntimeURLConnection done
Event: 5.304 Loading class sun/net/www/protocol/jrt/JavaRuntimeURLConnection$1
Event: 5.305 Loading class sun/net/www/protocol/jrt/JavaRuntimeURLConnection$1 done
Event: 5.333 Loading class java/util/function/UnaryOperator
Event: 5.333 Loading class java/util/function/UnaryOperator done
Event: 5.335 Loading class java/util/ServiceConfigurationError
Event: 5.335 Loading class java/util/ServiceConfigurationError done
Event: 5.354 Loading class java/lang/InheritableThreadLocal
Event: 5.354 Loading class java/lang/InheritableThreadLocal done
Event: 5.487 Loading class java/security/AccessControlException
Event: 5.488 Loading class java/security/AccessControlException done

Classes unloaded (0 events):
No events

Classes redefined (0 events):
No events

Internal exceptions (20 events):
Event: 4.810 Thread 0x0000019bfecdcdf0 Exception <a 'java/lang/NoSuchMethodError'{0x00000000d5df6420}: 'java.lang.Object java.lang.invoke.DirectMethodHandle$Holder.invokeStaticInit(java.lang.Object, int)'> (0x00000000d5df6420) 
thrown [s\src\hotspot\share\interpreter\linkResolver.cpp, line 773]
Event: 4.865 Thread 0x0000019bfecdcdf0 Exception <a 'java/lang/NoSuchMethodError'{0x00000000d606d3a8}: 'java.lang.Object java.lang.invoke.DirectMethodHandle$Holder.invokeStaticInit(java.lang.Object, int, int, int, int)'> (0x00000000d606d3a8) 
thrown [s\src\hotspot\share\interpreter\linkResolver.cpp, line 773]
Event: 4.920 Thread 0x0000019bfecdcdf0 Exception <a 'java/lang/NoSuchMethodError'{0x00000000d61a0838}: 'java.lang.Object java.lang.invoke.DirectMethodHandle$Holder.invokeStaticInit(java.lang.Object, java.lang.Object, int, int, int, int)'> (0x00000000d61a0838) 
thrown [s\src\hotspot\share\interpreter\linkResolver.cpp, line 773]
Event: 5.001 Thread 0x0000019bfecdcdf0 Exception <a 'java/lang/NoSuchMethodError'{0x00000000d62b36a8}: 'void java.lang.invoke.DirectMethodHandle$Holder.invokeSpecial(java.lang.Object, java.lang.Object, java.lang.Object, int)'> (0x00000000d62b36a8) 
thrown [s\src\hotspot\share\interpreter\linkResolver.cpp, line 773]
Event: 5.002 Thread 0x0000019bfecdcdf0 Exception <a 'java/lang/NoSuchMethodError'{0x00000000d62b7038}: 'void java.lang.invoke.DelegatingMethodHandle$Holder.reinvoke_L(java.lang.Object, java.lang.Object, int)'> (0x00000000d62b7038) 
thrown [s\src\hotspot\share\interpreter\linkResolver.cpp, line 773]
Event: 5.003 Thread 0x0000019bfecdcdf0 Exception <a 'java/lang/NoSuchMethodError'{0x00000000d62be180}: 'int java.lang.invoke.Invokers$Holder.invokeExact_MT(java.lang.Object, java.lang.Object, java.lang.Object)'> (0x00000000d62be180) 
thrown [s\src\hotspot\share\interpreter\linkResolver.cpp, line 773]
Event: 5.055 Thread 0x0000019bfecdcdf0 Exception <a 'java/lang/NoSuchMethodError'{0x00000000d63dca30}: 'void java.lang.invoke.Invokers$Holder.invokeExact_MT(java.lang.Object, java.lang.Object, int, java.lang.Object)'> (0x00000000d63dca30) 
thrown [s\src\hotspot\share\interpreter\linkResolver.cpp, line 773]
Event: 5.116 Thread 0x0000019bfecdcdf0 Exception <a 'java/lang/NoSuchMethodError'{0x00000000d654f0a8}: 'java.lang.Object java.lang.invoke.DirectMethodHandle$Holder.invokeSpecial(java.lang.Object, java.lang.Object, java.lang.Object, long, java.lang.Object)'> (0x00000000d654f0a8) 
thrown [s\src\hotspot\share\interpreter\linkResolver.cpp, line 773]
Event: 5.117 Thread 0x0000019bfecdcdf0 Exception <a 'java/lang/NoSuchMethodError'{0x00000000d65568f0}: 'java.lang.Object java.lang.invoke.DirectMethodHandle$Holder.newInvokeSpecial(java.lang.Object, java.lang.Object, java.lang.Object, long)'> (0x00000000d65568f0) 
thrown [s\src\hotspot\share\interpreter\linkResolver.cpp, line 773]
Event: 5.118 Thread 0x0000019bfecdcdf0 Exception <a 'java/lang/NoSuchMethodError'{0x00000000d655ace0}: 'java.lang.Object java.lang.invoke.DirectMethodHandle$Holder.invokeSpecial(java.lang.Object, java.lang.Object, java.lang.Object, java.lang.Object, long)'> (0x00000000d655ace0) 
thrown [s\src\hotspot\share\interpreter\linkResolver.cpp, line 773]
Event: 5.118 Thread 0x0000019bfecdcdf0 Exception <a 'java/lang/NoSuchMethodError'{0x00000000d655e900}: 'java.lang.Object java.lang.invoke.Invokers$Holder.linkToTargetMethod(java.lang.Object, java.lang.Object, long, java.lang.Object)'> (0x00000000d655e900) 
thrown [s\src\hotspot\share\interpreter\linkResolver.cpp, line 773]
Event: 5.129 Thread 0x0000019bfecdcdf0 Exception <a 'java/lang/NoSuchMethodError'{0x00000000d65bff58}: 'int java.lang.invoke.DirectMethodHandle$Holder.invokeStaticInit(java.lang.Object, java.lang.Object, java.lang.Object)'> (0x00000000d65bff58) 
thrown [s\src\hotspot\share\interpreter\linkResolver.cpp, line 773]
Event: 5.142 Thread 0x0000019bfecdcdf0 Exception <a 'java/lang/IncompatibleClassChangeError'{0x00000000d66638a0}: Found class java.lang.Object, but interface was expected> (0x00000000d66638a0) 
thrown [s\src\hotspot\share\interpreter\linkResolver.cpp, line 840]
Event: 5.181 Thread 0x0000019bfecdcdf0 Exception <a 'java/lang/NoSuchMethodError'{0x00000000d66b2838}: 'java.lang.Object java.lang.invoke.DirectMethodHandle$Holder.invokeSpecial(java.lang.Object, java.lang.Object, java.lang.Object, int, java.lang.Object, java.lang.Object)'> (0x00000000d66b2838) 
thrown [s\src\hotspot\share\interpreter\linkResolver.cpp, line 773]
Event: 5.182 Thread 0x0000019bfecdcdf0 Exception <a 'java/lang/NoSuchMethodError'{0x00000000d66ba2c8}: 'java.lang.Object java.lang.invoke.DirectMethodHandle$Holder.newInvokeSpecial(java.lang.Object, java.lang.Object, java.lang.Object, int, java.lang.Object)'> (0x00000000d66ba2c8) 
thrown [s\src\hotspot\share\interpreter\linkResolver.cpp, line 773]
Event: 5.183 Thread 0x0000019bfecdcdf0 Exception <a 'java/lang/NoSuchMethodError'{0x00000000d66be288}: 'java.lang.Object java.lang.invoke.DirectMethodHandle$Holder.invokeSpecial(java.lang.Object, java.lang.Object, java.lang.Object, java.lang.Object, int, java.lang.Object)'> (0x00000000d66be288) 
thrown [s\src\hotspot\share\interpreter\linkResolver.cpp, line 773]
Event: 5.183 Thread 0x0000019bfecdcdf0 Exception <a 'java/lang/NoSuchMethodError'{0x00000000d66c1dc8}: 'java.lang.Object java.lang.invoke.Invokers$Holder.linkToTargetMethod(java.lang.Object, java.lang.Object, int, java.lang.Object, java.lang.Object)'> (0x00000000d66c1dc8) 
thrown [s\src\hotspot\share\interpreter\linkResolver.cpp, line 773]
Event: 5.190 Thread 0x0000019bff1f2c80 Exception <a 'java/lang/NoSuchMethodError'{0x00000000d666eb58}: 'java.lang.Object java.lang.invoke.DirectMethodHandle$Holder.invokeSpecial(java.lang.Object, java.lang.Object, int, java.lang.Object, java.lang.Object)'> (0x00000000d666eb58) 
thrown [s\src\hotspot\share\interpreter\linkResolver.cpp, line 773]
Event: 5.204 Thread 0x0000019bfecdcdf0 Exception <a 'java/lang/NoSuchMethodError'{0x00000000d67ba588}: 'void java.lang.invoke.DirectMethodHandle$Holder.invokeSpecial(java.lang.Object, java.lang.Object, java.lang.Object, java.lang.Object, java.lang.Object)'> (0x00000000d67ba588) 
thrown [s\src\hotspot\share\interpreter\linkResolver.cpp, line 773]
Event: 5.493 Thread 0x0000019bfecdcdf0 Exception <a 'java/lang/NoSuchMethodError'{0x00000000d572c898}: 'java.lang.Object java.lang.invoke.DirectMethodHandle$Holder.invokeInterface(java.lang.Object, java.lang.Object, java.lang.Object)'> (0x00000000d572c898) 
thrown [s\src\hotspot\share\interpreter\linkResolver.cpp, line 773]

ZGC Phase Switch (0 events):
No events

VM Operations (20 events):
Event: 4.825 Executing VM operation: HandshakeAllThreads (Deoptimize)
Event: 4.825 Executing VM operation: HandshakeAllThreads (Deoptimize) done
Event: 4.885 Executing VM operation: HandshakeAllThreads (Deoptimize)
Event: 4.885 Executing VM operation: HandshakeAllThreads (Deoptimize) done
Event: 4.903 Executing VM operation: HandshakeAllThreads (Deoptimize)
Event: 4.903 Executing VM operation: HandshakeAllThreads (Deoptimize) done
Event: 4.986 Executing VM operation: HandshakeAllThreads (Deoptimize)
Event: 4.986 Executing VM operation: HandshakeAllThreads (Deoptimize) done
Event: 5.096 Executing VM operation: HandshakeAllThreads (Deoptimize)
Event: 5.096 Executing VM operation: HandshakeAllThreads (Deoptimize) done
Event: 5.305 Executing VM operation: HandshakeAllThreads (Deoptimize)
Event: 5.305 Executing VM operation: HandshakeAllThreads (Deoptimize) done
Event: 5.362 Executing VM operation: HandshakeAllThreads (Deoptimize)
Event: 5.362 Executing VM operation: HandshakeAllThreads (Deoptimize) done
Event: 5.366 Executing VM operation: ICBufferFull
Event: 5.366 Executing VM operation: ICBufferFull done
Event: 5.374 Executing VM operation: HandshakeAllThreads (Deoptimize)
Event: 5.375 Executing VM operation: HandshakeAllThreads (Deoptimize) done
Event: 5.381 Executing VM operation: ParallelGCFailedAllocation (Allocation Failure)
Event: 5.387 Executing VM operation: ParallelGCFailedAllocation (Allocation Failure) done

Memory protections (0 events):
No events

Nmethod flushes (0 events):
No events

Events (20 events):
Event: 2.058 Thread 0x0000019ba0a10f60 Thread added: 0x0000019bfe759940
Event: 2.103 Thread 0x0000019bfe759940 Thread added: 0x0000019bfecdbd70
Event: 2.108 Thread 0x0000019ba0a10f60 Thread added: 0x0000019bfecdcdf0
Event: 2.614 Thread 0x0000019bfecdcdf0 Thread added: 0x0000019bff487db0
Event: 2.932 Thread 0x0000019bfe353e10 Thread exited: 0x0000019bfe353e10
Event: 2.932 Thread 0x0000019bfe43e7f0 Thread exited: 0x0000019bfe43e7f0
Event: 3.194 Thread 0x0000019bfecdcdf0 Thread added: 0x0000019bfed5d100
Event: 3.681 Thread 0x0000019bfecdcdf0 Thread added: 0x0000019bff11de90
Event: 3.908 Thread 0x0000019ba09be710 Thread added: 0x0000019bff2112c0
Event: 4.282 Thread 0x0000019bfecdcdf0 Thread added: 0x0000019bff1f0bb0
Event: 4.600 Thread 0x0000019bff2112c0 Thread exited: 0x0000019bff2112c0
Event: 4.618 Thread 0x0000019ba09be710 Thread added: 0x0000019bff2112c0
Event: 4.621 Thread 0x0000019ba09be710 Thread added: 0x0000019bff261820
Event: 4.990 Thread 0x0000019bff261820 Thread exited: 0x0000019bff261820
Event: 4.990 Thread 0x0000019bff2112c0 Thread exited: 0x0000019bff2112c0
Event: 5.018 Thread 0x0000019bfecdcdf0 Thread added: 0x0000019bff1f1f60
Event: 5.099 Thread 0x0000019ba09be710 Thread added: 0x0000019bff2b9d90
Event: 5.123 Thread 0x0000019bfecdcdf0 Thread added: 0x0000019bff1f2c80
Event: 5.191 Thread 0x0000019bff1f2c80 Thread added: 0x0000019bff1f25f0
Event: 5.446 Thread 0x0000019bff1f25f0 Thread added: 0x0000019bff1f39a0


Dynamic libraries:
0x00007ff6603b0000 - 0x00007ff6603be000 	c:\Users\TCHAMGOUE Yann\.vscode\extensions\redhat.java-1.44.0-win32-x64\jre\21.0.8-win32-x86_64\bin\java.exe
0x00007ffa3fd00000 - 0x00007ffa3ff60000 	C:\WINDOWS\SYSTEM32\ntdll.dll
0x00007ffa07030000 - 0x00007ffa07050000 	C:\Program Files\Avast Software\Avast\aswhook.dll
0x00007ffa3e710000 - 0x00007ffa3e7d7000 	C:\WINDOWS\System32\KERNEL32.DLL
0x00007ffa3d200000 - 0x00007ffa3d5cb000 	C:\WINDOWS\System32\KERNELBASE.dll
0x00007ffa3d0b0000 - 0x00007ffa3d1fb000 	C:\WINDOWS\System32\ucrtbase.dll
0x00007ff9dd9c0000 - 0x00007ff9dd9d8000 	c:\Users\TCHAMGOUE Yann\.vscode\extensions\redhat.java-1.44.0-win32-x64\jre\21.0.8-win32-x86_64\bin\jli.dll
0x00007ffa3f900000 - 0x00007ffa3facc000 	C:\WINDOWS\System32\USER32.dll
0x00007ffa3d740000 - 0x00007ffa3d767000 	C:\WINDOWS\System32\win32u.dll
0x00007ffa3e6e0000 - 0x00007ffa3e70a000 	C:\WINDOWS\System32\GDI32.dll
0x00007ffa3cee0000 - 0x00007ffa3d011000 	C:\WINDOWS\System32\gdi32full.dll
0x00007ffa3d830000 - 0x00007ffa3d8d3000 	C:\WINDOWS\System32\msvcp_win.dll
0x00007ffa100c0000 - 0x00007ffa100de000 	c:\Users\TCHAMGOUE Yann\.vscode\extensions\redhat.java-1.44.0-win32-x64\jre\21.0.8-win32-x86_64\bin\VCRUNTIME140.dll
0x00007ffa17250000 - 0x00007ffa174e7000 	C:\WINDOWS\WinSxS\amd64_microsoft.windows.common-controls_6595b64144ccf1df_6.0.26100.3624_none_3e086962e3345f24\COMCTL32.dll
0x00007ffa3df20000 - 0x00007ffa3dfc9000 	C:\WINDOWS\System32\msvcrt.dll
0x00007ffa3e6a0000 - 0x00007ffa3e6cf000 	C:\WINDOWS\System32\IMM32.DLL
0x00007ffa25d10000 - 0x00007ffa25d1c000 	c:\Users\TCHAMGOUE Yann\.vscode\extensions\redhat.java-1.44.0-win32-x64\jre\21.0.8-win32-x86_64\bin\vcruntime140_1.dll
0x00007ff9a5960000 - 0x00007ff9a59ed000 	c:\Users\TCHAMGOUE Yann\.vscode\extensions\redhat.java-1.44.0-win32-x64\jre\21.0.8-win32-x86_64\bin\msvcp140.dll
0x00007ff99ade0000 - 0x00007ff99bb77000 	c:\Users\TCHAMGOUE Yann\.vscode\extensions\redhat.java-1.44.0-win32-x64\jre\21.0.8-win32-x86_64\bin\server\jvm.dll
0x00007ffa3e7e0000 - 0x00007ffa3e893000 	C:\WINDOWS\System32\ADVAPI32.dll
0x00007ffa3f100000 - 0x00007ffa3f1a6000 	C:\WINDOWS\System32\sechost.dll
0x00007ffa3e9e0000 - 0x00007ffa3eaf6000 	C:\WINDOWS\System32\RPCRT4.dll
0x00007ffa3e380000 - 0x00007ffa3e3f4000 	C:\WINDOWS\System32\WS2_32.dll
0x00007ffa3ccb0000 - 0x00007ffa3cd0e000 	C:\WINDOWS\SYSTEM32\POWRPROF.dll
0x00007ffa25cd0000 - 0x00007ffa25d06000 	C:\WINDOWS\SYSTEM32\WINMM.dll
0x00007ffa2a640000 - 0x00007ffa2a64b000 	C:\WINDOWS\SYSTEM32\VERSION.dll
0x00007ffa3cb80000 - 0x00007ffa3cb94000 	C:\WINDOWS\SYSTEM32\UMPDC.dll
0x00007ffa3bcf0000 - 0x00007ffa3bd0a000 	C:\WINDOWS\SYSTEM32\kernel.appcore.dll
0x00007ffa10570000 - 0x00007ffa1057a000 	c:\Users\TCHAMGOUE Yann\.vscode\extensions\redhat.java-1.44.0-win32-x64\jre\21.0.8-win32-x86_64\bin\jimage.dll
0x00007ffa2b020000 - 0x00007ffa2b261000 	C:\WINDOWS\SYSTEM32\DBGHELP.DLL
0x00007ffa3db90000 - 0x00007ffa3df13000 	C:\WINDOWS\System32\combase.dll
0x00007ffa3eb00000 - 0x00007ffa3ebd6000 	C:\WINDOWS\System32\OLEAUT32.dll
0x00007ffa2a470000 - 0x00007ffa2a4a9000 	C:\WINDOWS\SYSTEM32\dbgcore.DLL
0x00007ffa3d8e0000 - 0x00007ffa3d979000 	C:\WINDOWS\System32\bcryptPrimitives.dll
0x00007ffa10020000 - 0x00007ffa1002f000 	c:\Users\TCHAMGOUE Yann\.vscode\extensions\redhat.java-1.44.0-win32-x64\jre\21.0.8-win32-x86_64\bin\instrument.dll
0x00007ff9dd9a0000 - 0x00007ff9dd9bf000 	c:\Users\TCHAMGOUE Yann\.vscode\extensions\redhat.java-1.44.0-win32-x64\jre\21.0.8-win32-x86_64\bin\java.dll
0x00007ffa3f1d0000 - 0x00007ffa3f8f9000 	C:\WINDOWS\System32\SHELL32.dll
0x00007ffa3d5d0000 - 0x00007ffa3d738000 	C:\WINDOWS\System32\wintypes.dll
0x00007ffa3ab50000 - 0x00007ffa3b3a2000 	C:\WINDOWS\SYSTEM32\windows.storage.dll
0x00007ffa3e1b0000 - 0x00007ffa3e29d000 	C:\WINDOWS\System32\SHCORE.dll
0x00007ffa3f070000 - 0x00007ffa3f0d4000 	C:\WINDOWS\System32\shlwapi.dll
0x00007ffa3cdf0000 - 0x00007ffa3ce1f000 	C:\WINDOWS\SYSTEM32\profapi.dll
0x00007ff9ce180000 - 0x00007ff9ce198000 	c:\Users\TCHAMGOUE Yann\.vscode\extensions\redhat.java-1.44.0-win32-x64\jre\21.0.8-win32-x86_64\bin\zip.dll
0x00007ff9ff500000 - 0x00007ff9ff510000 	C:\Users\TCHAMGOUE Yann\.vscode\extensions\redhat.java-1.44.0-win32-x64\jre\21.0.8-win32-x86_64\bin\net.dll
0x00007ffa31d80000 - 0x00007ffa31e9d000 	C:\WINDOWS\SYSTEM32\WINHTTP.dll
0x00007ffa3c210000 - 0x00007ffa3c27a000 	C:\WINDOWS\system32\mswsock.dll
0x00007ff9a80b0000 - 0x00007ff9a80c6000 	C:\Users\TCHAMGOUE Yann\.vscode\extensions\redhat.java-1.44.0-win32-x64\jre\21.0.8-win32-x86_64\bin\nio.dll
0x00007ff9ff4e0000 - 0x00007ff9ff4f0000 	c:\Users\TCHAMGOUE Yann\.vscode\extensions\redhat.java-1.44.0-win32-x64\jre\21.0.8-win32-x86_64\bin\verify.dll
0x00007ff9a2820000 - 0x00007ff9a2865000 	C:\Users\TCHAMGOUE Yann\AppData\Roaming\Code\User\globalStorage\redhat.java\1.44.0\config_win\org.eclipse.equinox.launcher\org.eclipse.equinox.launcher.win32.win32.x86_64_1.2.1400.v20250730-1736\eclipse_11913.dll
0x00007ffa3e400000 - 0x00007ffa3e596000 	C:\WINDOWS\System32\ole32.dll
0x00007ffa3c4b0000 - 0x00007ffa3c4cc000 	C:\WINDOWS\SYSTEM32\CRYPTSP.dll
0x00007ffa3bc50000 - 0x00007ffa3bc8a000 	C:\WINDOWS\system32\rsaenh.dll
0x00007ffa3c2b0000 - 0x00007ffa3c2db000 	C:\WINDOWS\SYSTEM32\USERENV.dll
0x00007ffa3c6f0000 - 0x00007ffa3c716000 	C:\WINDOWS\SYSTEM32\bcrypt.dll
0x00007ffa3c4d0000 - 0x00007ffa3c4dc000 	C:\WINDOWS\SYSTEM32\CRYPTBASE.dll
0x00007ffa3b820000 - 0x00007ffa3b853000 	C:\WINDOWS\SYSTEM32\IPHLPAPI.DLL
0x00007ffa3e320000 - 0x00007ffa3e32a000 	C:\WINDOWS\System32\NSI.dll
0x00007ff9a00a0000 - 0x00007ff9a00e9000 	C:\Users\TCHAMGOUE Yann\AppData\Local\Temp\jna-818174091\jna1693210178303667289.dll
0x00007ffa3f0f0000 - 0x00007ffa3f0f8000 	C:\WINDOWS\System32\PSAPI.DLL

JVMTI agents:
c:\Users\TCHAMGOUE Yann\.vscode\extensions\redhat.java-1.44.0-win32-x64\lombok\lombok-1.18.39-4050.jar path:c:\Users\TCHAMGOUE Yann\.vscode\extensions\redhat.java-1.44.0-win32-x64\jre\21.0.8-win32-x86_64\bin\instrument.dll, loaded, initialized, instrumentlib options:none

dbghelp: loaded successfully - version: 4.0.5 - missing functions: none
symbol engine: initialized successfully - sym options: 0x614 - pdb path: .;c:\Users\TCHAMGOUE Yann\.vscode\extensions\redhat.java-1.44.0-win32-x64\jre\21.0.8-win32-x86_64\bin;C:\WINDOWS\SYSTEM32;C:\Program Files\Avast Software\Avast;C:\WINDOWS\WinSxS\amd64_microsoft.windows.common-controls_6595b64144ccf1df_6.0.26100.3624_none_3e086962e3345f24;c:\Users\TCHAMGOUE Yann\.vscode\extensions\redhat.java-1.44.0-win32-x64\jre\21.0.8-win32-x86_64\bin\server;C:\Users\TCHAMGOUE Yann\AppData\Roaming\Code\User\globalStorage\redhat.java\1.44.0\config_win\org.eclipse.equinox.launcher\org.eclipse.equinox.launcher.win32.win32.x86_64_1.2.1400.v20250730-1736;C:\Users\TCHAMGOUE Yann\AppData\Local\Temp\jna-818174091

VM Arguments:
jvm_args: --add-modules=ALL-SYSTEM --add-opens=java.base/java.util=ALL-UNNAMED --add-opens=java.base/java.lang=ALL-UNNAMED --add-opens=java.base/sun.nio.fs=ALL-UNNAMED -Declipse.application=org.eclipse.jdt.ls.core.id1 -Dosgi.bundles.defaultStartLevel=4 -Declipse.product=org.eclipse.jdt.ls.core.product -Djava.import.generatesMetadataFilesAtProjectRoot=false -DDetectVMInstallationsJob.disabled=true -Dfile.encoding=utf8 -XX:+UseParallelGC -XX:GCTimeRatio=4 -XX:AdaptiveSizePolicyWeight=90 -Dsun.zip.disableMemoryMapping=true -Xmx2G -Xms100m -Xlog:disable -javaagent:c:\Users\TCHAMGOUE Yann\.vscode\extensions\redhat.java-1.44.0-win32-x64\lombok\lombok-1.18.39-4050.jar -XX:+HeapDumpOnOutOfMemoryError -XX:HeapDumpPath=c:\Users\TCHAMGOUE Yann\AppData\Roaming\Code\User\workspaceStorage\0ce6ff431c656783e2bd0f60588f111c\redhat.java -Daether.dependencyCollector.impl=bf 
java_command: c:\Users\TCHAMGOUE Yann\.vscode\extensions\redhat.java-1.44.0-win32-x64\server\plugins\org.eclipse.equinox.launcher_1.7.0.v20250519-0528.jar -configuration c:\Users\TCHAMGOUE Yann\AppData\Roaming\Code\User\globalStorage\redhat.java\1.44.0\config_win -data c:\Users\TCHAMGOUE Yann\AppData\Roaming\Code\User\workspaceStorage\0ce6ff431c656783e2bd0f60588f111c\redhat.java\jdt_ws --pipe=\\.\pipe\lsp-8a8fb0a3baad389d0c868d33cec9e8b1-sock
java_class_path (initial): c:\Users\TCHAMGOUE Yann\.vscode\extensions\redhat.java-1.44.0-win32-x64\server\plugins\org.eclipse.equinox.launcher_1.7.0.v20250519-0528.jar
Launcher Type: SUN_STANDARD

[Global flags]
    uintx AdaptiveSizePolicyWeight                 = 90                                        {product} {command line}
     intx CICompilerCount                          = 4                                         {product} {ergonomic}
    uintx GCTimeRatio                              = 4                                         {product} {command line}
     bool HeapDumpOnOutOfMemoryError               = true                                   {manageable} {command line}
    ccstr HeapDumpPath                             = c:\Users\TCHAMGOUE Yann\AppData\Roaming\Code\User\workspaceStorage\0ce6ff431c656783e2bd0f60588f111c\redhat.java         {manageable} {command line}
   size_t InitialHeapSize                          = 104857600                                 {product} {command line}
   size_t MaxHeapSize                              = 2147483648                                {product} {command line}
   size_t MaxNewSize                               = 715653120                                 {product} {ergonomic}
   size_t MinHeapDeltaBytes                        = 524288                                    {product} {ergonomic}
   size_t MinHeapSize                              = 104857600                                 {product} {command line}
   size_t NewSize                                  = 34603008                                  {product} {ergonomic}
    uintx NonNMethodCodeHeapSize                   = 5839372                                {pd product} {ergonomic}
    uintx NonProfiledCodeHeapSize                  = 122909434                              {pd product} {ergonomic}
   size_t OldSize                                  = 70254592                                  {product} {ergonomic}
    uintx ProfiledCodeHeapSize                     = 122909434                              {pd product} {ergonomic}
    uintx ReservedCodeCacheSize                    = 251658240                              {pd product} {ergonomic}
     bool SegmentedCodeCache                       = true                                      {product} {ergonomic}
   size_t SoftMaxHeapSize                          = 2147483648                             {manageable} {ergonomic}
     bool UseCompressedOops                        = true                           {product lp64_product} {ergonomic}
     bool UseLargePagesIndividualAllocation        = false                                  {pd product} {ergonomic}
     bool UseParallelGC                            = true                                      {product} {command line}

Logging:
Log output configuration:
 #0: stdout all=off uptime,level,tags foldmultilines=false
 #1: stderr all=off uptime,level,tags foldmultilines=false

Environment Variables:
JAVA_HOME=C:\Program Files\Java\jdk1.8.0_281
PATH=C:\Program Files\Common Files\Oracle\Java\javapath;C:\WINDOWS\system32;C:\WINDOWS;C:\WINDOWS\System32\Wbem;C:\WINDOWS\System32\WindowsPowerShell\v1.0\;C:\WINDOWS\System32\OpenSSH\;C:\Program Files\Java\jdk-17\bin;C:\Users\TCHAMGOUE Yann\Downloads\apache-maven-3.9.8-bin\apache-maven-3.9.8\bin;C:\Program Files\nodejs\;C:\ProgramData\chocolatey\bin;C:\xampp\php;C:\Program Files\Git\cmd;C:\Program Files\Docker\Docker\resources\bin;C:\Program Files\MySQL\MySQL Shell 8.0\bin\;C:\Users\TCHAMGOUE Yann\AppData\Local\Programs\Python\Python313\Scripts\;C:\Users\TCHAMGOUE Yann\AppData\Local\Programs\Python\Python313\;C:\Users\TCHAMGOUE Yann\AppData\Local\Microsoft\WindowsApps;C:\Users\TCHAMGOUE Yann\AppData\Local\Programs\Microsoft VS Code\bin;C:\Users\TCHAMGOUE Yann\AppData\Roaming\npm;C:\Program Files\Git\bin;C:\xampp\php;C:\Program Files\JetBrains\IntelliJ IDEA 2024.3\bin;;C:\Program Files\MySQL\MySQL Server 8.0\bin;
USERNAME=TCHAMGOUE Yann
OS=Windows_NT
PROCESSOR_IDENTIFIER=Intel64 Family 6 Model 142 Stepping 12, GenuineIntel
TMP=C:\Users\TCHAMG~1\AppData\Local\Temp
TEMP=C:\Users\TCHAMG~1\AppData\Local\Temp




Periodic native trim disabled

---------------  S Y S T E M  ---------------

OS:
 Windows 11 , 64 bit Build 26100 (10.0.26100.3624)
OS uptime: 0 days 0:17 hours
Hyper-V role detected

CPU: total 8 (initial active 8) (4 cores per cpu, 2 threads per core) family 6 model 142 stepping 12 microcode 0xde, cx8, cmov, fxsr, ht, mmx, 3dnowpref, sse, sse2, sse3, ssse3, sse4.1, sse4.2, popcnt, lzcnt, tsc, tscinvbit, avx, avx2, aes, erms, clmul, bmi1, bmi2, adx, fma, vzeroupper, clflush, clflushopt, hv, rdtscp, f16c
Processor Information for the first 8 processors :
  Max Mhz: 2112, Current Mhz: 1609, Mhz Limit: 1605

Memory: 4k page, system-wide physical 8001M (550M free)
TotalPageFile size 14323M (AvailPageFile size 26M)
current process WorkingSet (physical memory assigned to process): 141M, peak: 147M
current process commit charge ("private bytes"): 278M, peak: 283M

vm_info: OpenJDK 64-Bit Server VM (21.0.8+9-LTS) for windows-amd64 JRE (21.0.8+9-LTS), built on 2025-07-15T00:00:00Z by "admin" with MS VC++ 17.7 (VS2022)

END.
