#
# There is insufficient memory for the Java Runtime Environment to continue.
# Native memory allocation (malloc) failed to allocate 2210736 bytes. Error detail: Chunk::new
# Possible reasons:
#   The system is out of physical RAM or swap space
#   This process is running with CompressedOops enabled, and the Java Heap may be blocking the growth of the native heap
# Possible solutions:
#   Reduce memory load on the system
#   Increase physical memory or swap space
#   Check if swap backing store is full
#   Decrease Java heap size (-Xmx/-Xms)
#   Decrease number of Java threads
#   Decrease Java thread stack sizes (-Xss)
#   Set larger code cache with -XX:ReservedCodeCacheSize=
#   JVM is running with Unscaled Compressed Oops mode in which the Java heap is
#     placed in the first 4GB address space. The Java Heap base address is the
#     maximum limit for the native heap growth. Please use -XX:HeapBaseMinAddress
#     to set the Java Heap base and to place the Java Heap above 4GB virtual address.
# This output file may be truncated or incomplete.
#
#  Out of Memory Error (arena.cpp:168), pid=17440, tid=16732
#
# JRE version: OpenJDK Runtime Environment Temurin-21.0.8+9 (21.0.8+9) (build 21.0.8+9-LTS)
# Java VM: OpenJDK 64-Bit Server VM Temurin-21.0.8+9 (21.0.8+9-LTS, mixed mode, sharing, tiered, compressed oops, compressed class ptrs, parallel gc, windows-amd64)
# No core dump will be written. Minidumps are not enabled by default on client versions of Windows
#

---------------  S U M M A R Y ------------

Command Line: --add-modules=ALL-SYSTEM --add-opens=java.base/java.util=ALL-UNNAMED --add-opens=java.base/java.lang=ALL-UNNAMED --add-opens=java.base/sun.nio.fs=ALL-UNNAMED -Declipse.application=org.eclipse.jdt.ls.core.id1 -Dosgi.bundles.defaultStartLevel=4 -Declipse.product=org.eclipse.jdt.ls.core.product -Djava.import.generatesMetadataFilesAtProjectRoot=false -DDetectVMInstallationsJob.disabled=true -Dfile.encoding=utf8 -XX:+UseParallelGC -XX:GCTimeRatio=4 -XX:AdaptiveSizePolicyWeight=90 -Dsun.zip.disableMemoryMapping=true -Xmx2G -Xms100m -Xlog:disable -javaagent:c:\Users\TCHAMGOUE Yann\.vscode\extensions\redhat.java-1.44.0-win32-x64\lombok\lombok-1.18.39-4050.jar -XX:+HeapDumpOnOutOfMemoryError -XX:HeapDumpPath=c:\Users\TCHAMGOUE Yann\AppData\Roaming\Code\User\workspaceStorage\0ce6ff431c656783e2bd0f60588f111c\redhat.java -Daether.dependencyCollector.impl=bf c:\Users\TCHAMGOUE Yann\.vscode\extensions\redhat.java-1.44.0-win32-x64\server\plugins\org.eclipse.equinox.launcher_1.7.0.v20250519-0528.jar -configuration c:\Users\TCHAMGOUE Yann\AppData\Roaming\Code\User\globalStorage\redhat.java\1.44.0\config_win -data c:\Users\TCHAMGOUE Yann\AppData\Roaming\Code\User\workspaceStorage\0ce6ff431c656783e2bd0f60588f111c\redhat.java\jdt_ws --pipe=\\.\pipe\lsp-8aba038bfe0cd25748cda640fdfd73f3-sock

Host: Intel(R) Core(TM) i5-10210U CPU @ 1.60GHz, 8 cores, 7G,  Windows 11 , 64 bit Build 26100 (10.0.26100.3624)
Time: Wed Aug 20 09:35:42 2025 Afr. centrale Ouest elapsed time: 27.862129 seconds (0d 0h 0m 27s)

---------------  T H R E A D  ---------------

Current thread (0x00000230e086c590):  JavaThread "C2 CompilerThread2" daemon [_thread_in_native, id=16732, stack(0x0000008e99000000,0x0000008e99100000) (1024K)]


Current CompileTask:
C2:27862 12912 %     4       java.util.Properties::load0 @ 29 (249 bytes)

Stack: [0x0000008e99000000,0x0000008e99100000]
Native frames: (J=compiled Java code, j=interpreted, Vv=VM code, C=native code)
V  [jvm.dll+0x6d2449]
V  [jvm.dll+0x8ae341]
V  [jvm.dll+0x8b08be]
V  [jvm.dll+0x8b0fa3]
V  [jvm.dll+0x280c96]
V  [jvm.dll+0xc581d]
V  [jvm.dll+0xc5d53]
V  [jvm.dll+0x3b9162]
V  [jvm.dll+0x1e1409]
V  [jvm.dll+0x249022]
V  [jvm.dll+0x2484af]
V  [jvm.dll+0x1c89ee]
V  [jvm.dll+0x257d4d]
V  [jvm.dll+0x2562ea]
V  [jvm.dll+0x3f2d16]
V  [jvm.dll+0x857e6b]
V  [jvm.dll+0x6d0b0d]
C  [ucrtbase.dll+0x37b0]
C  [KERNEL32.DLL+0x2e8d7]
C  [ntdll.dll+0xb14fc]


---------------  P R O C E S S  ---------------

Threads class SMR info:
_java_thread_list=0x00000230de643840, length=64, elements={
0x00000230fc04ab90, 0x00000230962f83b0, 0x00000230962fb5b0, 0x00000230962fd140,
0x00000230962ff050, 0x0000023096301eb0, 0x0000023096302900, 0x0000023096303990,
0x00000230dd0413f0, 0x00000230dd0c8e30, 0x00000230dd333430, 0x00000230dd67f310,
0x00000230ddda0800, 0x00000230dda833a0, 0x00000230dda84420, 0x00000230dd8292d0,
0x00000230ddb0e800, 0x00000230dde301d0, 0x00000230dde322a0, 0x00000230dde30860,
0x00000230dde31c10, 0x00000230dde2fb40, 0x00000230dde30ef0, 0x00000230dde32930,
0x00000230dde2f4b0, 0x00000230e0667fe0, 0x00000230e066a740, 0x00000230e0669a20,
0x00000230e066add0, 0x00000230e0668670, 0x00000230e066a0b0, 0x00000230e066b460,
0x00000230e066baf0, 0x00000230e066c180, 0x00000230e0668d00, 0x00000230e066c810,
0x00000230e0669390, 0x00000230e066d530, 0x00000230e066e250, 0x00000230e066cea0,
0x00000230e066dbc0, 0x00000230e066f600, 0x00000230df19e9b0, 0x00000230df19c250,
0x00000230df19cf70, 0x00000230df19f040, 0x00000230df19f6d0, 0x00000230df19d600,
0x00000230df19fd60, 0x00000230df19c8e0, 0x00000230df1a0a80, 0x00000230df19dc90,
0x00000230df1a03f0, 0x00000230df1a17a0, 0x00000230df1a1110, 0x00000230df1a2b50,
0x00000230df1a31e0, 0x00000230df1a3870, 0x00000230dd401480, 0x00000230dd400df0,
0x00000230dd4021a0, 0x00000230dd400760, 0x00000230e086b7f0, 0x00000230e086c590
}

Java Threads: ( => current thread )
  0x00000230fc04ab90 JavaThread "main"                              [_thread_blocked, id=14144, stack(0x0000008e94000000,0x0000008e94100000) (1024K)]
  0x00000230962f83b0 JavaThread "Reference Handler"          daemon [_thread_blocked, id=11000, stack(0x0000008e94400000,0x0000008e94500000) (1024K)]
  0x00000230962fb5b0 JavaThread "Finalizer"                  daemon [_thread_blocked, id=972, stack(0x0000008e94500000,0x0000008e94600000) (1024K)]
  0x00000230962fd140 JavaThread "Signal Dispatcher"          daemon [_thread_blocked, id=20200, stack(0x0000008e94600000,0x0000008e94700000) (1024K)]
  0x00000230962ff050 JavaThread "Attach Listener"            daemon [_thread_blocked, id=17652, stack(0x0000008e94700000,0x0000008e94800000) (1024K)]
  0x0000023096301eb0 JavaThread "Service Thread"             daemon [_thread_blocked, id=15176, stack(0x0000008e94800000,0x0000008e94900000) (1024K)]
  0x0000023096302900 JavaThread "Monitor Deflation Thread"   daemon [_thread_blocked, id=10980, stack(0x0000008e94900000,0x0000008e94a00000) (1024K)]
  0x0000023096303990 JavaThread "C2 CompilerThread0"         daemon [_thread_in_native, id=19956, stack(0x0000008e94a00000,0x0000008e94b00000) (1024K)]
  0x00000230dd0413f0 JavaThread "C1 CompilerThread0"         daemon [_thread_blocked, id=19724, stack(0x0000008e94b00000,0x0000008e94c00000) (1024K)]
  0x00000230dd0c8e30 JavaThread "Common-Cleaner"             daemon [_thread_blocked, id=2940, stack(0x0000008e94c00000,0x0000008e94d00000) (1024K)]
  0x00000230dd333430 JavaThread "Notification Thread"        daemon [_thread_blocked, id=16796, stack(0x0000008e94d00000,0x0000008e94e00000) (1024K)]
  0x00000230dd67f310 JavaThread "Active Thread: Equinox Container: ad2b6ce8-3825-4c30-922f-560a0d2b3e7d"        [_thread_blocked, id=16512, stack(0x0000008e94e00000,0x0000008e94f00000) (1024K)]
  0x00000230ddda0800 JavaThread "Refresh Thread: Equinox Container: ad2b6ce8-3825-4c30-922f-560a0d2b3e7d" daemon [_thread_blocked, id=10728, stack(0x0000008e95700000,0x0000008e95800000) (1024K)]
  0x00000230dda833a0 JavaThread "Framework Event Dispatcher: Equinox Container: ad2b6ce8-3825-4c30-922f-560a0d2b3e7d" daemon [_thread_blocked, id=1612, stack(0x0000008e95800000,0x0000008e95900000) (1024K)]
  0x00000230dda84420 JavaThread "Start Level: Equinox Container: ad2b6ce8-3825-4c30-922f-560a0d2b3e7d" daemon [_thread_blocked, id=5844, stack(0x0000008e95900000,0x0000008e95a00000) (1024K)]
  0x00000230dd8292d0 JavaThread "Bundle File Closer"         daemon [_thread_blocked, id=19712, stack(0x0000008e95b00000,0x0000008e95c00000) (1024K)]
  0x00000230ddb0e800 JavaThread "SCR Component Actor"        daemon [_thread_blocked, id=17544, stack(0x0000008e95a00000,0x0000008e95b00000) (1024K)]
  0x00000230dde301d0 JavaThread "Worker-JM"                         [_thread_blocked, id=19764, stack(0x0000008e95d00000,0x0000008e95e00000) (1024K)]
  0x00000230dde322a0 JavaThread "JNA Cleaner"                daemon [_thread_blocked, id=19672, stack(0x0000008e95500000,0x0000008e95600000) (1024K)]
  0x00000230dde30860 JavaThread "Worker-0"                          [_thread_blocked, id=20452, stack(0x0000008e95f00000,0x0000008e96000000) (1024K)]
  0x00000230dde31c10 JavaThread "Worker-1"                          [_thread_blocked, id=16620, stack(0x0000008e96000000,0x0000008e96100000) (1024K)]
  0x00000230dde2fb40 JavaThread "Worker-2"                          [_thread_blocked, id=5612, stack(0x0000008e96100000,0x0000008e96200000) (1024K)]
  0x00000230dde30ef0 JavaThread "Java indexing"              daemon [_thread_in_Java, id=14432, stack(0x0000008e96300000,0x0000008e96400000) (1024K)]
  0x00000230dde32930 JavaThread "Worker-3: Java indexing... "        [_thread_blocked, id=19536, stack(0x0000008e96400000,0x0000008e96500000) (1024K)]
  0x00000230dde2f4b0 JavaThread "Worker-4"                          [_thread_blocked, id=4472, stack(0x0000008e96500000,0x0000008e96600000) (1024K)]
  0x00000230e0667fe0 JavaThread "Worker-5: Building"                [_thread_in_native, id=15712, stack(0x0000008e96800000,0x0000008e96900000) (1024K)]
  0x00000230e066a740 JavaThread "Worker-6"                          [_thread_blocked, id=15688, stack(0x0000008e96900000,0x0000008e96a00000) (1024K)]
  0x00000230e0669a20 JavaThread "Thread-2"                   daemon [_thread_in_native, id=19812, stack(0x0000008e96a00000,0x0000008e96b00000) (1024K)]
  0x00000230e066add0 JavaThread "Thread-3"                   daemon [_thread_in_native, id=19584, stack(0x0000008e96b00000,0x0000008e96c00000) (1024K)]
  0x00000230e0668670 JavaThread "Thread-4"                   daemon [_thread_in_native, id=15108, stack(0x0000008e96c00000,0x0000008e96d00000) (1024K)]
  0x00000230e066a0b0 JavaThread "Thread-5"                   daemon [_thread_in_native, id=13924, stack(0x0000008e96d00000,0x0000008e96e00000) (1024K)]
  0x00000230e066b460 JavaThread "Thread-6"                   daemon [_thread_in_native, id=7120, stack(0x0000008e96e00000,0x0000008e96f00000) (1024K)]
  0x00000230e066baf0 JavaThread "Thread-7"                   daemon [_thread_in_native, id=19472, stack(0x0000008e96f00000,0x0000008e97000000) (1024K)]
  0x00000230e066c180 JavaThread "Thread-8"                   daemon [_thread_in_native, id=19480, stack(0x0000008e97000000,0x0000008e97100000) (1024K)]
  0x00000230e0668d00 JavaThread "Thread-9"                   daemon [_thread_in_native, id=19932, stack(0x0000008e97100000,0x0000008e97200000) (1024K)]
  0x00000230e066c810 JavaThread "Thread-10"                  daemon [_thread_in_native, id=15424, stack(0x0000008e97200000,0x0000008e97300000) (1024K)]
  0x00000230e0669390 JavaThread "pool-2-thread-1"                   [_thread_blocked, id=17404, stack(0x0000008e97300000,0x0000008e97400000) (1024K)]
  0x00000230e066d530 JavaThread "Worker-7"                          [_thread_blocked, id=5244, stack(0x0000008e97400000,0x0000008e97500000) (1024K)]
  0x00000230e066e250 JavaThread "WorkspaceEventsHandler"            [_thread_blocked, id=7396, stack(0x0000008e97500000,0x0000008e97600000) (1024K)]
  0x00000230e066cea0 JavaThread "pool-1-thread-1"                   [_thread_blocked, id=19072, stack(0x0000008e97600000,0x0000008e97700000) (1024K)]
  0x00000230e066dbc0 JavaThread "Worker-8"                          [_thread_blocked, id=18636, stack(0x0000008e97700000,0x0000008e97800000) (1024K)]
  0x00000230e066f600 JavaThread "LocalFile Deleter"          daemon [_thread_blocked, id=20076, stack(0x0000008e96200000,0x0000008e96300000) (1024K)]
  0x00000230df19e9b0 JavaThread "LocalFile Deleter"          daemon [_thread_blocked, id=18684, stack(0x0000008e97800000,0x0000008e97900000) (1024K)]
  0x00000230df19c250 JavaThread "LocalFile Deleter"          daemon [_thread_blocked, id=17712, stack(0x0000008e97900000,0x0000008e97a00000) (1024K)]
  0x00000230df19cf70 JavaThread "LocalFile Deleter"          daemon [_thread_blocked, id=14256, stack(0x0000008e97a00000,0x0000008e97b00000) (1024K)]
  0x00000230df19f040 JavaThread "LocalFile Deleter"          daemon [_thread_blocked, id=13912, stack(0x0000008e97b00000,0x0000008e97c00000) (1024K)]
  0x00000230df19f6d0 JavaThread "LocalFile Deleter"          daemon [_thread_blocked, id=12436, stack(0x0000008e97c00000,0x0000008e97d00000) (1024K)]
  0x00000230df19d600 JavaThread "LocalFile Deleter"          daemon [_thread_blocked, id=19344, stack(0x0000008e97d00000,0x0000008e97e00000) (1024K)]
  0x00000230df19fd60 JavaThread "LocalFile Deleter"          daemon [_thread_blocked, id=17296, stack(0x0000008e97e00000,0x0000008e97f00000) (1024K)]
  0x00000230df19c8e0 JavaThread "Compiler Source File Reader" daemon [_thread_blocked, id=5032, stack(0x0000008e97f00000,0x0000008e98000000) (1024K)]
  0x00000230df1a0a80 JavaThread "Compiler Source File Reader" daemon [_thread_blocked, id=10520, stack(0x0000008e98000000,0x0000008e98100000) (1024K)]
  0x00000230df19dc90 JavaThread "Compiler Source File Reader" daemon [_thread_blocked, id=2908, stack(0x0000008e98100000,0x0000008e98200000) (1024K)]
  0x00000230df1a03f0 JavaThread "Compiler Source File Reader" daemon [_thread_blocked, id=15092, stack(0x0000008e98200000,0x0000008e98300000) (1024K)]
  0x00000230df1a17a0 JavaThread "Compiler Source File Reader" daemon [_thread_blocked, id=8856, stack(0x0000008e98300000,0x0000008e98400000) (1024K)]
  0x00000230df1a1110 JavaThread "Compiler Source File Reader" daemon [_thread_blocked, id=5452, stack(0x0000008e98400000,0x0000008e98500000) (1024K)]
  0x00000230df1a2b50 JavaThread "Compiler Processing Task"   daemon [_thread_blocked, id=13016, stack(0x0000008e98500000,0x0000008e98600000) (1024K)]
  0x00000230df1a31e0 JavaThread "Compiler Class File Writer" daemon [_thread_blocked, id=12448, stack(0x0000008e98600000,0x0000008e98700000) (1024K)]
  0x00000230df1a3870 JavaThread "Compiler Class File Writer" daemon [_thread_blocked, id=7132, stack(0x0000008e98700000,0x0000008e98800000) (1024K)]
  0x00000230dd401480 JavaThread "Compiler Class File Writer" daemon [_thread_blocked, id=7684, stack(0x0000008e98800000,0x0000008e98900000) (1024K)]
  0x00000230dd400df0 JavaThread "Compiler Class File Writer" daemon [_thread_blocked, id=2676, stack(0x0000008e98900000,0x0000008e98a00000) (1024K)]
  0x00000230dd4021a0 JavaThread "Compiler Class File Writer" daemon [_thread_blocked, id=11044, stack(0x0000008e98a00000,0x0000008e98b00000) (1024K)]
  0x00000230dd400760 JavaThread "Compiler Class File Writer" daemon [_thread_blocked, id=16948, stack(0x0000008e98b00000,0x0000008e98c00000) (1024K)]
  0x00000230e086b7f0 JavaThread "C2 CompilerThread1"         daemon [_thread_in_native, id=3904, stack(0x0000008e95c00000,0x0000008e95d00000) (1024K)]
=>0x00000230e086c590 JavaThread "C2 CompilerThread2"         daemon [_thread_in_native, id=16732, stack(0x0000008e99000000,0x0000008e99100000) (1024K)]
Total: 64

Other Threads:
  0x00000230962f3630 VMThread "VM Thread"                           [id=2500, stack(0x0000008e94300000,0x0000008e94400000) (1024K)]
  0x000002309620ca00 WatcherThread "VM Periodic Task Thread"        [id=13140, stack(0x0000008e94200000,0x0000008e94300000) (1024K)]
  0x00000230fe572090 WorkerThread "GC Thread#0"                     [id=17796, stack(0x0000008e94100000,0x0000008e94200000) (1024K)]
  0x00000230dd7d9e50 WorkerThread "GC Thread#1"                     [id=15288, stack(0x0000008e94f00000,0x0000008e95000000) (1024K)]
  0x00000230dd3f6320 WorkerThread "GC Thread#2"                     [id=15284, stack(0x0000008e95000000,0x0000008e95100000) (1024K)]
  0x00000230dd3f66c0 WorkerThread "GC Thread#3"                     [id=15304, stack(0x0000008e95100000,0x0000008e95200000) (1024K)]
  0x00000230dd3f6a60 WorkerThread "GC Thread#4"                     [id=15316, stack(0x0000008e95200000,0x0000008e95300000) (1024K)]
  0x00000230dd3f6e00 WorkerThread "GC Thread#5"                     [id=2120, stack(0x0000008e95300000,0x0000008e95400000) (1024K)]
  0x00000230dd3f71a0 WorkerThread "GC Thread#6"                     [id=2312, stack(0x0000008e95400000,0x0000008e95500000) (1024K)]
  0x00000230dd9edef0 WorkerThread "GC Thread#7"                     [id=12824, stack(0x0000008e95600000,0x0000008e95700000) (1024K)]
Total: 10

Threads with active compile tasks:
C2 CompilerThread0  27916 13131       4       org.eclipse.sisu.wire.EntryListAdapter$ValueIterator::next (18 bytes)
C2 CompilerThread1  27916 13095       4       org.codehaus.plexus.util.xml.pull.MXParser::parseAttribute (1429 bytes)
C2 CompilerThread2  27916 12912 %     4       java.util.Properties::load0 @ 29 (249 bytes)
Total: 3

VM state: not at safepoint (normal execution)

VM Mutex/Monitor currently owned by a thread: None

Heap address: 0x0000000080000000, size: 2048 MB, Compressed Oops mode: 32-bit

CDS archive(s) mapped at: [0x0000023097000000-0x0000023097ba0000-0x0000023097ba0000), size 12189696, SharedBaseAddress: 0x0000023097000000, ArchiveRelocationMode: 1.
Compressed class space mapped at: 0x0000023098000000-0x00000230d8000000, reserved size: 1073741824
Narrow klass base: 0x0000023097000000, Narrow klass shift: 0, Narrow klass range: 0x100000000

GC Precious Log:
 CardTable entry size: 512
 CPUs: 8 total, 8 available
 Memory: 8001M
 Large Page Support: Disabled
 NUMA Support: Disabled
 Compressed Oops: Enabled (32-bit)
 Alignments: Space 512K, Generation 512K, Heap 2M
 Heap Min Capacity: 100M
 Heap Initial Capacity: 100M
 Heap Max Capacity: 2G
 Pre-touch: Disabled
 Parallel Workers: 8

Heap:
 PSYoungGen      total 3072K, used 1549K [0x00000000d5580000, 0x00000000d5980000, 0x0000000100000000)
  eden space 2048K, 39% used [0x00000000d5580000,0x00000000d564b6b8,0x00000000d5780000)
  from space 1024K, 71% used [0x00000000d5780000,0x00000000d5838000,0x00000000d5880000)
  to   space 1024K, 0% used [0x00000000d5880000,0x00000000d5880000,0x00000000d5980000)
 ParOldGen       total 172032K, used 171760K [0x0000000080000000, 0x000000008a800000, 0x00000000d5580000)
  object space 172032K, 99% used [0x0000000080000000,0x000000008a7bc078,0x000000008a800000)
 Metaspace       used 62859K, committed 64384K, reserved 1114112K
  class space    used 6523K, committed 7168K, reserved 1048576K

Card table byte_map: [0x00000230fdef0000,0x00000230fe300000] _byte_map_base: 0x00000230fdaf0000

Marking Bits: (ParMarkBitMap*) 0x00007ffd7cd2a340
 Begin Bits: [0x0000023092130000, 0x0000023094130000)
 End Bits:   [0x0000023094130000, 0x0000023096130000)

Polling page: 0x00000230fc280000

Metaspace:

Usage:
  Non-class:     55.02 MB used.
      Class:      6.37 MB used.
       Both:     61.39 MB used.

Virtual space:
  Non-class space:       64.00 MB reserved,      55.88 MB ( 87%) committed,  1 nodes.
      Class space:        1.00 GB reserved,       7.00 MB ( <1%) committed,  1 nodes.
             Both:        1.06 GB reserved,      62.88 MB (  6%) committed. 

Chunk freelists:
   Non-Class:  7.72 MB
       Class:  9.05 MB
        Both:  16.77 MB

MaxMetaspaceSize: unlimited
CompressedClassSpaceSize: 1.00 GB
Initial GC threshold: 21.00 MB
Current GC threshold: 97.31 MB
CDS: on
 - commit_granule_bytes: 65536.
 - commit_granule_words: 8192.
 - virtual_space_node_default_size: 8388608.
 - enlarge_chunks_in_place: 1.
 - use_allocation_guard: 0.


Internal statistics:

num_allocs_failed_limit: 11.
num_arena_births: 1164.
num_arena_deaths: 14.
num_vsnodes_births: 2.
num_vsnodes_deaths: 0.
num_space_committed: 1006.
num_space_uncommitted: 0.
num_chunks_returned_to_freelist: 25.
num_chunks_taken_from_freelist: 4156.
num_chunk_merges: 15.
num_chunk_splits: 2529.
num_chunks_enlarged: 1406.
num_inconsistent_stats: 0.

CodeHeap 'non-profiled nmethods': size=120000Kb used=9408Kb max_used=9408Kb free=110591Kb
 bounds [0x000002308ac00000, 0x000002308b540000, 0x0000023092130000]
CodeHeap 'profiled nmethods': size=120000Kb used=27296Kb max_used=27296Kb free=92703Kb
 bounds [0x0000023083130000, 0x0000023084be0000, 0x000002308a660000]
CodeHeap 'non-nmethods': size=5760Kb used=1411Kb max_used=1510Kb free=4348Kb
 bounds [0x000002308a660000, 0x000002308a8d0000, 0x000002308ac00000]
CodeCache: size=245760Kb, used=38115Kb, max_used=38214Kb, free=207642Kb
 total_blobs=12943, nmethods=12223, adapters=625, full_count=0
Compilation: enabled, stopped_count=0, restarted_count=0

Compilation events (20 events):
Event: 27.851 Thread 0x00000230dd0413f0 13114       1       org.apache.maven.plugin.descriptor.Parameter::setRequired (6 bytes)
Event: 27.851 Thread 0x00000230dd0413f0 nmethod 13114 0x000002308b52d010 code [0x000002308b52d1a0, 0x000002308b52d270]
Event: 27.851 Thread 0x00000230dd0413f0 13115       1       org.apache.maven.plugin.descriptor.Parameter::setEditable (6 bytes)
Event: 27.851 Thread 0x00000230dd0413f0 nmethod 13115 0x000002308b52d310 code [0x000002308b52d4a0, 0x000002308b52d570]
Event: 27.851 Thread 0x00000230dd0413f0 13116       1       org.apache.maven.plugin.descriptor.Parameter::setDescription (6 bytes)
Event: 27.851 Thread 0x00000230dd0413f0 nmethod 13116 0x000002308b52d610 code [0x000002308b52d7a0, 0x000002308b52d880]
Event: 27.851 Thread 0x00000230dd0413f0 13117       1       org.apache.maven.plugin.descriptor.Parameter::setDeprecated (6 bytes)
Event: 27.851 Thread 0x00000230dd0413f0 nmethod 13117 0x000002308b52d910 code [0x000002308b52daa0, 0x000002308b52db80]
Event: 27.851 Thread 0x00000230dd0413f0 13118       1       org.apache.maven.plugin.descriptor.Parameter::setImplementation (6 bytes)
Event: 27.851 Thread 0x00000230dd0413f0 nmethod 13118 0x000002308b52dc10 code [0x000002308b52dda0, 0x000002308b52de80]
Event: 27.851 Thread 0x00000230dd0413f0 13119       1       org.apache.maven.plugin.descriptor.Parameter::setSince (6 bytes)
Event: 27.851 Thread 0x00000230dd0413f0 nmethod 13119 0x000002308b52df10 code [0x000002308b52e0a0, 0x000002308b52e180]
Event: 27.851 Thread 0x00000230dd0413f0 13120       1       org.apache.maven.plugin.descriptor.Parameter::setExpression (6 bytes)
Event: 27.852 Thread 0x00000230dd0413f0 nmethod 13120 0x000002308b52e210 code [0x000002308b52e3a0, 0x000002308b52e480]
Event: 27.852 Thread 0x00000230dd0413f0 13121       1       org.apache.maven.plugin.descriptor.Parameter::setDefaultValue (6 bytes)
Event: 27.852 Thread 0x00000230dd0413f0 nmethod 13121 0x000002308b52e510 code [0x000002308b52e6a0, 0x000002308b52e780]
Event: 27.857 Thread 0x00000230dd0413f0 13122       3       org.eclipse.m2e.core.internal.preferences.MavenConfigurationImpl::getStringPreference (16 bytes)
Event: 27.857 Thread 0x00000230dd0413f0 nmethod 13122 0x0000023084bc8090 code [0x0000023084bc8240, 0x0000023084bc83e0]
Event: 27.859 Thread 0x00000230dd0413f0 13123       1       org.apache.maven.plugin.descriptor.MojoDescriptor::getGoal (5 bytes)
Event: 27.859 Thread 0x00000230dd0413f0 nmethod 13123 0x000002308b52e810 code [0x000002308b52e9a0, 0x000002308b52ea68]

GC Heap History (20 events):
Event: 27.770 GC heap before
{Heap before GC invocations=430 (full 3):
 PSYoungGen      total 2560K, used 2432K [0x00000000d5580000, 0x00000000d5900000, 0x0000000100000000)
  eden space 2048K, 100% used [0x00000000d5580000,0x00000000d5780000,0x00000000d5780000)
  from space 512K, 75% used [0x00000000d5880000,0x00000000d58e0000,0x00000000d5900000)
  to   space 512K, 0% used [0x00000000d5800000,0x00000000d5800000,0x00000000d5880000)
 ParOldGen       total 167424K, used 166979K [0x0000000080000000, 0x000000008a380000, 0x00000000d5580000)
  object space 167424K, 99% used [0x0000000080000000,0x000000008a310ce8,0x000000008a380000)
 Metaspace       used 62585K, committed 64064K, reserved 1114112K
  class space    used 6481K, committed 7104K, reserved 1048576K
}
Event: 27.771 GC heap after
{Heap after GC invocations=430 (full 3):
 PSYoungGen      total 2560K, used 478K [0x00000000d5580000, 0x00000000d5900000, 0x0000000100000000)
  eden space 2048K, 0% used [0x00000000d5580000,0x00000000d5580000,0x00000000d5780000)
  from space 512K, 93% used [0x00000000d5800000,0x00000000d5877860,0x00000000d5880000)
  to   space 512K, 0% used [0x00000000d5880000,0x00000000d5880000,0x00000000d5900000)
 ParOldGen       total 167424K, used 167195K [0x0000000080000000, 0x000000008a380000, 0x00000000d5580000)
  object space 167424K, 99% used [0x0000000080000000,0x000000008a346ce8,0x000000008a380000)
 Metaspace       used 62585K, committed 64064K, reserved 1114112K
  class space    used 6481K, committed 7104K, reserved 1048576K
}
Event: 27.779 GC heap before
{Heap before GC invocations=431 (full 3):
 PSYoungGen      total 2560K, used 2526K [0x00000000d5580000, 0x00000000d5900000, 0x0000000100000000)
  eden space 2048K, 100% used [0x00000000d5580000,0x00000000d5780000,0x00000000d5780000)
  from space 512K, 93% used [0x00000000d5800000,0x00000000d5877860,0x00000000d5880000)
  to   space 512K, 0% used [0x00000000d5880000,0x00000000d5880000,0x00000000d5900000)
 ParOldGen       total 167424K, used 167195K [0x0000000080000000, 0x000000008a380000, 0x00000000d5580000)
  object space 167424K, 99% used [0x0000000080000000,0x000000008a346ce8,0x000000008a380000)
 Metaspace       used 62644K, committed 64128K, reserved 1114112K
  class space    used 6485K, committed 7104K, reserved 1048576K
}
Event: 27.780 GC heap after
{Heap after GC invocations=431 (full 3):
 PSYoungGen      total 2560K, used 320K [0x00000000d5580000, 0x00000000d5900000, 0x0000000100000000)
  eden space 2048K, 0% used [0x00000000d5580000,0x00000000d5580000,0x00000000d5780000)
  from space 512K, 62% used [0x00000000d5880000,0x00000000d58d0000,0x00000000d5900000)
  to   space 512K, 0% used [0x00000000d5800000,0x00000000d5800000,0x00000000d5880000)
 ParOldGen       total 167936K, used 167438K [0x0000000080000000, 0x000000008a400000, 0x00000000d5580000)
  object space 167936K, 99% used [0x0000000080000000,0x000000008a3838f0,0x000000008a400000)
 Metaspace       used 62644K, committed 64128K, reserved 1114112K
  class space    used 6485K, committed 7104K, reserved 1048576K
}
Event: 27.786 GC heap before
{Heap before GC invocations=432 (full 3):
 PSYoungGen      total 2560K, used 2368K [0x00000000d5580000, 0x00000000d5900000, 0x0000000100000000)
  eden space 2048K, 100% used [0x00000000d5580000,0x00000000d5780000,0x00000000d5780000)
  from space 512K, 62% used [0x00000000d5880000,0x00000000d58d0000,0x00000000d5900000)
  to   space 512K, 0% used [0x00000000d5800000,0x00000000d5800000,0x00000000d5880000)
 ParOldGen       total 167936K, used 167438K [0x0000000080000000, 0x000000008a400000, 0x00000000d5580000)
  object space 167936K, 99% used [0x0000000080000000,0x000000008a383908,0x000000008a400000)
 Metaspace       used 62665K, committed 64128K, reserved 1114112K
  class space    used 6487K, committed 7104K, reserved 1048576K
}
Event: 27.788 GC heap after
{Heap after GC invocations=432 (full 3):
 PSYoungGen      total 2560K, used 352K [0x00000000d5580000, 0x00000000d5900000, 0x0000000100000000)
  eden space 2048K, 0% used [0x00000000d5580000,0x00000000d5580000,0x00000000d5780000)
  from space 512K, 68% used [0x00000000d5800000,0x00000000d5858000,0x00000000d5880000)
  to   space 512K, 0% used [0x00000000d5880000,0x00000000d5880000,0x00000000d5900000)
 ParOldGen       total 167936K, used 167710K [0x0000000080000000, 0x000000008a400000, 0x00000000d5580000)
  object space 167936K, 99% used [0x0000000080000000,0x000000008a3c7908,0x000000008a400000)
 Metaspace       used 62665K, committed 64128K, reserved 1114112K
  class space    used 6487K, committed 7104K, reserved 1048576K
}
Event: 27.800 GC heap before
{Heap before GC invocations=433 (full 3):
 PSYoungGen      total 2560K, used 2400K [0x00000000d5580000, 0x00000000d5900000, 0x0000000100000000)
  eden space 2048K, 100% used [0x00000000d5580000,0x00000000d5780000,0x00000000d5780000)
  from space 512K, 68% used [0x00000000d5800000,0x00000000d5858000,0x00000000d5880000)
  to   space 512K, 0% used [0x00000000d5880000,0x00000000d5880000,0x00000000d5900000)
 ParOldGen       total 167936K, used 167714K [0x0000000080000000, 0x000000008a400000, 0x00000000d5580000)
  object space 167936K, 99% used [0x0000000080000000,0x000000008a3c8bc8,0x000000008a400000)
 Metaspace       used 62703K, committed 64192K, reserved 1114112K
  class space    used 6493K, committed 7104K, reserved 1048576K
}
Event: 27.801 GC heap after
{Heap after GC invocations=433 (full 3):
 PSYoungGen      total 2560K, used 470K [0x00000000d5580000, 0x00000000d5900000, 0x0000000100000000)
  eden space 2048K, 0% used [0x00000000d5580000,0x00000000d5580000,0x00000000d5780000)
  from space 512K, 91% used [0x00000000d5880000,0x00000000d58f5808,0x00000000d5900000)
  to   space 512K, 0% used [0x00000000d5800000,0x00000000d5800000,0x00000000d5880000)
 ParOldGen       total 168448K, used 167986K [0x0000000080000000, 0x000000008a480000, 0x00000000d5580000)
  object space 168448K, 99% used [0x0000000080000000,0x000000008a40cbc8,0x000000008a480000)
 Metaspace       used 62703K, committed 64192K, reserved 1114112K
  class space    used 6493K, committed 7104K, reserved 1048576K
}
Event: 27.810 GC heap before
{Heap before GC invocations=434 (full 3):
 PSYoungGen      total 2560K, used 2518K [0x00000000d5580000, 0x00000000d5900000, 0x0000000100000000)
  eden space 2048K, 100% used [0x00000000d5580000,0x00000000d5780000,0x00000000d5780000)
  from space 512K, 91% used [0x00000000d5880000,0x00000000d58f5808,0x00000000d5900000)
  to   space 512K, 0% used [0x00000000d5800000,0x00000000d5800000,0x00000000d5880000)
 ParOldGen       total 168448K, used 167986K [0x0000000080000000, 0x000000008a480000, 0x00000000d5580000)
  object space 168448K, 99% used [0x0000000080000000,0x000000008a40cbc8,0x000000008a480000)
 Metaspace       used 62730K, committed 64192K, reserved 1114112K
  class space    used 6496K, committed 7104K, reserved 1048576K
}
Event: 27.811 GC heap after
{Heap after GC invocations=434 (full 3):
 PSYoungGen      total 2560K, used 384K [0x00000000d5580000, 0x00000000d5900000, 0x0000000100000000)
  eden space 2048K, 0% used [0x00000000d5580000,0x00000000d5580000,0x00000000d5780000)
  from space 512K, 75% used [0x00000000d5800000,0x00000000d5860000,0x00000000d5880000)
  to   space 512K, 0% used [0x00000000d5880000,0x00000000d5880000,0x00000000d5900000)
 ParOldGen       total 168448K, used 168312K [0x0000000080000000, 0x000000008a480000, 0x00000000d5580000)
  object space 168448K, 99% used [0x0000000080000000,0x000000008a45e3d0,0x000000008a480000)
 Metaspace       used 62730K, committed 64192K, reserved 1114112K
  class space    used 6496K, committed 7104K, reserved 1048576K
}
Event: 27.819 GC heap before
{Heap before GC invocations=435 (full 3):
 PSYoungGen      total 2560K, used 2432K [0x00000000d5580000, 0x00000000d5900000, 0x0000000100000000)
  eden space 2048K, 100% used [0x00000000d5580000,0x00000000d5780000,0x00000000d5780000)
  from space 512K, 75% used [0x00000000d5800000,0x00000000d5860000,0x00000000d5880000)
  to   space 512K, 0% used [0x00000000d5880000,0x00000000d5880000,0x00000000d5900000)
 ParOldGen       total 168448K, used 168312K [0x0000000080000000, 0x000000008a480000, 0x00000000d5580000)
  object space 168448K, 99% used [0x0000000080000000,0x000000008a45e3d0,0x000000008a480000)
 Metaspace       used 62739K, committed 64192K, reserved 1114112K
  class space    used 6498K, committed 7104K, reserved 1048576K
}
Event: 27.820 GC heap after
{Heap after GC invocations=435 (full 3):
 PSYoungGen      total 2560K, used 352K [0x00000000d5580000, 0x00000000d5900000, 0x0000000100000000)
  eden space 2048K, 0% used [0x00000000d5580000,0x00000000d5580000,0x00000000d5780000)
  from space 512K, 68% used [0x00000000d5880000,0x00000000d58d8000,0x00000000d5900000)
  to   space 512K, 0% used [0x00000000d5800000,0x00000000d5800000,0x00000000d5880000)
 ParOldGen       total 168960K, used 168568K [0x0000000080000000, 0x000000008a500000, 0x00000000d5580000)
  object space 168960K, 99% used [0x0000000080000000,0x000000008a49e3d0,0x000000008a500000)
 Metaspace       used 62739K, committed 64192K, reserved 1114112K
  class space    used 6498K, committed 7104K, reserved 1048576K
}
Event: 27.828 GC heap before
{Heap before GC invocations=436 (full 3):
 PSYoungGen      total 2560K, used 2385K [0x00000000d5580000, 0x00000000d5900000, 0x0000000100000000)
  eden space 2048K, 99% used [0x00000000d5580000,0x00000000d577c580,0x00000000d5780000)
  from space 512K, 68% used [0x00000000d5880000,0x00000000d58d8000,0x00000000d5900000)
  to   space 512K, 0% used [0x00000000d5800000,0x00000000d5800000,0x00000000d5880000)
 ParOldGen       total 168960K, used 168568K [0x0000000080000000, 0x000000008a500000, 0x00000000d5580000)
  object space 168960K, 99% used [0x0000000080000000,0x000000008a49e3d0,0x000000008a500000)
 Metaspace       used 62759K, committed 64192K, reserved 1114112K
  class space    used 6506K, committed 7104K, reserved 1048576K
}
Event: 27.829 GC heap after
{Heap after GC invocations=436 (full 3):
 PSYoungGen      total 2560K, used 288K [0x00000000d5580000, 0x00000000d5900000, 0x0000000100000000)
  eden space 2048K, 0% used [0x00000000d5580000,0x00000000d5580000,0x00000000d5780000)
  from space 512K, 56% used [0x00000000d5800000,0x00000000d5848000,0x00000000d5880000)
  to   space 512K, 0% used [0x00000000d5880000,0x00000000d5880000,0x00000000d5900000)
 ParOldGen       total 168960K, used 168816K [0x0000000080000000, 0x000000008a500000, 0x00000000d5580000)
  object space 168960K, 99% used [0x0000000080000000,0x000000008a4dc3d0,0x000000008a500000)
 Metaspace       used 62759K, committed 64192K, reserved 1114112K
  class space    used 6506K, committed 7104K, reserved 1048576K
}
Event: 27.835 GC heap before
{Heap before GC invocations=437 (full 3):
 PSYoungGen      total 2560K, used 2336K [0x00000000d5580000, 0x00000000d5900000, 0x0000000100000000)
  eden space 2048K, 100% used [0x00000000d5580000,0x00000000d5780000,0x00000000d5780000)
  from space 512K, 56% used [0x00000000d5800000,0x00000000d5848000,0x00000000d5880000)
  to   space 512K, 0% used [0x00000000d5880000,0x00000000d5880000,0x00000000d5900000)
 ParOldGen       total 168960K, used 168816K [0x0000000080000000, 0x000000008a500000, 0x00000000d5580000)
  object space 168960K, 99% used [0x0000000080000000,0x000000008a4dc3d0,0x000000008a500000)
 Metaspace       used 62776K, committed 64256K, reserved 1114112K
  class space    used 6509K, committed 7104K, reserved 1048576K
}
Event: 27.836 GC heap after
{Heap after GC invocations=437 (full 3):
 PSYoungGen      total 2560K, used 352K [0x00000000d5580000, 0x00000000d5900000, 0x0000000100000000)
  eden space 2048K, 0% used [0x00000000d5580000,0x00000000d5580000,0x00000000d5780000)
  from space 512K, 68% used [0x00000000d5880000,0x00000000d58d8000,0x00000000d5900000)
  to   space 512K, 0% used [0x00000000d5800000,0x00000000d5800000,0x00000000d5880000)
 ParOldGen       total 169472K, used 169040K [0x0000000080000000, 0x000000008a580000, 0x00000000d5580000)
  object space 169472K, 99% used [0x0000000080000000,0x000000008a5143d0,0x000000008a580000)
 Metaspace       used 62776K, committed 64256K, reserved 1114112K
  class space    used 6509K, committed 7104K, reserved 1048576K
}
Event: 27.843 GC heap before
{Heap before GC invocations=438 (full 3):
 PSYoungGen      total 2560K, used 2390K [0x00000000d5580000, 0x00000000d5900000, 0x0000000100000000)
  eden space 2048K, 99% used [0x00000000d5580000,0x00000000d577d958,0x00000000d5780000)
  from space 512K, 68% used [0x00000000d5880000,0x00000000d58d8000,0x00000000d5900000)
  to   space 512K, 0% used [0x00000000d5800000,0x00000000d5800000,0x00000000d5880000)
 ParOldGen       total 169472K, used 169040K [0x0000000080000000, 0x000000008a580000, 0x00000000d5580000)
  object space 169472K, 99% used [0x0000000080000000,0x000000008a5143d0,0x000000008a580000)
 Metaspace       used 62779K, committed 64256K, reserved 1114112K
  class space    used 6510K, committed 7104K, reserved 1048576K
}
Event: 27.844 GC heap after
{Heap after GC invocations=438 (full 3):
 PSYoungGen      total 2560K, used 496K [0x00000000d5580000, 0x00000000d5980000, 0x0000000100000000)
  eden space 2048K, 0% used [0x00000000d5580000,0x00000000d5580000,0x00000000d5780000)
  from space 512K, 96% used [0x00000000d5800000,0x00000000d587c010,0x00000000d5880000)
  to   space 1024K, 0% used [0x00000000d5880000,0x00000000d5880000,0x00000000d5980000)
 ParOldGen       total 169472K, used 169368K [0x0000000080000000, 0x000000008a580000, 0x00000000d5580000)
  object space 169472K, 99% used [0x0000000080000000,0x000000008a566060,0x000000008a580000)
 Metaspace       used 62779K, committed 64256K, reserved 1114112K
  class space    used 6510K, committed 7104K, reserved 1048576K
}
Event: 27.850 GC heap before
{Heap before GC invocations=439 (full 3):
 PSYoungGen      total 2560K, used 2544K [0x00000000d5580000, 0x00000000d5980000, 0x0000000100000000)
  eden space 2048K, 100% used [0x00000000d5580000,0x00000000d5780000,0x00000000d5780000)
  from space 512K, 96% used [0x00000000d5800000,0x00000000d587c010,0x00000000d5880000)
  to   space 1024K, 0% used [0x00000000d5880000,0x00000000d5880000,0x00000000d5980000)
 ParOldGen       total 169472K, used 169368K [0x0000000080000000, 0x000000008a580000, 0x00000000d5580000)
  object space 169472K, 99% used [0x0000000080000000,0x000000008a566060,0x000000008a580000)
 Metaspace       used 62799K, committed 64256K, reserved 1114112K
  class space    used 6512K, committed 7104K, reserved 1048576K
}
Event: 27.851 GC heap after
{Heap after GC invocations=439 (full 3):
 PSYoungGen      total 3072K, used 811K [0x00000000d5580000, 0x00000000d5980000, 0x0000000100000000)
  eden space 2048K, 0% used [0x00000000d5580000,0x00000000d5580000,0x00000000d5780000)
  from space 1024K, 79% used [0x00000000d5880000,0x00000000d594ae78,0x00000000d5980000)
  to   space 1024K, 0% used [0x00000000d5780000,0x00000000d5780000,0x00000000d5880000)
 ParOldGen       total 169984K, used 169856K [0x0000000080000000, 0x000000008a600000, 0x00000000d5580000)
  object space 169984K, 99% used [0x0000000080000000,0x000000008a5e0060,0x000000008a600000)
 Metaspace       used 62799K, committed 64256K, reserved 1114112K
  class space    used 6512K, committed 7104K, reserved 1048576K
}

Dll operation events (10 events):
Event: 0.016 Loaded shared library c:\Users\TCHAMGOUE Yann\.vscode\extensions\redhat.java-1.44.0-win32-x64\jre\21.0.8-win32-x86_64\bin\java.dll
Event: 0.149 Loaded shared library c:\Users\TCHAMGOUE Yann\.vscode\extensions\redhat.java-1.44.0-win32-x64\jre\21.0.8-win32-x86_64\bin\zip.dll
Event: 0.207 Loaded shared library C:\Users\TCHAMGOUE Yann\.vscode\extensions\redhat.java-1.44.0-win32-x64\jre\21.0.8-win32-x86_64\bin\instrument.dll
Event: 0.215 Loaded shared library C:\Users\TCHAMGOUE Yann\.vscode\extensions\redhat.java-1.44.0-win32-x64\jre\21.0.8-win32-x86_64\bin\net.dll
Event: 0.219 Loaded shared library C:\Users\TCHAMGOUE Yann\.vscode\extensions\redhat.java-1.44.0-win32-x64\jre\21.0.8-win32-x86_64\bin\nio.dll
Event: 0.224 Loaded shared library C:\Users\TCHAMGOUE Yann\.vscode\extensions\redhat.java-1.44.0-win32-x64\jre\21.0.8-win32-x86_64\bin\zip.dll
Event: 0.279 Loaded shared library C:\Users\TCHAMGOUE Yann\.vscode\extensions\redhat.java-1.44.0-win32-x64\jre\21.0.8-win32-x86_64\bin\jimage.dll
Event: 0.462 Loaded shared library c:\Users\TCHAMGOUE Yann\.vscode\extensions\redhat.java-1.44.0-win32-x64\jre\21.0.8-win32-x86_64\bin\verify.dll
Event: 3.400 Loaded shared library C:\Users\TCHAMGOUE Yann\AppData\Roaming\Code\User\globalStorage\redhat.java\1.44.0\config_win\org.eclipse.equinox.launcher\org.eclipse.equinox.launcher.win32.win32.x86_64_1.2.1400.v20250730-1736\eclipse_11913.dll
Event: 6.140 Loaded shared library C:\Users\TCHAMGOUE Yann\AppData\Local\Temp\jna-818174091\jna11199723691290370835.dll

Deoptimization events (20 events):
Event: 27.822 Thread 0x00000230e0667fe0 Uncommon trap: trap_request=0xffffffde fr.pc=0x000002308b5097c0 relative=0x0000000000000600
Event: 27.822 Thread 0x00000230e0667fe0 Uncommon trap: reason=class_check action=maybe_recompile pc=0x000002308b5097c0 method=org.eclipse.sisu.wire.EntryListAdapter$ValueIterator.next()Ljava/lang/Object; @ 4 c2
Event: 27.822 Thread 0x00000230e0667fe0 DEOPT PACKING pc=0x000002308b5097c0 sp=0x0000008e968fd270
Event: 27.822 Thread 0x00000230e0667fe0 DEOPT UNPACKING pc=0x000002308a6b3aa2 sp=0x0000008e968fd250 mode 2
Event: 27.825 Thread 0x00000230e0667fe0 Uncommon trap: trap_request=0xffffffde fr.pc=0x000002308b5097c0 relative=0x0000000000000600
Event: 27.825 Thread 0x00000230e0667fe0 Uncommon trap: reason=class_check action=maybe_recompile pc=0x000002308b5097c0 method=org.eclipse.sisu.wire.EntryListAdapter$ValueIterator.next()Ljava/lang/Object; @ 4 c2
Event: 27.825 Thread 0x00000230e0667fe0 DEOPT PACKING pc=0x000002308b5097c0 sp=0x0000008e968fd270
Event: 27.825 Thread 0x00000230e0667fe0 DEOPT UNPACKING pc=0x000002308a6b3aa2 sp=0x0000008e968fd250 mode 2
Event: 27.825 Thread 0x00000230e0667fe0 Uncommon trap: trap_request=0xffffffde fr.pc=0x000002308b5097c0 relative=0x0000000000000600
Event: 27.825 Thread 0x00000230e0667fe0 Uncommon trap: reason=class_check action=maybe_recompile pc=0x000002308b5097c0 method=org.eclipse.sisu.wire.EntryListAdapter$ValueIterator.next()Ljava/lang/Object; @ 4 c2
Event: 27.825 Thread 0x00000230e0667fe0 DEOPT PACKING pc=0x000002308b5097c0 sp=0x0000008e968fd270
Event: 27.825 Thread 0x00000230e0667fe0 DEOPT UNPACKING pc=0x000002308a6b3aa2 sp=0x0000008e968fd250 mode 2
Event: 27.826 Thread 0x00000230e0667fe0 Uncommon trap: trap_request=0xffffffde fr.pc=0x000002308b5097c0 relative=0x0000000000000600
Event: 27.827 Thread 0x00000230e0667fe0 Uncommon trap: reason=class_check action=maybe_recompile pc=0x000002308b5097c0 method=org.eclipse.sisu.wire.EntryListAdapter$ValueIterator.next()Ljava/lang/Object; @ 4 c2
Event: 27.827 Thread 0x00000230e0667fe0 DEOPT PACKING pc=0x000002308b5097c0 sp=0x0000008e968fd270
Event: 27.827 Thread 0x00000230e0667fe0 DEOPT UNPACKING pc=0x000002308a6b3aa2 sp=0x0000008e968fd250 mode 2
Event: 27.837 Thread 0x00000230e0667fe0 Uncommon trap: trap_request=0xffffff45 fr.pc=0x000002308b4e0a98 relative=0x0000000000002978
Event: 27.837 Thread 0x00000230e0667fe0 Uncommon trap: reason=unstable_if action=reinterpret pc=0x000002308b4e0a98 method=org.codehaus.plexus.util.xml.Xpp3DomBuilder.build(Lorg/codehaus/plexus/util/xml/pull/XmlPullParser;ZLorg/codehaus/plexus/util/xml/Xpp3DomBuilder$InputLocationBuilder;)Lorg/c
Event: 27.837 Thread 0x00000230e0667fe0 DEOPT PACKING pc=0x000002308b4e0a98 sp=0x0000008e968fcf80
Event: 27.837 Thread 0x00000230e0667fe0 DEOPT UNPACKING pc=0x000002308a6b3aa2 sp=0x0000008e968fcf50 mode 2

Classes loaded (20 events):
Event: 21.316 Loading class java/util/stream/ReferencePipeline$4
Event: 21.316 Loading class java/util/stream/ReferencePipeline$4 done
Event: 21.317 Loading class java/util/stream/Nodes$IntFixedNodeBuilder
Event: 21.317 Loading class java/util/stream/Node$Builder$OfInt
Event: 21.318 Loading class java/util/stream/Node$Builder$OfInt done
Event: 21.318 Loading class java/util/stream/Nodes$IntArrayNode
Event: 21.318 Loading class java/util/stream/Nodes$IntArrayNode done
Event: 21.318 Loading class java/util/stream/Nodes$IntFixedNodeBuilder done
Event: 21.319 Loading class java/util/stream/ReferencePipeline$4$1
Event: 21.320 Loading class java/util/stream/ReferencePipeline$4$1 done
Event: 22.124 Loading class jdk/internal/module/IllegalAccessLogger
Event: 22.124 Loading class jdk/internal/module/IllegalAccessLogger done
Event: 27.733 Loading class java/util/stream/DistinctOps
Event: 27.734 Loading class java/util/stream/DistinctOps done
Event: 27.734 Loading class java/util/stream/DistinctOps$1
Event: 27.736 Loading class java/util/stream/DistinctOps$1 done
Event: 27.740 Loading class java/util/stream/DistinctOps$1$2
Event: 27.740 Loading class java/util/stream/DistinctOps$1$2 done
Event: 27.743 Loading class java/util/Collections$2
Event: 27.743 Loading class java/util/Collections$2 done

Classes unloaded (7 events):
Event: 6.962 Thread 0x00000230962f3630 Unloading class 0x00000230981ac000 'java/lang/invoke/LambdaForm$MH+0x00000230981ac000'
Event: 6.962 Thread 0x00000230962f3630 Unloading class 0x00000230981abc00 'java/lang/invoke/LambdaForm$MH+0x00000230981abc00'
Event: 6.962 Thread 0x00000230962f3630 Unloading class 0x00000230981ab800 'java/lang/invoke/LambdaForm$MH+0x00000230981ab800'
Event: 6.962 Thread 0x00000230962f3630 Unloading class 0x00000230981ab400 'java/lang/invoke/LambdaForm$MH+0x00000230981ab400'
Event: 6.962 Thread 0x00000230962f3630 Unloading class 0x00000230981ab000 'java/lang/invoke/LambdaForm$BMH+0x00000230981ab000'
Event: 6.962 Thread 0x00000230962f3630 Unloading class 0x00000230981aac00 'java/lang/invoke/LambdaForm$DMH+0x00000230981aac00'
Event: 6.962 Thread 0x00000230962f3630 Unloading class 0x00000230981a9800 'java/lang/invoke/LambdaForm$DMH+0x00000230981a9800'

Classes redefined (0 events):
No events

Internal exceptions (20 events):
Event: 22.716 Thread 0x00000230e0667fe0 Exception <a 'java/lang/NoSuchMethodError'{0x00000000d559f340}: 'void java.lang.invoke.DirectMethodHandle$Holder.invokeStatic(java.lang.Object, java.lang.Object, java.lang.Object, int)'> (0x00000000d559f340) 
thrown [s\src\hotspot\share\interpreter\linkResolver.cpp, line 773]
Event: 22.729 Thread 0x00000230e0667fe0 Exception <a 'java/lang/NoSuchMethodError'{0x00000000d580d730}: 'void java.lang.invoke.DirectMethodHandle$Holder.invokeVirtual(java.lang.Object, java.lang.Object, int)'> (0x00000000d580d730) 
thrown [s\src\hotspot\share\interpreter\linkResolver.cpp, line 773]
Event: 23.320 Thread 0x00000230dde30ef0 Exception <a 'sun/nio/fs/WindowsException'{0x00000000d55bca58}> (0x00000000d55bca58) 
thrown [s\src\hotspot\share\prims\jni.cpp, line 520]
Event: 23.392 Thread 0x00000230dde30ef0 Exception <a 'sun/nio/fs/WindowsException'{0x00000000d563d8f0}> (0x00000000d563d8f0) 
thrown [s\src\hotspot\share\prims\jni.cpp, line 520]
Event: 23.518 Thread 0x00000230dde30ef0 Exception <a 'sun/nio/fs/WindowsException'{0x00000000d5616768}> (0x00000000d5616768) 
thrown [s\src\hotspot\share\prims\jni.cpp, line 520]
Event: 25.771 Thread 0x00000230dde30ef0 Exception <a 'sun/nio/fs/WindowsException'{0x00000000d55b0e00}> (0x00000000d55b0e00) 
thrown [s\src\hotspot\share\prims\jni.cpp, line 520]
Event: 26.133 Thread 0x00000230dde30ef0 Exception <a 'sun/nio/fs/WindowsException'{0x00000000d55adb80}> (0x00000000d55adb80) 
thrown [s\src\hotspot\share\prims\jni.cpp, line 520]
Event: 26.162 Thread 0x00000230e0667fe0 Exception <a 'java/lang/NoSuchMethodError'{0x00000000d56467a8}: 'void java.lang.invoke.DirectMethodHandle$Holder.invokeInterface(java.lang.Object, java.lang.Object)'> (0x00000000d56467a8) 
thrown [s\src\hotspot\share\interpreter\linkResolver.cpp, line 773]
Event: 26.180 Thread 0x00000230dd404f90 Exception <a 'java/lang/NoSuchMethodError'{0x00000000d5625ce0}: 'void java.lang.invoke.DirectMethodHandle$Holder.invokeSpecial(java.lang.Object, java.lang.Object, java.lang.Object, java.lang.Object, java.lang.Object, java.lang.Object, java.lang.Object, java.lang.Object)'> (0x00000000d5625ce0) 
thrown [s\src\hotspot\share\interpreter\linkResolver.cpp, line 773]
Event: 26.180 Thread 0x00000230dd403be0 Exception <a 'java/lang/NoSuchMethodError'{0x00000000d55ff130}: 'void java.lang.invoke.DirectMethodHandle$Holder.invokeSpecial(java.lang.Object, java.lang.Object, java.lang.Object, java.lang.Object, java.lang.Object, java.lang.Object, java.lang.Object, java.lang.Object)'> (0x00000000d55ff130) 
thrown [s\src\hotspot\share\interpreter\linkResolver.cpp, line 773]
Event: 26.180 Thread 0x00000230dd403550 Exception <a 'java/lang/NoSuchMethodError'{0x00000000d55fc840}: 'void java.lang.invoke.DirectMethodHandle$Holder.invokeSpecial(java.lang.Object, java.lang.Object, java.lang.Object, java.lang.Object, java.lang.Object, java.lang.Object, java.lang.Object, java.lang.Object)'> (0x00000000d55fc840) 
thrown [s\src\hotspot\share\interpreter\linkResolver.cpp, line 773]
Event: 26.228 Thread 0x00000230dd403be0 Implicit null exception at 0x000002308b42accf to 0x000002308b42b1b4
Event: 26.228 Thread 0x00000230dd404f90 Implicit null exception at 0x000002308b42accf to 0x000002308b42b1b4
Event: 26.233 Thread 0x00000230dde30ef0 Exception <a 'sun/nio/fs/WindowsException'{0x00000000d5581140}> (0x00000000d5581140) 
thrown [s\src\hotspot\share\prims\jni.cpp, line 520]
Event: 27.652 Thread 0x00000230dde30ef0 Exception <a 'sun/nio/fs/WindowsException'{0x00000000d55b3c50}> (0x00000000d55b3c50) 
thrown [s\src\hotspot\share\prims\jni.cpp, line 520]
Event: 27.724 Thread 0x00000230e0667fe0 Implicit null exception at 0x000002308b4d6bf1 to 0x000002308b4d70ec
Event: 27.730 Thread 0x00000230dde30ef0 Exception <a 'sun/nio/fs/WindowsException'{0x00000000d5745c40}> (0x00000000d5745c40) 
thrown [s\src\hotspot\share\prims\jni.cpp, line 520]
Event: 27.746 Thread 0x00000230e0667fe0 Exception <a 'java/lang/NoSuchMethodError'{0x00000000d56af0d8}: 'java.lang.Object java.lang.invoke.DirectMethodHandle$Holder.invokeSpecial(java.lang.Object, java.lang.Object, java.lang.Object, int, java.lang.Object, java.lang.Object, java.lang.Object)'> (0x00000000d56af0d8) 
thrown [s\src\hotspot\share\interpreter\linkResolver.cpp, line 773]
Event: 27.794 Thread 0x00000230e0667fe0 Exception <a 'java/lang/NoSuchMethodError'{0x00000000d56e2450}: 'java.lang.Object java.lang.invoke.DirectMethodHandle$Holder.newInvokeSpecial(java.lang.Object, java.lang.Object, int)'> (0x00000000d56e2450) 
thrown [s\src\hotspot\share\interpreter\linkResolver.cpp, line 773]
Event: 27.813 Thread 0x00000230e0667fe0 Exception <a 'java/lang/NoSuchMethodError'{0x00000000d55fa248}: 'void java.lang.invoke.DirectMethodHandle$Holder.invokeStatic(java.lang.Object, int)'> (0x00000000d55fa248) 
thrown [s\src\hotspot\share\interpreter\linkResolver.cpp, line 773]

ZGC Phase Switch (0 events):
No events

VM Operations (20 events):
Event: 27.779 Executing VM operation: ParallelGCFailedAllocation (Allocation Failure)
Event: 27.780 Executing VM operation: ParallelGCFailedAllocation (Allocation Failure) done
Event: 27.786 Executing VM operation: ParallelGCFailedAllocation (Allocation Failure)
Event: 27.786 Executing VM operation: ParallelGCFailedAllocation (Allocation Failure) done
Event: 27.786 Executing VM operation: ParallelGCSystemGC (GCLocker Initiated GC)
Event: 27.788 Executing VM operation: ParallelGCSystemGC (GCLocker Initiated GC) done
Event: 27.800 Executing VM operation: ParallelGCFailedAllocation (Allocation Failure)
Event: 27.802 Executing VM operation: ParallelGCFailedAllocation (Allocation Failure) done
Event: 27.810 Executing VM operation: ParallelGCFailedAllocation (Allocation Failure)
Event: 27.811 Executing VM operation: ParallelGCFailedAllocation (Allocation Failure) done
Event: 27.819 Executing VM operation: ParallelGCFailedAllocation (Allocation Failure)
Event: 27.820 Executing VM operation: ParallelGCFailedAllocation (Allocation Failure) done
Event: 27.828 Executing VM operation: ParallelGCFailedAllocation (Allocation Failure)
Event: 27.829 Executing VM operation: ParallelGCFailedAllocation (Allocation Failure) done
Event: 27.835 Executing VM operation: ParallelGCFailedAllocation (Allocation Failure)
Event: 27.836 Executing VM operation: ParallelGCFailedAllocation (Allocation Failure) done
Event: 27.843 Executing VM operation: ParallelGCFailedAllocation (Allocation Failure)
Event: 27.844 Executing VM operation: ParallelGCFailedAllocation (Allocation Failure) done
Event: 27.850 Executing VM operation: ParallelGCFailedAllocation (Allocation Failure)
Event: 27.851 Executing VM operation: ParallelGCFailedAllocation (Allocation Failure) done

Memory protections (0 events):
No events

Nmethod flushes (20 events):
Event: 21.220 Thread 0x00000230962f3630 flushing osr nmethod 0x0000023083b1ee10
Event: 21.220 Thread 0x00000230962f3630 flushing  nmethod 0x0000023083b29c10
Event: 21.220 Thread 0x00000230962f3630 flushing  nmethod 0x0000023083b2e810
Event: 21.220 Thread 0x00000230962f3630 flushing  nmethod 0x0000023083b30d90
Event: 21.220 Thread 0x00000230962f3630 flushing  nmethod 0x0000023083b46c90
Event: 21.220 Thread 0x00000230962f3630 flushing  nmethod 0x0000023083b47290
Event: 21.220 Thread 0x00000230962f3630 flushing  nmethod 0x0000023083b4d590
Event: 21.220 Thread 0x00000230962f3630 flushing  nmethod 0x0000023083b50e90
Event: 21.220 Thread 0x00000230962f3630 flushing  nmethod 0x0000023083b52e10
Event: 21.220 Thread 0x00000230962f3630 flushing  nmethod 0x0000023083bbd990
Event: 21.220 Thread 0x00000230962f3630 flushing  nmethod 0x0000023083bc0a10
Event: 21.220 Thread 0x00000230962f3630 flushing  nmethod 0x0000023083bc7c10
Event: 21.220 Thread 0x00000230962f3630 flushing  nmethod 0x0000023083bc9490
Event: 21.220 Thread 0x00000230962f3630 flushing  nmethod 0x0000023083bc9a90
Event: 21.220 Thread 0x00000230962f3630 flushing  nmethod 0x0000023083bca910
Event: 21.220 Thread 0x00000230962f3630 flushing  nmethod 0x0000023083bcd190
Event: 21.220 Thread 0x00000230962f3630 flushing  nmethod 0x0000023083bf5810
Event: 21.220 Thread 0x00000230962f3630 flushing  nmethod 0x0000023083bf9490
Event: 21.220 Thread 0x00000230962f3630 flushing  nmethod 0x0000023083c20a10
Event: 21.220 Thread 0x00000230962f3630 flushing  nmethod 0x0000023083c34c90

Events (20 events):
Event: 21.309 Thread 0x00000230e0667fe0 Thread added: 0x00000230df1a31e0
Event: 21.317 Thread 0x00000230e0667fe0 Thread added: 0x00000230df1a3870
Event: 21.468 Thread 0x00000230e0667fe0 Thread added: 0x00000230dd401480
Event: 21.514 Thread 0x00000230e0667fe0 Thread added: 0x00000230dd400df0
Event: 21.577 Thread 0x00000230e0667fe0 Thread added: 0x00000230dd4021a0
Event: 21.644 Thread 0x00000230e0667fe0 Thread added: 0x00000230dd400760
Event: 23.385 Thread 0x00000230e086c590 Thread exited: 0x00000230e086c590
Event: 25.148 Thread 0x00000230e0c96be0 Thread exited: 0x00000230e0c96be0
Event: 25.633 Thread 0x00000230dd0413f0 Thread added: 0x00000230e086b7f0
Event: 26.178 Thread 0x00000230e0667fe0 Thread added: 0x00000230dd403550
Event: 26.178 Thread 0x00000230e0667fe0 Thread added: 0x00000230dd403be0
Event: 26.178 Thread 0x00000230e0667fe0 Thread added: 0x00000230dd406340
Event: 26.178 Thread 0x00000230e0667fe0 Thread added: 0x00000230dd404270
Event: 26.179 Thread 0x00000230e0667fe0 Thread added: 0x00000230dd404f90
Event: 26.242 Thread 0x00000230dd0413f0 Thread added: 0x00000230e086c590
Event: 27.331 Thread 0x00000230dd403550 Thread exited: 0x00000230dd403550
Event: 27.332 Thread 0x00000230dd404f90 Thread exited: 0x00000230dd404f90
Event: 27.332 Thread 0x00000230dd403be0 Thread exited: 0x00000230dd403be0
Event: 27.332 Thread 0x00000230dd404270 Thread exited: 0x00000230dd404270
Event: 27.333 Thread 0x00000230dd406340 Thread exited: 0x00000230dd406340


Dynamic libraries:
0x00007ff69d870000 - 0x00007ff69d87e000 	c:\Users\TCHAMGOUE Yann\.vscode\extensions\redhat.java-1.44.0-win32-x64\jre\21.0.8-win32-x86_64\bin\java.exe
0x00007ffe1bf00000 - 0x00007ffe1c160000 	C:\WINDOWS\SYSTEM32\ntdll.dll
0x00007ffdeb900000 - 0x00007ffdeb920000 	C:\Program Files\Avast Software\Avast\aswhook.dll
0x00007ffe1af40000 - 0x00007ffe1b007000 	C:\WINDOWS\System32\KERNEL32.DLL
0x00007ffe198a0000 - 0x00007ffe19c6b000 	C:\WINDOWS\System32\KERNELBASE.dll
0x00007ffe19110000 - 0x00007ffe1925b000 	C:\WINDOWS\System32\ucrtbase.dll
0x00007ffe03b70000 - 0x00007ffe03b88000 	c:\Users\TCHAMGOUE Yann\.vscode\extensions\redhat.java-1.44.0-win32-x64\jre\21.0.8-win32-x86_64\bin\jli.dll
0x00007ffe1a2a0000 - 0x00007ffe1a46c000 	C:\WINDOWS\System32\USER32.dll
0x00007ffe190e0000 - 0x00007ffe19107000 	C:\WINDOWS\System32\win32u.dll
0x00007ffe1b010000 - 0x00007ffe1b03a000 	C:\WINDOWS\System32\GDI32.dll
0x00007ffde0320000 - 0x00007ffde033e000 	c:\Users\TCHAMGOUE Yann\.vscode\extensions\redhat.java-1.44.0-win32-x64\jre\21.0.8-win32-x86_64\bin\VCRUNTIME140.dll
0x00007ffe19550000 - 0x00007ffe19681000 	C:\WINDOWS\System32\gdi32full.dll
0x00007ffe02240000 - 0x00007ffe024d7000 	C:\WINDOWS\WinSxS\amd64_microsoft.windows.common-controls_6595b64144ccf1df_6.0.26100.3624_none_3e086962e3345f24\COMCTL32.dll
0x00007ffe197f0000 - 0x00007ffe19893000 	C:\WINDOWS\System32\msvcp_win.dll
0x00007ffe1bd90000 - 0x00007ffe1be39000 	C:\WINDOWS\System32\msvcrt.dll
0x00007ffe19d00000 - 0x00007ffe19d2f000 	C:\WINDOWS\System32\IMM32.DLL
0x00007ffdf8b50000 - 0x00007ffdf8b5c000 	c:\Users\TCHAMGOUE Yann\.vscode\extensions\redhat.java-1.44.0-win32-x64\jre\21.0.8-win32-x86_64\bin\vcruntime140_1.dll
0x00007ffd7ce10000 - 0x00007ffd7ce9d000 	c:\Users\TCHAMGOUE Yann\.vscode\extensions\redhat.java-1.44.0-win32-x64\jre\21.0.8-win32-x86_64\bin\msvcp140.dll
0x00007ffd7c070000 - 0x00007ffd7ce07000 	c:\Users\TCHAMGOUE Yann\.vscode\extensions\redhat.java-1.44.0-win32-x64\jre\21.0.8-win32-x86_64\bin\server\jvm.dll
0x00007ffe1b8f0000 - 0x00007ffe1b9a3000 	C:\WINDOWS\System32\ADVAPI32.dll
0x00007ffe1bce0000 - 0x00007ffe1bd86000 	C:\WINDOWS\System32\sechost.dll
0x00007ffe1ae20000 - 0x00007ffe1af36000 	C:\WINDOWS\System32\RPCRT4.dll
0x00007ffe1bbb0000 - 0x00007ffe1bc24000 	C:\WINDOWS\System32\WS2_32.dll
0x00007ffe18f60000 - 0x00007ffe18fbe000 	C:\WINDOWS\SYSTEM32\POWRPROF.dll
0x00007ffddc490000 - 0x00007ffddc4c6000 	C:\WINDOWS\SYSTEM32\WINMM.dll
0x00007ffe09c30000 - 0x00007ffe09c3b000 	C:\WINDOWS\SYSTEM32\VERSION.dll
0x00007ffe18e90000 - 0x00007ffe18ea4000 	C:\WINDOWS\SYSTEM32\UMPDC.dll
0x00007ffe17ef0000 - 0x00007ffe17f0a000 	C:\WINDOWS\SYSTEM32\kernel.appcore.dll
0x00007ffdf6f70000 - 0x00007ffdf6f7a000 	c:\Users\TCHAMGOUE Yann\.vscode\extensions\redhat.java-1.44.0-win32-x64\jre\21.0.8-win32-x86_64\bin\jimage.dll
0x00007ffe09820000 - 0x00007ffe09a61000 	C:\WINDOWS\SYSTEM32\DBGHELP.DLL
0x00007ffe19f10000 - 0x00007ffe1a293000 	C:\WINDOWS\System32\combase.dll
0x00007ffe1b1e0000 - 0x00007ffe1b2b6000 	C:\WINDOWS\System32\OLEAUT32.dll
0x00007ffe097e0000 - 0x00007ffe09819000 	C:\WINDOWS\SYSTEM32\dbgcore.DLL
0x00007ffe19690000 - 0x00007ffe19729000 	C:\WINDOWS\System32\bcryptPrimitives.dll
0x00007ffe16050000 - 0x00007ffe1605f000 	c:\Users\TCHAMGOUE Yann\.vscode\extensions\redhat.java-1.44.0-win32-x64\jre\21.0.8-win32-x86_64\bin\instrument.dll
0x00007ffdd77f0000 - 0x00007ffdd780f000 	c:\Users\TCHAMGOUE Yann\.vscode\extensions\redhat.java-1.44.0-win32-x64\jre\21.0.8-win32-x86_64\bin\java.dll
0x00007ffe1a6f0000 - 0x00007ffe1ae19000 	C:\WINDOWS\System32\SHELL32.dll
0x00007ffe19260000 - 0x00007ffe193c8000 	C:\WINDOWS\System32\wintypes.dll
0x00007ffe16d50000 - 0x00007ffe175a2000 	C:\WINDOWS\SYSTEM32\windows.storage.dll
0x00007ffe19d40000 - 0x00007ffe19e2d000 	C:\WINDOWS\System32\SHCORE.dll
0x00007ffe1a650000 - 0x00007ffe1a6b4000 	C:\WINDOWS\System32\shlwapi.dll
0x00007ffe18ff0000 - 0x00007ffe1901f000 	C:\WINDOWS\SYSTEM32\profapi.dll
0x00007ffdbcf20000 - 0x00007ffdbcf38000 	c:\Users\TCHAMGOUE Yann\.vscode\extensions\redhat.java-1.44.0-win32-x64\jre\21.0.8-win32-x86_64\bin\zip.dll
0x00007ffdf5ea0000 - 0x00007ffdf5eb0000 	C:\Users\TCHAMGOUE Yann\.vscode\extensions\redhat.java-1.44.0-win32-x64\jre\21.0.8-win32-x86_64\bin\net.dll
0x00007ffe0dc10000 - 0x00007ffe0dd2d000 	C:\WINDOWS\SYSTEM32\WINHTTP.dll
0x00007ffe18410000 - 0x00007ffe1847a000 	C:\WINDOWS\system32\mswsock.dll
0x00007ffda5570000 - 0x00007ffda5586000 	C:\Users\TCHAMGOUE Yann\.vscode\extensions\redhat.java-1.44.0-win32-x64\jre\21.0.8-win32-x86_64\bin\nio.dll
0x00007ffe16020000 - 0x00007ffe16030000 	c:\Users\TCHAMGOUE Yann\.vscode\extensions\redhat.java-1.44.0-win32-x64\jre\21.0.8-win32-x86_64\bin\verify.dll
0x00007ffdf3e30000 - 0x00007ffdf3e75000 	C:\Users\TCHAMGOUE Yann\AppData\Roaming\Code\User\globalStorage\redhat.java\1.44.0\config_win\org.eclipse.equinox.launcher\org.eclipse.equinox.launcher.win32.win32.x86_64_1.2.1400.v20250730-1736\eclipse_11913.dll
0x00007ffe1b040000 - 0x00007ffe1b1d6000 	C:\WINDOWS\System32\ole32.dll
0x00007ffe186b0000 - 0x00007ffe186cc000 	C:\WINDOWS\SYSTEM32\CRYPTSP.dll
0x00007ffe17e50000 - 0x00007ffe17e8a000 	C:\WINDOWS\system32\rsaenh.dll
0x00007ffe184b0000 - 0x00007ffe184db000 	C:\WINDOWS\SYSTEM32\USERENV.dll
0x00007ffe188f0000 - 0x00007ffe18916000 	C:\WINDOWS\SYSTEM32\bcrypt.dll
0x00007ffe186d0000 - 0x00007ffe186dc000 	C:\WINDOWS\SYSTEM32\CRYPTBASE.dll
0x00007ffe17990000 - 0x00007ffe179c3000 	C:\WINDOWS\SYSTEM32\IPHLPAPI.DLL
0x00007ffe1b8e0000 - 0x00007ffe1b8ea000 	C:\WINDOWS\System32\NSI.dll
0x00007ffdecfd0000 - 0x00007ffded019000 	C:\Users\TCHAMGOUE Yann\AppData\Local\Temp\jna-818174091\jna11199723691290370835.dll
0x00007ffe1bb10000 - 0x00007ffe1bb18000 	C:\WINDOWS\System32\PSAPI.DLL
0x00007ffe10b50000 - 0x00007ffe10b6f000 	C:\WINDOWS\SYSTEM32\dhcpcsvc6.DLL
0x00007ffe10b20000 - 0x00007ffe10b45000 	C:\WINDOWS\SYSTEM32\dhcpcsvc.DLL

JVMTI agents:
c:\Users\TCHAMGOUE Yann\.vscode\extensions\redhat.java-1.44.0-win32-x64\lombok\lombok-1.18.39-4050.jar path:c:\Users\TCHAMGOUE Yann\.vscode\extensions\redhat.java-1.44.0-win32-x64\jre\21.0.8-win32-x86_64\bin\instrument.dll, loaded, initialized, instrumentlib options:none

dbghelp: loaded successfully - version: 4.0.5 - missing functions: none
symbol engine: initialized successfully - sym options: 0x614 - pdb path: .;c:\Users\TCHAMGOUE Yann\.vscode\extensions\redhat.java-1.44.0-win32-x64\jre\21.0.8-win32-x86_64\bin;C:\WINDOWS\SYSTEM32;C:\Program Files\Avast Software\Avast;C:\WINDOWS\WinSxS\amd64_microsoft.windows.common-controls_6595b64144ccf1df_6.0.26100.3624_none_3e086962e3345f24;c:\Users\TCHAMGOUE Yann\.vscode\extensions\redhat.java-1.44.0-win32-x64\jre\21.0.8-win32-x86_64\bin\server;C:\Users\TCHAMGOUE Yann\AppData\Roaming\Code\User\globalStorage\redhat.java\1.44.0\config_win\org.eclipse.equinox.launcher\org.eclipse.equinox.launcher.win32.win32.x86_64_1.2.1400.v20250730-1736;C:\Users\TCHAMGOUE Yann\AppData\Local\Temp\jna-818174091

VM Arguments:
jvm_args: --add-modules=ALL-SYSTEM --add-opens=java.base/java.util=ALL-UNNAMED --add-opens=java.base/java.lang=ALL-UNNAMED --add-opens=java.base/sun.nio.fs=ALL-UNNAMED -Declipse.application=org.eclipse.jdt.ls.core.id1 -Dosgi.bundles.defaultStartLevel=4 -Declipse.product=org.eclipse.jdt.ls.core.product -Djava.import.generatesMetadataFilesAtProjectRoot=false -DDetectVMInstallationsJob.disabled=true -Dfile.encoding=utf8 -XX:+UseParallelGC -XX:GCTimeRatio=4 -XX:AdaptiveSizePolicyWeight=90 -Dsun.zip.disableMemoryMapping=true -Xmx2G -Xms100m -Xlog:disable -javaagent:c:\Users\TCHAMGOUE Yann\.vscode\extensions\redhat.java-1.44.0-win32-x64\lombok\lombok-1.18.39-4050.jar -XX:+HeapDumpOnOutOfMemoryError -XX:HeapDumpPath=c:\Users\TCHAMGOUE Yann\AppData\Roaming\Code\User\workspaceStorage\0ce6ff431c656783e2bd0f60588f111c\redhat.java -Daether.dependencyCollector.impl=bf 
java_command: c:\Users\TCHAMGOUE Yann\.vscode\extensions\redhat.java-1.44.0-win32-x64\server\plugins\org.eclipse.equinox.launcher_1.7.0.v20250519-0528.jar -configuration c:\Users\TCHAMGOUE Yann\AppData\Roaming\Code\User\globalStorage\redhat.java\1.44.0\config_win -data c:\Users\TCHAMGOUE Yann\AppData\Roaming\Code\User\workspaceStorage\0ce6ff431c656783e2bd0f60588f111c\redhat.java\jdt_ws --pipe=\\.\pipe\lsp-8aba038bfe0cd25748cda640fdfd73f3-sock
java_class_path (initial): c:\Users\TCHAMGOUE Yann\.vscode\extensions\redhat.java-1.44.0-win32-x64\server\plugins\org.eclipse.equinox.launcher_1.7.0.v20250519-0528.jar
Launcher Type: SUN_STANDARD

[Global flags]
    uintx AdaptiveSizePolicyWeight                 = 90                                        {product} {command line}
     intx CICompilerCount                          = 4                                         {product} {ergonomic}
    uintx GCTimeRatio                              = 4                                         {product} {command line}
     bool HeapDumpOnOutOfMemoryError               = true                                   {manageable} {command line}
    ccstr HeapDumpPath                             = c:\Users\TCHAMGOUE Yann\AppData\Roaming\Code\User\workspaceStorage\0ce6ff431c656783e2bd0f60588f111c\redhat.java         {manageable} {command line}
   size_t InitialHeapSize                          = 104857600                                 {product} {command line}
   size_t MaxHeapSize                              = 2147483648                                {product} {command line}
   size_t MaxNewSize                               = 715653120                                 {product} {ergonomic}
   size_t MinHeapDeltaBytes                        = 524288                                    {product} {ergonomic}
   size_t MinHeapSize                              = 104857600                                 {product} {command line}
   size_t NewSize                                  = 34603008                                  {product} {ergonomic}
    uintx NonNMethodCodeHeapSize                   = 5839372                                {pd product} {ergonomic}
    uintx NonProfiledCodeHeapSize                  = 122909434                              {pd product} {ergonomic}
   size_t OldSize                                  = 70254592                                  {product} {ergonomic}
    uintx ProfiledCodeHeapSize                     = 122909434                              {pd product} {ergonomic}
    uintx ReservedCodeCacheSize                    = 251658240                              {pd product} {ergonomic}
     bool SegmentedCodeCache                       = true                                      {product} {ergonomic}
   size_t SoftMaxHeapSize                          = 2147483648                             {manageable} {ergonomic}
     bool UseCompressedOops                        = true                           {product lp64_product} {ergonomic}
     bool UseLargePagesIndividualAllocation        = false                                  {pd product} {ergonomic}
     bool UseParallelGC                            = true                                      {product} {command line}

Logging:
Log output configuration:
 #0: stdout all=off uptime,level,tags foldmultilines=false
 #1: stderr all=off uptime,level,tags foldmultilines=false

Environment Variables:
JAVA_HOME=C:\Program Files\Java\jdk1.8.0_281
PATH=C:\Program Files\Common Files\Oracle\Java\javapath;C:\WINDOWS\system32;C:\WINDOWS;C:\WINDOWS\System32\Wbem;C:\WINDOWS\System32\WindowsPowerShell\v1.0\;C:\WINDOWS\System32\OpenSSH\;C:\Program Files\Java\jdk-17\bin;C:\Users\TCHAMGOUE Yann\Downloads\apache-maven-3.9.8-bin\apache-maven-3.9.8\bin;C:\Program Files\nodejs\;C:\ProgramData\chocolatey\bin;C:\xampp\php;C:\Program Files\Git\cmd;C:\Program Files\Docker\Docker\resources\bin;C:\Program Files\MySQL\MySQL Shell 8.0\bin\;C:\Users\TCHAMGOUE Yann\AppData\Local\Programs\Python\Python313\Scripts\;C:\Users\TCHAMGOUE Yann\AppData\Local\Programs\Python\Python313\;C:\Users\TCHAMGOUE Yann\AppData\Local\Microsoft\WindowsApps;C:\Users\TCHAMGOUE Yann\AppData\Local\Programs\Microsoft VS Code\bin;C:\Users\TCHAMGOUE Yann\AppData\Roaming\npm;C:\Program Files\Git\bin;C:\xampp\php;C:\Program Files\JetBrains\IntelliJ IDEA 2024.3\bin;;C:\Program Files\MySQL\MySQL Server 8.0\bin;
USERNAME=TCHAMGOUE Yann
OS=Windows_NT
PROCESSOR_IDENTIFIER=Intel64 Family 6 Model 142 Stepping 12, GenuineIntel
TMP=C:\Users\TCHAMG~1\AppData\Local\Temp
TEMP=C:\Users\TCHAMG~1\AppData\Local\Temp




Periodic native trim disabled

---------------  S Y S T E M  ---------------

OS:
 Windows 11 , 64 bit Build 26100 (10.0.26100.3624)
OS uptime: 0 days 1:14 hours
Hyper-V role detected

CPU: total 8 (initial active 8) (4 cores per cpu, 2 threads per core) family 6 model 142 stepping 12 microcode 0xde, cx8, cmov, fxsr, ht, mmx, 3dnowpref, sse, sse2, sse3, ssse3, sse4.1, sse4.2, popcnt, lzcnt, tsc, tscinvbit, avx, avx2, aes, erms, clmul, bmi1, bmi2, adx, fma, vzeroupper, clflush, clflushopt, hv, rdtscp, f16c
Processor Information for the first 8 processors :
  Max Mhz: 2112, Current Mhz: 1609, Mhz Limit: 1605

Memory: 4k page, system-wide physical 8001M (858M free)
TotalPageFile size 14283M (AvailPageFile size 3M)
current process WorkingSet (physical memory assigned to process): 417M, peak: 418M
current process commit charge ("private bytes"): 480M, peak: 481M

vm_info: OpenJDK 64-Bit Server VM (21.0.8+9-LTS) for windows-amd64 JRE (21.0.8+9-LTS), built on 2025-07-15T00:00:00Z by "admin" with MS VC++ 17.7 (VS2022)

END.
