#
# There is insufficient memory for the Java Runtime Environment to continue.
# Native memory allocation (malloc) failed to allocate 1538096 bytes. Error detail: Chunk::new
# Possible reasons:
#   The system is out of physical RAM or swap space
#   This process is running with CompressedOops enabled, and the Java Heap may be blocking the growth of the native heap
# Possible solutions:
#   Reduce memory load on the system
#   Increase physical memory or swap space
#   Check if swap backing store is full
#   Decrease Java heap size (-Xmx/-Xms)
#   Decrease number of Java threads
#   Decrease Java thread stack sizes (-Xss)
#   Set larger code cache with -XX:ReservedCodeCacheSize=
#   JVM is running with Unscaled Compressed Oops mode in which the Java heap is
#     placed in the first 4GB address space. The Java Heap base address is the
#     maximum limit for the native heap growth. Please use -XX:HeapBaseMinAddress
#     to set the Java Heap base and to place the Java Heap above 4GB virtual address.
# This output file may be truncated or incomplete.
#
#  Out of Memory Error (arena.cpp:168), pid=14216, tid=16504
#
# JRE version: OpenJDK Runtime Environment Temurin-21.0.7+6 (21.0.7+6) (build 21.0.7+6-LTS)
# Java VM: OpenJDK 64-Bit Server VM Temurin-21.0.7+6 (21.0.7+6-LTS, mixed mode, sharing, tiered, compressed oops, compressed class ptrs, parallel gc, windows-amd64)
# No core dump will be written. Minidumps are not enabled by default on client versions of Windows
#

---------------  S U M M A R Y ------------

Command Line: --add-modules=ALL-SYSTEM --add-opens=java.base/java.util=ALL-UNNAMED --add-opens=java.base/java.lang=ALL-UNNAMED --add-opens=java.base/sun.nio.fs=ALL-UNNAMED -Declipse.application=org.eclipse.jdt.ls.core.id1 -Dosgi.bundles.defaultStartLevel=4 -Declipse.product=org.eclipse.jdt.ls.core.product -Djava.import.generatesMetadataFilesAtProjectRoot=false -DDetectVMInstallationsJob.disabled=true -Dfile.encoding=utf8 -XX:+UseParallelGC -XX:GCTimeRatio=4 -XX:AdaptiveSizePolicyWeight=90 -Dsun.zip.disableMemoryMapping=true -Xmx2G -Xms100m -Xlog:disable -javaagent:c:\Users\TCHAMGOUE Yann\.vscode\extensions\redhat.java-1.43.1-win32-x64\lombok\lombok-1.18.39-4050.jar -XX:+HeapDumpOnOutOfMemoryError -XX:HeapDumpPath=c:\Users\TCHAMGOUE Yann\AppData\Roaming\Code\User\workspaceStorage\0ce6ff431c656783e2bd0f60588f111c\redhat.java -Daether.dependencyCollector.impl=bf c:\Users\TCHAMGOUE Yann\.vscode\extensions\redhat.java-1.43.1-win32-x64\server\plugins\org.eclipse.equinox.launcher_1.7.0.v20250519-0528.jar -configuration c:\Users\TCHAMGOUE Yann\AppData\Roaming\Code\User\globalStorage\redhat.java\1.43.1\config_win -data c:\Users\TCHAMGOUE Yann\AppData\Roaming\Code\User\workspaceStorage\0ce6ff431c656783e2bd0f60588f111c\redhat.java\jdt_ws --pipe=\\.\pipe\lsp-8472b28d368e6e379f5314fbccd91445-sock

Host: Intel(R) Core(TM) i5-10210U CPU @ 1.60GHz, 8 cores, 7G,  Windows 11 , 64 bit Build 26100 (10.0.26100.3624)
Time: Tue Jul  8 11:25:25 2025 Afr. centrale Ouest elapsed time: 877.114699 seconds (0d 0h 14m 37s)

---------------  T H R E A D  ---------------

Current thread (0x0000016f39e93f40):  JavaThread "C2 CompilerThread0" daemon [_thread_in_native, id=16504, stack(0x0000002749400000,0x0000002749500000) (1024K)]


Current CompileTask:
C2:877114 26232       4       lombok.eclipse.EclipseAST::buildTypes (53 bytes)

Stack: [0x0000002749400000,0x0000002749500000]
Native frames: (J=compiled Java code, j=interpreted, Vv=VM code, C=native code)
V  [jvm.dll+0x6ce119]
V  [jvm.dll+0x8a84a1]
V  [jvm.dll+0x8aa9ce]
V  [jvm.dll+0x8ab0b3]
V  [jvm.dll+0x27f8a6]
V  [jvm.dll+0xc507d]
V  [jvm.dll+0xc55b3]
V  [jvm.dll+0x3b68f2]
V  [jvm.dll+0x382aa5]
V  [jvm.dll+0x381f0a]
V  [jvm.dll+0x247af0]
V  [jvm.dll+0x2470cf]
V  [jvm.dll+0x1c760e]
V  [jvm.dll+0x25695a]
V  [jvm.dll+0x254efa]
V  [jvm.dll+0x3f03f6]
V  [jvm.dll+0x851f6b]
V  [jvm.dll+0x6cc7dd]
C  [ucrtbase.dll+0x37b0]
C  [KERNEL32.DLL+0x2e8d7]
C  [ntdll.dll+0xb14fc]


---------------  P R O C E S S  ---------------

Threads class SMR info:
_java_thread_list=0x0000016f7f1fbf50, length=55, elements={
0x0000016f214619c0, 0x0000016f39e88370, 0x0000016f39e8c3a0, 0x0000016f39e8ef90,
0x0000016f39e8fc60, 0x0000016f39e906b0, 0x0000016f39e91100, 0x0000016f39e93f40,
0x0000016f7c8c2dd0, 0x0000016f214d4580, 0x0000016f7cbbf810, 0x0000016f7d9531b0,
0x0000016f7d636530, 0x0000016f7d4909f0, 0x0000016f7d10c150, 0x0000016f7d4cba10,
0x0000016f7d49bf50, 0x0000016f7d6e8d60, 0x0000016f7d6ea110, 0x0000016f7d6eae30,
0x0000016f7d6eb4c0, 0x0000016f0482a3f0, 0x0000016f0482c4c0, 0x0000016f0482d1e0,
0x0000016f0482be30, 0x0000016f0482aa80, 0x0000016f0482d870, 0x0000016f0482e590,
0x0000016f0482b7a0, 0x0000016f0482df00, 0x0000016f04830660, 0x0000016f0482ec20,
0x0000016f04831a10, 0x0000016f1a587350, 0x0000016f1a584bf0, 0x0000016f1a586cc0,
0x0000016f1a584560, 0x0000016f1a583ed0, 0x0000016f1a589420, 0x0000016f1a589ab0,
0x0000016f1a5879e0, 0x0000016f1a585280, 0x0000016f1a58ae60, 0x0000016f0423e6d0,
0x0000016f0423f3f0, 0x0000016f0423c600, 0x0000016f0423fa80, 0x0000016f04240110,
0x0000016f042407a0, 0x0000016f0423d320, 0x0000016f04241b50, 0x0000016f042421e0,
0x0000016f04242870, 0x0000016f054da3e0, 0x0000016f054db790
}

Java Threads: ( => current thread )
  0x0000016f214619c0 JavaThread "main"                              [_thread_blocked, id=8988, stack(0x0000002748a00000,0x0000002748b00000) (1024K)]
  0x0000016f39e88370 JavaThread "Reference Handler"          daemon [_thread_blocked, id=3440, stack(0x0000002748e00000,0x0000002748f00000) (1024K)]
  0x0000016f39e8c3a0 JavaThread "Finalizer"                  daemon [_thread_blocked, id=14924, stack(0x0000002748f00000,0x0000002749000000) (1024K)]
  0x0000016f39e8ef90 JavaThread "Signal Dispatcher"          daemon [_thread_blocked, id=8820, stack(0x0000002749000000,0x0000002749100000) (1024K)]
  0x0000016f39e8fc60 JavaThread "Attach Listener"            daemon [_thread_blocked, id=6404, stack(0x0000002749100000,0x0000002749200000) (1024K)]
  0x0000016f39e906b0 JavaThread "Service Thread"             daemon [_thread_blocked, id=6648, stack(0x0000002749200000,0x0000002749300000) (1024K)]
  0x0000016f39e91100 JavaThread "Monitor Deflation Thread"   daemon [_thread_blocked, id=15752, stack(0x0000002749300000,0x0000002749400000) (1024K)]
=>0x0000016f39e93f40 JavaThread "C2 CompilerThread0"         daemon [_thread_in_native, id=16504, stack(0x0000002749400000,0x0000002749500000) (1024K)]
  0x0000016f7c8c2dd0 JavaThread "C1 CompilerThread0"         daemon [_thread_blocked, id=15880, stack(0x0000002749500000,0x0000002749600000) (1024K)]
  0x0000016f214d4580 JavaThread "Common-Cleaner"             daemon [_thread_blocked, id=20136, stack(0x0000002749600000,0x0000002749700000) (1024K)]
  0x0000016f7cbbf810 JavaThread "Notification Thread"        daemon [_thread_blocked, id=19964, stack(0x0000002749700000,0x0000002749800000) (1024K)]
  0x0000016f7d9531b0 JavaThread "Active Thread: Equinox Container: 6cd4bb31-8380-4705-9575-1322f974cda2"        [_thread_blocked, id=19376, stack(0x000000274a000000,0x000000274a100000) (1024K)]
  0x0000016f7d636530 JavaThread "Refresh Thread: Equinox Container: 6cd4bb31-8380-4705-9575-1322f974cda2" daemon [_thread_blocked, id=20696, stack(0x0000002749900000,0x0000002749a00000) (1024K)]
  0x0000016f7d4909f0 JavaThread "Framework Event Dispatcher: Equinox Container: 6cd4bb31-8380-4705-9575-1322f974cda2" daemon [_thread_blocked, id=20728, stack(0x000000274a100000,0x000000274a200000) (1024K)]
  0x0000016f7d10c150 JavaThread "Start Level: Equinox Container: 6cd4bb31-8380-4705-9575-1322f974cda2" daemon [_thread_blocked, id=20736, stack(0x000000274a200000,0x000000274a300000) (1024K)]
  0x0000016f7d4cba10 JavaThread "Bundle File Closer"         daemon [_thread_blocked, id=21280, stack(0x000000274a300000,0x000000274a400000) (1024K)]
  0x0000016f7d49bf50 JavaThread "SCR Component Actor"        daemon [_thread_blocked, id=18632, stack(0x000000274a400000,0x000000274a500000) (1024K)]
  0x0000016f7d6e8d60 JavaThread "Worker-JM"                         [_thread_blocked, id=19532, stack(0x000000274a700000,0x000000274a800000) (1024K)]
  0x0000016f7d6ea110 JavaThread "JNA Cleaner"                daemon [_thread_blocked, id=5664, stack(0x000000274a800000,0x000000274a900000) (1024K)]
  0x0000016f7d6eae30 JavaThread "Worker-2"                          [_thread_blocked, id=20960, stack(0x000000274ab00000,0x000000274ac00000) (1024K)]
  0x0000016f7d6eb4c0 JavaThread "Java indexing"              daemon [_thread_blocked, id=21012, stack(0x000000274ac00000,0x000000274ad00000) (1024K)]
  0x0000016f0482a3f0 JavaThread "Thread-2"                   daemon [_thread_in_native, id=15672, stack(0x000000274b200000,0x000000274b300000) (1024K)]
  0x0000016f0482c4c0 JavaThread "Thread-3"                   daemon [_thread_in_native, id=19240, stack(0x000000274b300000,0x000000274b400000) (1024K)]
  0x0000016f0482d1e0 JavaThread "Thread-4"                   daemon [_thread_in_native, id=14652, stack(0x000000274b400000,0x000000274b500000) (1024K)]
  0x0000016f0482be30 JavaThread "Thread-5"                   daemon [_thread_in_native, id=16584, stack(0x000000274b500000,0x000000274b600000) (1024K)]
  0x0000016f0482aa80 JavaThread "Thread-6"                   daemon [_thread_in_native, id=10176, stack(0x000000274b600000,0x000000274b700000) (1024K)]
  0x0000016f0482d870 JavaThread "Thread-7"                   daemon [_thread_in_native, id=21140, stack(0x000000274b700000,0x000000274b800000) (1024K)]
  0x0000016f0482e590 JavaThread "Thread-8"                   daemon [_thread_in_native, id=21188, stack(0x000000274b800000,0x000000274b900000) (1024K)]
  0x0000016f0482b7a0 JavaThread "Thread-9"                   daemon [_thread_in_native, id=21016, stack(0x000000274b900000,0x000000274ba00000) (1024K)]
  0x0000016f0482df00 JavaThread "Thread-10"                  daemon [_thread_in_native, id=21092, stack(0x000000274ba00000,0x000000274bb00000) (1024K)]
  0x0000016f04830660 JavaThread "pool-2-thread-1"                   [_thread_blocked, id=21128, stack(0x000000274bc00000,0x000000274bd00000) (1024K)]
  0x0000016f0482ec20 JavaThread "WorkspaceEventsHandler"            [_thread_blocked, id=20516, stack(0x000000274bf00000,0x000000274c000000) (1024K)]
  0x0000016f04831a10 JavaThread "pool-1-thread-1"                   [_thread_in_Java, id=3532, stack(0x000000274c000000,0x000000274c100000) (1024K)]
  0x0000016f1a587350 JavaThread "ForkJoinPool.commonPool-worker-2" daemon [_thread_in_vm, id=21224, stack(0x0000002748900000,0x0000002748a00000) (1024K)]
  0x0000016f1a584bf0 JavaThread "ForkJoinPool.commonPool-worker-4" daemon [_thread_blocked, id=15328, stack(0x000000274d100000,0x000000274d200000) (1024K)]
  0x0000016f1a586cc0 JavaThread "ForkJoinPool.commonPool-worker-5" daemon [_thread_blocked, id=19344, stack(0x000000274d700000,0x000000274d800000) (1024K)]
  0x0000016f1a584560 JavaThread "ForkJoinPool.commonPool-worker-6" daemon [_thread_blocked, id=13192, stack(0x000000274dc00000,0x000000274dd00000) (1024K)]
  0x0000016f1a583ed0 JavaThread "Cleaner-0"                  daemon [_thread_blocked, id=20836, stack(0x000000274d000000,0x000000274d100000) (1024K)]
  0x0000016f1a589420 JavaThread "Worker-11"                         [_thread_blocked, id=16712, stack(0x0000002748700000,0x0000002748800000) (1024K)]
  0x0000016f1a589ab0 JavaThread "ForkJoinPool.commonPool-worker-8" daemon [_thread_blocked, id=22400, stack(0x0000002748800000,0x0000002748900000) (1024K)]
  0x0000016f1a5879e0 JavaThread "ForkJoinPool.commonPool-worker-9" daemon [_thread_blocked, id=2400, stack(0x000000274a500000,0x000000274a600000) (1024K)]
  0x0000016f1a585280 JavaThread "Worker-13"                         [_thread_blocked, id=8172, stack(0x000000274aa00000,0x000000274ab00000) (1024K)]
  0x0000016f1a58ae60 JavaThread "ForkJoinPool.commonPool-worker-10" daemon [_thread_in_native, id=22348, stack(0x000000274ad00000,0x000000274ae00000) (1024K)]
  0x0000016f0423e6d0 JavaThread "Worker-14"                         [_thread_blocked, id=17768, stack(0x000000274a600000,0x000000274a700000) (1024K)]
  0x0000016f0423f3f0 JavaThread "Compiler Source File Reader" daemon [_thread_blocked, id=21312, stack(0x000000274af00000,0x000000274b000000) (1024K)]
  0x0000016f0423c600 JavaThread "Compiler Processing Task"   daemon [_thread_blocked, id=2388, stack(0x000000274b000000,0x000000274b100000) (1024K)]
  0x0000016f0423fa80 JavaThread "Compiler Source File Reader" daemon [_thread_blocked, id=2372, stack(0x000000274a900000,0x000000274aa00000) (1024K)]
  0x0000016f04240110 JavaThread "Compiler Source File Reader" daemon [_thread_blocked, id=14772, stack(0x000000274b100000,0x000000274b200000) (1024K)]
  0x0000016f042407a0 JavaThread "Compiler Source File Reader" daemon [_thread_blocked, id=4632, stack(0x000000274bb00000,0x000000274bc00000) (1024K)]
  0x0000016f0423d320 JavaThread "Compiler Source File Reader" daemon [_thread_blocked, id=8200, stack(0x000000274bd00000,0x000000274be00000) (1024K)]
  0x0000016f04241b50 JavaThread "Worker-15"                         [_thread_blocked, id=15036, stack(0x000000274c200000,0x000000274c300000) (1024K)]
  0x0000016f042421e0 JavaThread "Compiler Source File Reader" daemon [_thread_blocked, id=21112, stack(0x000000274be00000,0x000000274bf00000) (1024K)]
  0x0000016f04242870 JavaThread "Worker-16"                         [_thread_blocked, id=13756, stack(0x000000274c400000,0x000000274c500000) (1024K)]
  0x0000016f054da3e0 JavaThread "Worker-17"                         [_thread_blocked, id=4260, stack(0x000000274c300000,0x000000274c400000) (1024K)]
  0x0000016f054db790 JavaThread "pool-1-thread-3"                   [_thread_blocked, id=1780, stack(0x000000274c100000,0x000000274c200000) (1024K)]
Total: 55

Other Threads:
  0x0000016f39e82620 VMThread "VM Thread"                           [id=4196, stack(0x0000002748d00000,0x0000002748e00000) (1024K)]
  0x0000016f39d9ca00 WatcherThread "VM Periodic Task Thread"        [id=10836, stack(0x0000002748c00000,0x0000002748d00000) (1024K)]
  0x0000016f21481720 WorkerThread "GC Thread#0"                     [id=14436, stack(0x0000002748b00000,0x0000002748c00000) (1024K)]
  0x0000016f7d038e70 WorkerThread "GC Thread#1"                     [id=17036, stack(0x0000002749a00000,0x0000002749b00000) (1024K)]
  0x0000016f7d039210 WorkerThread "GC Thread#2"                     [id=3884, stack(0x0000002749b00000,0x0000002749c00000) (1024K)]
  0x0000016f7cdf1640 WorkerThread "GC Thread#3"                     [id=13056, stack(0x0000002749c00000,0x0000002749d00000) (1024K)]
  0x0000016f7cdf19e0 WorkerThread "GC Thread#4"                     [id=14644, stack(0x0000002749d00000,0x0000002749e00000) (1024K)]
  0x0000016f7cdf1d80 WorkerThread "GC Thread#5"                     [id=13092, stack(0x0000002749e00000,0x0000002749f00000) (1024K)]
  0x0000016f7cdf2120 WorkerThread "GC Thread#6"                     [id=19172, stack(0x0000002749f00000,0x000000274a000000) (1024K)]
  0x0000016f7da23680 WorkerThread "GC Thread#7"                     [id=20152, stack(0x0000002749800000,0x0000002749900000) (1024K)]
Total: 10

Threads with active compile tasks:
C2 CompilerThread0  877163 26232       4       lombok.eclipse.EclipseAST::buildTypes (53 bytes)
Total: 1

VM state: not at safepoint (normal execution)

VM Mutex/Monitor currently owned by a thread: None

Heap address: 0x0000000080000000, size: 2048 MB, Compressed Oops mode: 32-bit

CDS archive(s) mapped at: [0x0000016f3a000000-0x0000016f3aba0000-0x0000016f3aba0000), size 12189696, SharedBaseAddress: 0x0000016f3a000000, ArchiveRelocationMode: 1.
Compressed class space mapped at: 0x0000016f3b000000-0x0000016f7b000000, reserved size: 1073741824
Narrow klass base: 0x0000016f3a000000, Narrow klass shift: 0, Narrow klass range: 0x100000000

GC Precious Log:
 CardTable entry size: 512
 CPUs: 8 total, 8 available
 Memory: 8001M
 Large Page Support: Disabled
 NUMA Support: Disabled
 Compressed Oops: Enabled (32-bit)
 Alignments: Space 512K, Generation 512K, Heap 2M
 Heap Min Capacity: 100M
 Heap Initial Capacity: 100M
 Heap Max Capacity: 2G
 Pre-touch: Disabled
 Parallel Workers: 8

Heap:
 PSYoungGen      total 9216K, used 7552K [0x00000000d5580000, 0x00000000d5f80000, 0x0000000100000000)
  eden space 8192K, 83% used [0x00000000d5580000,0x00000000d5c29978,0x00000000d5d80000)
  from space 1024K, 71% used [0x00000000d5d80000,0x00000000d5e36920,0x00000000d5e80000)
  to   space 1024K, 0% used [0x00000000d5e80000,0x00000000d5e80000,0x00000000d5f80000)
 ParOldGen       total 1150976K, used 1150811K [0x0000000080000000, 0x00000000c6400000, 0x00000000d5580000)
  object space 1150976K, 99% used [0x0000000080000000,0x00000000c63d6c68,0x00000000c6400000)
 Metaspace       used 90584K, committed 92416K, reserved 1179648K
  class space    used 8774K, committed 9664K, reserved 1048576K

Card table byte_map: [0x0000016f35200000,0x0000016f35610000] _byte_map_base: 0x0000016f34e00000

Marking Bits: (ParMarkBitMap*) 0x00007ffbdc2331f0
 Begin Bits: [0x0000016f358c0000, 0x0000016f378c0000)
 End Bits:   [0x0000016f378c0000, 0x0000016f398c0000)

Polling page: 0x0000016f21520000

Metaspace:

Usage:
  Non-class:     79.89 MB used.
      Class:      8.57 MB used.
       Both:     88.46 MB used.

Virtual space:
  Non-class space:      128.00 MB reserved,      80.81 MB ( 63%) committed,  2 nodes.
      Class space:        1.00 GB reserved,       9.44 MB ( <1%) committed,  1 nodes.
             Both:        1.12 GB reserved,      90.25 MB (  8%) committed. 

Chunk freelists:
   Non-Class:  14.57 MB
       Class:  6.56 MB
        Both:  21.13 MB

MaxMetaspaceSize: unlimited
CompressedClassSpaceSize: 1.00 GB
Initial GC threshold: 21.00 MB
Current GC threshold: 149.19 MB
CDS: on
 - commit_granule_bytes: 65536.
 - commit_granule_words: 8192.
 - virtual_space_node_default_size: 8388608.
 - enlarge_chunks_in_place: 1.
 - use_allocation_guard: 0.


Internal statistics:

num_allocs_failed_limit: 9.
num_arena_births: 1780.
num_arena_deaths: 24.
num_vsnodes_births: 3.
num_vsnodes_deaths: 0.
num_space_committed: 1444.
num_space_uncommitted: 0.
num_chunks_returned_to_freelist: 38.
num_chunks_taken_from_freelist: 6316.
num_chunk_merges: 14.
num_chunk_splits: 3739.
num_chunks_enlarged: 1945.
num_inconsistent_stats: 0.

CodeHeap 'non-profiled nmethods': size=120000Kb used=21601Kb max_used=23842Kb free=98398Kb
 bounds [0x0000016f2daf0000, 0x0000016f2f240000, 0x0000016f35020000]
CodeHeap 'profiled nmethods': size=120000Kb used=40660Kb max_used=51155Kb free=79339Kb
 bounds [0x0000016f26020000, 0x0000016f29220000, 0x0000016f2d550000]
CodeHeap 'non-nmethods': size=5760Kb used=1526Kb max_used=1651Kb free=4233Kb
 bounds [0x0000016f2d550000, 0x0000016f2d7c0000, 0x0000016f2daf0000]
 total_blobs=18900 nmethods=18055 adapters=749
 compilation: enabled
              stopped_count=0, restarted_count=0
 full_count=0

Compilation events (20 events):
Event: 876.730 Thread 0x0000016f7c8c2dd0 nmethod 26228 0x0000016f26eb9890 code [0x0000016f26eb9a20, 0x0000016f26eb9b80]
Event: 876.730 Thread 0x0000016f7c8c2dd0 26229  s    3       org.eclipse.core.runtime.ListenerList::remove (125 bytes)
Event: 876.731 Thread 0x0000016f7c8c2dd0 nmethod 26229 0x0000016f26dd5610 code [0x0000016f26dd5840, 0x0000016f26dd60c8]
Event: 876.770 Thread 0x0000016f7c8c2dd0 26230       3       java.util.HashMap$KeySpliterator::tryAdvance (138 bytes)
Event: 876.771 Thread 0x0000016f7c8c2dd0 nmethod 26230 0x0000016f278b5310 code [0x0000016f278b5520, 0x0000016f278b5bc0]
Event: 876.801 Thread 0x0000016f7c8c2dd0 26231       3       com.google.gson.stream.JsonReader::nextNull (51 bytes)
Event: 876.801 Thread 0x0000016f7c8c2dd0 nmethod 26231 0x0000016f271d1f90 code [0x0000016f271d2160, 0x0000016f271d2440]
Event: 876.804 Thread 0x0000016f39e93f40 26232       4       lombok.eclipse.EclipseAST::buildTypes (53 bytes)
Event: 876.806 Thread 0x0000016f7c8c2dd0 26234       3       java.util.Calendar$Builder::build (641 bytes)
Event: 876.810 Thread 0x0000016f7c8c2dd0 nmethod 26234 0x0000016f2869f490 code [0x0000016f2869f960, 0x0000016f286a1ca8]
Event: 876.847 Thread 0x0000016f7c8c2dd0 26236       1       org.eclipse.jdt.ls.core.internal.DocumentAdapter::isClosed (5 bytes)
Event: 876.847 Thread 0x0000016f7c8c2dd0 nmethod 26236 0x0000016f2eb6ea10 code [0x0000016f2eb6eba0, 0x0000016f2eb6ec70]
Event: 876.858 Thread 0x0000016f7c8c2dd0 26237       3       java.lang.StackStreamFactory$AbstractStackWalker::checkState (159 bytes)
Event: 876.859 Thread 0x0000016f7c8c2dd0 nmethod 26237 0x0000016f2703d790 code [0x0000016f2703da60, 0x0000016f2703e608]
Event: 876.859 Thread 0x0000016f7c8c2dd0 26238       3       java.util.logging.LogRecord$CallerFinder::isLoggerImplFrame (24 bytes)
Event: 876.859 Thread 0x0000016f7c8c2dd0 nmethod 26238 0x0000016f275c4a90 code [0x0000016f275c4c60, 0x0000016f275c4ee0]
Event: 876.970 Thread 0x0000016f7c8c2dd0 26239       3       org.eclipse.core.internal.runtime.Log::log (63 bytes)
Event: 876.972 Thread 0x0000016f7c8c2dd0 nmethod 26239 0x0000016f283c3710 code [0x0000016f283c39c0, 0x0000016f283c4808]
Event: 877.001 Thread 0x0000016f7c8c2dd0 26240       3       java.util.concurrent.atomic.AtomicLong::<init> (5 bytes)
Event: 877.001 Thread 0x0000016f7c8c2dd0 nmethod 26240 0x0000016f281e8c90 code [0x0000016f281e8e40, 0x0000016f281e9008]

GC Heap History (20 events):
Event: 875.563 GC heap before
{Heap before GC invocations=2656 (full 6):
 PSYoungGen      total 10240K, used 9360K [0x00000000d5580000, 0x00000000d6180000, 0x0000000100000000)
  eden space 8704K, 100% used [0x00000000d5580000,0x00000000d5e00000,0x00000000d5e00000)
  from space 1536K, 42% used [0x00000000d5e00000,0x00000000d5ea4010,0x00000000d5f80000)
  to   space 1024K, 0% used [0x00000000d6080000,0x00000000d6080000,0x00000000d6180000)
 ParOldGen       total 1144832K, used 1144802K [0x0000000080000000, 0x00000000c5e00000, 0x00000000d5580000)
  object space 1144832K, 99% used [0x0000000080000000,0x00000000c5df8bf0,0x00000000c5e00000)
 Metaspace       used 90574K, committed 92416K, reserved 1179648K
  class space    used 8774K, committed 9664K, reserved 1048576K
}
Event: 875.568 GC heap after
{Heap after GC invocations=2656 (full 6):
 PSYoungGen      total 9728K, used 996K [0x00000000d5580000, 0x00000000d6200000, 0x0000000100000000)
  eden space 8704K, 0% used [0x00000000d5580000,0x00000000d5580000,0x00000000d5e00000)
  from space 1024K, 97% used [0x00000000d6080000,0x00000000d6179230,0x00000000d6180000)
  to   space 2048K, 0% used [0x00000000d5e00000,0x00000000d5e00000,0x00000000d6000000)
 ParOldGen       total 1145856K, used 1145448K [0x0000000080000000, 0x00000000c5f00000, 0x00000000d5580000)
  object space 1145856K, 99% used [0x0000000080000000,0x00000000c5e9a130,0x00000000c5f00000)
 Metaspace       used 90574K, committed 92416K, reserved 1179648K
  class space    used 8774K, committed 9664K, reserved 1048576K
}
Event: 876.057 GC heap before
{Heap before GC invocations=2657 (full 6):
 PSYoungGen      total 9728K, used 9700K [0x00000000d5580000, 0x00000000d6200000, 0x0000000100000000)
  eden space 8704K, 100% used [0x00000000d5580000,0x00000000d5e00000,0x00000000d5e00000)
  from space 1024K, 97% used [0x00000000d6080000,0x00000000d6179230,0x00000000d6180000)
  to   space 2048K, 0% used [0x00000000d5e00000,0x00000000d5e00000,0x00000000d6000000)
 ParOldGen       total 1145856K, used 1145448K [0x0000000080000000, 0x00000000c5f00000, 0x00000000d5580000)
  object space 1145856K, 99% used [0x0000000080000000,0x00000000c5e9a130,0x00000000c5f00000)
 Metaspace       used 90574K, committed 92416K, reserved 1179648K
  class space    used 8774K, committed 9664K, reserved 1048576K
}
Event: 876.061 GC heap after
{Heap after GC invocations=2657 (full 6):
 PSYoungGen      total 9728K, used 816K [0x00000000d5580000, 0x00000000d6100000, 0x0000000100000000)
  eden space 8704K, 0% used [0x00000000d5580000,0x00000000d5580000,0x00000000d5e00000)
  from space 1024K, 79% used [0x00000000d5e00000,0x00000000d5ecc010,0x00000000d5f00000)
  to   space 1536K, 0% used [0x00000000d5f80000,0x00000000d5f80000,0x00000000d6100000)
 ParOldGen       total 1146368K, used 1146338K [0x0000000080000000, 0x00000000c5f80000, 0x00000000d5580000)
  object space 1146368K, 99% used [0x0000000080000000,0x00000000c5f78be8,0x00000000c5f80000)
 Metaspace       used 90574K, committed 92416K, reserved 1179648K
  class space    used 8774K, committed 9664K, reserved 1048576K
}
Event: 876.074 GC heap before
{Heap before GC invocations=2658 (full 6):
 PSYoungGen      total 9728K, used 9520K [0x00000000d5580000, 0x00000000d6100000, 0x0000000100000000)
  eden space 8704K, 100% used [0x00000000d5580000,0x00000000d5e00000,0x00000000d5e00000)
  from space 1024K, 79% used [0x00000000d5e00000,0x00000000d5ecc010,0x00000000d5f00000)
  to   space 1536K, 0% used [0x00000000d5f80000,0x00000000d5f80000,0x00000000d6100000)
 ParOldGen       total 1146368K, used 1146338K [0x0000000080000000, 0x00000000c5f80000, 0x00000000d5580000)
  object space 1146368K, 99% used [0x0000000080000000,0x00000000c5f78be8,0x00000000c5f80000)
 Metaspace       used 90574K, committed 92416K, reserved 1179648K
  class space    used 8774K, committed 9664K, reserved 1048576K
}
Event: 876.076 GC heap after
{Heap after GC invocations=2658 (full 6):
 PSYoungGen      total 10240K, used 1044K [0x00000000d5580000, 0x00000000d6100000, 0x0000000100000000)
  eden space 8704K, 0% used [0x00000000d5580000,0x00000000d5580000,0x00000000d5e00000)
  from space 1536K, 68% used [0x00000000d5f80000,0x00000000d6085220,0x00000000d6100000)
  to   space 1536K, 0% used [0x00000000d5e00000,0x00000000d5e00000,0x00000000d5f80000)
 ParOldGen       total 1147392K, used 1146977K [0x0000000080000000, 0x00000000c6080000, 0x00000000d5580000)
  object space 1147392K, 99% used [0x0000000080000000,0x00000000c6018788,0x00000000c6080000)
 Metaspace       used 90574K, committed 92416K, reserved 1179648K
  class space    used 8774K, committed 9664K, reserved 1048576K
}
Event: 876.552 GC heap before
{Heap before GC invocations=2659 (full 6):
 PSYoungGen      total 10240K, used 9748K [0x00000000d5580000, 0x00000000d6100000, 0x0000000100000000)
  eden space 8704K, 99% used [0x00000000d5580000,0x00000000d5dfffe0,0x00000000d5e00000)
  from space 1536K, 68% used [0x00000000d5f80000,0x00000000d6085220,0x00000000d6100000)
  to   space 1536K, 0% used [0x00000000d5e00000,0x00000000d5e00000,0x00000000d5f80000)
 ParOldGen       total 1147392K, used 1146977K [0x0000000080000000, 0x00000000c6080000, 0x00000000d5580000)
  object space 1147392K, 99% used [0x0000000080000000,0x00000000c6018788,0x00000000c6080000)
 Metaspace       used 90575K, committed 92416K, reserved 1179648K
  class space    used 8774K, committed 9664K, reserved 1048576K
}
Event: 876.557 GC heap after
{Heap after GC invocations=2659 (full 6):
 PSYoungGen      total 9728K, used 848K [0x00000000d5580000, 0x00000000d6000000, 0x0000000100000000)
  eden space 8704K, 0% used [0x00000000d5580000,0x00000000d5580000,0x00000000d5e00000)
  from space 1024K, 82% used [0x00000000d5e00000,0x00000000d5ed4030,0x00000000d5f00000)
  to   space 1024K, 0% used [0x00000000d5f00000,0x00000000d5f00000,0x00000000d6000000)
 ParOldGen       total 1148416K, used 1147934K [0x0000000080000000, 0x00000000c6180000, 0x00000000d5580000)
  object space 1148416K, 99% used [0x0000000080000000,0x00000000c61079b8,0x00000000c6180000)
 Metaspace       used 90575K, committed 92416K, reserved 1179648K
  class space    used 8774K, committed 9664K, reserved 1048576K
}
Event: 876.598 GC heap before
{Heap before GC invocations=2660 (full 6):
 PSYoungGen      total 9728K, used 9552K [0x00000000d5580000, 0x00000000d6000000, 0x0000000100000000)
  eden space 8704K, 100% used [0x00000000d5580000,0x00000000d5e00000,0x00000000d5e00000)
  from space 1024K, 82% used [0x00000000d5e00000,0x00000000d5ed4030,0x00000000d5f00000)
  to   space 1024K, 0% used [0x00000000d5f00000,0x00000000d5f00000,0x00000000d6000000)
 ParOldGen       total 1148416K, used 1147934K [0x0000000080000000, 0x00000000c6180000, 0x00000000d5580000)
  object space 1148416K, 99% used [0x0000000080000000,0x00000000c61079b8,0x00000000c6180000)
 Metaspace       used 90575K, committed 92416K, reserved 1179648K
  class space    used 8774K, committed 9664K, reserved 1048576K
}
Event: 876.602 GC heap after
{Heap after GC invocations=2660 (full 6):
 PSYoungGen      total 9728K, used 964K [0x00000000d5580000, 0x00000000d6000000, 0x0000000100000000)
  eden space 8704K, 0% used [0x00000000d5580000,0x00000000d5580000,0x00000000d5e00000)
  from space 1024K, 94% used [0x00000000d5f00000,0x00000000d5ff1210,0x00000000d6000000)
  to   space 1024K, 0% used [0x00000000d5e00000,0x00000000d5e00000,0x00000000d5f00000)
 ParOldGen       total 1148928K, used 1148444K [0x0000000080000000, 0x00000000c6200000, 0x00000000d5580000)
  object space 1148928K, 99% used [0x0000000080000000,0x00000000c61870e8,0x00000000c6200000)
 Metaspace       used 90575K, committed 92416K, reserved 1179648K
  class space    used 8774K, committed 9664K, reserved 1048576K
}
Event: 876.735 GC heap before
{Heap before GC invocations=2661 (full 6):
 PSYoungGen      total 9728K, used 9668K [0x00000000d5580000, 0x00000000d6000000, 0x0000000100000000)
  eden space 8704K, 100% used [0x00000000d5580000,0x00000000d5e00000,0x00000000d5e00000)
  from space 1024K, 94% used [0x00000000d5f00000,0x00000000d5ff1210,0x00000000d6000000)
  to   space 1024K, 0% used [0x00000000d5e00000,0x00000000d5e00000,0x00000000d5f00000)
 ParOldGen       total 1148928K, used 1148444K [0x0000000080000000, 0x00000000c6200000, 0x00000000d5580000)
  object space 1148928K, 99% used [0x0000000080000000,0x00000000c61870e8,0x00000000c6200000)
 Metaspace       used 90575K, committed 92416K, reserved 1179648K
  class space    used 8774K, committed 9664K, reserved 1048576K
}
Event: 876.739 GC heap after
{Heap after GC invocations=2661 (full 6):
 PSYoungGen      total 9728K, used 480K [0x00000000d5580000, 0x00000000d6000000, 0x0000000100000000)
  eden space 8704K, 0% used [0x00000000d5580000,0x00000000d5580000,0x00000000d5e00000)
  from space 1024K, 46% used [0x00000000d5e00000,0x00000000d5e78000,0x00000000d5f00000)
  to   space 1024K, 0% used [0x00000000d5f00000,0x00000000d5f00000,0x00000000d6000000)
 ParOldGen       total 1149440K, used 1149288K [0x0000000080000000, 0x00000000c6280000, 0x00000000d5580000)
  object space 1149440K, 99% used [0x0000000080000000,0x00000000c625a318,0x00000000c6280000)
 Metaspace       used 90575K, committed 92416K, reserved 1179648K
  class space    used 8774K, committed 9664K, reserved 1048576K
}
Event: 876.794 GC heap before
{Heap before GC invocations=2662 (full 6):
 PSYoungGen      total 9728K, used 9184K [0x00000000d5580000, 0x00000000d6000000, 0x0000000100000000)
  eden space 8704K, 100% used [0x00000000d5580000,0x00000000d5e00000,0x00000000d5e00000)
  from space 1024K, 46% used [0x00000000d5e00000,0x00000000d5e78000,0x00000000d5f00000)
  to   space 1024K, 0% used [0x00000000d5f00000,0x00000000d5f00000,0x00000000d6000000)
 ParOldGen       total 1149440K, used 1149288K [0x0000000080000000, 0x00000000c6280000, 0x00000000d5580000)
  object space 1149440K, 99% used [0x0000000080000000,0x00000000c625a318,0x00000000c6280000)
 Metaspace       used 90576K, committed 92416K, reserved 1179648K
  class space    used 8774K, committed 9664K, reserved 1048576K
}
Event: 876.797 GC heap after
{Heap after GC invocations=2662 (full 6):
 PSYoungGen      total 9216K, used 160K [0x00000000d5580000, 0x00000000d5f80000, 0x0000000100000000)
  eden space 8704K, 0% used [0x00000000d5580000,0x00000000d5580000,0x00000000d5e00000)
  from space 512K, 31% used [0x00000000d5f00000,0x00000000d5f28000,0x00000000d5f80000)
  to   space 512K, 0% used [0x00000000d5e80000,0x00000000d5e80000,0x00000000d5f00000)
 ParOldGen       total 1149952K, used 1149593K [0x0000000080000000, 0x00000000c6300000, 0x00000000d5580000)
  object space 1149952K, 99% used [0x0000000080000000,0x00000000c62a6628,0x00000000c6300000)
 Metaspace       used 90576K, committed 92416K, reserved 1179648K
  class space    used 8774K, committed 9664K, reserved 1048576K
}
Event: 876.816 GC heap before
{Heap before GC invocations=2663 (full 6):
 PSYoungGen      total 9216K, used 8864K [0x00000000d5580000, 0x00000000d5f80000, 0x0000000100000000)
  eden space 8704K, 100% used [0x00000000d5580000,0x00000000d5e00000,0x00000000d5e00000)
  from space 512K, 31% used [0x00000000d5f00000,0x00000000d5f28000,0x00000000d5f80000)
  to   space 512K, 0% used [0x00000000d5e80000,0x00000000d5e80000,0x00000000d5f00000)
 ParOldGen       total 1149952K, used 1149593K [0x0000000080000000, 0x00000000c6300000, 0x00000000d5580000)
  object space 1149952K, 99% used [0x0000000080000000,0x00000000c62a6628,0x00000000c6300000)
 Metaspace       used 90582K, committed 92416K, reserved 1179648K
  class space    used 8774K, committed 9664K, reserved 1048576K
}
Event: 876.819 GC heap after
{Heap after GC invocations=2663 (full 6):
 PSYoungGen      total 9216K, used 404K [0x00000000d5580000, 0x00000000d5f80000, 0x0000000100000000)
  eden space 8704K, 0% used [0x00000000d5580000,0x00000000d5580000,0x00000000d5e00000)
  from space 512K, 79% used [0x00000000d5e80000,0x00000000d5ee5200,0x00000000d5f00000)
  to   space 512K, 0% used [0x00000000d5f00000,0x00000000d5f00000,0x00000000d5f80000)
 ParOldGen       total 1149952K, used 1149633K [0x0000000080000000, 0x00000000c6300000, 0x00000000d5580000)
  object space 1149952K, 99% used [0x0000000080000000,0x00000000c62b0628,0x00000000c6300000)
 Metaspace       used 90582K, committed 92416K, reserved 1179648K
  class space    used 8774K, committed 9664K, reserved 1048576K
}
Event: 876.962 GC heap before
{Heap before GC invocations=2664 (full 6):
 PSYoungGen      total 9216K, used 9108K [0x00000000d5580000, 0x00000000d5f80000, 0x0000000100000000)
  eden space 8704K, 100% used [0x00000000d5580000,0x00000000d5e00000,0x00000000d5e00000)
  from space 512K, 79% used [0x00000000d5e80000,0x00000000d5ee5200,0x00000000d5f00000)
  to   space 512K, 0% used [0x00000000d5f00000,0x00000000d5f00000,0x00000000d5f80000)
 ParOldGen       total 1149952K, used 1149633K [0x0000000080000000, 0x00000000c6300000, 0x00000000d5580000)
  object space 1149952K, 99% used [0x0000000080000000,0x00000000c62b0628,0x00000000c6300000)
 Metaspace       used 90583K, committed 92416K, reserved 1179648K
  class space    used 8774K, committed 9664K, reserved 1048576K
}
Event: 876.966 GC heap after
{Heap after GC invocations=2664 (full 6):
 PSYoungGen      total 8704K, used 512K [0x00000000d5580000, 0x00000000d6100000, 0x0000000100000000)
  eden space 8192K, 0% used [0x00000000d5580000,0x00000000d5580000,0x00000000d5d80000)
  from space 512K, 100% used [0x00000000d5f00000,0x00000000d5f80000,0x00000000d5f80000)
  to   space 1536K, 0% used [0x00000000d5d80000,0x00000000d5d80000,0x00000000d5f00000)
 ParOldGen       total 1150464K, used 1150386K [0x0000000080000000, 0x00000000c6380000, 0x00000000d5580000)
  object space 1150464K, 99% used [0x0000000080000000,0x00000000c636c958,0x00000000c6380000)
 Metaspace       used 90583K, committed 92416K, reserved 1179648K
  class space    used 8774K, committed 9664K, reserved 1048576K
}
Event: 876.986 GC heap before
{Heap before GC invocations=2665 (full 6):
 PSYoungGen      total 8704K, used 8704K [0x00000000d5580000, 0x00000000d6100000, 0x0000000100000000)
  eden space 8192K, 100% used [0x00000000d5580000,0x00000000d5d80000,0x00000000d5d80000)
  from space 512K, 100% used [0x00000000d5f00000,0x00000000d5f80000,0x00000000d5f80000)
  to   space 1536K, 0% used [0x00000000d5d80000,0x00000000d5d80000,0x00000000d5f00000)
 ParOldGen       total 1150464K, used 1150386K [0x0000000080000000, 0x00000000c6380000, 0x00000000d5580000)
  object space 1150464K, 99% used [0x0000000080000000,0x00000000c636c958,0x00000000c6380000)
 Metaspace       used 90583K, committed 92416K, reserved 1179648K
  class space    used 8774K, committed 9664K, reserved 1048576K
}
Event: 876.990 GC heap after
{Heap after GC invocations=2665 (full 6):
 PSYoungGen      total 9216K, used 730K [0x00000000d5580000, 0x00000000d5f80000, 0x0000000100000000)
  eden space 8192K, 0% used [0x00000000d5580000,0x00000000d5580000,0x00000000d5d80000)
  from space 1024K, 71% used [0x00000000d5d80000,0x00000000d5e36920,0x00000000d5e80000)
  to   space 1024K, 0% used [0x00000000d5e80000,0x00000000d5e80000,0x00000000d5f80000)
 ParOldGen       total 1150976K, used 1150811K [0x0000000080000000, 0x00000000c6400000, 0x00000000d5580000)
  object space 1150976K, 99% used [0x0000000080000000,0x00000000c63d6c68,0x00000000c6400000)
 Metaspace       used 90583K, committed 92416K, reserved 1179648K
  class space    used 8774K, committed 9664K, reserved 1048576K
}

Dll operation events (12 events):
Event: 0.058 Loaded shared library c:\Users\TCHAMGOUE Yann\.vscode\extensions\redhat.java-1.43.1-win32-x64\jre\21.0.7-win32-x86_64\bin\java.dll
Event: 0.347 Loaded shared library c:\Users\TCHAMGOUE Yann\.vscode\extensions\redhat.java-1.43.1-win32-x64\jre\21.0.7-win32-x86_64\bin\zip.dll
Event: 0.417 Loaded shared library C:\Users\TCHAMGOUE Yann\.vscode\extensions\redhat.java-1.43.1-win32-x64\jre\21.0.7-win32-x86_64\bin\instrument.dll
Event: 0.423 Loaded shared library C:\Users\TCHAMGOUE Yann\.vscode\extensions\redhat.java-1.43.1-win32-x64\jre\21.0.7-win32-x86_64\bin\net.dll
Event: 0.429 Loaded shared library C:\Users\TCHAMGOUE Yann\.vscode\extensions\redhat.java-1.43.1-win32-x64\jre\21.0.7-win32-x86_64\bin\nio.dll
Event: 0.442 Loaded shared library C:\Users\TCHAMGOUE Yann\.vscode\extensions\redhat.java-1.43.1-win32-x64\jre\21.0.7-win32-x86_64\bin\zip.dll
Event: 0.525 Loaded shared library C:\Users\TCHAMGOUE Yann\.vscode\extensions\redhat.java-1.43.1-win32-x64\jre\21.0.7-win32-x86_64\bin\jimage.dll
Event: 0.980 Loaded shared library c:\Users\TCHAMGOUE Yann\.vscode\extensions\redhat.java-1.43.1-win32-x64\jre\21.0.7-win32-x86_64\bin\verify.dll
Event: 7.079 Loaded shared library C:\Users\TCHAMGOUE Yann\AppData\Roaming\Code\User\globalStorage\redhat.java\1.43.1\config_win\org.eclipse.equinox.launcher\org.eclipse.equinox.launcher.win32.win32.x86_64_1.2.1300.v20250331-1702\eclipse_11911.dll
Event: 29.005 Loaded shared library C:\Users\TCHAMGOUE Yann\AppData\Local\Temp\jna-818174091\jna9316410194639443843.dll
Event: 35.355 Loaded shared library C:\Users\TCHAMGOUE Yann\.vscode\extensions\redhat.java-1.43.1-win32-x64\jre\21.0.7-win32-x86_64\bin\sunmscapi.dll
Event: 35.589 Loaded shared library C:\Users\TCHAMGOUE Yann\.vscode\extensions\redhat.java-1.43.1-win32-x64\jre\21.0.7-win32-x86_64\bin\extnet.dll

Deoptimization events (20 events):
Event: 871.475 Thread 0x0000016f1a584bf0 Uncommon trap: trap_request=0xffffff45 fr.pc=0x0000016f2dfde0f0 relative=0x0000000000000850
Event: 871.475 Thread 0x0000016f1a584bf0 Uncommon trap: reason=unstable_if action=reinterpret pc=0x0000016f2dfde0f0 method=java.util.concurrent.ForkJoinPool.scan(Ljava/util/concurrent/ForkJoinPool$WorkQueue;II)I @ 156 c2
Event: 871.475 Thread 0x0000016f1a584bf0 DEOPT PACKING pc=0x0000016f2dfde0f0 sp=0x000000274d1fefa0
Event: 871.475 Thread 0x0000016f1a584bf0 DEOPT UNPACKING pc=0x0000016f2d5a3aa2 sp=0x000000274d1fef00 mode 2
Event: 871.491 Thread 0x0000016f0482aa80 Uncommon trap: trap_request=0xffffff45 fr.pc=0x0000016f2e01a0c4 relative=0x00000000000000a4
Event: 871.491 Thread 0x0000016f0482aa80 Uncommon trap: reason=unstable_if action=reinterpret pc=0x0000016f2e01a0c4 method=java.util.concurrent.locks.LockSupport.unpark(Ljava/lang/Thread;)V @ 1 c2
Event: 871.491 Thread 0x0000016f0482aa80 DEOPT PACKING pc=0x0000016f2e01a0c4 sp=0x000000274b6feec0
Event: 871.491 Thread 0x0000016f0482aa80 DEOPT UNPACKING pc=0x0000016f2d5a3aa2 sp=0x000000274b6fee58 mode 2
Event: 873.988 Thread 0x0000016f0423e6d0 DEOPT PACKING pc=0x0000016f28536a39 sp=0x000000274a6fe7a0
Event: 873.988 Thread 0x0000016f0423e6d0 DEOPT UNPACKING pc=0x0000016f2d5a4242 sp=0x000000274a6fdcc8 mode 0
Event: 874.046 Thread 0x0000016f0423e6d0 DEOPT PACKING pc=0x0000016f28de8858 sp=0x000000274a6fe690
Event: 874.046 Thread 0x0000016f0423e6d0 DEOPT UNPACKING pc=0x0000016f2d5a4242 sp=0x000000274a6fdaf0 mode 0
Event: 874.049 Thread 0x0000016f0423e6d0 DEOPT PACKING pc=0x0000016f290e2ba5 sp=0x000000274a6fe050
Event: 874.049 Thread 0x0000016f0423e6d0 DEOPT UNPACKING pc=0x0000016f2d5a4242 sp=0x000000274a6fd9c8 mode 0
Event: 874.964 Thread 0x0000016f1a584bf0 DEOPT PACKING pc=0x0000016f28536a39 sp=0x000000274d1fdd00
Event: 874.964 Thread 0x0000016f1a584bf0 DEOPT UNPACKING pc=0x0000016f2d5a4242 sp=0x000000274d1fd228 mode 0
Event: 876.740 Thread 0x0000016f1a587350 DEOPT PACKING pc=0x0000016f2853696c sp=0x00000027489fe2b0
Event: 876.740 Thread 0x0000016f1a587350 DEOPT UNPACKING pc=0x0000016f2d5a4242 sp=0x00000027489fd7d0 mode 0
Event: 876.832 Thread 0x0000016f1a587350 DEOPT PACKING pc=0x0000016f262446f4 sp=0x00000027489fe240
Event: 876.832 Thread 0x0000016f1a587350 DEOPT UNPACKING pc=0x0000016f2d5a4242 sp=0x00000027489fd788 mode 0

Classes loaded (20 events):
Event: 833.671 Loading class jdk/internal/module/IllegalAccessLogger
Event: 833.671 Loading class jdk/internal/module/IllegalAccessLogger done
Event: 835.117 Loading class jdk/internal/module/IllegalAccessLogger
Event: 835.117 Loading class jdk/internal/module/IllegalAccessLogger done
Event: 837.316 Loading class jdk/internal/module/IllegalAccessLogger
Event: 837.316 Loading class jdk/internal/module/IllegalAccessLogger done
Event: 851.166 Loading class jdk/internal/module/IllegalAccessLogger
Event: 851.166 Loading class jdk/internal/module/IllegalAccessLogger done
Event: 854.307 Loading class jdk/internal/module/IllegalAccessLogger
Event: 854.307 Loading class jdk/internal/module/IllegalAccessLogger done
Event: 855.536 Loading class jdk/internal/module/IllegalAccessLogger
Event: 855.536 Loading class jdk/internal/module/IllegalAccessLogger done
Event: 857.544 Loading class jdk/internal/module/IllegalAccessLogger
Event: 857.544 Loading class jdk/internal/module/IllegalAccessLogger done
Event: 868.053 Loading class jdk/internal/module/IllegalAccessLogger
Event: 868.053 Loading class jdk/internal/module/IllegalAccessLogger done
Event: 869.034 Loading class java/nio/channels/CompletionHandler
Event: 869.034 Loading class java/nio/channels/CompletionHandler done
Event: 874.634 Loading class jdk/internal/module/IllegalAccessLogger
Event: 874.634 Loading class jdk/internal/module/IllegalAccessLogger done

Classes unloaded (12 events):
Event: 30.997 Thread 0x0000016f39e82620 Unloading class 0x0000016f3b1a2800 'java/lang/invoke/LambdaForm$MH+0x0000016f3b1a2800'
Event: 30.997 Thread 0x0000016f39e82620 Unloading class 0x0000016f3b1a2400 'java/lang/invoke/LambdaForm$MH+0x0000016f3b1a2400'
Event: 30.997 Thread 0x0000016f39e82620 Unloading class 0x0000016f3b1a2000 'java/lang/invoke/LambdaForm$MH+0x0000016f3b1a2000'
Event: 30.997 Thread 0x0000016f39e82620 Unloading class 0x0000016f3b1a1c00 'java/lang/invoke/LambdaForm$MH+0x0000016f3b1a1c00'
Event: 30.997 Thread 0x0000016f39e82620 Unloading class 0x0000016f3b1a1800 'java/lang/invoke/LambdaForm$BMH+0x0000016f3b1a1800'
Event: 30.997 Thread 0x0000016f39e82620 Unloading class 0x0000016f3b1a1400 'java/lang/invoke/LambdaForm$DMH+0x0000016f3b1a1400'
Event: 30.997 Thread 0x0000016f39e82620 Unloading class 0x0000016f3b1a0000 'java/lang/invoke/LambdaForm$DMH+0x0000016f3b1a0000'
Event: 110.382 Thread 0x0000016f39e82620 Unloading class 0x0000016f3b750c00 'java/lang/invoke/LambdaForm$DMH+0x0000016f3b750c00'
Event: 110.382 Thread 0x0000016f39e82620 Unloading class 0x0000016f3b750800 'java/lang/invoke/LambdaForm$DMH+0x0000016f3b750800'
Event: 110.382 Thread 0x0000016f39e82620 Unloading class 0x0000016f3b750400 'java/lang/invoke/LambdaForm$DMH+0x0000016f3b750400'
Event: 731.432 Thread 0x0000016f39e82620 Unloading class 0x0000016f3b8d1800 'java/lang/invoke/LambdaForm$MH+0x0000016f3b8d1800'
Event: 731.432 Thread 0x0000016f39e82620 Unloading class 0x0000016f3b860000 'java/lang/invoke/LambdaForm$DMH+0x0000016f3b860000'

Classes redefined (0 events):
No events

Internal exceptions (20 events):
Event: 835.755 Thread 0x0000016f054db790 Exception <a 'java/lang/ClassNotFoundException'{0x00000000d578edf0}: sun/net/www/protocol/jdt/Handler> (0x00000000d578edf0) 
thrown [s\src\hotspot\share\classfile\systemDictionary.cpp, line 312]
Event: 835.755 Thread 0x0000016f054db790 Exception <a 'java/lang/ClassNotFoundException'{0x00000000d5791528}: sun/net/www/protocol/jdt/Handler> (0x00000000d5791528) 
thrown [s\src\hotspot\share\classfile\systemDictionary.cpp, line 312]
Event: 835.756 Thread 0x0000016f054db790 Exception <a 'java/lang/ClassNotFoundException'{0x00000000d5795b70}: sun/net/www/protocol/jdt/Handler> (0x00000000d5795b70) 
thrown [s\src\hotspot\share\classfile\systemDictionary.cpp, line 312]
Event: 835.756 Thread 0x0000016f054db790 Exception <a 'java/lang/ClassNotFoundException'{0x00000000d5798368}: sun/net/www/protocol/jdt/Handler> (0x00000000d5798368) 
thrown [s\src\hotspot\share\classfile\systemDictionary.cpp, line 312]
Event: 835.756 Thread 0x0000016f054db790 Exception <a 'java/lang/ClassNotFoundException'{0x00000000d579ab80}: sun/net/www/protocol/jdt/Handler> (0x00000000d579ab80) 
thrown [s\src\hotspot\share\classfile\systemDictionary.cpp, line 312]
Event: 835.756 Thread 0x0000016f054db790 Exception <a 'java/lang/ClassNotFoundException'{0x00000000d579d638}: sun/net/www/protocol/jdt/Handler> (0x00000000d579d638) 
thrown [s\src\hotspot\share\classfile\systemDictionary.cpp, line 312]
Event: 835.838 Thread 0x0000016f054db790 Exception <a 'java/lang/ClassNotFoundException'{0x00000000d5b69718}: sun/net/www/protocol/jdt/Handler> (0x00000000d5b69718) 
thrown [s\src\hotspot\share\classfile\systemDictionary.cpp, line 312]
Event: 837.145 Thread 0x0000016f7d6eb4c0 Exception <a 'sun/nio/fs/WindowsException'{0x00000000d596c9c0}> (0x00000000d596c9c0) 
thrown [s\src\hotspot\share\prims\jni.cpp, line 520]
Event: 837.634 Thread 0x0000016f7d6eb4c0 Exception <a 'sun/nio/fs/WindowsException'{0x00000000d56b3ad8}> (0x00000000d56b3ad8) 
thrown [s\src\hotspot\share\prims\jni.cpp, line 520]
Event: 850.876 Thread 0x0000016f7d6eb4c0 Exception <a 'sun/nio/fs/WindowsException'{0x00000000d5656ab8}> (0x00000000d5656ab8) 
thrown [s\src\hotspot\share\prims\jni.cpp, line 520]
Event: 851.446 Thread 0x0000016f7d6eb4c0 Exception <a 'sun/nio/fs/WindowsException'{0x00000000d5756e30}> (0x00000000d5756e30) 
thrown [s\src\hotspot\share\prims\jni.cpp, line 520]
Event: 854.124 Thread 0x0000016f7d6eb4c0 Exception <a 'sun/nio/fs/WindowsException'{0x00000000d58ec4d0}> (0x00000000d58ec4d0) 
thrown [s\src\hotspot\share\prims\jni.cpp, line 520]
Event: 854.535 Thread 0x0000016f7d6eb4c0 Exception <a 'sun/nio/fs/WindowsException'{0x00000000d576cf90}> (0x00000000d576cf90) 
thrown [s\src\hotspot\share\prims\jni.cpp, line 520]
Event: 857.247 Thread 0x0000016f7d6eb4c0 Exception <a 'sun/nio/fs/WindowsException'{0x00000000d57e7708}> (0x00000000d57e7708) 
thrown [s\src\hotspot\share\prims\jni.cpp, line 520]
Event: 857.819 Thread 0x0000016f7d6eb4c0 Exception <a 'sun/nio/fs/WindowsException'{0x00000000d574e5b0}> (0x00000000d574e5b0) 
thrown [s\src\hotspot\share\prims\jni.cpp, line 520]
Event: 867.890 Thread 0x0000016f7d6eb4c0 Exception <a 'sun/nio/fs/WindowsException'{0x00000000d5586a00}> (0x00000000d5586a00) 
thrown [s\src\hotspot\share\prims\jni.cpp, line 520]
Event: 868.261 Thread 0x0000016f7d6eb4c0 Exception <a 'sun/nio/fs/WindowsException'{0x00000000d5759b30}> (0x00000000d5759b30) 
thrown [s\src\hotspot\share\prims\jni.cpp, line 520]
Event: 871.491 Thread 0x0000016f0482aa80 Implicit null exception at 0x0000016f2e01a040 to 0x0000016f2e01a0b5
Event: 874.424 Thread 0x0000016f7d6eb4c0 Exception <a 'sun/nio/fs/WindowsException'{0x00000000d5587780}> (0x00000000d5587780) 
thrown [s\src\hotspot\share\prims\jni.cpp, line 520]
Event: 874.927 Thread 0x0000016f7d6eb4c0 Exception <a 'sun/nio/fs/WindowsException'{0x00000000d5690608}> (0x00000000d5690608) 
thrown [s\src\hotspot\share\prims\jni.cpp, line 520]

ZGC Phase Switch (0 events):
No events

VM Operations (20 events):
Event: 875.563 Executing VM operation: ParallelGCFailedAllocation (Allocation Failure)
Event: 875.568 Executing VM operation: ParallelGCFailedAllocation (Allocation Failure) done
Event: 876.057 Executing VM operation: ParallelGCFailedAllocation (Allocation Failure)
Event: 876.061 Executing VM operation: ParallelGCFailedAllocation (Allocation Failure) done
Event: 876.074 Executing VM operation: ParallelGCFailedAllocation (Allocation Failure)
Event: 876.076 Executing VM operation: ParallelGCFailedAllocation (Allocation Failure) done
Event: 876.552 Executing VM operation: ParallelGCFailedAllocation (Allocation Failure)
Event: 876.557 Executing VM operation: ParallelGCFailedAllocation (Allocation Failure) done
Event: 876.598 Executing VM operation: ParallelGCFailedAllocation (Allocation Failure)
Event: 876.602 Executing VM operation: ParallelGCFailedAllocation (Allocation Failure) done
Event: 876.735 Executing VM operation: ParallelGCFailedAllocation (Allocation Failure)
Event: 876.739 Executing VM operation: ParallelGCFailedAllocation (Allocation Failure) done
Event: 876.794 Executing VM operation: ParallelGCFailedAllocation (Allocation Failure)
Event: 876.797 Executing VM operation: ParallelGCFailedAllocation (Allocation Failure) done
Event: 876.816 Executing VM operation: ParallelGCFailedAllocation (Allocation Failure)
Event: 876.819 Executing VM operation: ParallelGCFailedAllocation (Allocation Failure) done
Event: 876.962 Executing VM operation: ParallelGCFailedAllocation (Allocation Failure)
Event: 876.966 Executing VM operation: ParallelGCFailedAllocation (Allocation Failure) done
Event: 876.986 Executing VM operation: ParallelGCFailedAllocation (Allocation Failure)
Event: 876.990 Executing VM operation: ParallelGCFailedAllocation (Allocation Failure) done

Memory protections (0 events):
No events

Nmethod flushes (20 events):
Event: 829.977 Thread 0x0000016f39e82620 flushing osr nmethod 0x0000016f28cda390
Event: 829.977 Thread 0x0000016f39e82620 flushing  nmethod 0x0000016f28cde990
Event: 829.977 Thread 0x0000016f39e82620 flushing  nmethod 0x0000016f28cded90
Event: 829.977 Thread 0x0000016f39e82620 flushing  nmethod 0x0000016f28ce6690
Event: 829.977 Thread 0x0000016f39e82620 flushing  nmethod 0x0000016f28cea190
Event: 829.977 Thread 0x0000016f39e82620 flushing  nmethod 0x0000016f28cefe10
Event: 829.978 Thread 0x0000016f39e82620 flushing  nmethod 0x0000016f28d17290
Event: 829.978 Thread 0x0000016f39e82620 flushing  nmethod 0x0000016f28d1d710
Event: 829.978 Thread 0x0000016f39e82620 flushing  nmethod 0x0000016f28d4c590
Event: 829.978 Thread 0x0000016f39e82620 flushing  nmethod 0x0000016f28e6a090
Event: 829.978 Thread 0x0000016f39e82620 flushing  nmethod 0x0000016f28e6e590
Event: 829.978 Thread 0x0000016f39e82620 flushing  nmethod 0x0000016f28eadb90
Event: 829.978 Thread 0x0000016f39e82620 flushing  nmethod 0x0000016f28ed0990
Event: 829.978 Thread 0x0000016f39e82620 flushing  nmethod 0x0000016f28f13010
Event: 829.978 Thread 0x0000016f39e82620 flushing  nmethod 0x0000016f28f5a710
Event: 829.978 Thread 0x0000016f39e82620 flushing  nmethod 0x0000016f28fcac90
Event: 829.978 Thread 0x0000016f39e82620 flushing  nmethod 0x0000016f29008c10
Event: 829.978 Thread 0x0000016f39e82620 flushing  nmethod 0x0000016f2900a310
Event: 829.978 Thread 0x0000016f39e82620 flushing  nmethod 0x0000016f29057390
Event: 829.978 Thread 0x0000016f39e82620 flushing  nmethod 0x0000016f29117190

Events (20 events):
Event: 788.681 Thread 0x0000016f7c8c2dd0 Thread added: 0x0000016f7deac0c0
Event: 789.157 Thread 0x0000016f7deac0c0 Thread exited: 0x0000016f7deac0c0
Event: 827.353 Thread 0x0000016f0423cc90 Thread exited: 0x0000016f0423cc90
Event: 830.374 Thread 0x0000016f7c8c2dd0 Thread added: 0x0000016f7deac0c0
Event: 831.682 Thread 0x0000016f7deac0c0 Thread exited: 0x0000016f7deac0c0
Event: 832.450 Thread 0x0000016f7c8c2dd0 Thread added: 0x0000016f7d8d0bf0
Event: 832.619 Thread 0x0000016f04831a10 Thread added: 0x0000016f054db790
Event: 833.395 Thread 0x0000016f7d8d0bf0 Thread exited: 0x0000016f7d8d0bf0
Event: 833.848 Thread 0x0000016f7c8c2dd0 Thread added: 0x0000016f7d8d0bf0
Event: 834.896 Thread 0x0000016f7d8d0bf0 Thread exited: 0x0000016f7d8d0bf0
Event: 835.212 Thread 0x0000016f7c8c2dd0 Thread added: 0x0000016f7d8d3ba0
Event: 835.790 Thread 0x0000016f054db790 Thread added: 0x0000016f054e0650
Event: 835.798 Thread 0x0000016f054e0650 Thread exited: 0x0000016f054e0650
Event: 836.518 Thread 0x0000016f7d8d3ba0 Thread exited: 0x0000016f7d8d3ba0
Event: 837.420 Thread 0x0000016f39e93f40 Thread added: 0x0000016f7d8d56e0
Event: 837.627 Thread 0x0000016f7d8d56e0 Thread exited: 0x0000016f7d8d56e0
Event: 867.175 Thread 0x0000016f39e93f40 Thread added: 0x0000016f7e3bb1b0
Event: 867.419 Thread 0x0000016f7e3bb1b0 Thread exited: 0x0000016f7e3bb1b0
Event: 874.769 Thread 0x0000016f7c8c2dd0 Thread added: 0x0000016f7e3b8200
Event: 875.547 Thread 0x0000016f7e3b8200 Thread exited: 0x0000016f7e3b8200


Dynamic libraries:
0x00007ff710ea0000 - 0x00007ff710eae000 	c:\Users\TCHAMGOUE Yann\.vscode\extensions\redhat.java-1.43.1-win32-x64\jre\21.0.7-win32-x86_64\bin\java.exe
0x00007ffc8e880000 - 0x00007ffc8eae0000 	C:\WINDOWS\SYSTEM32\ntdll.dll
0x00007ffc5f100000 - 0x00007ffc5f120000 	C:\Program Files\Avast Software\Avast\aswhook.dll
0x00007ffc8e640000 - 0x00007ffc8e707000 	C:\WINDOWS\System32\KERNEL32.DLL
0x00007ffc8bf40000 - 0x00007ffc8c30b000 	C:\WINDOWS\System32\KERNELBASE.dll
0x00007ffc8c480000 - 0x00007ffc8c5cb000 	C:\WINDOWS\System32\ucrtbase.dll
0x00007ffbfe330000 - 0x00007ffbfe34e000 	c:\Users\TCHAMGOUE Yann\.vscode\extensions\redhat.java-1.43.1-win32-x64\jre\21.0.7-win32-x86_64\bin\VCRUNTIME140.dll
0x00007ffbfe930000 - 0x00007ffbfe948000 	c:\Users\TCHAMGOUE Yann\.vscode\extensions\redhat.java-1.43.1-win32-x64\jre\21.0.7-win32-x86_64\bin\jli.dll
0x00007ffc8caa0000 - 0x00007ffc8cc6c000 	C:\WINDOWS\System32\USER32.dll
0x00007ffc75030000 - 0x00007ffc752c7000 	C:\WINDOWS\WinSxS\amd64_microsoft.windows.common-controls_6595b64144ccf1df_6.0.26100.3624_none_3e086962e3345f24\COMCTL32.dll
0x00007ffc8baf0000 - 0x00007ffc8bb17000 	C:\WINDOWS\System32\win32u.dll
0x00007ffc8da70000 - 0x00007ffc8db19000 	C:\WINDOWS\System32\msvcrt.dll
0x00007ffc8d4c0000 - 0x00007ffc8d4ea000 	C:\WINDOWS\System32\GDI32.dll
0x00007ffc8bbc0000 - 0x00007ffc8bcf1000 	C:\WINDOWS\System32\gdi32full.dll
0x00007ffc8c5d0000 - 0x00007ffc8c673000 	C:\WINDOWS\System32\msvcp_win.dll
0x00007ffc8e710000 - 0x00007ffc8e73f000 	C:\WINDOWS\System32\IMM32.DLL
0x00007ffc5e910000 - 0x00007ffc5e91c000 	c:\Users\TCHAMGOUE Yann\.vscode\extensions\redhat.java-1.43.1-win32-x64\jre\21.0.7-win32-x86_64\bin\vcruntime140_1.dll
0x00007ffbdfdf0000 - 0x00007ffbdfe7d000 	c:\Users\TCHAMGOUE Yann\.vscode\extensions\redhat.java-1.43.1-win32-x64\jre\21.0.7-win32-x86_64\bin\msvcp140.dll
0x00007ffbdb580000 - 0x00007ffbdc310000 	c:\Users\TCHAMGOUE Yann\.vscode\extensions\redhat.java-1.43.1-win32-x64\jre\21.0.7-win32-x86_64\bin\server\jvm.dll
0x00007ffc8c9e0000 - 0x00007ffc8ca93000 	C:\WINDOWS\System32\ADVAPI32.dll
0x00007ffc8e4a0000 - 0x00007ffc8e546000 	C:\WINDOWS\System32\sechost.dll
0x00007ffc8d290000 - 0x00007ffc8d3a6000 	C:\WINDOWS\System32\RPCRT4.dll
0x00007ffc8d190000 - 0x00007ffc8d204000 	C:\WINDOWS\System32\WS2_32.dll
0x00007ffc49fa0000 - 0x00007ffc49fd6000 	C:\WINDOWS\SYSTEM32\WINMM.dll
0x00007ffc8b720000 - 0x00007ffc8b77e000 	C:\WINDOWS\SYSTEM32\POWRPROF.dll
0x00007ffc7bdc0000 - 0x00007ffc7bdcb000 	C:\WINDOWS\SYSTEM32\VERSION.dll
0x00007ffc8b700000 - 0x00007ffc8b714000 	C:\WINDOWS\SYSTEM32\UMPDC.dll
0x00007ffc8a870000 - 0x00007ffc8a88a000 	C:\WINDOWS\SYSTEM32\kernel.appcore.dll
0x00007ffc5dbf0000 - 0x00007ffc5dbfa000 	c:\Users\TCHAMGOUE Yann\.vscode\extensions\redhat.java-1.43.1-win32-x64\jre\21.0.7-win32-x86_64\bin\jimage.dll
0x00007ffc7b9d0000 - 0x00007ffc7bc11000 	C:\WINDOWS\SYSTEM32\DBGHELP.DLL
0x00007ffc8d520000 - 0x00007ffc8d8a3000 	C:\WINDOWS\System32\combase.dll
0x00007ffc8e3b0000 - 0x00007ffc8e486000 	C:\WINDOWS\System32\OLEAUT32.dll
0x00007ffc7b990000 - 0x00007ffc7b9c9000 	C:\WINDOWS\SYSTEM32\dbgcore.DLL
0x00007ffc8bb20000 - 0x00007ffc8bbb9000 	C:\WINDOWS\System32\bcryptPrimitives.dll
0x00007ffc5b460000 - 0x00007ffc5b46f000 	c:\Users\TCHAMGOUE Yann\.vscode\extensions\redhat.java-1.43.1-win32-x64\jre\21.0.7-win32-x86_64\bin\instrument.dll
0x00007ffbfdc00000 - 0x00007ffbfdc1f000 	c:\Users\TCHAMGOUE Yann\.vscode\extensions\redhat.java-1.43.1-win32-x64\jre\21.0.7-win32-x86_64\bin\java.dll
0x00007ffc8db20000 - 0x00007ffc8e249000 	C:\WINDOWS\System32\SHELL32.dll
0x00007ffc8c310000 - 0x00007ffc8c478000 	C:\WINDOWS\System32\wintypes.dll
0x00007ffc896d0000 - 0x00007ffc89f22000 	C:\WINDOWS\SYSTEM32\windows.storage.dll
0x00007ffc8e550000 - 0x00007ffc8e63d000 	C:\WINDOWS\System32\SHCORE.dll
0x00007ffc8e750000 - 0x00007ffc8e7b4000 	C:\WINDOWS\System32\shlwapi.dll
0x00007ffc8b970000 - 0x00007ffc8b99f000 	C:\WINDOWS\SYSTEM32\profapi.dll
0x00007ffc65f80000 - 0x00007ffc65f98000 	c:\Users\TCHAMGOUE Yann\.vscode\extensions\redhat.java-1.43.1-win32-x64\jre\21.0.7-win32-x86_64\bin\zip.dll
0x00007ffc80580000 - 0x00007ffc80590000 	C:\Users\TCHAMGOUE Yann\.vscode\extensions\redhat.java-1.43.1-win32-x64\jre\21.0.7-win32-x86_64\bin\net.dll
0x00007ffc838f0000 - 0x00007ffc83a0d000 	C:\WINDOWS\SYSTEM32\WINHTTP.dll
0x00007ffc8ad90000 - 0x00007ffc8adfa000 	C:\WINDOWS\system32\mswsock.dll
0x00007ffbffaa0000 - 0x00007ffbffab6000 	C:\Users\TCHAMGOUE Yann\.vscode\extensions\redhat.java-1.43.1-win32-x64\jre\21.0.7-win32-x86_64\bin\nio.dll
0x00007ffc65fb0000 - 0x00007ffc65fc0000 	c:\Users\TCHAMGOUE Yann\.vscode\extensions\redhat.java-1.43.1-win32-x64\jre\21.0.7-win32-x86_64\bin\verify.dll
0x00007ffbeecf0000 - 0x00007ffbeed35000 	C:\Users\TCHAMGOUE Yann\AppData\Roaming\Code\User\globalStorage\redhat.java\1.43.1\config_win\org.eclipse.equinox.launcher\org.eclipse.equinox.launcher.win32.win32.x86_64_1.2.1300.v20250331-1702\eclipse_11911.dll
0x00007ffc8d8c0000 - 0x00007ffc8da56000 	C:\WINDOWS\System32\ole32.dll
0x00007ffc8b030000 - 0x00007ffc8b04c000 	C:\WINDOWS\SYSTEM32\CRYPTSP.dll
0x00007ffc8a7d0000 - 0x00007ffc8a80a000 	C:\WINDOWS\system32\rsaenh.dll
0x00007ffc8ae30000 - 0x00007ffc8ae5b000 	C:\WINDOWS\SYSTEM32\USERENV.dll
0x00007ffc8b270000 - 0x00007ffc8b296000 	C:\WINDOWS\SYSTEM32\bcrypt.dll
0x00007ffc8b050000 - 0x00007ffc8b05c000 	C:\WINDOWS\SYSTEM32\CRYPTBASE.dll
0x00007ffc8a310000 - 0x00007ffc8a343000 	C:\WINDOWS\SYSTEM32\IPHLPAPI.DLL
0x00007ffc8d8b0000 - 0x00007ffc8d8ba000 	C:\WINDOWS\System32\NSI.dll
0x00007ffbee9a0000 - 0x00007ffbee9e9000 	C:\Users\TCHAMGOUE Yann\AppData\Local\Temp\jna-818174091\jna9316410194639443843.dll
0x00007ffc8da60000 - 0x00007ffc8da68000 	C:\WINDOWS\System32\PSAPI.DLL
0x00007ffc83a70000 - 0x00007ffc83a8f000 	C:\WINDOWS\SYSTEM32\dhcpcsvc6.DLL
0x00007ffc83a10000 - 0x00007ffc83a35000 	C:\WINDOWS\SYSTEM32\dhcpcsvc.DLL
0x00007ffc59970000 - 0x00007ffc5997e000 	C:\Users\TCHAMGOUE Yann\.vscode\extensions\redhat.java-1.43.1-win32-x64\jre\21.0.7-win32-x86_64\bin\sunmscapi.dll
0x00007ffc8bdc0000 - 0x00007ffc8bf37000 	C:\WINDOWS\System32\CRYPT32.dll
0x00007ffc8b230000 - 0x00007ffc8b260000 	C:\WINDOWS\SYSTEM32\ncrypt.dll
0x00007ffc8b1e0000 - 0x00007ffc8b21f000 	C:\WINDOWS\SYSTEM32\NTASN1.dll
0x00007ffc8a3e0000 - 0x00007ffc8a505000 	C:\WINDOWS\SYSTEM32\DNSAPI.dll
0x00007ffc83340000 - 0x00007ffc8334b000 	C:\Windows\System32\rasadhlp.dll
0x00007ffc85970000 - 0x00007ffc859f5000 	C:\WINDOWS\System32\fwpuclnt.dll
0x00007ffc59850000 - 0x00007ffc59859000 	C:\Users\TCHAMGOUE Yann\.vscode\extensions\redhat.java-1.43.1-win32-x64\jre\21.0.7-win32-x86_64\bin\extnet.dll

dbghelp: loaded successfully - version: 4.0.5 - missing functions: none
symbol engine: initialized successfully - sym options: 0x614 - pdb path: .;c:\Users\TCHAMGOUE Yann\.vscode\extensions\redhat.java-1.43.1-win32-x64\jre\21.0.7-win32-x86_64\bin;C:\WINDOWS\SYSTEM32;C:\Program Files\Avast Software\Avast;C:\WINDOWS\WinSxS\amd64_microsoft.windows.common-controls_6595b64144ccf1df_6.0.26100.3624_none_3e086962e3345f24;c:\Users\TCHAMGOUE Yann\.vscode\extensions\redhat.java-1.43.1-win32-x64\jre\21.0.7-win32-x86_64\bin\server;C:\Users\TCHAMGOUE Yann\AppData\Roaming\Code\User\globalStorage\redhat.java\1.43.1\config_win\org.eclipse.equinox.launcher\org.eclipse.equinox.launcher.win32.win32.x86_64_1.2.1300.v20250331-1702;C:\Users\TCHAMGOUE Yann\AppData\Local\Temp\jna-818174091

VM Arguments:
jvm_args: --add-modules=ALL-SYSTEM --add-opens=java.base/java.util=ALL-UNNAMED --add-opens=java.base/java.lang=ALL-UNNAMED --add-opens=java.base/sun.nio.fs=ALL-UNNAMED -Declipse.application=org.eclipse.jdt.ls.core.id1 -Dosgi.bundles.defaultStartLevel=4 -Declipse.product=org.eclipse.jdt.ls.core.product -Djava.import.generatesMetadataFilesAtProjectRoot=false -DDetectVMInstallationsJob.disabled=true -Dfile.encoding=utf8 -XX:+UseParallelGC -XX:GCTimeRatio=4 -XX:AdaptiveSizePolicyWeight=90 -Dsun.zip.disableMemoryMapping=true -Xmx2G -Xms100m -Xlog:disable -javaagent:c:\Users\TCHAMGOUE Yann\.vscode\extensions\redhat.java-1.43.1-win32-x64\lombok\lombok-1.18.39-4050.jar -XX:+HeapDumpOnOutOfMemoryError -XX:HeapDumpPath=c:\Users\TCHAMGOUE Yann\AppData\Roaming\Code\User\workspaceStorage\0ce6ff431c656783e2bd0f60588f111c\redhat.java -Daether.dependencyCollector.impl=bf 
java_command: c:\Users\TCHAMGOUE Yann\.vscode\extensions\redhat.java-1.43.1-win32-x64\server\plugins\org.eclipse.equinox.launcher_1.7.0.v20250519-0528.jar -configuration c:\Users\TCHAMGOUE Yann\AppData\Roaming\Code\User\globalStorage\redhat.java\1.43.1\config_win -data c:\Users\TCHAMGOUE Yann\AppData\Roaming\Code\User\workspaceStorage\0ce6ff431c656783e2bd0f60588f111c\redhat.java\jdt_ws --pipe=\\.\pipe\lsp-8472b28d368e6e379f5314fbccd91445-sock
java_class_path (initial): c:\Users\TCHAMGOUE Yann\.vscode\extensions\redhat.java-1.43.1-win32-x64\server\plugins\org.eclipse.equinox.launcher_1.7.0.v20250519-0528.jar
Launcher Type: SUN_STANDARD

[Global flags]
    uintx AdaptiveSizePolicyWeight                 = 90                                        {product} {command line}
     intx CICompilerCount                          = 4                                         {product} {ergonomic}
    uintx GCTimeRatio                              = 4                                         {product} {command line}
     bool HeapDumpOnOutOfMemoryError               = true                                   {manageable} {command line}
    ccstr HeapDumpPath                             = c:\Users\TCHAMGOUE Yann\AppData\Roaming\Code\User\workspaceStorage\0ce6ff431c656783e2bd0f60588f111c\redhat.java         {manageable} {command line}
   size_t InitialHeapSize                          = 104857600                                 {product} {command line}
   size_t MaxHeapSize                              = 2147483648                                {product} {command line}
   size_t MaxNewSize                               = 715653120                                 {product} {ergonomic}
   size_t MinHeapDeltaBytes                        = 524288                                    {product} {ergonomic}
   size_t MinHeapSize                              = 104857600                                 {product} {command line}
   size_t NewSize                                  = 34603008                                  {product} {ergonomic}
    uintx NonNMethodCodeHeapSize                   = 5839372                                {pd product} {ergonomic}
    uintx NonProfiledCodeHeapSize                  = 122909434                              {pd product} {ergonomic}
   size_t OldSize                                  = 70254592                                  {product} {ergonomic}
    uintx ProfiledCodeHeapSize                     = 122909434                              {pd product} {ergonomic}
    uintx ReservedCodeCacheSize                    = 251658240                              {pd product} {ergonomic}
     bool SegmentedCodeCache                       = true                                      {product} {ergonomic}
   size_t SoftMaxHeapSize                          = 2147483648                             {manageable} {ergonomic}
     bool UseCompressedOops                        = true                           {product lp64_product} {ergonomic}
     bool UseLargePagesIndividualAllocation        = false                                  {pd product} {ergonomic}
     bool UseParallelGC                            = true                                      {product} {command line}

Logging:
Log output configuration:
 #0: stdout all=off uptime,level,tags foldmultilines=false
 #1: stderr all=off uptime,level,tags foldmultilines=false

Environment Variables:
JAVA_HOME=C:\Program Files\Java\jdk1.8.0_281
PATH=C:\Program Files\Common Files\Oracle\Java\javapath;C:\WINDOWS\system32;C:\WINDOWS;C:\WINDOWS\System32\Wbem;C:\WINDOWS\System32\WindowsPowerShell\v1.0\;C:\WINDOWS\System32\OpenSSH\;C:\Program Files\Java\jdk-17\bin;C:\Users\TCHAMGOUE Yann\Downloads\apache-maven-3.9.8-bin\apache-maven-3.9.8\bin;C:\Program Files\nodejs\;C:\ProgramData\chocolatey\bin;C:\xampp\php;C:\Program Files\Git\cmd;C:\Program Files\Docker\Docker\resources\bin;C:\Users\TCHAMGOUE Yann\AppData\Local\Programs\Python\Python313\Scripts\;C:\Users\TCHAMGOUE Yann\AppData\Local\Programs\Python\Python313\;C:\Users\TCHAMGOUE Yann\AppData\Local\Microsoft\WindowsApps;C:\Users\TCHAMGOUE Yann\AppData\Local\Programs\Microsoft VS Code\bin;C:\Users\TCHAMGOUE Yann\AppData\Roaming\npm;C:\Program Files\Git\bin;C:\xampp\php;;C:\Program Files\JetBrains\IntelliJ IDEA 2024.3\bin;
USERNAME=TCHAMGOUE Yann
OS=Windows_NT
PROCESSOR_IDENTIFIER=Intel64 Family 6 Model 142 Stepping 12, GenuineIntel
TMP=C:\Users\TCHAMG~1\AppData\Local\Temp
TEMP=C:\Users\TCHAMG~1\AppData\Local\Temp




Periodic native trim disabled

---------------  S Y S T E M  ---------------

OS:
 Windows 11 , 64 bit Build 26100 (10.0.26100.3624)
OS uptime: 0 days 1:52 hours
Hyper-V role detected

CPU: total 8 (initial active 8) (4 cores per cpu, 2 threads per core) family 6 model 142 stepping 12 microcode 0xde, cx8, cmov, fxsr, ht, mmx, 3dnowpref, sse, sse2, sse3, ssse3, sse4.1, sse4.2, popcnt, lzcnt, tsc, tscinvbit, avx, avx2, aes, erms, clmul, bmi1, bmi2, adx, fma, vzeroupper, clflush, clflushopt, hv, rdtscp, f16c
Processor Information for the first 8 processors :
  Max Mhz: 2112, Current Mhz: 1609, Mhz Limit: 1605

Memory: 4k page, system-wide physical 8001M (629M free)
TotalPageFile size 18578M (AvailPageFile size 18M)
current process WorkingSet (physical memory assigned to process): 1339M, peak: 1395M
current process commit charge ("private bytes"): 1546M, peak: 1753M

vm_info: OpenJDK 64-Bit Server VM (21.0.7+6-LTS) for windows-amd64 JRE (21.0.7+6-LTS), built on 2025-04-15T00:00:00Z by "admin" with MS VC++ 17.7 (VS2022)

END.
