#
# There is insufficient memory for the Java Runtime Environment to continue.
# Native memory allocation (malloc) failed to allocate 830496 bytes. Error detail: Chunk::new
# Possible reasons:
#   The system is out of physical RAM or swap space
#   This process is running with CompressedOops enabled, and the Java Heap may be blocking the growth of the native heap
# Possible solutions:
#   Reduce memory load on the system
#   Increase physical memory or swap space
#   Check if swap backing store is full
#   Decrease Java heap size (-Xmx/-Xms)
#   Decrease number of Java threads
#   Decrease Java thread stack sizes (-Xss)
#   Set larger code cache with -XX:ReservedCodeCacheSize=
#   JVM is running with Unscaled Compressed Oops mode in which the Java heap is
#     placed in the first 4GB address space. The Java Heap base address is the
#     maximum limit for the native heap growth. Please use -XX:HeapBaseMinAddress
#     to set the Java Heap base and to place the Java Heap above 4GB virtual address.
# This output file may be truncated or incomplete.
#
#  Out of Memory Error (arena.cpp:168), pid=6452, tid=10740
#
# JRE version: OpenJDK Runtime Environment Temurin-21.0.8+9 (21.0.8+9) (build 21.0.8+9-LTS)
# Java VM: OpenJDK 64-Bit Server VM Temurin-21.0.8+9 (21.0.8+9-LTS, mixed mode, sharing, tiered, compressed oops, compressed class ptrs, parallel gc, windows-amd64)
# No core dump will be written. Minidumps are not enabled by default on client versions of Windows
#

---------------  S U M M A R Y ------------

Command Line: --add-modules=ALL-SYSTEM --add-opens=java.base/java.util=ALL-UNNAMED --add-opens=java.base/java.lang=ALL-UNNAMED --add-opens=java.base/sun.nio.fs=ALL-UNNAMED -Declipse.application=org.eclipse.jdt.ls.core.id1 -Dosgi.bundles.defaultStartLevel=4 -Declipse.product=org.eclipse.jdt.ls.core.product -Djava.import.generatesMetadataFilesAtProjectRoot=false -DDetectVMInstallationsJob.disabled=true -Dfile.encoding=utf8 -XX:+UseParallelGC -XX:GCTimeRatio=4 -XX:AdaptiveSizePolicyWeight=90 -Dsun.zip.disableMemoryMapping=true -Xmx2G -Xms100m -Xlog:disable -javaagent:c:\Users\TCHAMGOUE Yann\.vscode\extensions\redhat.java-1.44.0-win32-x64\lombok\lombok-1.18.39-4050.jar -XX:+HeapDumpOnOutOfMemoryError -XX:HeapDumpPath=c:\Users\TCHAMGOUE Yann\AppData\Roaming\Code\User\workspaceStorage\0ce6ff431c656783e2bd0f60588f111c\redhat.java -Daether.dependencyCollector.impl=bf c:\Users\TCHAMGOUE Yann\.vscode\extensions\redhat.java-1.44.0-win32-x64\server\plugins\org.eclipse.equinox.launcher_1.7.0.v20250519-0528.jar -configuration c:\Users\TCHAMGOUE Yann\AppData\Roaming\Code\User\globalStorage\redhat.java\1.44.0\config_win -data c:\Users\TCHAMGOUE Yann\AppData\Roaming\Code\User\workspaceStorage\0ce6ff431c656783e2bd0f60588f111c\redhat.java\jdt_ws --pipe=\\.\pipe\lsp-a32a36db4c5475e6b9c7b1bf1fb44df2-sock

Host: Intel(R) Core(TM) i5-10210U CPU @ 1.60GHz, 8 cores, 7G,  Windows 11 , 64 bit Build 26100 (10.0.26100.3624)
Time: Mon Aug 18 08:48:30 2025 Afr. centrale Ouest elapsed time: 61.924547 seconds (0d 0h 1m 1s)

---------------  T H R E A D  ---------------

Current thread (0x000002532d5279b0):  JavaThread "C2 CompilerThread0" daemon [_thread_in_native, id=10740, stack(0x000000805f700000,0x000000805f800000) (1024K)]


Current CompileTask:
C2:61924 14940       4       org.eclipse.jdt.internal.compiler.lookup.BinaryTypeBinding::createMethod (1666 bytes)

Stack: [0x000000805f700000,0x000000805f800000]
Native frames: (J=compiled Java code, j=interpreted, Vv=VM code, C=native code)
V  [jvm.dll+0x6d2449]
V  [jvm.dll+0x8ae341]
V  [jvm.dll+0x8b08be]
V  [jvm.dll+0x8b0fa3]
V  [jvm.dll+0x280c96]
V  [jvm.dll+0xc581d]
V  [jvm.dll+0xc5d53]
V  [jvm.dll+0x2f539d]
V  [jvm.dll+0x5fa00a]
V  [jvm.dll+0x252092]
V  [jvm.dll+0x24aa06]
V  [jvm.dll+0x2483a4]
V  [jvm.dll+0x1c89ee]
V  [jvm.dll+0x257d4d]
V  [jvm.dll+0x2562ea]
V  [jvm.dll+0x3f2d16]
V  [jvm.dll+0x857e6b]
V  [jvm.dll+0x6d0b0d]
C  [ucrtbase.dll+0x37b0]
C  [KERNEL32.DLL+0x2e8d7]
C  [ntdll.dll+0xb14fc]


---------------  P R O C E S S  ---------------

Threads class SMR info:
_java_thread_list=0x0000025379820320, length=62, elements={
0x00000253146eaea0, 0x0000025316b6e2e0, 0x000002532d51cd70, 0x000002532d51fa70,
0x000002532d5200d0, 0x000002532d520b20, 0x000002532d522a30, 0x000002532d5279b0,
0x00000253740541b0, 0x0000025316b2c850, 0x0000025374309790, 0x0000025374840b40,
0x00000253748f5640, 0x0000025374716860, 0x0000025374722840, 0x0000025374ebc0c0,
0x00000253750f0c30, 0x000002537509e2f0, 0x000002537509c220, 0x000002537509c8b0,
0x000002537509ae70, 0x000002537509dc60, 0x000002537509b500, 0x000002537509bb90,
0x000002537509d5d0, 0x0000025378695570, 0x00000253786934a0, 0x0000025378696fb0,
0x00000253786941c0, 0x0000025378695c00, 0x0000025378696290, 0x0000025378693b30,
0x0000025378697640, 0x0000025378696920, 0x0000025378694850, 0x0000025378699710,
0x00000253786989f0, 0x0000025378697cd0, 0x0000025378699da0, 0x0000025378699080,
0x000002537869a430, 0x000002537720aae0, 0x0000025377208380, 0x00000253772090a0,
0x0000025377209730, 0x000002537720b170, 0x000002537720a450, 0x0000025377208a10,
0x0000025377209dc0, 0x0000025377207cf0, 0x000002537720ec80, 0x000002537720be90,
0x000002537720e5f0, 0x000002537720df60, 0x000002537720cbb0, 0x000002537720d8d0,
0x0000025377470b10, 0x0000025377470480, 0x0000025377471ec0, 0x0000025377473270,
0x0000025377472550, 0x0000025377089260
}

Java Threads: ( => current thread )
  0x00000253146eaea0 JavaThread "main"                              [_thread_blocked, id=11984, stack(0x000000805ed00000,0x000000805ee00000) (1024K)]
  0x0000025316b6e2e0 JavaThread "Reference Handler"          daemon [_thread_blocked, id=17980, stack(0x000000805f100000,0x000000805f200000) (1024K)]
  0x000002532d51cd70 JavaThread "Finalizer"                  daemon [_thread_blocked, id=21328, stack(0x000000805f200000,0x000000805f300000) (1024K)]
  0x000002532d51fa70 JavaThread "Signal Dispatcher"          daemon [_thread_blocked, id=16648, stack(0x000000805f300000,0x000000805f400000) (1024K)]
  0x000002532d5200d0 JavaThread "Attach Listener"            daemon [_thread_blocked, id=14304, stack(0x000000805f400000,0x000000805f500000) (1024K)]
  0x000002532d520b20 JavaThread "Service Thread"             daemon [_thread_blocked, id=18504, stack(0x000000805f500000,0x000000805f600000) (1024K)]
  0x000002532d522a30 JavaThread "Monitor Deflation Thread"   daemon [_thread_blocked, id=204, stack(0x000000805f600000,0x000000805f700000) (1024K)]
=>0x000002532d5279b0 JavaThread "C2 CompilerThread0"         daemon [_thread_in_native, id=10740, stack(0x000000805f700000,0x000000805f800000) (1024K)]
  0x00000253740541b0 JavaThread "C1 CompilerThread0"         daemon [_thread_blocked, id=16460, stack(0x000000805f800000,0x000000805f900000) (1024K)]
  0x0000025316b2c850 JavaThread "Common-Cleaner"             daemon [_thread_blocked, id=2428, stack(0x000000805f900000,0x000000805fa00000) (1024K)]
  0x0000025374309790 JavaThread "Notification Thread"        daemon [_thread_blocked, id=21224, stack(0x000000805fa00000,0x000000805fb00000) (1024K)]
  0x0000025374840b40 JavaThread "Active Thread: Equinox Container: 6946366c-d2b1-4e65-aa01-014a30ff4958"        [_thread_blocked, id=8028, stack(0x0000008060300000,0x0000008060400000) (1024K)]
  0x00000253748f5640 JavaThread "Refresh Thread: Equinox Container: 6946366c-d2b1-4e65-aa01-014a30ff4958" daemon [_thread_blocked, id=21340, stack(0x000000805fb00000,0x000000805fc00000) (1024K)]
  0x0000025374716860 JavaThread "Framework Event Dispatcher: Equinox Container: 6946366c-d2b1-4e65-aa01-014a30ff4958" daemon [_thread_blocked, id=11144, stack(0x0000008060400000,0x0000008060500000) (1024K)]
  0x0000025374722840 JavaThread "Start Level: Equinox Container: 6946366c-d2b1-4e65-aa01-014a30ff4958" daemon [_thread_blocked, id=15072, stack(0x0000008060500000,0x0000008060600000) (1024K)]
  0x0000025374ebc0c0 JavaThread "Bundle File Closer"         daemon [_thread_blocked, id=19032, stack(0x0000008060800000,0x0000008060900000) (1024K)]
  0x00000253750f0c30 JavaThread "SCR Component Actor"        daemon [_thread_blocked, id=7712, stack(0x0000008060900000,0x0000008060a00000) (1024K)]
  0x000002537509e2f0 JavaThread "Worker-JM"                         [_thread_blocked, id=18128, stack(0x0000008060700000,0x0000008060800000) (1024K)]
  0x000002537509c220 JavaThread "JNA Cleaner"                daemon [_thread_blocked, id=21188, stack(0x0000008060a00000,0x0000008060b00000) (1024K)]
  0x000002537509c8b0 JavaThread "Worker-0"                          [_thread_blocked, id=3292, stack(0x0000008060b00000,0x0000008060c00000) (1024K)]
  0x000002537509ae70 JavaThread "Worker-1"                          [_thread_blocked, id=18284, stack(0x0000008060c00000,0x0000008060d00000) (1024K)]
  0x000002537509dc60 JavaThread "Worker-2"                          [_thread_blocked, id=6048, stack(0x0000008060d00000,0x0000008060e00000) (1024K)]
  0x000002537509b500 JavaThread "Java indexing"              daemon [_thread_in_native, id=7328, stack(0x0000008061000000,0x0000008061100000) (1024K)]
  0x000002537509bb90 JavaThread "Worker-3"                          [_thread_blocked, id=9424, stack(0x0000008061100000,0x0000008061200000) (1024K)]
  0x000002537509d5d0 JavaThread "Worker-4"                          [_thread_blocked, id=14312, stack(0x0000008061200000,0x0000008061300000) (1024K)]
  0x0000025378695570 JavaThread "Worker-5: Java indexing... "        [_thread_blocked, id=15028, stack(0x0000008061500000,0x0000008061600000) (1024K)]
  0x00000253786934a0 JavaThread "Worker-6"                          [_thread_blocked, id=7952, stack(0x0000008061600000,0x0000008061700000) (1024K)]
  0x0000025378696fb0 JavaThread "Thread-2"                   daemon [_thread_in_native, id=12596, stack(0x0000008061700000,0x0000008061800000) (1024K)]
  0x00000253786941c0 JavaThread "Thread-3"                   daemon [_thread_in_native, id=13320, stack(0x0000008061800000,0x0000008061900000) (1024K)]
  0x0000025378695c00 JavaThread "Thread-4"                   daemon [_thread_in_native, id=12280, stack(0x0000008061900000,0x0000008061a00000) (1024K)]
  0x0000025378696290 JavaThread "Thread-5"                   daemon [_thread_in_native, id=20084, stack(0x0000008061a00000,0x0000008061b00000) (1024K)]
  0x0000025378693b30 JavaThread "Thread-6"                   daemon [_thread_in_native, id=7944, stack(0x0000008061b00000,0x0000008061c00000) (1024K)]
  0x0000025378697640 JavaThread "Thread-7"                   daemon [_thread_in_native, id=19680, stack(0x0000008061c00000,0x0000008061d00000) (1024K)]
  0x0000025378696920 JavaThread "Thread-8"                   daemon [_thread_in_native, id=1480, stack(0x0000008061d00000,0x0000008061e00000) (1024K)]
  0x0000025378694850 JavaThread "Thread-9"                   daemon [_thread_in_native, id=19608, stack(0x0000008061e00000,0x0000008061f00000) (1024K)]
  0x0000025378699710 JavaThread "Thread-10"                  daemon [_thread_in_native, id=9304, stack(0x0000008061f00000,0x0000008062000000) (1024K)]
  0x00000253786989f0 JavaThread "pool-2-thread-1"                   [_thread_blocked, id=15772, stack(0x0000008062000000,0x0000008062100000) (1024K)]
  0x0000025378697cd0 JavaThread "WorkspaceEventsHandler"            [_thread_blocked, id=19308, stack(0x0000008062100000,0x0000008062200000) (1024K)]
  0x0000025378699da0 JavaThread "pool-1-thread-1"                   [_thread_blocked, id=20300, stack(0x0000008062200000,0x0000008062300000) (1024K)]
  0x0000025378699080 JavaThread "Worker-7: Building"                [_thread_blocked, id=3748, stack(0x0000008060600000,0x0000008060700000) (1024K)]
  0x000002537869a430 JavaThread "LocalFile Deleter"          daemon [_thread_blocked, id=13544, stack(0x0000008062300000,0x0000008062400000) (1024K)]
  0x000002537720aae0 JavaThread "LocalFile Deleter"          daemon [_thread_blocked, id=4668, stack(0x0000008062400000,0x0000008062500000) (1024K)]
  0x0000025377208380 JavaThread "LocalFile Deleter"          daemon [_thread_blocked, id=10220, stack(0x0000008062500000,0x0000008062600000) (1024K)]
  0x00000253772090a0 JavaThread "LocalFile Deleter"          daemon [_thread_blocked, id=1800, stack(0x0000008062600000,0x0000008062700000) (1024K)]
  0x0000025377209730 JavaThread "LocalFile Deleter"          daemon [_thread_blocked, id=12992, stack(0x0000008062700000,0x0000008062800000) (1024K)]
  0x000002537720b170 JavaThread "LocalFile Deleter"          daemon [_thread_blocked, id=3012, stack(0x0000008062800000,0x0000008062900000) (1024K)]
  0x000002537720a450 JavaThread "LocalFile Deleter"          daemon [_thread_blocked, id=19212, stack(0x0000008062900000,0x0000008062a00000) (1024K)]
  0x0000025377208a10 JavaThread "LocalFile Deleter"          daemon [_thread_blocked, id=15020, stack(0x0000008062a00000,0x0000008062b00000) (1024K)]
  0x0000025377209dc0 JavaThread "Compiler Source File Reader" daemon [_thread_blocked, id=4988, stack(0x0000008060f00000,0x0000008061000000) (1024K)]
  0x0000025377207cf0 JavaThread "Compiler Source File Reader" daemon [_thread_blocked, id=18176, stack(0x0000008062b00000,0x0000008062c00000) (1024K)]
  0x000002537720ec80 JavaThread "Compiler Source File Reader" daemon [_thread_blocked, id=12440, stack(0x0000008062c00000,0x0000008062d00000) (1024K)]
  0x000002537720be90 JavaThread "Compiler Source File Reader" daemon [_thread_blocked, id=12840, stack(0x0000008062d00000,0x0000008062e00000) (1024K)]
  0x000002537720e5f0 JavaThread "Compiler Source File Reader" daemon [_thread_blocked, id=4620, stack(0x0000008062e00000,0x0000008062f00000) (1024K)]
  0x000002537720df60 JavaThread "Compiler Source File Reader" daemon [_thread_blocked, id=18772, stack(0x0000008062f00000,0x0000008063000000) (1024K)]
  0x000002537720cbb0 JavaThread "Compiler Processing Task"   daemon [_thread_in_Java, id=8084, stack(0x0000008063100000,0x0000008063200000) (1024K)]
  0x000002537720d8d0 JavaThread "Compiler Class File Writer" daemon [_thread_blocked, id=9164, stack(0x0000008060e00000,0x0000008060f00000) (1024K)]
  0x0000025377470b10 JavaThread "Compiler Class File Writer" daemon [_thread_blocked, id=9648, stack(0x0000008063200000,0x0000008063300000) (1024K)]
  0x0000025377470480 JavaThread "Compiler Class File Writer" daemon [_thread_blocked, id=3184, stack(0x000000805eb00000,0x000000805ec00000) (1024K)]
  0x0000025377471ec0 JavaThread "Compiler Class File Writer" daemon [_thread_blocked, id=5656, stack(0x0000008063400000,0x0000008063500000) (1024K)]
  0x0000025377473270 JavaThread "Compiler Class File Writer" daemon [_thread_blocked, id=20976, stack(0x0000008063500000,0x0000008063600000) (1024K)]
  0x0000025377472550 JavaThread "Compiler Class File Writer" daemon [_thread_blocked, id=13536, stack(0x0000008063600000,0x0000008063700000) (1024K)]
  0x0000025377089260 JavaThread "C2 CompilerThread1"         daemon [_thread_in_native, id=20408, stack(0x000000805ea00000,0x000000805eb00000) (1024K)]
Total: 62

Other Threads:
  0x000002532d513640 VMThread "VM Thread"                           [id=6904, stack(0x000000805f000000,0x000000805f100000) (1024K)]
  0x000002532d42ba00 WatcherThread "VM Periodic Task Thread"        [id=18660, stack(0x000000805ef00000,0x000000805f000000) (1024K)]
  0x0000025316ad77f0 WorkerThread "GC Thread#0"                     [id=14200, stack(0x000000805ee00000,0x000000805ef00000) (1024K)]
  0x000002537491f920 WorkerThread "GC Thread#1"                     [id=13376, stack(0x000000805fc00000,0x000000805fd00000) (1024K)]
  0x000002537467e400 WorkerThread "GC Thread#2"                     [id=1592, stack(0x000000805fd00000,0x000000805fe00000) (1024K)]
  0x000002537467e7a0 WorkerThread "GC Thread#3"                     [id=16296, stack(0x000000805fe00000,0x000000805ff00000) (1024K)]
  0x000002537467eb40 WorkerThread "GC Thread#4"                     [id=16536, stack(0x000000805ff00000,0x0000008060000000) (1024K)]
  0x000002537467eee0 WorkerThread "GC Thread#5"                     [id=20968, stack(0x0000008060000000,0x0000008060100000) (1024K)]
  0x000002537450f0c0 WorkerThread "GC Thread#6"                     [id=10748, stack(0x0000008060100000,0x0000008060200000) (1024K)]
  0x0000025374803b10 WorkerThread "GC Thread#7"                     [id=14868, stack(0x0000008060200000,0x0000008060300000) (1024K)]
Total: 10

Threads with active compile tasks:
C2 CompilerThread0  61999 14940       4       org.eclipse.jdt.internal.compiler.lookup.BinaryTypeBinding::createMethod (1666 bytes)
C1 CompilerThread0  61999 15029       3       org.eclipse.jdt.internal.compiler.ClassFile::generateMethodParameters (861 bytes)
C2 CompilerThread1  61999 14983       4       org.eclipse.jdt.internal.compiler.lookup.LookupEnvironment::getTypeFromTypeSignature (770 bytes)
Total: 3

VM state: not at safepoint (normal execution)

VM Mutex/Monitor currently owned by a thread: None

Heap address: 0x0000000080000000, size: 2048 MB, Compressed Oops mode: 32-bit

CDS archive(s) mapped at: [0x000002532e000000-0x000002532eba0000-0x000002532eba0000), size 12189696, SharedBaseAddress: 0x000002532e000000, ArchiveRelocationMode: 1.
Compressed class space mapped at: 0x000002532f000000-0x000002536f000000, reserved size: 1073741824
Narrow klass base: 0x000002532e000000, Narrow klass shift: 0, Narrow klass range: 0x100000000

GC Precious Log:
 CardTable entry size: 512
 CPUs: 8 total, 8 available
 Memory: 8001M
 Large Page Support: Disabled
 NUMA Support: Disabled
 Compressed Oops: Enabled (32-bit)
 Alignments: Space 512K, Generation 512K, Heap 2M
 Heap Min Capacity: 100M
 Heap Initial Capacity: 100M
 Heap Max Capacity: 2G
 Pre-touch: Disabled
 Parallel Workers: 8

Heap:
 PSYoungGen      total 2560K, used 2431K [0x00000000d5580000, 0x00000000d5980000, 0x0000000100000000)
  eden space 2048K, 96% used [0x00000000d5580000,0x00000000d576fea8,0x00000000d5780000)
  from space 512K, 87% used [0x00000000d5900000,0x00000000d5970000,0x00000000d5980000)
  to   space 512K, 0% used [0x00000000d5880000,0x00000000d5880000,0x00000000d5900000)
 ParOldGen       total 507904K, used 507635K [0x0000000080000000, 0x000000009f000000, 0x00000000d5580000)
  object space 507904K, 99% used [0x0000000080000000,0x000000009efbcd58,0x000000009f000000)
 Metaspace       used 66069K, committed 67648K, reserved 1114112K
  class space    used 6719K, committed 7424K, reserved 1048576K

Card table byte_map: [0x0000025316470000,0x0000025316880000] _byte_map_base: 0x0000025316070000

Marking Bits: (ParMarkBitMap*) 0x00007ff8eb1fa340
 Begin Bits: [0x0000025328f50000, 0x000002532af50000)
 End Bits:   [0x000002532af50000, 0x000002532cf50000)

Polling page: 0x0000025314960000

Metaspace:

Usage:
  Non-class:     57.96 MB used.
      Class:      6.56 MB used.
       Both:     64.52 MB used.

Virtual space:
  Non-class space:       64.00 MB reserved,      58.81 MB ( 92%) committed,  1 nodes.
      Class space:        1.00 GB reserved,       7.25 MB ( <1%) committed,  1 nodes.
             Both:        1.06 GB reserved,      66.06 MB (  6%) committed. 

Chunk freelists:
   Non-Class:  4.92 MB
       Class:  8.58 MB
        Both:  13.50 MB

MaxMetaspaceSize: unlimited
CompressedClassSpaceSize: 1.00 GB
Initial GC threshold: 21.00 MB
Current GC threshold: 97.31 MB
CDS: on
 - commit_granule_bytes: 65536.
 - commit_granule_words: 8192.
 - virtual_space_node_default_size: 8388608.
 - enlarge_chunks_in_place: 1.
 - use_allocation_guard: 0.


Internal statistics:

num_allocs_failed_limit: 9.
num_arena_births: 1284.
num_arena_deaths: 14.
num_vsnodes_births: 2.
num_vsnodes_deaths: 0.
num_space_committed: 1057.
num_space_uncommitted: 0.
num_chunks_returned_to_freelist: 23.
num_chunks_taken_from_freelist: 4470.
num_chunk_merges: 10.
num_chunk_splits: 2732.
num_chunks_enlarged: 1542.
num_inconsistent_stats: 0.

CodeHeap 'non-profiled nmethods': size=120000Kb used=13702Kb max_used=13702Kb free=106297Kb
 bounds [0x0000025321770000, 0x00000253224e0000, 0x0000025328ca0000]
CodeHeap 'profiled nmethods': size=120000Kb used=34324Kb max_used=34324Kb free=85675Kb
 bounds [0x0000025319ca0000, 0x000002531be30000, 0x00000253211d0000]
CodeHeap 'non-nmethods': size=5760Kb used=1426Kb max_used=1600Kb free=4334Kb
 bounds [0x00000253211d0000, 0x0000025321440000, 0x0000025321770000]
CodeCache: size=245760Kb, used=49452Kb, max_used=49626Kb, free=196306Kb
 total_blobs=14781, nmethods=14041, adapters=644, full_count=0
Compilation: enabled, stopped_count=0, restarted_count=0

Compilation events (20 events):
Event: 61.880 Thread 0x0000025377089260 14974       4       org.eclipse.jdt.internal.compiler.parser.Scanner::getNextToken (176 bytes)
Event: 61.889 Thread 0x00000253740541b0 14975       3       java.util.stream.Collectors$$Lambda/0x000002532f37d980::<init> (20 bytes)
Event: 61.889 Thread 0x00000253740541b0 nmethod 14975 0x000002531be03410 code [0x000002531be035c0, 0x000002531be03768]
Event: 61.889 Thread 0x00000253740541b0 14976       3       java.util.stream.Collectors::mapMerger (7 bytes)
Event: 61.890 Thread 0x00000253740541b0 nmethod 14976 0x000002531be03810 code [0x000002531be03a00, 0x000002531be03fd8]
Event: 61.890 Thread 0x00000253740541b0 14977       3       java.util.stream.Collectors$$Lambda/0x000002532f37dbb8::<init> (10 bytes)
Event: 61.890 Thread 0x00000253740541b0 nmethod 14977 0x000002531be04210 code [0x000002531be043c0, 0x000002531be04548]
Event: 61.891 Thread 0x00000253740541b0 14978       3       java.util.stream.Collectors$$Lambda/0x000002532f37d760::get (8 bytes)
Event: 61.891 Thread 0x00000253740541b0 nmethod 14978 0x000002531be04610 code [0x000002531be047c0, 0x000002531be04a58]
Event: 61.893 Thread 0x0000025377089260 nmethod 14974 0x00000253224ce710 code [0x00000253224ce9a0, 0x00000253224cf0f8]
Event: 61.893 Thread 0x00000253740541b0 14979       3       org.eclipse.jdt.internal.compiler.lookup.InferenceContext18::addDependencies (84 bytes)
Event: 61.893 Thread 0x0000025377089260 14973       4       org.eclipse.core.internal.filesystem.FileStoreUtil::comparePathSegments (34 bytes)
Event: 61.894 Thread 0x00000253740541b0 nmethod 14979 0x000002531be04b90 code [0x000002531be04dc0, 0x000002531be055a8]
Event: 61.905 Thread 0x00000253740541b0 14981       3       org.eclipse.jdt.internal.compiler.lookup.MethodBinding::canBeSeenBy (157 bytes)
Event: 61.906 Thread 0x00000253740541b0 nmethod 14981 0x000002531be05890 code [0x000002531be05b80, 0x000002531be06bd8]
Event: 61.910 Thread 0x0000025377089260 nmethod 14973 0x00000253224cf690 code [0x00000253224cf8a0, 0x00000253224d0060]
Event: 61.911 Thread 0x0000025377089260 14983       4       org.eclipse.jdt.internal.compiler.lookup.LookupEnvironment::getTypeFromTypeSignature (770 bytes)
Event: 61.921 Thread 0x00000253740541b0 14984       3       org.eclipse.jdt.internal.compiler.ClassFile::generateMethodInfoHeader (10 bytes)
Event: 61.921 Thread 0x00000253740541b0 nmethod 14984 0x000002531be07110 code [0x000002531be072c0, 0x000002531be07418]
Event: 61.921 Thread 0x00000253740541b0 14987       3       org.eclipse.jdt.internal.compiler.lookup.MethodBinding::genericSignature (267 bytes)

GC Heap History (20 events):
Event: 61.320 GC heap before
{Heap before GC invocations=723 (full 3):
 PSYoungGen      total 2048K, used 1490K [0x00000000d5580000, 0x00000000d5a00000, 0x0000000100000000)
  eden space 1024K, 93% used [0x00000000d5580000,0x00000000d566f780,0x00000000d5680000)
  from space 1024K, 51% used [0x00000000d5680000,0x00000000d57051c0,0x00000000d5780000)
  to   space 1536K, 0% used [0x00000000d5880000,0x00000000d5880000,0x00000000d5a00000)
 ParOldGen       total 503296K, used 502482K [0x0000000080000000, 0x000000009eb80000, 0x00000000d5580000)
  object space 503296K, 99% used [0x0000000080000000,0x000000009eab48e8,0x000000009eb80000)
 Metaspace       used 65973K, committed 67520K, reserved 1114112K
  class space    used 6719K, committed 7424K, reserved 1048576K
}
Event: 61.321 GC heap after
{Heap after GC invocations=723 (full 3):
 PSYoungGen      total 2560K, used 616K [0x00000000d5580000, 0x00000000d5980000, 0x0000000100000000)
  eden space 1536K, 0% used [0x00000000d5580000,0x00000000d5580000,0x00000000d5700000)
  from space 1024K, 60% used [0x00000000d5880000,0x00000000d591a110,0x00000000d5980000)
  to   space 1024K, 0% used [0x00000000d5780000,0x00000000d5780000,0x00000000d5880000)
 ParOldGen       total 503296K, used 502934K [0x0000000080000000, 0x000000009eb80000, 0x00000000d5580000)
  object space 503296K, 99% used [0x0000000080000000,0x000000009eb25998,0x000000009eb80000)
 Metaspace       used 65973K, committed 67520K, reserved 1114112K
  class space    used 6719K, committed 7424K, reserved 1048576K
}
Event: 61.328 GC heap before
{Heap before GC invocations=724 (full 3):
 PSYoungGen      total 2560K, used 2152K [0x00000000d5580000, 0x00000000d5980000, 0x0000000100000000)
  eden space 1536K, 99% used [0x00000000d5580000,0x00000000d56ffff8,0x00000000d5700000)
  from space 1024K, 60% used [0x00000000d5880000,0x00000000d591a110,0x00000000d5980000)
  to   space 1024K, 0% used [0x00000000d5780000,0x00000000d5780000,0x00000000d5880000)
 ParOldGen       total 503296K, used 502934K [0x0000000080000000, 0x000000009eb80000, 0x00000000d5580000)
  object space 503296K, 99% used [0x0000000080000000,0x000000009eb25998,0x000000009eb80000)
 Metaspace       used 65973K, committed 67520K, reserved 1114112K
  class space    used 6719K, committed 7424K, reserved 1048576K
}
Event: 61.330 GC heap after
{Heap after GC invocations=724 (full 3):
 PSYoungGen      total 3072K, used 1006K [0x00000000d5580000, 0x00000000d5b80000, 0x0000000100000000)
  eden space 2048K, 0% used [0x00000000d5580000,0x00000000d5580000,0x00000000d5780000)
  from space 1024K, 98% used [0x00000000d5780000,0x00000000d587b918,0x00000000d5880000)
  to   space 2048K, 0% used [0x00000000d5980000,0x00000000d5980000,0x00000000d5b80000)
 ParOldGen       total 503808K, used 503617K [0x0000000080000000, 0x000000009ec00000, 0x00000000d5580000)
  object space 503808K, 99% used [0x0000000080000000,0x000000009ebd0788,0x000000009ec00000)
 Metaspace       used 65973K, committed 67520K, reserved 1114112K
  class space    used 6719K, committed 7424K, reserved 1048576K
}
Event: 61.354 GC heap before
{Heap before GC invocations=725 (full 3):
 PSYoungGen      total 3072K, used 3040K [0x00000000d5580000, 0x00000000d5b80000, 0x0000000100000000)
  eden space 2048K, 99% used [0x00000000d5580000,0x00000000d577cac8,0x00000000d5780000)
  from space 1024K, 98% used [0x00000000d5780000,0x00000000d587b918,0x00000000d5880000)
  to   space 2048K, 0% used [0x00000000d5980000,0x00000000d5980000,0x00000000d5b80000)
 ParOldGen       total 503808K, used 503617K [0x0000000080000000, 0x000000009ec00000, 0x00000000d5580000)
  object space 503808K, 99% used [0x0000000080000000,0x000000009ebd0788,0x000000009ec00000)
 Metaspace       used 65973K, committed 67520K, reserved 1114112K
  class space    used 6719K, committed 7424K, reserved 1048576K
}
Event: 61.356 GC heap after
{Heap after GC invocations=725 (full 3):
 PSYoungGen      total 4096K, used 1891K [0x00000000d5580000, 0x00000000d5c00000, 0x0000000100000000)
  eden space 2048K, 0% used [0x00000000d5580000,0x00000000d5580000,0x00000000d5780000)
  from space 2048K, 92% used [0x00000000d5980000,0x00000000d5b58e00,0x00000000d5b80000)
  to   space 2048K, 0% used [0x00000000d5780000,0x00000000d5780000,0x00000000d5980000)
 ParOldGen       total 504832K, used 504340K [0x0000000080000000, 0x000000009ed00000, 0x00000000d5580000)
  object space 504832K, 99% used [0x0000000080000000,0x000000009ec851e8,0x000000009ed00000)
 Metaspace       used 65973K, committed 67520K, reserved 1114112K
  class space    used 6719K, committed 7424K, reserved 1048576K
}
Event: 61.622 GC heap before
{Heap before GC invocations=726 (full 3):
 PSYoungGen      total 4096K, used 3939K [0x00000000d5580000, 0x00000000d5c00000, 0x0000000100000000)
  eden space 2048K, 100% used [0x00000000d5580000,0x00000000d5780000,0x00000000d5780000)
  from space 2048K, 92% used [0x00000000d5980000,0x00000000d5b58e00,0x00000000d5b80000)
  to   space 2048K, 0% used [0x00000000d5780000,0x00000000d5780000,0x00000000d5980000)
 ParOldGen       total 504832K, used 504340K [0x0000000080000000, 0x000000009ed00000, 0x00000000d5580000)
  object space 504832K, 99% used [0x0000000080000000,0x000000009ec851e8,0x000000009ed00000)
 Metaspace       used 65976K, committed 67520K, reserved 1114112K
  class space    used 6719K, committed 7424K, reserved 1048576K
}
Event: 61.625 GC heap after
{Heap after GC invocations=726 (full 3):
 PSYoungGen      total 3072K, used 682K [0x00000000d5580000, 0x00000000d5a80000, 0x0000000100000000)
  eden space 2048K, 0% used [0x00000000d5580000,0x00000000d5580000,0x00000000d5780000)
  from space 1024K, 66% used [0x00000000d5780000,0x00000000d582a800,0x00000000d5880000)
  to   space 1536K, 0% used [0x00000000d5900000,0x00000000d5900000,0x00000000d5a80000)
 ParOldGen       total 505856K, used 505654K [0x0000000080000000, 0x000000009ee00000, 0x00000000d5580000)
  object space 505856K, 99% used [0x0000000080000000,0x000000009edcda80,0x000000009ee00000)
 Metaspace       used 65976K, committed 67520K, reserved 1114112K
  class space    used 6719K, committed 7424K, reserved 1048576K
}
Event: 61.637 GC heap before
{Heap before GC invocations=727 (full 3):
 PSYoungGen      total 3072K, used 2730K [0x00000000d5580000, 0x00000000d5a80000, 0x0000000100000000)
  eden space 2048K, 100% used [0x00000000d5580000,0x00000000d5780000,0x00000000d5780000)
  from space 1024K, 66% used [0x00000000d5780000,0x00000000d582a800,0x00000000d5880000)
  to   space 1536K, 0% used [0x00000000d5900000,0x00000000d5900000,0x00000000d5a80000)
 ParOldGen       total 505856K, used 505654K [0x0000000080000000, 0x000000009ee00000, 0x00000000d5580000)
  object space 505856K, 99% used [0x0000000080000000,0x000000009edcda80,0x000000009ee00000)
 Metaspace       used 65979K, committed 67520K, reserved 1114112K
  class space    used 6719K, committed 7424K, reserved 1048576K
}
Event: 61.639 GC heap after
{Heap after GC invocations=727 (full 3):
 PSYoungGen      total 2560K, used 192K [0x00000000d5580000, 0x00000000d5980000, 0x0000000100000000)
  eden space 2048K, 0% used [0x00000000d5580000,0x00000000d5580000,0x00000000d5780000)
  from space 512K, 37% used [0x00000000d5900000,0x00000000d5930000,0x00000000d5980000)
  to   space 512K, 0% used [0x00000000d5880000,0x00000000d5880000,0x00000000d5900000)
 ParOldGen       total 506368K, used 506279K [0x0000000080000000, 0x000000009ee80000, 0x00000000d5580000)
  object space 506368K, 99% used [0x0000000080000000,0x000000009ee69d28,0x000000009ee80000)
 Metaspace       used 65979K, committed 67520K, reserved 1114112K
  class space    used 6719K, committed 7424K, reserved 1048576K
}
Event: 61.669 GC heap before
{Heap before GC invocations=728 (full 3):
 PSYoungGen      total 2560K, used 2240K [0x00000000d5580000, 0x00000000d5980000, 0x0000000100000000)
  eden space 2048K, 100% used [0x00000000d5580000,0x00000000d5780000,0x00000000d5780000)
  from space 512K, 37% used [0x00000000d5900000,0x00000000d5930000,0x00000000d5980000)
  to   space 512K, 0% used [0x00000000d5880000,0x00000000d5880000,0x00000000d5900000)
 ParOldGen       total 506368K, used 506279K [0x0000000080000000, 0x000000009ee80000, 0x00000000d5580000)
  object space 506368K, 99% used [0x0000000080000000,0x000000009ee69d28,0x000000009ee80000)
 Metaspace       used 65983K, committed 67520K, reserved 1114112K
  class space    used 6719K, committed 7424K, reserved 1048576K
}
Event: 61.671 GC heap after
{Heap after GC invocations=728 (full 3):
 PSYoungGen      total 2560K, used 480K [0x00000000d5580000, 0x00000000d5980000, 0x0000000100000000)
  eden space 2048K, 0% used [0x00000000d5580000,0x00000000d5580000,0x00000000d5780000)
  from space 512K, 93% used [0x00000000d5880000,0x00000000d58f8020,0x00000000d5900000)
  to   space 512K, 0% used [0x00000000d5900000,0x00000000d5900000,0x00000000d5980000)
 ParOldGen       total 506880K, used 506423K [0x0000000080000000, 0x000000009ef00000, 0x00000000d5580000)
  object space 506880K, 99% used [0x0000000080000000,0x000000009ee8dd28,0x000000009ef00000)
 Metaspace       used 65983K, committed 67520K, reserved 1114112K
  class space    used 6719K, committed 7424K, reserved 1048576K
}
Event: 61.716 GC heap before
{Heap before GC invocations=729 (full 3):
 PSYoungGen      total 2560K, used 2528K [0x00000000d5580000, 0x00000000d5980000, 0x0000000100000000)
  eden space 2048K, 100% used [0x00000000d5580000,0x00000000d5780000,0x00000000d5780000)
  from space 512K, 93% used [0x00000000d5880000,0x00000000d58f8020,0x00000000d5900000)
  to   space 512K, 0% used [0x00000000d5900000,0x00000000d5900000,0x00000000d5980000)
 ParOldGen       total 506880K, used 506423K [0x0000000080000000, 0x000000009ef00000, 0x00000000d5580000)
  object space 506880K, 99% used [0x0000000080000000,0x000000009ee8dd28,0x000000009ef00000)
 Metaspace       used 66009K, committed 67584K, reserved 1114112K
  class space    used 6719K, committed 7424K, reserved 1048576K
}
Event: 61.719 GC heap after
{Heap after GC invocations=729 (full 3):
 PSYoungGen      total 2560K, used 352K [0x00000000d5580000, 0x00000000d5980000, 0x0000000100000000)
  eden space 2048K, 0% used [0x00000000d5580000,0x00000000d5580000,0x00000000d5780000)
  from space 512K, 68% used [0x00000000d5900000,0x00000000d5958000,0x00000000d5980000)
  to   space 512K, 0% used [0x00000000d5880000,0x00000000d5880000,0x00000000d5900000)
 ParOldGen       total 506880K, used 506775K [0x0000000080000000, 0x000000009ef00000, 0x00000000d5580000)
  object space 506880K, 99% used [0x0000000080000000,0x000000009eee5d48,0x000000009ef00000)
 Metaspace       used 66009K, committed 67584K, reserved 1114112K
  class space    used 6719K, committed 7424K, reserved 1048576K
}
Event: 61.786 GC heap before
{Heap before GC invocations=730 (full 3):
 PSYoungGen      total 2560K, used 2400K [0x00000000d5580000, 0x00000000d5980000, 0x0000000100000000)
  eden space 2048K, 100% used [0x00000000d5580000,0x00000000d5780000,0x00000000d5780000)
  from space 512K, 68% used [0x00000000d5900000,0x00000000d5958000,0x00000000d5980000)
  to   space 512K, 0% used [0x00000000d5880000,0x00000000d5880000,0x00000000d5900000)
 ParOldGen       total 506880K, used 506775K [0x0000000080000000, 0x000000009ef00000, 0x00000000d5580000)
  object space 506880K, 99% used [0x0000000080000000,0x000000009eee5d48,0x000000009ef00000)
 Metaspace       used 66010K, committed 67584K, reserved 1114112K
  class space    used 6719K, committed 7424K, reserved 1048576K
}
Event: 61.788 GC heap after
{Heap after GC invocations=730 (full 3):
 PSYoungGen      total 2560K, used 320K [0x00000000d5580000, 0x00000000d5980000, 0x0000000100000000)
  eden space 2048K, 0% used [0x00000000d5580000,0x00000000d5580000,0x00000000d5780000)
  from space 512K, 62% used [0x00000000d5880000,0x00000000d58d0000,0x00000000d5900000)
  to   space 512K, 0% used [0x00000000d5900000,0x00000000d5900000,0x00000000d5980000)
 ParOldGen       total 507392K, used 507007K [0x0000000080000000, 0x000000009ef80000, 0x00000000d5580000)
  object space 507392K, 99% used [0x0000000080000000,0x000000009ef1fd48,0x000000009ef80000)
 Metaspace       used 66010K, committed 67584K, reserved 1114112K
  class space    used 6719K, committed 7424K, reserved 1048576K
}
Event: 61.835 GC heap before
{Heap before GC invocations=731 (full 3):
 PSYoungGen      total 2560K, used 2367K [0x00000000d5580000, 0x00000000d5980000, 0x0000000100000000)
  eden space 2048K, 99% used [0x00000000d5580000,0x00000000d577fff8,0x00000000d5780000)
  from space 512K, 62% used [0x00000000d5880000,0x00000000d58d0000,0x00000000d5900000)
  to   space 512K, 0% used [0x00000000d5900000,0x00000000d5900000,0x00000000d5980000)
 ParOldGen       total 507392K, used 507007K [0x0000000080000000, 0x000000009ef80000, 0x00000000d5580000)
  object space 507392K, 99% used [0x0000000080000000,0x000000009ef1fd48,0x000000009ef80000)
 Metaspace       used 66021K, committed 67584K, reserved 1114112K
  class space    used 6719K, committed 7424K, reserved 1048576K
}
Event: 61.837 GC heap after
{Heap after GC invocations=731 (full 3):
 PSYoungGen      total 2560K, used 352K [0x00000000d5580000, 0x00000000d5980000, 0x0000000100000000)
  eden space 2048K, 0% used [0x00000000d5580000,0x00000000d5580000,0x00000000d5780000)
  from space 512K, 68% used [0x00000000d5900000,0x00000000d5958000,0x00000000d5980000)
  to   space 512K, 0% used [0x00000000d5880000,0x00000000d5880000,0x00000000d5900000)
 ParOldGen       total 507392K, used 507227K [0x0000000080000000, 0x000000009ef80000, 0x00000000d5580000)
  object space 507392K, 99% used [0x0000000080000000,0x000000009ef56d58,0x000000009ef80000)
 Metaspace       used 66021K, committed 67584K, reserved 1114112K
  class space    used 6719K, committed 7424K, reserved 1048576K
}
Event: 61.876 GC heap before
{Heap before GC invocations=732 (full 3):
 PSYoungGen      total 2560K, used 2397K [0x00000000d5580000, 0x00000000d5980000, 0x0000000100000000)
  eden space 2048K, 99% used [0x00000000d5580000,0x00000000d577f610,0x00000000d5780000)
  from space 512K, 68% used [0x00000000d5900000,0x00000000d5958000,0x00000000d5980000)
  to   space 512K, 0% used [0x00000000d5880000,0x00000000d5880000,0x00000000d5900000)
 ParOldGen       total 507392K, used 507227K [0x0000000080000000, 0x000000009ef80000, 0x00000000d5580000)
  object space 507392K, 99% used [0x0000000080000000,0x000000009ef56d58,0x000000009ef80000)
 Metaspace       used 66022K, committed 67584K, reserved 1114112K
  class space    used 6719K, committed 7424K, reserved 1048576K
}
Event: 61.879 GC heap after
{Heap after GC invocations=732 (full 3):
 PSYoungGen      total 2560K, used 368K [0x00000000d5580000, 0x00000000d5980000, 0x0000000100000000)
  eden space 2048K, 0% used [0x00000000d5580000,0x00000000d5580000,0x00000000d5780000)
  from space 512K, 71% used [0x00000000d5880000,0x00000000d58dc010,0x00000000d5900000)
  to   space 512K, 0% used [0x00000000d5900000,0x00000000d5900000,0x00000000d5980000)
 ParOldGen       total 507904K, used 507435K [0x0000000080000000, 0x000000009f000000, 0x00000000d5580000)
  object space 507904K, 99% used [0x0000000080000000,0x000000009ef8ad58,0x000000009f000000)
 Metaspace       used 66022K, committed 67584K, reserved 1114112K
  class space    used 6719K, committed 7424K, reserved 1048576K
}

Dll operation events (10 events):
Event: 0.050 Loaded shared library c:\Users\TCHAMGOUE Yann\.vscode\extensions\redhat.java-1.44.0-win32-x64\jre\21.0.8-win32-x86_64\bin\java.dll
Event: 0.288 Loaded shared library c:\Users\TCHAMGOUE Yann\.vscode\extensions\redhat.java-1.44.0-win32-x64\jre\21.0.8-win32-x86_64\bin\zip.dll
Event: 0.371 Loaded shared library C:\Users\TCHAMGOUE Yann\.vscode\extensions\redhat.java-1.44.0-win32-x64\jre\21.0.8-win32-x86_64\bin\instrument.dll
Event: 0.380 Loaded shared library C:\Users\TCHAMGOUE Yann\.vscode\extensions\redhat.java-1.44.0-win32-x64\jre\21.0.8-win32-x86_64\bin\net.dll
Event: 0.384 Loaded shared library C:\Users\TCHAMGOUE Yann\.vscode\extensions\redhat.java-1.44.0-win32-x64\jre\21.0.8-win32-x86_64\bin\nio.dll
Event: 0.424 Loaded shared library C:\Users\TCHAMGOUE Yann\.vscode\extensions\redhat.java-1.44.0-win32-x64\jre\21.0.8-win32-x86_64\bin\zip.dll
Event: 0.521 Loaded shared library C:\Users\TCHAMGOUE Yann\.vscode\extensions\redhat.java-1.44.0-win32-x64\jre\21.0.8-win32-x86_64\bin\jimage.dll
Event: 0.710 Loaded shared library c:\Users\TCHAMGOUE Yann\.vscode\extensions\redhat.java-1.44.0-win32-x64\jre\21.0.8-win32-x86_64\bin\verify.dll
Event: 3.326 Loaded shared library C:\Users\TCHAMGOUE Yann\AppData\Roaming\Code\User\globalStorage\redhat.java\1.44.0\config_win\org.eclipse.equinox.launcher\org.eclipse.equinox.launcher.win32.win32.x86_64_1.2.1400.v20250730-1736\eclipse_11913.dll
Event: 8.170 Loaded shared library C:\Users\TCHAMGOUE Yann\AppData\Local\Temp\jna-818174091\jna10823909764987347869.dll

Deoptimization events (20 events):
Event: 59.944 Thread 0x000002537509b500 DEOPT PACKING pc=0x000002531bd98072 sp=0x00000080610fee80
Event: 59.944 Thread 0x000002537509b500 DEOPT UNPACKING pc=0x0000025321224242 sp=0x00000080610fe3f8 mode 0
Event: 59.973 Thread 0x000002537509b500 DEOPT PACKING pc=0x000002531bd98072 sp=0x00000080610fee80
Event: 59.973 Thread 0x000002537509b500 DEOPT UNPACKING pc=0x0000025321224242 sp=0x00000080610fe3f8 mode 0
Event: 59.978 Thread 0x000002537509b500 Uncommon trap: trap_request=0xffffff45 fr.pc=0x0000025321fd8ebc relative=0x000000000000143c
Event: 59.978 Thread 0x000002537509b500 Uncommon trap: reason=unstable_if action=reinterpret pc=0x0000025321fd8ebc method=org.eclipse.jdt.internal.compiler.classfmt.AnnotationInfo.scanElementValue(I)I @ 167 c2
Event: 59.978 Thread 0x000002537509b500 DEOPT PACKING pc=0x0000025321fd8ebc sp=0x00000080610fec20
Event: 59.978 Thread 0x000002537509b500 DEOPT UNPACKING pc=0x0000025321223aa2 sp=0x00000080610feb48 mode 2
Event: 59.990 Thread 0x000002537509b500 DEOPT PACKING pc=0x000002531bd98072 sp=0x00000080610fee80
Event: 59.990 Thread 0x000002537509b500 DEOPT UNPACKING pc=0x0000025321224242 sp=0x00000080610fe3f8 mode 0
Event: 60.005 Thread 0x000002537509b500 DEOPT PACKING pc=0x000002531bd98072 sp=0x00000080610fee80
Event: 60.005 Thread 0x000002537509b500 DEOPT UNPACKING pc=0x0000025321224242 sp=0x00000080610fe3f8 mode 0
Event: 61.126 Thread 0x0000025378699080 Uncommon trap: trap_request=0xffffffc6 fr.pc=0x00000253220d4724 relative=0x0000000000000ce4
Event: 61.126 Thread 0x0000025378699080 Uncommon trap: reason=bimorphic_or_optimized_type_check action=maybe_recompile pc=0x00000253220d4724 method=java.util.concurrent.ConcurrentHashMap.putAll(Ljava/util/Map;)V @ 23 c2
Event: 61.126 Thread 0x0000025378699080 DEOPT PACKING pc=0x00000253220d4724 sp=0x00000080606fe4c0
Event: 61.126 Thread 0x0000025378699080 DEOPT UNPACKING pc=0x0000025321223aa2 sp=0x00000080606fe480 mode 2
Event: 61.853 Thread 0x000002537720cbb0 Uncommon trap: trap_request=0xffffff6e fr.pc=0x00000253224cb538 relative=0x0000000000000098
Event: 61.853 Thread 0x000002537720cbb0 Uncommon trap: reason=loop_limit_check action=maybe_recompile pc=0x00000253224cb538 method=org.eclipse.jdt.internal.compiler.lookup.BinaryTypeBinding.superInterfaces()[Lorg/eclipse/jdt/internal/compiler/lookup/ReferenceBinding; @ 266 c2
Event: 61.853 Thread 0x000002537720cbb0 DEOPT PACKING pc=0x00000253224cb538 sp=0x00000080631fe750
Event: 61.853 Thread 0x000002537720cbb0 DEOPT UNPACKING pc=0x0000025321223aa2 sp=0x00000080631fe6e8 mode 2

Classes loaded (20 events):
Event: 36.942 Loading class java/util/stream/DistinctOps
Event: 36.942 Loading class java/util/stream/DistinctOps done
Event: 36.942 Loading class java/util/stream/DistinctOps$1
Event: 36.943 Loading class java/util/stream/DistinctOps$1 done
Event: 36.975 Loading class java/util/stream/DistinctOps$1$2
Event: 36.975 Loading class java/util/stream/DistinctOps$1$2 done
Event: 36.978 Loading class java/util/Collections$2
Event: 36.979 Loading class java/util/Collections$2 done
Event: 37.964 Loading class java/io/CharArrayWriter
Event: 37.965 Loading class java/io/CharArrayWriter done
Event: 38.036 Loading class java/nio/file/attribute/PosixFileAttributes
Event: 38.037 Loading class java/nio/file/attribute/PosixFileAttributes done
Event: 41.164 Loading class jdk/internal/module/IllegalAccessLogger
Event: 41.164 Loading class jdk/internal/module/IllegalAccessLogger done
Event: 47.289 Loading class jdk/internal/module/IllegalAccessLogger
Event: 47.289 Loading class jdk/internal/module/IllegalAccessLogger done
Event: 55.427 Loading class sun/nio/fs/WindowsFileCopy
Event: 55.427 Loading class sun/nio/fs/WindowsFileCopy done
Event: 61.816 Loading class jdk/internal/module/IllegalAccessLogger
Event: 61.816 Loading class jdk/internal/module/IllegalAccessLogger done

Classes unloaded (7 events):
Event: 9.282 Thread 0x000002532d513640 Unloading class 0x000002532f1ab800 'java/lang/invoke/LambdaForm$MH+0x000002532f1ab800'
Event: 9.282 Thread 0x000002532d513640 Unloading class 0x000002532f1ab400 'java/lang/invoke/LambdaForm$MH+0x000002532f1ab400'
Event: 9.282 Thread 0x000002532d513640 Unloading class 0x000002532f1ab000 'java/lang/invoke/LambdaForm$MH+0x000002532f1ab000'
Event: 9.282 Thread 0x000002532d513640 Unloading class 0x000002532f1aac00 'java/lang/invoke/LambdaForm$MH+0x000002532f1aac00'
Event: 9.282 Thread 0x000002532d513640 Unloading class 0x000002532f1aa800 'java/lang/invoke/LambdaForm$BMH+0x000002532f1aa800'
Event: 9.282 Thread 0x000002532d513640 Unloading class 0x000002532f1aa400 'java/lang/invoke/LambdaForm$DMH+0x000002532f1aa400'
Event: 9.282 Thread 0x000002532d513640 Unloading class 0x000002532f1a9000 'java/lang/invoke/LambdaForm$DMH+0x000002532f1a9000'

Classes redefined (0 events):
No events

Internal exceptions (20 events):
Event: 45.567 Thread 0x0000025378699080 Exception <a 'sun/nio/fs/WindowsException'{0x00000000d56b4a18}> (0x00000000d56b4a18) 
thrown [s\src\hotspot\share\prims\jni.cpp, line 520]
Event: 45.568 Thread 0x00000253772090a0 Exception <a 'sun/nio/fs/WindowsException'{0x00000000d56e42a8}> (0x00000000d56e42a8) 
thrown [s\src\hotspot\share\prims\jni.cpp, line 520]
Event: 45.569 Thread 0x0000025377208a10 Exception <a 'sun/nio/fs/WindowsException'{0x00000000d5717b00}> (0x00000000d5717b00) 
thrown [s\src\hotspot\share\prims\jni.cpp, line 520]
Event: 47.442 Thread 0x0000025378699080 Exception <a 'sun/nio/fs/WindowsException'{0x00000000d568ec80}> (0x00000000d568ec80) 
thrown [s\src\hotspot\share\prims\jni.cpp, line 520]
Event: 47.443 Thread 0x0000025378699080 Exception <a 'sun/nio/fs/WindowsException'{0x00000000d568f2b0}> (0x00000000d568f2b0) 
thrown [s\src\hotspot\share\prims\jni.cpp, line 520]
Event: 55.428 Thread 0x000002537509b500 Exception <a 'sun/nio/fs/WindowsException'{0x00000000d55b4e68}> (0x00000000d55b4e68) 
thrown [s\src\hotspot\share\prims\jni.cpp, line 520]
Event: 55.452 Thread 0x000002537509b500 Exception <a 'sun/nio/fs/WindowsException'{0x00000000d55e3a50}> (0x00000000d55e3a50) 
thrown [s\src\hotspot\share\prims\jni.cpp, line 520]
Event: 55.460 Thread 0x000002537509b500 Exception <a 'sun/nio/fs/WindowsException'{0x00000000d55f4808}> (0x00000000d55f4808) 
thrown [s\src\hotspot\share\prims\jni.cpp, line 520]
Event: 59.150 Thread 0x000002537509b500 Exception <a 'sun/nio/fs/WindowsException'{0x00000000d559d9b8}> (0x00000000d559d9b8) 
thrown [s\src\hotspot\share\prims\jni.cpp, line 520]
Event: 61.127 Thread 0x0000025378699080 Exception <a 'sun/nio/fs/WindowsException'{0x00000000d55f1f68}> (0x00000000d55f1f68) 
thrown [s\src\hotspot\share\prims\jni.cpp, line 520]
Event: 61.128 Thread 0x00000253772090a0 Exception <a 'sun/nio/fs/WindowsException'{0x00000000d56452d0}> (0x00000000d56452d0) 
thrown [s\src\hotspot\share\prims\jni.cpp, line 520]
Event: 61.128 Thread 0x0000025377208a10 Exception <a 'sun/nio/fs/WindowsException'{0x00000000d56681f8}> (0x00000000d56681f8) 
thrown [s\src\hotspot\share\prims\jni.cpp, line 520]
Event: 61.129 Thread 0x0000025377209730 Exception <a 'sun/nio/fs/WindowsException'{0x00000000d56ab388}> (0x00000000d56ab388) 
thrown [s\src\hotspot\share\prims\jni.cpp, line 520]
Event: 61.129 Thread 0x000002537720a450 Exception <a 'sun/nio/fs/WindowsException'{0x00000000d56ac830}> (0x00000000d56ac830) 
thrown [s\src\hotspot\share\prims\jni.cpp, line 520]
Event: 61.130 Thread 0x000002537720b170 Exception <a 'sun/nio/fs/WindowsException'{0x00000000d56abde8}> (0x00000000d56abde8) 
thrown [s\src\hotspot\share\prims\jni.cpp, line 520]
Event: 61.130 Thread 0x0000025377208380 Exception <a 'sun/nio/fs/WindowsException'{0x00000000d56aff20}> (0x00000000d56aff20) 
thrown [s\src\hotspot\share\prims\jni.cpp, line 520]
Event: 61.131 Thread 0x000002537869a430 Exception <a 'sun/nio/fs/WindowsException'{0x00000000d56e0b70}> (0x00000000d56e0b70) 
thrown [s\src\hotspot\share\prims\jni.cpp, line 520]
Event: 61.132 Thread 0x000002537720b170 Exception <a 'sun/nio/fs/WindowsException'{0x00000000d56ff158}> (0x00000000d56ff158) 
thrown [s\src\hotspot\share\prims\jni.cpp, line 520]
Event: 61.148 Thread 0x000002537720aae0 Exception <a 'sun/nio/fs/WindowsException'{0x00000000d5580ad0}> (0x00000000d5580ad0) 
thrown [s\src\hotspot\share\prims\jni.cpp, line 520]
Event: 61.617 Thread 0x000002537509b500 Exception <a 'sun/nio/fs/WindowsException'{0x00000000d5614f20}> (0x00000000d5614f20) 
thrown [s\src\hotspot\share\prims\jni.cpp, line 520]

ZGC Phase Switch (0 events):
No events

VM Operations (20 events):
Event: 61.320 Executing VM operation: ParallelGCFailedAllocation (Allocation Failure)
Event: 61.321 Executing VM operation: ParallelGCFailedAllocation (Allocation Failure) done
Event: 61.328 Executing VM operation: ParallelGCFailedAllocation (Allocation Failure)
Event: 61.330 Executing VM operation: ParallelGCFailedAllocation (Allocation Failure) done
Event: 61.353 Executing VM operation: ParallelGCFailedAllocation (Allocation Failure)
Event: 61.356 Executing VM operation: ParallelGCFailedAllocation (Allocation Failure) done
Event: 61.622 Executing VM operation: ParallelGCFailedAllocation (Allocation Failure)
Event: 61.625 Executing VM operation: ParallelGCFailedAllocation (Allocation Failure) done
Event: 61.637 Executing VM operation: ParallelGCFailedAllocation (Allocation Failure)
Event: 61.639 Executing VM operation: ParallelGCFailedAllocation (Allocation Failure) done
Event: 61.669 Executing VM operation: ParallelGCFailedAllocation (Allocation Failure)
Event: 61.671 Executing VM operation: ParallelGCFailedAllocation (Allocation Failure) done
Event: 61.716 Executing VM operation: ParallelGCFailedAllocation (Allocation Failure)
Event: 61.719 Executing VM operation: ParallelGCFailedAllocation (Allocation Failure) done
Event: 61.786 Executing VM operation: ParallelGCFailedAllocation (Allocation Failure)
Event: 61.788 Executing VM operation: ParallelGCFailedAllocation (Allocation Failure) done
Event: 61.835 Executing VM operation: ParallelGCFailedAllocation (Allocation Failure)
Event: 61.837 Executing VM operation: ParallelGCFailedAllocation (Allocation Failure) done
Event: 61.876 Executing VM operation: ParallelGCFailedAllocation (Allocation Failure)
Event: 61.879 Executing VM operation: ParallelGCFailedAllocation (Allocation Failure) done

Memory protections (0 events):
No events

Nmethod flushes (20 events):
Event: 29.633 Thread 0x000002532d513640 flushing  nmethod 0x000002531a70ae90
Event: 29.633 Thread 0x000002532d513640 flushing  nmethod 0x000002531a725a90
Event: 29.633 Thread 0x000002532d513640 flushing  nmethod 0x000002531a734810
Event: 29.633 Thread 0x000002532d513640 flushing  nmethod 0x000002531a749a10
Event: 29.633 Thread 0x000002532d513640 flushing  nmethod 0x000002531a74a810
Event: 29.633 Thread 0x000002532d513640 flushing  nmethod 0x000002531a74b610
Event: 29.633 Thread 0x000002532d513640 flushing  nmethod 0x000002531a74de10
Event: 29.633 Thread 0x000002532d513640 flushing  nmethod 0x000002531a74e410
Event: 29.633 Thread 0x000002532d513640 flushing  nmethod 0x000002531a74ef90
Event: 29.633 Thread 0x000002532d513640 flushing  nmethod 0x000002531a750690
Event: 29.633 Thread 0x000002532d513640 flushing  nmethod 0x000002531a764790
Event: 29.633 Thread 0x000002532d513640 flushing osr nmethod 0x000002531a769010
Event: 29.633 Thread 0x000002532d513640 flushing  nmethod 0x000002531a76ad90
Event: 29.633 Thread 0x000002532d513640 flushing  nmethod 0x000002531a779210
Event: 29.633 Thread 0x000002532d513640 flushing  nmethod 0x000002531a79a510
Event: 29.633 Thread 0x000002532d513640 flushing  nmethod 0x000002531a7b1e90
Event: 29.633 Thread 0x000002532d513640 flushing  nmethod 0x000002531a7d8790
Event: 29.633 Thread 0x000002532d513640 flushing  nmethod 0x000002531a800d10
Event: 29.633 Thread 0x000002532d513640 flushing  nmethod 0x000002531a824f10
Event: 29.633 Thread 0x000002532d513640 flushing osr nmethod 0x000002531a825e10

Events (20 events):
Event: 53.422 Thread 0x0000025377474cb0 Thread exited: 0x0000025377474cb0
Event: 53.909 Thread 0x0000025378e0fee0 Thread exited: 0x0000025378e0fee0
Event: 53.909 Thread 0x0000025311323ff0 Thread exited: 0x0000025311323ff0
Event: 55.113 Thread 0x000002532d5279b0 Thread added: 0x0000025311323ff0
Event: 55.538 Thread 0x00000253740541b0 Thread added: 0x00000253749581e0
Event: 56.569 Thread 0x0000025378699080 Thread added: 0x0000025377474cb0
Event: 56.570 Thread 0x0000025378699080 Thread added: 0x0000025377471830
Event: 56.570 Thread 0x0000025378699080 Thread added: 0x0000025377477410
Event: 56.570 Thread 0x0000025378699080 Thread added: 0x0000025377476d80
Event: 56.571 Thread 0x0000025378699080 Thread added: 0x0000025377477aa0
Event: 57.747 Thread 0x00000253749581e0 Thread exited: 0x00000253749581e0
Event: 58.330 Thread 0x0000025377474cb0 Thread exited: 0x0000025377474cb0
Event: 58.330 Thread 0x0000025377471830 Thread exited: 0x0000025377471830
Event: 58.330 Thread 0x0000025377476d80 Thread exited: 0x0000025377476d80
Event: 58.330 Thread 0x0000025377477410 Thread exited: 0x0000025377477410
Event: 58.330 Thread 0x0000025377477aa0 Thread exited: 0x0000025377477aa0
Event: 58.766 Thread 0x0000025311323ff0 Thread exited: 0x0000025311323ff0
Event: 59.127 Thread 0x000002532d5279b0 Thread added: 0x0000025311323ff0
Event: 59.490 Thread 0x0000025311323ff0 Thread exited: 0x0000025311323ff0
Event: 61.808 Thread 0x00000253740541b0 Thread added: 0x0000025377089260


Dynamic libraries:
0x00007ff683630000 - 0x00007ff68363e000 	c:\Users\TCHAMGOUE Yann\.vscode\extensions\redhat.java-1.44.0-win32-x64\jre\21.0.8-win32-x86_64\bin\java.exe
0x00007ff99f420000 - 0x00007ff99f680000 	C:\WINDOWS\SYSTEM32\ntdll.dll
0x00007ff9724d0000 - 0x00007ff9724f0000 	C:\Program Files\Avast Software\Avast\aswhook.dll
0x00007ff99e640000 - 0x00007ff99e707000 	C:\WINDOWS\System32\KERNEL32.DLL
0x00007ff99cb90000 - 0x00007ff99cf5b000 	C:\WINDOWS\System32\KERNELBASE.dll
0x00007ff99c8c0000 - 0x00007ff99ca0b000 	C:\WINDOWS\System32\ucrtbase.dll
0x00007ff9285b0000 - 0x00007ff9285c8000 	c:\Users\TCHAMGOUE Yann\.vscode\extensions\redhat.java-1.44.0-win32-x64\jre\21.0.8-win32-x86_64\bin\jli.dll
0x00007ff99ee80000 - 0x00007ff99f04c000 	C:\WINDOWS\System32\USER32.dll
0x00007ff9284a0000 - 0x00007ff9284be000 	c:\Users\TCHAMGOUE Yann\.vscode\extensions\redhat.java-1.44.0-win32-x64\jre\21.0.8-win32-x86_64\bin\VCRUNTIME140.dll
0x00007ff99cf60000 - 0x00007ff99cf87000 	C:\WINDOWS\System32\win32u.dll
0x00007ff99f170000 - 0x00007ff99f19a000 	C:\WINDOWS\System32\GDI32.dll
0x00007ff981720000 - 0x00007ff9819b7000 	C:\WINDOWS\WinSxS\amd64_microsoft.windows.common-controls_6595b64144ccf1df_6.0.26100.3624_none_3e086962e3345f24\COMCTL32.dll
0x00007ff99d030000 - 0x00007ff99d161000 	C:\WINDOWS\System32\gdi32full.dll
0x00007ff99d170000 - 0x00007ff99d213000 	C:\WINDOWS\System32\msvcp_win.dll
0x00007ff99f0c0000 - 0x00007ff99f169000 	C:\WINDOWS\System32\msvcrt.dll
0x00007ff99f080000 - 0x00007ff99f0af000 	C:\WINDOWS\System32\IMM32.DLL
0x00007ff928610000 - 0x00007ff92861c000 	c:\Users\TCHAMGOUE Yann\.vscode\extensions\redhat.java-1.44.0-win32-x64\jre\21.0.8-win32-x86_64\bin\vcruntime140_1.dll
0x00007ff8fc3b0000 - 0x00007ff8fc43d000 	c:\Users\TCHAMGOUE Yann\.vscode\extensions\redhat.java-1.44.0-win32-x64\jre\21.0.8-win32-x86_64\bin\msvcp140.dll
0x00007ff8ea540000 - 0x00007ff8eb2d7000 	c:\Users\TCHAMGOUE Yann\.vscode\extensions\redhat.java-1.44.0-win32-x64\jre\21.0.8-win32-x86_64\bin\server\jvm.dll
0x00007ff99e710000 - 0x00007ff99e7c3000 	C:\WINDOWS\System32\ADVAPI32.dll
0x00007ff99d2a0000 - 0x00007ff99d346000 	C:\WINDOWS\System32\sechost.dll
0x00007ff99e520000 - 0x00007ff99e636000 	C:\WINDOWS\System32\RPCRT4.dll
0x00007ff99d220000 - 0x00007ff99d294000 	C:\WINDOWS\System32\WS2_32.dll
0x00007ff99c2c0000 - 0x00007ff99c31e000 	C:\WINDOWS\SYSTEM32\POWRPROF.dll
0x00007ff988e10000 - 0x00007ff988e46000 	C:\WINDOWS\SYSTEM32\WINMM.dll
0x00007ff98d120000 - 0x00007ff98d12b000 	C:\WINDOWS\SYSTEM32\VERSION.dll
0x00007ff99c2a0000 - 0x00007ff99c2b4000 	C:\WINDOWS\SYSTEM32\UMPDC.dll
0x00007ff99b410000 - 0x00007ff99b42a000 	C:\WINDOWS\SYSTEM32\kernel.appcore.dll
0x00007ff928490000 - 0x00007ff92849a000 	c:\Users\TCHAMGOUE Yann\.vscode\extensions\redhat.java-1.44.0-win32-x64\jre\21.0.8-win32-x86_64\bin\jimage.dll
0x00007ff98cd00000 - 0x00007ff98cf41000 	C:\WINDOWS\SYSTEM32\DBGHELP.DLL
0x00007ff99e190000 - 0x00007ff99e513000 	C:\WINDOWS\System32\combase.dll
0x00007ff99d3f0000 - 0x00007ff99d4c6000 	C:\WINDOWS\System32\OLEAUT32.dll
0x00007ff98ccc0000 - 0x00007ff98ccf9000 	C:\WINDOWS\SYSTEM32\dbgcore.DLL
0x00007ff99cf90000 - 0x00007ff99d029000 	C:\WINDOWS\System32\bcryptPrimitives.dll
0x00007ff928480000 - 0x00007ff92848f000 	c:\Users\TCHAMGOUE Yann\.vscode\extensions\redhat.java-1.44.0-win32-x64\jre\21.0.8-win32-x86_64\bin\instrument.dll
0x00007ff8fc850000 - 0x00007ff8fc86f000 	c:\Users\TCHAMGOUE Yann\.vscode\extensions\redhat.java-1.44.0-win32-x64\jre\21.0.8-win32-x86_64\bin\java.dll
0x00007ff99d4e0000 - 0x00007ff99dc09000 	C:\WINDOWS\System32\SHELL32.dll
0x00007ff99c750000 - 0x00007ff99c8b8000 	C:\WINDOWS\System32\wintypes.dll
0x00007ff99a270000 - 0x00007ff99aac2000 	C:\WINDOWS\SYSTEM32\windows.storage.dll
0x00007ff99e0a0000 - 0x00007ff99e18d000 	C:\WINDOWS\System32\SHCORE.dll
0x00007ff99e7d0000 - 0x00007ff99e834000 	C:\WINDOWS\System32\shlwapi.dll
0x00007ff99c510000 - 0x00007ff99c53f000 	C:\WINDOWS\SYSTEM32\profapi.dll
0x00007ff8fc810000 - 0x00007ff8fc828000 	c:\Users\TCHAMGOUE Yann\.vscode\extensions\redhat.java-1.44.0-win32-x64\jre\21.0.8-win32-x86_64\bin\zip.dll
0x00007ff928470000 - 0x00007ff928480000 	C:\Users\TCHAMGOUE Yann\.vscode\extensions\redhat.java-1.44.0-win32-x64\jre\21.0.8-win32-x86_64\bin\net.dll
0x00007ff990ce0000 - 0x00007ff990dfd000 	C:\WINDOWS\SYSTEM32\WINHTTP.dll
0x00007ff99b930000 - 0x00007ff99b99a000 	C:\WINDOWS\system32\mswsock.dll
0x00007ff8fc710000 - 0x00007ff8fc726000 	C:\Users\TCHAMGOUE Yann\.vscode\extensions\redhat.java-1.44.0-win32-x64\jre\21.0.8-win32-x86_64\bin\nio.dll
0x00007ff8fc800000 - 0x00007ff8fc810000 	c:\Users\TCHAMGOUE Yann\.vscode\extensions\redhat.java-1.44.0-win32-x64\jre\21.0.8-win32-x86_64\bin\verify.dll
0x00007ff8fc310000 - 0x00007ff8fc355000 	C:\Users\TCHAMGOUE Yann\AppData\Roaming\Code\User\globalStorage\redhat.java\1.44.0\config_win\org.eclipse.equinox.launcher\org.eclipse.equinox.launcher.win32.win32.x86_64_1.2.1400.v20250730-1736\eclipse_11913.dll
0x00007ff99dc20000 - 0x00007ff99ddb6000 	C:\WINDOWS\System32\ole32.dll
0x00007ff99bbd0000 - 0x00007ff99bbec000 	C:\WINDOWS\SYSTEM32\CRYPTSP.dll
0x00007ff99b370000 - 0x00007ff99b3aa000 	C:\WINDOWS\system32\rsaenh.dll
0x00007ff99b9d0000 - 0x00007ff99b9fb000 	C:\WINDOWS\SYSTEM32\USERENV.dll
0x00007ff99be10000 - 0x00007ff99be36000 	C:\WINDOWS\SYSTEM32\bcrypt.dll
0x00007ff99bbf0000 - 0x00007ff99bbfc000 	C:\WINDOWS\SYSTEM32\CRYPTBASE.dll
0x00007ff99af30000 - 0x00007ff99af63000 	C:\WINDOWS\SYSTEM32\IPHLPAPI.DLL
0x00007ff99d4d0000 - 0x00007ff99d4da000 	C:\WINDOWS\System32\NSI.dll
0x00007ff97d910000 - 0x00007ff97d959000 	C:\Users\TCHAMGOUE Yann\AppData\Local\Temp\jna-818174091\jna10823909764987347869.dll
0x00007ff99f050000 - 0x00007ff99f058000 	C:\WINDOWS\System32\PSAPI.DLL
0x00007ff9912d0000 - 0x00007ff9912ef000 	C:\WINDOWS\SYSTEM32\dhcpcsvc6.DLL
0x00007ff9912a0000 - 0x00007ff9912c5000 	C:\WINDOWS\SYSTEM32\dhcpcsvc.DLL

JVMTI agents:
c:\Users\TCHAMGOUE Yann\.vscode\extensions\redhat.java-1.44.0-win32-x64\lombok\lombok-1.18.39-4050.jar path:c:\Users\TCHAMGOUE Yann\.vscode\extensions\redhat.java-1.44.0-win32-x64\jre\21.0.8-win32-x86_64\bin\instrument.dll, loaded, initialized, instrumentlib options:none

dbghelp: loaded successfully - version: 4.0.5 - missing functions: none
symbol engine: initialized successfully - sym options: 0x614 - pdb path: .;c:\Users\TCHAMGOUE Yann\.vscode\extensions\redhat.java-1.44.0-win32-x64\jre\21.0.8-win32-x86_64\bin;C:\WINDOWS\SYSTEM32;C:\Program Files\Avast Software\Avast;C:\WINDOWS\WinSxS\amd64_microsoft.windows.common-controls_6595b64144ccf1df_6.0.26100.3624_none_3e086962e3345f24;c:\Users\TCHAMGOUE Yann\.vscode\extensions\redhat.java-1.44.0-win32-x64\jre\21.0.8-win32-x86_64\bin\server;C:\Users\TCHAMGOUE Yann\AppData\Roaming\Code\User\globalStorage\redhat.java\1.44.0\config_win\org.eclipse.equinox.launcher\org.eclipse.equinox.launcher.win32.win32.x86_64_1.2.1400.v20250730-1736;C:\Users\TCHAMGOUE Yann\AppData\Local\Temp\jna-818174091

VM Arguments:
jvm_args: --add-modules=ALL-SYSTEM --add-opens=java.base/java.util=ALL-UNNAMED --add-opens=java.base/java.lang=ALL-UNNAMED --add-opens=java.base/sun.nio.fs=ALL-UNNAMED -Declipse.application=org.eclipse.jdt.ls.core.id1 -Dosgi.bundles.defaultStartLevel=4 -Declipse.product=org.eclipse.jdt.ls.core.product -Djava.import.generatesMetadataFilesAtProjectRoot=false -DDetectVMInstallationsJob.disabled=true -Dfile.encoding=utf8 -XX:+UseParallelGC -XX:GCTimeRatio=4 -XX:AdaptiveSizePolicyWeight=90 -Dsun.zip.disableMemoryMapping=true -Xmx2G -Xms100m -Xlog:disable -javaagent:c:\Users\TCHAMGOUE Yann\.vscode\extensions\redhat.java-1.44.0-win32-x64\lombok\lombok-1.18.39-4050.jar -XX:+HeapDumpOnOutOfMemoryError -XX:HeapDumpPath=c:\Users\TCHAMGOUE Yann\AppData\Roaming\Code\User\workspaceStorage\0ce6ff431c656783e2bd0f60588f111c\redhat.java -Daether.dependencyCollector.impl=bf 
java_command: c:\Users\TCHAMGOUE Yann\.vscode\extensions\redhat.java-1.44.0-win32-x64\server\plugins\org.eclipse.equinox.launcher_1.7.0.v20250519-0528.jar -configuration c:\Users\TCHAMGOUE Yann\AppData\Roaming\Code\User\globalStorage\redhat.java\1.44.0\config_win -data c:\Users\TCHAMGOUE Yann\AppData\Roaming\Code\User\workspaceStorage\0ce6ff431c656783e2bd0f60588f111c\redhat.java\jdt_ws --pipe=\\.\pipe\lsp-a32a36db4c5475e6b9c7b1bf1fb44df2-sock
java_class_path (initial): c:\Users\TCHAMGOUE Yann\.vscode\extensions\redhat.java-1.44.0-win32-x64\server\plugins\org.eclipse.equinox.launcher_1.7.0.v20250519-0528.jar
Launcher Type: SUN_STANDARD

[Global flags]
    uintx AdaptiveSizePolicyWeight                 = 90                                        {product} {command line}
     intx CICompilerCount                          = 4                                         {product} {ergonomic}
    uintx GCTimeRatio                              = 4                                         {product} {command line}
     bool HeapDumpOnOutOfMemoryError               = true                                   {manageable} {command line}
    ccstr HeapDumpPath                             = c:\Users\TCHAMGOUE Yann\AppData\Roaming\Code\User\workspaceStorage\0ce6ff431c656783e2bd0f60588f111c\redhat.java         {manageable} {command line}
   size_t InitialHeapSize                          = 104857600                                 {product} {command line}
   size_t MaxHeapSize                              = 2147483648                                {product} {command line}
   size_t MaxNewSize                               = 715653120                                 {product} {ergonomic}
   size_t MinHeapDeltaBytes                        = 524288                                    {product} {ergonomic}
   size_t MinHeapSize                              = 104857600                                 {product} {command line}
   size_t NewSize                                  = 34603008                                  {product} {ergonomic}
    uintx NonNMethodCodeHeapSize                   = 5839372                                {pd product} {ergonomic}
    uintx NonProfiledCodeHeapSize                  = 122909434                              {pd product} {ergonomic}
   size_t OldSize                                  = 70254592                                  {product} {ergonomic}
    uintx ProfiledCodeHeapSize                     = 122909434                              {pd product} {ergonomic}
    uintx ReservedCodeCacheSize                    = 251658240                              {pd product} {ergonomic}
     bool SegmentedCodeCache                       = true                                      {product} {ergonomic}
   size_t SoftMaxHeapSize                          = 2147483648                             {manageable} {ergonomic}
     bool UseCompressedOops                        = true                           {product lp64_product} {ergonomic}
     bool UseLargePagesIndividualAllocation        = false                                  {pd product} {ergonomic}
     bool UseParallelGC                            = true                                      {product} {command line}

Logging:
Log output configuration:
 #0: stdout all=off uptime,level,tags foldmultilines=false
 #1: stderr all=off uptime,level,tags foldmultilines=false

Environment Variables:
JAVA_HOME=C:\Program Files\Java\jdk1.8.0_281
PATH=C:\Program Files\Common Files\Oracle\Java\javapath;C:\WINDOWS\system32;C:\WINDOWS;C:\WINDOWS\System32\Wbem;C:\WINDOWS\System32\WindowsPowerShell\v1.0\;C:\WINDOWS\System32\OpenSSH\;C:\Program Files\Java\jdk-17\bin;C:\Users\TCHAMGOUE Yann\Downloads\apache-maven-3.9.8-bin\apache-maven-3.9.8\bin;C:\Program Files\nodejs\;C:\ProgramData\chocolatey\bin;C:\xampp\php;C:\Program Files\Git\cmd;C:\Program Files\Docker\Docker\resources\bin;C:\Program Files\MySQL\MySQL Shell 8.0\bin\;C:\Users\TCHAMGOUE Yann\AppData\Local\Programs\Python\Python313\Scripts\;C:\Users\TCHAMGOUE Yann\AppData\Local\Programs\Python\Python313\;C:\Users\TCHAMGOUE Yann\AppData\Local\Microsoft\WindowsApps;C:\Users\TCHAMGOUE Yann\AppData\Local\Programs\Microsoft VS Code\bin;C:\Users\TCHAMGOUE Yann\AppData\Roaming\npm;C:\Program Files\Git\bin;C:\xampp\php;C:\Program Files\JetBrains\IntelliJ IDEA 2024.3\bin;;C:\Program Files\MySQL\MySQL Server 8.0\bin;
USERNAME=TCHAMGOUE Yann
OS=Windows_NT
PROCESSOR_IDENTIFIER=Intel64 Family 6 Model 142 Stepping 12, GenuineIntel
TMP=C:\Users\TCHAMG~1\AppData\Local\Temp
TEMP=C:\Users\TCHAMG~1\AppData\Local\Temp




Periodic native trim disabled

---------------  S Y S T E M  ---------------

OS:
 Windows 11 , 64 bit Build 26100 (10.0.26100.3624)
OS uptime: 0 days 0:35 hours
Hyper-V role detected

CPU: total 8 (initial active 8) (4 cores per cpu, 2 threads per core) family 6 model 142 stepping 12 microcode 0xde, cx8, cmov, fxsr, ht, mmx, 3dnowpref, sse, sse2, sse3, ssse3, sse4.1, sse4.2, popcnt, lzcnt, tsc, tscinvbit, avx, avx2, aes, erms, clmul, bmi1, bmi2, adx, fma, vzeroupper, clflush, clflushopt, hv, rdtscp, f16c
Processor Information for the first 8 processors :
  Max Mhz: 2112, Current Mhz: 1609, Mhz Limit: 1605

Memory: 4k page, system-wide physical 8001M (965M free)
TotalPageFile size 19973M (AvailPageFile size 25M)
current process WorkingSet (physical memory assigned to process): 749M, peak: 785M
current process commit charge ("private bytes"): 806M, peak: 840M

vm_info: OpenJDK 64-Bit Server VM (21.0.8+9-LTS) for windows-amd64 JRE (21.0.8+9-LTS), built on 2025-07-15T00:00:00Z by "admin" with MS VC++ 17.7 (VS2022)

END.
